#Build: Fabric Compiler 2022.2-SP6.1, Build 138931, Nov 01 09:11 2023
#Install: E:\fpga\Pango\PDS_2022.2-SP6.1\bin
#Application name: pds_shell.exe
#OS: Windows 10 10.0.26200
#Hostname: LAPTOP-IP1UM3GN
Generated by Fabric Compiler (version 2022.2-SP6.1 build 138931) at Sun Jun 21 14:35:13 2026
Compiling verification operator library.
Compiling common defs.
Compiling prim grid devices.
Compiling gate devices.
Compiling gate operators.
Building architecture model.
Loading device packaging model.
Reading design from pnr DB.
Start Report Post-PnR timing.
Constructing timing graph ...
Timing graph has been constructed successfully
C: STA-3015: [D:/fpga_stm32/fpga_stm_fmc/fpga_stm/fpga_pgl12g/constraint/timing.fdc(line number: 62)] No path found for -from -through -to path specification.
C: STA-3015: [D:/fpga_stm32/fpga_stm_fmc/fpga_stm/fpga_pgl12g/constraint/timing.fdc(line number: 65)] No path found for -from -through -to path specification.
W: Timing-4086: Port 'SD[0]' is not constrained, it is treated as combinational input.
W: Timing-4087: Port 'SD[0]' is not constrained, it is treated as combinational output.
W: Timing-4086: Port 'SD[1]' is not constrained, it is treated as combinational input.
W: Timing-4087: Port 'SD[1]' is not constrained, it is treated as combinational output.
W: Timing-4086: Port 'SD[2]' is not constrained, it is treated as combinational input.
W: Timing-4087: Port 'SD[2]' is not constrained, it is treated as combinational output.
W: Timing-4086: Port 'SD[3]' is not constrained, it is treated as combinational input.
W: Timing-4087: Port 'SD[3]' is not constrained, it is treated as combinational output.
W: Timing-4086: Port 'SD[4]' is not constrained, it is treated as combinational input.
W: Timing-4087: Port 'SD[4]' is not constrained, it is treated as combinational output.
W: Timing-4086: Port 'SD[5]' is not constrained, it is treated as combinational input.
W: Timing-4087: Port 'SD[5]' is not constrained, it is treated as combinational output.
W: Timing-4086: Port 'SD[6]' is not constrained, it is treated as combinational input.
W: Timing-4087: Port 'SD[6]' is not constrained, it is treated as combinational output.
W: Timing-4086: Port 'SD[7]' is not constrained, it is treated as combinational input.
W: Timing-4087: Port 'SD[7]' is not constrained, it is treated as combinational output.
W: Timing-4086: Port 'SD[8]' is not constrained, it is treated as combinational input.
W: Timing-4087: Port 'SD[8]' is not constrained, it is treated as combinational output.
W: Timing-4086: Port 'SD[9]' is not constrained, it is treated as combinational input.
W: Timing-4087: Port 'SD[9]' is not constrained, it is treated as combinational output.
W: Timing-4086: Port 'SD[10]' is not constrained, it is treated as combinational input.
W: Timing-4087: Port 'SD[10]' is not constrained, it is treated as combinational output.
W: Timing-4086: Port 'SD[11]' is not constrained, it is treated as combinational input.
W: Timing-4087: Port 'SD[11]' is not constrained, it is treated as combinational output.
W: Timing-4086: Port 'SD[12]' is not constrained, it is treated as combinational input.
W: Timing-4087: Port 'SD[12]' is not constrained, it is treated as combinational output.
W: Timing-4086: Port 'SD[13]' is not constrained, it is treated as combinational input.
W: Timing-4087: Port 'SD[13]' is not constrained, it is treated as combinational output.
W: Timing-4086: Port 'SD[14]' is not constrained, it is treated as combinational input.
W: Timing-4087: Port 'SD[14]' is not constrained, it is treated as combinational output.
W: Timing-4086: Port 'SD[15]' is not constrained, it is treated as combinational input.
W: Timing-4087: Port 'SD[15]' is not constrained, it is treated as combinational output.
W: Timing-4087: Port 'ADC_A_CLK' is not constrained, it is treated as combinational output.
W: Timing-4087: Port 'ADC_B_CLK' is not constrained, it is treated as combinational output.
W: Timing-4087: Port 'ADC_C_CLK' is not constrained, it is treated as combinational output.
W: Timing-4087: Port 'ADC_D_CLK' is not constrained, it is treated as combinational output.
W: Timing-4087: Port 'CLK_130M' is not constrained, it is treated as combinational output.
W: Timing-4087: Port 'DAC_A_CLK' is not constrained, it is treated as combinational output.
W: Timing-4087: Port 'DAC_A_OUT[0]' is not constrained, it is treated as combinational output.
W: Timing-4087: Port 'DAC_A_OUT[1]' is not constrained, it is treated as combinational output.
W: Timing-4087: Port 'DAC_A_OUT[2]' is not constrained, it is treated as combinational output.
W: Timing-4087: Port 'DAC_A_OUT[3]' is not constrained, it is treated as combinational output.
W: Timing-4087: Port 'DAC_A_OUT[4]' is not constrained, it is treated as combinational output.
W: Timing-4087: Port 'DAC_A_OUT[5]' is not constrained, it is treated as combinational output.
W: Timing-4087: Port 'DAC_A_OUT[6]' is not constrained, it is treated as combinational output.
W: Timing-4087: Port 'DAC_A_OUT[7]' is not constrained, it is treated as combinational output.
W: Timing-4087: Port 'DAC_A_OUT[8]' is not constrained, it is treated as combinational output.
W: Timing-4087: Port 'DAC_A_OUT[9]' is not constrained, it is treated as combinational output.
W: Timing-4087: Port 'DAC_A_OUT[10]' is not constrained, it is treated as combinational output.
W: Timing-4087: Port 'DAC_A_OUT[11]' is not constrained, it is treated as combinational output.
W: Timing-4087: Port 'DAC_A_OUT[12]' is not constrained, it is treated as combinational output.
W: Timing-4087: Port 'DAC_A_OUT[13]' is not constrained, it is treated as combinational output.
W: Timing-4087: Port 'DAC_B_CLK' is not constrained, it is treated as combinational output.
W: Timing-4087: Port 'DAC_B_OUT[0]' is not constrained, it is treated as combinational output.
W: Timing-4087: Port 'DAC_B_OUT[1]' is not constrained, it is treated as combinational output.
W: Timing-4087: Port 'DAC_B_OUT[2]' is not constrained, it is treated as combinational output.
W: Timing-4087: Port 'DAC_B_OUT[3]' is not constrained, it is treated as combinational output.
W: Timing-4087: Port 'DAC_B_OUT[4]' is not constrained, it is treated as combinational output.
W: Timing-4087: Port 'DAC_B_OUT[5]' is not constrained, it is treated as combinational output.
W: Timing-4087: Port 'DAC_B_OUT[6]' is not constrained, it is treated as combinational output.
W: Timing-4087: Port 'DAC_B_OUT[7]' is not constrained, it is treated as combinational output.
W: Timing-4087: Port 'DAC_B_OUT[8]' is not constrained, it is treated as combinational output.
W: Timing-4087: Port 'DAC_B_OUT[9]' is not constrained, it is treated as combinational output.
W: Timing-4087: Port 'DAC_B_OUT[10]' is not constrained, it is treated as combinational output.
W: Timing-4087: Port 'DAC_B_OUT[11]' is not constrained, it is treated as combinational output.
W: Timing-4087: Port 'DAC_B_OUT[12]' is not constrained, it is treated as combinational output.
W: Timing-4087: Port 'DAC_B_OUT[13]' is not constrained, it is treated as combinational output.
W: Timing-4086: Port 'ADC_C_IN[2]' is not constrained, it is treated as combinational input.
W: Timing-4086: Port 'ADC_C_IN[3]' is not constrained, it is treated as combinational input.
W: Timing-4086: Port 'ADC_C_IN[4]' is not constrained, it is treated as combinational input.
W: Timing-4086: Port 'ADC_C_IN[5]' is not constrained, it is treated as combinational input.
W: Timing-4086: Port 'ADC_C_IN[6]' is not constrained, it is treated as combinational input.
W: Timing-4086: Port 'ADC_C_IN[7]' is not constrained, it is treated as combinational input.
W: Timing-4086: Port 'ADC_C_IN[8]' is not constrained, it is treated as combinational input.
W: Timing-4086: Port 'ADC_C_IN[9]' is not constrained, it is treated as combinational input.
W: Timing-4086: Port 'ADC_C_IN[10]' is not constrained, it is treated as combinational input.
W: Timing-4086: Port 'ADC_C_IN[11]' is not constrained, it is treated as combinational input.
W: Timing-4086: Port 'ADC_C_IN[12]' is not constrained, it is treated as combinational input.
W: Timing-4086: Port 'ADC_C_IN[13]' is not constrained, it is treated as combinational input.
W: Timing-4086: Port 'ADC_C_IN[14]' is not constrained, it is treated as combinational input.
W: Timing-4086: Port 'ADC_C_IN[15]' is not constrained, it is treated as combinational input.
W: Timing-4086: Port 'ADC_D_IN[2]' is not constrained, it is treated as combinational input.
W: Timing-4086: Port 'ADC_D_IN[3]' is not constrained, it is treated as combinational input.
W: Timing-4086: Port 'ADC_D_IN[4]' is not constrained, it is treated as combinational input.
W: Timing-4086: Port 'ADC_D_IN[5]' is not constrained, it is treated as combinational input.
W: Timing-4086: Port 'ADC_D_IN[6]' is not constrained, it is treated as combinational input.
W: Timing-4086: Port 'ADC_D_IN[7]' is not constrained, it is treated as combinational input.
W: Timing-4086: Port 'ADC_D_IN[8]' is not constrained, it is treated as combinational input.
W: Timing-4086: Port 'ADC_D_IN[9]' is not constrained, it is treated as combinational input.
W: Timing-4086: Port 'ADC_D_IN[10]' is not constrained, it is treated as combinational input.
W: Timing-4086: Port 'ADC_D_IN[11]' is not constrained, it is treated as combinational input.
W: Timing-4086: Port 'ADC_D_IN[12]' is not constrained, it is treated as combinational input.
W: Timing-4086: Port 'ADC_D_IN[13]' is not constrained, it is treated as combinational input.
W: Timing-4086: Port 'ADC_D_IN[14]' is not constrained, it is treated as combinational input.
W: Timing-4086: Port 'ADC_D_IN[15]' is not constrained, it is treated as combinational input.
W: Timing-4086: Port 'CS' is not constrained, it is treated as combinational input.
W: Timing-4086: Port 'RD' is not constrained, it is treated as combinational input.
W: Timing-4086: Port 'RS' is not constrained, it is treated as combinational input.
W: Timing-4086: Port 'rst_32' is not constrained, it is treated as combinational input.
Report timing is finished successfully.
Action report_timing: Real time elapsed is 0h:0m:5s
Action report_timing: CPU time elapsed is 0h:0m:3s
Action report_timing: Process CPU time elapsed is 0h:0m:3s
Current time: Sun Jun 21 14:35:17 2026
Action report_timing: Peak memory pool usage is 786 MB
