#Build: Fabric Compiler 2022.2-SP6.1, Build 138931, Nov 01 09:11 2023
#Install: E:\fpga\Pango\PDS_2022.2-SP6.1\bin
#Application name: pds_shell.exe
#OS: Windows 10 10.0.26200
#Hostname: LAPTOP-IP1UM3GN
Generated by Fabric Compiler (version 2022.2-SP6.1 build 138931) at Sun Jun 21 14:13:40 2026
Compiling verification operator library.
Compiling common defs.
Loading technology operator library.
Compiling technology operator library.
Compiling technology operator (valence) library.
Compiling operator packing rules.
Compiling prim grid devices.
Compiling gate devices.
Compiling gate operators.
Compiling tech operator impls.
Building architecture model.
Loading device packaging model.
W: ConstraintEditor-4019: Port Bus 'ADC_A_IN' unspecified I/O constraint.
W: ConstraintEditor-4019: Port Bus 'ADC_C_IN' unspecified I/O constraint.
W: ConstraintEditor-4019: Port Bus 'ADC_D_IN' unspecified I/O constraint.
W: ConstraintEditor-4019: Port Bus 'DAC_A_OUT' unspecified I/O constraint.
W: ConstraintEditor-4019: Port Bus 'DAC_B_OUT' unspecified I/O constraint.
W: ConstraintEditor-4019: Port 'ADC_A_CLK' unspecified I/O constraint.
W: ConstraintEditor-4019: Port 'ADC_B_CLK' unspecified I/O constraint.
W: ConstraintEditor-4019: Port 'ADC_C_CLK' unspecified I/O constraint.
W: ConstraintEditor-4019: Port 'ADC_D_CLK' unspecified I/O constraint.
W: ConstraintEditor-4019: Port 'CLK_130M' unspecified I/O constraint.
W: ConstraintEditor-4019: Port 'DAC_A_CLK' unspecified I/O constraint.
W: ConstraintEditor-4019: Port 'DAC_B_CLK' unspecified I/O constraint.
Flattening design 'body'
W: Public-4008: Instance 'fifo_and_fmc_inst/can_read_d' of 'GTP_DFF_C' unit is dangling and will be cleaned.
W: Public-4008: Instance 'fifo_and_fmc_inst/read_count[0]' of 'GTP_DFF_CE' unit is dangling and will be cleaned.
W: Public-4008: Instance 'fifo_and_fmc_inst/read_count[1]' of 'GTP_DFF_CE' unit is dangling and will be cleaned.
W: Public-4008: Instance 'fifo_and_fmc_inst/read_count[2]' of 'GTP_DFF_CE' unit is dangling and will be cleaned.
W: Public-4008: Instance 'fifo_and_fmc_inst/read_count[3]' of 'GTP_DFF_CE' unit is dangling and will be cleaned.
W: Public-4008: Instance 'fifo_and_fmc_inst/read_count[4]' of 'GTP_DFF_CE' unit is dangling and will be cleaned.
W: Public-4008: Instance 'fifo_and_fmc_inst/read_count[5]' of 'GTP_DFF_CE' unit is dangling and will be cleaned.
W: Public-4008: Instance 'fifo_and_fmc_inst/read_count[6]' of 'GTP_DFF_CE' unit is dangling and will be cleaned.
W: Public-4008: Instance 'fifo_and_fmc_inst/read_count[7]' of 'GTP_DFF_CE' unit is dangling and will be cleaned.
W: Public-4008: Instance 'fifo_and_fmc_inst/read_count[8]' of 'GTP_DFF_CE' unit is dangling and will be cleaned.
W: Public-4008: Instance 'fifo_and_fmc_inst/read_count[9]' of 'GTP_DFF_CE' unit is dangling and will be cleaned.
W: Public-4008: Instance 'fifo_and_fmc_inst/read_count[10]' of 'GTP_DFF_CE' unit is dangling and will be cleaned.
W: Public-4008: Instance 'fifo_and_fmc_inst/read_over' of 'GTP_DFF_C' unit is dangling and will be cleaned.
W: Public-4008: Instance 'fifo_and_fmc_inst/my_fifo_inst/can_read' of 'GTP_DFF_C' unit is dangling and will be cleaned.
W: Public-4008: Instance 'fifo_and_fmc_inst/my_fifo_inst/rd_count[0]' of 'GTP_DFF_CE' unit is dangling and will be cleaned.
W: Public-4008: Instance 'fifo_and_fmc_inst/my_fifo_inst/rd_count[1]' of 'GTP_DFF_CE' unit is dangling and will be cleaned.
W: Public-4008: Instance 'fifo_and_fmc_inst/my_fifo_inst/rd_count[2]' of 'GTP_DFF_CE' unit is dangling and will be cleaned.
W: Public-4008: Instance 'fifo_and_fmc_inst/my_fifo_inst/rd_count[3]' of 'GTP_DFF_CE' unit is dangling and will be cleaned.
W: Public-4008: Instance 'fifo_and_fmc_inst/my_fifo_inst/rd_count[4]' of 'GTP_DFF_CE' unit is dangling and will be cleaned.
W: Public-4008: Instance 'fifo_and_fmc_inst/my_fifo_inst/rd_count[5]' of 'GTP_DFF_CE' unit is dangling and will be cleaned.
W: Public-4008: Instance 'fifo_and_fmc_inst/my_fifo_inst/rd_count[6]' of 'GTP_DFF_CE' unit is dangling and will be cleaned.
W: Public-4008: Instance 'fifo_and_fmc_inst/my_fifo_inst/rd_count[7]' of 'GTP_DFF_CE' unit is dangling and will be cleaned.
W: Public-4008: Instance 'fifo_and_fmc_inst/my_fifo_inst/rd_count[8]' of 'GTP_DFF_CE' unit is dangling and will be cleaned.
W: Public-4008: Instance 'fifo_and_fmc_inst/my_fifo_inst/rd_count[9]' of 'GTP_DFF_CE' unit is dangling and will be cleaned.
W: Public-4008: Instance 'fifo_and_fmc_inst/my_fifo_inst/rd_count[10]' of 'GTP_DFF_CE' unit is dangling and will be cleaned.
W: Public-4008: Instance 'fifo_and_fmc_inst/my_fifo_inst/wr_count[0]' of 'GTP_DFF_CE' unit is dangling and will be cleaned.
W: Public-4008: Instance 'fifo_and_fmc_inst/my_fifo_inst/wr_count[1]' of 'GTP_DFF_CE' unit is dangling and will be cleaned.
W: Public-4008: Instance 'fifo_and_fmc_inst/my_fifo_inst/wr_count[2]' of 'GTP_DFF_CE' unit is dangling and will be cleaned.
W: Public-4008: Instance 'fifo_and_fmc_inst/my_fifo_inst/wr_count[3]' of 'GTP_DFF_CE' unit is dangling and will be cleaned.
W: Public-4008: Instance 'fifo_and_fmc_inst/my_fifo_inst/wr_count[4]' of 'GTP_DFF_CE' unit is dangling and will be cleaned.
W: Public-4008: Instance 'fifo_and_fmc_inst/my_fifo_inst/wr_count[5]' of 'GTP_DFF_CE' unit is dangling and will be cleaned.
W: Public-4008: Instance 'fifo_and_fmc_inst/my_fifo_inst/wr_count[6]' of 'GTP_DFF_CE' unit is dangling and will be cleaned.
W: Public-4008: Instance 'fifo_and_fmc_inst/my_fifo_inst/wr_count[7]' of 'GTP_DFF_CE' unit is dangling and will be cleaned.
W: Public-4008: Instance 'fifo_and_fmc_inst/my_fifo_inst/wr_count[8]' of 'GTP_DFF_CE' unit is dangling and will be cleaned.
W: Public-4008: Instance 'fifo_and_fmc_inst/my_fifo_inst/wr_count[9]' of 'GTP_DFF_CE' unit is dangling and will be cleaned.
W: Public-4008: Instance 'fifo_and_fmc_inst/my_fifo_inst/wr_count[10]' of 'GTP_DFF_CE' unit is dangling and will be cleaned.
W: Public-4008: Instance 'fifo_and_fmc_inst/my_fifo_inst/write_done' of 'GTP_DFF_C' unit is dangling and will be cleaned.
W: Public-4008: Instance 'fifo_and_fmc_inst/my_fifo_inst/write_done_d1' of 'GTP_DFF_C' unit is dangling and will be cleaned.
W: Public-4008: Instance 'fifo_and_fmc_inst/my_fifo_inst/write_done_d2' of 'GTP_DFF_C' unit is dangling and will be cleaned.
W: Public-4008: Instance 'fifo_and_fmc_inst/my_fifo_inst/fifo_inst/u_ipm_distributed_fifo_fifo/u_ipm_distributed_fifo_ctr_fifo/ASYN_CTRL.asyn_rempty' of 'GTP_DFF_P' unit is dangling and will be cleaned.
W: Public-4008: Instance 'fifo_and_fmc_inst/my_fifo_inst/fifo_inst/u_ipm_distributed_fifo_fifo/u_ipm_distributed_fifo_ctr_fifo/ASYN_CTRL.asyn_wfull' of 'GTP_DFF_C' unit is dangling and will be cleaned.
W: Public-4008: Instance 'fifo_and_fmc_inst/my_fifo_inst/fifo_inst/u_ipm_distributed_fifo_fifo/u_ipm_distributed_fifo_ctr_fifo/ASYN_CTRL.rptr[0]' of 'GTP_DFF_C' unit is dangling and will be cleaned.
W: Public-4008: Instance 'fifo_and_fmc_inst/my_fifo_inst/fifo_inst/u_ipm_distributed_fifo_fifo/u_ipm_distributed_fifo_ctr_fifo/ASYN_CTRL.rptr[1]' of 'GTP_DFF_C' unit is dangling and will be cleaned.
W: Public-4008: Instance 'fifo_and_fmc_inst/my_fifo_inst/fifo_inst/u_ipm_distributed_fifo_fifo/u_ipm_distributed_fifo_ctr_fifo/ASYN_CTRL.rptr[2]' of 'GTP_DFF_C' unit is dangling and will be cleaned.
W: Public-4008: Instance 'fifo_and_fmc_inst/my_fifo_inst/fifo_inst/u_ipm_distributed_fifo_fifo/u_ipm_distributed_fifo_ctr_fifo/ASYN_CTRL.rptr[3]' of 'GTP_DFF_C' unit is dangling and will be cleaned.
W: Public-4008: Instance 'fifo_and_fmc_inst/my_fifo_inst/fifo_inst/u_ipm_distributed_fifo_fifo/u_ipm_distributed_fifo_ctr_fifo/ASYN_CTRL.rptr[4]' of 'GTP_DFF_C' unit is dangling and will be cleaned.
W: Public-4008: Instance 'fifo_and_fmc_inst/my_fifo_inst/fifo_inst/u_ipm_distributed_fifo_fifo/u_ipm_distributed_fifo_ctr_fifo/ASYN_CTRL.rptr[5]' of 'GTP_DFF_C' unit is dangling and will be cleaned.
W: Public-4008: Instance 'fifo_and_fmc_inst/my_fifo_inst/fifo_inst/u_ipm_distributed_fifo_fifo/u_ipm_distributed_fifo_ctr_fifo/ASYN_CTRL.rptr[6]' of 'GTP_DFF_C' unit is dangling and will be cleaned.
W: Public-4008: Instance 'fifo_and_fmc_inst/my_fifo_inst/fifo_inst/u_ipm_distributed_fifo_fifo/u_ipm_distributed_fifo_ctr_fifo/ASYN_CTRL.rptr[7]' of 'GTP_DFF_C' unit is dangling and will be cleaned.
W: Public-4008: Instance 'fifo_and_fmc_inst/my_fifo_inst/fifo_inst/u_ipm_distributed_fifo_fifo/u_ipm_distributed_fifo_ctr_fifo/ASYN_CTRL.rptr[8]' of 'GTP_DFF_C' unit is dangling and will be cleaned.
W: Public-4008: Instance 'fifo_and_fmc_inst/my_fifo_inst/fifo_inst/u_ipm_distributed_fifo_fifo/u_ipm_distributed_fifo_ctr_fifo/ASYN_CTRL.rptr[9]' of 'GTP_DFF_C' unit is dangling and will be cleaned.
W: Public-4008: Instance 'fifo_and_fmc_inst/my_fifo_inst/fifo_inst/u_ipm_distributed_fifo_fifo/u_ipm_distributed_fifo_ctr_fifo/ASYN_CTRL.rptr[10]' of 'GTP_DFF_C' unit is dangling and will be cleaned.
W: Public-4008: Instance 'fifo_and_fmc_inst/my_fifo_inst/fifo_inst/u_ipm_distributed_fifo_fifo/u_ipm_distributed_fifo_ctr_fifo/ASYN_CTRL.rwptr1[0]' of 'GTP_DFF_C' unit is dangling and will be cleaned.
W: Public-4008: Instance 'fifo_and_fmc_inst/my_fifo_inst/fifo_inst/u_ipm_distributed_fifo_fifo/u_ipm_distributed_fifo_ctr_fifo/ASYN_CTRL.rwptr1[1]' of 'GTP_DFF_C' unit is dangling and will be cleaned.
W: Public-4008: Instance 'fifo_and_fmc_inst/my_fifo_inst/fifo_inst/u_ipm_distributed_fifo_fifo/u_ipm_distributed_fifo_ctr_fifo/ASYN_CTRL.rwptr1[2]' of 'GTP_DFF_C' unit is dangling and will be cleaned.
W: Public-4008: Instance 'fifo_and_fmc_inst/my_fifo_inst/fifo_inst/u_ipm_distributed_fifo_fifo/u_ipm_distributed_fifo_ctr_fifo/ASYN_CTRL.rwptr1[3]' of 'GTP_DFF_C' unit is dangling and will be cleaned.
W: Public-4008: Instance 'fifo_and_fmc_inst/my_fifo_inst/fifo_inst/u_ipm_distributed_fifo_fifo/u_ipm_distributed_fifo_ctr_fifo/ASYN_CTRL.rwptr1[4]' of 'GTP_DFF_C' unit is dangling and will be cleaned.
W: Public-4008: Instance 'fifo_and_fmc_inst/my_fifo_inst/fifo_inst/u_ipm_distributed_fifo_fifo/u_ipm_distributed_fifo_ctr_fifo/ASYN_CTRL.rwptr1[5]' of 'GTP_DFF_C' unit is dangling and will be cleaned.
W: Public-4008: Instance 'fifo_and_fmc_inst/my_fifo_inst/fifo_inst/u_ipm_distributed_fifo_fifo/u_ipm_distributed_fifo_ctr_fifo/ASYN_CTRL.rwptr1[6]' of 'GTP_DFF_C' unit is dangling and will be cleaned.
W: Public-4008: Instance 'fifo_and_fmc_inst/my_fifo_inst/fifo_inst/u_ipm_distributed_fifo_fifo/u_ipm_distributed_fifo_ctr_fifo/ASYN_CTRL.rwptr1[7]' of 'GTP_DFF_C' unit is dangling and will be cleaned.
W: Public-4008: Instance 'fifo_and_fmc_inst/my_fifo_inst/fifo_inst/u_ipm_distributed_fifo_fifo/u_ipm_distributed_fifo_ctr_fifo/ASYN_CTRL.rwptr1[8]' of 'GTP_DFF_C' unit is dangling and will be cleaned.
W: Public-4008: Instance 'fifo_and_fmc_inst/my_fifo_inst/fifo_inst/u_ipm_distributed_fifo_fifo/u_ipm_distributed_fifo_ctr_fifo/ASYN_CTRL.rwptr1[9]' of 'GTP_DFF_C' unit is dangling and will be cleaned.
W: Public-4008: Instance 'fifo_and_fmc_inst/my_fifo_inst/fifo_inst/u_ipm_distributed_fifo_fifo/u_ipm_distributed_fifo_ctr_fifo/ASYN_CTRL.rwptr1[10]' of 'GTP_DFF_C' unit is dangling and will be cleaned.
W: Public-4008: Instance 'fifo_and_fmc_inst/my_fifo_inst/fifo_inst/u_ipm_distributed_fifo_fifo/u_ipm_distributed_fifo_ctr_fifo/ASYN_CTRL.wptr[0]' of 'GTP_DFF_C' unit is dangling and will be cleaned.
W: Public-4008: Instance 'fifo_and_fmc_inst/my_fifo_inst/fifo_inst/u_ipm_distributed_fifo_fifo/u_ipm_distributed_fifo_ctr_fifo/ASYN_CTRL.wptr[1]' of 'GTP_DFF_C' unit is dangling and will be cleaned.
W: Public-4008: Instance 'fifo_and_fmc_inst/my_fifo_inst/fifo_inst/u_ipm_distributed_fifo_fifo/u_ipm_distributed_fifo_ctr_fifo/ASYN_CTRL.wptr[2]' of 'GTP_DFF_C' unit is dangling and will be cleaned.
W: Public-4008: Instance 'fifo_and_fmc_inst/my_fifo_inst/fifo_inst/u_ipm_distributed_fifo_fifo/u_ipm_distributed_fifo_ctr_fifo/ASYN_CTRL.wptr[3]' of 'GTP_DFF_C' unit is dangling and will be cleaned.
W: Public-4008: Instance 'fifo_and_fmc_inst/my_fifo_inst/fifo_inst/u_ipm_distributed_fifo_fifo/u_ipm_distributed_fifo_ctr_fifo/ASYN_CTRL.wptr[4]' of 'GTP_DFF_C' unit is dangling and will be cleaned.
W: Public-4008: Instance 'fifo_and_fmc_inst/my_fifo_inst/fifo_inst/u_ipm_distributed_fifo_fifo/u_ipm_distributed_fifo_ctr_fifo/ASYN_CTRL.wptr[5]' of 'GTP_DFF_C' unit is dangling and will be cleaned.
W: Public-4008: Instance 'fifo_and_fmc_inst/my_fifo_inst/fifo_inst/u_ipm_distributed_fifo_fifo/u_ipm_distributed_fifo_ctr_fifo/ASYN_CTRL.wptr[6]' of 'GTP_DFF_C' unit is dangling and will be cleaned.
W: Public-4008: Instance 'fifo_and_fmc_inst/my_fifo_inst/fifo_inst/u_ipm_distributed_fifo_fifo/u_ipm_distributed_fifo_ctr_fifo/ASYN_CTRL.wptr[7]' of 'GTP_DFF_C' unit is dangling and will be cleaned.
W: Public-4008: Instance 'fifo_and_fmc_inst/my_fifo_inst/fifo_inst/u_ipm_distributed_fifo_fifo/u_ipm_distributed_fifo_ctr_fifo/ASYN_CTRL.wptr[8]' of 'GTP_DFF_C' unit is dangling and will be cleaned.
W: Public-4008: Instance 'fifo_and_fmc_inst/my_fifo_inst/fifo_inst/u_ipm_distributed_fifo_fifo/u_ipm_distributed_fifo_ctr_fifo/ASYN_CTRL.wptr[9]' of 'GTP_DFF_C' unit is dangling and will be cleaned.
W: Public-4008: Instance 'fifo_and_fmc_inst/my_fifo_inst/fifo_inst/u_ipm_distributed_fifo_fifo/u_ipm_distributed_fifo_ctr_fifo/ASYN_CTRL.wptr[10]' of 'GTP_DFF_CE' unit is dangling and will be cleaned.
W: Public-4008: Instance 'fifo_and_fmc_inst/my_fifo_inst/fifo_inst/u_ipm_distributed_fifo_fifo/u_ipm_distributed_fifo_ctr_fifo/ASYN_CTRL.wrptr1[0]' of 'GTP_DFF_C' unit is dangling and will be cleaned.
W: Public-4008: Instance 'fifo_and_fmc_inst/my_fifo_inst/fifo_inst/u_ipm_distributed_fifo_fifo/u_ipm_distributed_fifo_ctr_fifo/ASYN_CTRL.wrptr1[1]' of 'GTP_DFF_C' unit is dangling and will be cleaned.
W: Public-4008: Instance 'fifo_and_fmc_inst/my_fifo_inst/fifo_inst/u_ipm_distributed_fifo_fifo/u_ipm_distributed_fifo_ctr_fifo/ASYN_CTRL.wrptr1[2]' of 'GTP_DFF_C' unit is dangling and will be cleaned.
W: Public-4008: Instance 'fifo_and_fmc_inst/my_fifo_inst/fifo_inst/u_ipm_distributed_fifo_fifo/u_ipm_distributed_fifo_ctr_fifo/ASYN_CTRL.wrptr1[3]' of 'GTP_DFF_C' unit is dangling and will be cleaned.
W: Public-4008: Instance 'fifo_and_fmc_inst/my_fifo_inst/fifo_inst/u_ipm_distributed_fifo_fifo/u_ipm_distributed_fifo_ctr_fifo/ASYN_CTRL.wrptr1[4]' of 'GTP_DFF_C' unit is dangling and will be cleaned.
W: Public-4008: Instance 'fifo_and_fmc_inst/my_fifo_inst/fifo_inst/u_ipm_distributed_fifo_fifo/u_ipm_distributed_fifo_ctr_fifo/ASYN_CTRL.wrptr1[5]' of 'GTP_DFF_C' unit is dangling and will be cleaned.
W: Public-4008: Instance 'fifo_and_fmc_inst/my_fifo_inst/fifo_inst/u_ipm_distributed_fifo_fifo/u_ipm_distributed_fifo_ctr_fifo/ASYN_CTRL.wrptr1[6]' of 'GTP_DFF_C' unit is dangling and will be cleaned.
W: Public-4008: Instance 'fifo_and_fmc_inst/my_fifo_inst/fifo_inst/u_ipm_distributed_fifo_fifo/u_ipm_distributed_fifo_ctr_fifo/ASYN_CTRL.wrptr1[7]' of 'GTP_DFF_C' unit is dangling and will be cleaned.
W: Public-4008: Instance 'fifo_and_fmc_inst/my_fifo_inst/fifo_inst/u_ipm_distributed_fifo_fifo/u_ipm_distributed_fifo_ctr_fifo/ASYN_CTRL.wrptr1[8]' of 'GTP_DFF_C' unit is dangling and will be cleaned.
W: Public-4008: Instance 'fifo_and_fmc_inst/my_fifo_inst/fifo_inst/u_ipm_distributed_fifo_fifo/u_ipm_distributed_fifo_ctr_fifo/ASYN_CTRL.wrptr1[9]' of 'GTP_DFF_C' unit is dangling and will be cleaned.
W: Public-4008: Instance 'fifo_and_fmc_inst/my_fifo_inst/fifo_inst/u_ipm_distributed_fifo_fifo/u_ipm_distributed_fifo_ctr_fifo/ASYN_CTRL.wrptr1[10]' of 'GTP_DFF_C' unit is dangling and will be cleaned.
W: Public-4008: Instance 'fifo_and_fmc_inst/my_fifo_inst/fifo_inst/u_ipm_distributed_fifo_fifo/u_ipm_distributed_fifo_ctr_fifo/rwptr2[0]' of 'GTP_DFF_C' unit is dangling and will be cleaned.
W: Public-4008: Instance 'fifo_and_fmc_inst/my_fifo_inst/fifo_inst/u_ipm_distributed_fifo_fifo/u_ipm_distributed_fifo_ctr_fifo/rwptr2[1]' of 'GTP_DFF_C' unit is dangling and will be cleaned.
W: Public-4008: Instance 'fifo_and_fmc_inst/my_fifo_inst/fifo_inst/u_ipm_distributed_fifo_fifo/u_ipm_distributed_fifo_ctr_fifo/rwptr2[2]' of 'GTP_DFF_C' unit is dangling and will be cleaned.
W: Public-4008: Instance 'fifo_and_fmc_inst/my_fifo_inst/fifo_inst/u_ipm_distributed_fifo_fifo/u_ipm_distributed_fifo_ctr_fifo/rwptr2[3]' of 'GTP_DFF_C' unit is dangling and will be cleaned.
W: Public-4008: Instance 'fifo_and_fmc_inst/my_fifo_inst/fifo_inst/u_ipm_distributed_fifo_fifo/u_ipm_distributed_fifo_ctr_fifo/rwptr2[4]' of 'GTP_DFF_C' unit is dangling and will be cleaned.
W: Public-4008: Instance 'fifo_and_fmc_inst/my_fifo_inst/fifo_inst/u_ipm_distributed_fifo_fifo/u_ipm_distributed_fifo_ctr_fifo/rwptr2[5]' of 'GTP_DFF_C' unit is dangling and will be cleaned.
W: Public-4008: Instance 'fifo_and_fmc_inst/my_fifo_inst/fifo_inst/u_ipm_distributed_fifo_fifo/u_ipm_distributed_fifo_ctr_fifo/rwptr2[6]' of 'GTP_DFF_C' unit is dangling and will be cleaned.
W: Public-4008: Instance 'fifo_and_fmc_inst/my_fifo_inst/fifo_inst/u_ipm_distributed_fifo_fifo/u_ipm_distributed_fifo_ctr_fifo/rwptr2[7]' of 'GTP_DFF_C' unit is dangling and will be cleaned.
W: Public-4008: Instance 'fifo_and_fmc_inst/my_fifo_inst/fifo_inst/u_ipm_distributed_fifo_fifo/u_ipm_distributed_fifo_ctr_fifo/rwptr2[8]' of 'GTP_DFF_C' unit is dangling and will be cleaned.
W: Public-4008: Instance 'fifo_and_fmc_inst/my_fifo_inst/fifo_inst/u_ipm_distributed_fifo_fifo/u_ipm_distributed_fifo_ctr_fifo/rwptr2[9]' of 'GTP_DFF_C' unit is dangling and will be cleaned.
W: Public-4008: Instance 'fifo_and_fmc_inst/my_fifo_inst/fifo_inst/u_ipm_distributed_fifo_fifo/u_ipm_distributed_fifo_ctr_fifo/rwptr2[10]' of 'GTP_DFF_C' unit is dangling and will be cleaned.
W: Public-4008: Instance 'fifo_and_fmc_inst/my_fifo_inst/fifo_inst/u_ipm_distributed_fifo_fifo/u_ipm_distributed_fifo_ctr_fifo/wrptr2[0]' of 'GTP_DFF_C' unit is dangling and will be cleaned.
W: Public-4008: Instance 'fifo_and_fmc_inst/my_fifo_inst/fifo_inst/u_ipm_distributed_fifo_fifo/u_ipm_distributed_fifo_ctr_fifo/wrptr2[1]' of 'GTP_DFF_C' unit is dangling and will be cleaned.
W: Public-4008: Instance 'fifo_and_fmc_inst/my_fifo_inst/fifo_inst/u_ipm_distributed_fifo_fifo/u_ipm_distributed_fifo_ctr_fifo/wrptr2[2]' of 'GTP_DFF_C' unit is dangling and will be cleaned.
W: Public-4008: Instance 'fifo_and_fmc_inst/my_fifo_inst/fifo_inst/u_ipm_distributed_fifo_fifo/u_ipm_distributed_fifo_ctr_fifo/wrptr2[3]' of 'GTP_DFF_C' unit is dangling and will be cleaned.
W: Public-4008: Instance 'fifo_and_fmc_inst/my_fifo_inst/fifo_inst/u_ipm_distributed_fifo_fifo/u_ipm_distributed_fifo_ctr_fifo/wrptr2[4]' of 'GTP_DFF_C' unit is dangling and will be cleaned.
W: Public-4008: Instance 'fifo_and_fmc_inst/my_fifo_inst/fifo_inst/u_ipm_distributed_fifo_fifo/u_ipm_distributed_fifo_ctr_fifo/wrptr2[5]' of 'GTP_DFF_C' unit is dangling and will be cleaned.
W: Public-4008: Instance 'fifo_and_fmc_inst/my_fifo_inst/fifo_inst/u_ipm_distributed_fifo_fifo/u_ipm_distributed_fifo_ctr_fifo/wrptr2[6]' of 'GTP_DFF_C' unit is dangling and will be cleaned.
W: Public-4008: Instance 'fifo_and_fmc_inst/my_fifo_inst/fifo_inst/u_ipm_distributed_fifo_fifo/u_ipm_distributed_fifo_ctr_fifo/wrptr2[7]' of 'GTP_DFF_C' unit is dangling and will be cleaned.
W: Public-4008: Instance 'fifo_and_fmc_inst/my_fifo_inst/fifo_inst/u_ipm_distributed_fifo_fifo/u_ipm_distributed_fifo_ctr_fifo/wrptr2[8]' of 'GTP_DFF_C' unit is dangling and will be cleaned.
W: Public-4008: Instance 'fifo_and_fmc_inst/my_fifo_inst/fifo_inst/u_ipm_distributed_fifo_fifo/u_ipm_distributed_fifo_ctr_fifo/wrptr2[9]' of 'GTP_DFF_C' unit is dangling and will be cleaned.
W: Public-4008: Instance 'fifo_and_fmc_inst/my_fifo_inst/fifo_inst/u_ipm_distributed_fifo_fifo/u_ipm_distributed_fifo_ctr_fifo/wrptr2[10]' of 'GTP_DFF_C' unit is dangling and will be cleaned.
Device mapping started.
Optimizing circuit logic.
Checking design netlist.
Processing tech operator.
I: The instance clkbufg_0(GTP_CLKBUFG) has been inserted on the net nt_clk in design, driver pin O(instance clk_ibuf) -> load pin CLK(instance fifo_and_fmc_inst/fmc_inst/ADDR[0]).
I: The instance clkbufg_1(GTP_CLKBUFG) has been inserted on the net nt_DAC_B_CLK in design, driver pin CLKOUT0(instance u_pll/u_pll_e3) -> load pin CLK(instance ADC_C_DATA[2]).
Converting tech operator to gate operator.
Processing gate operator.
I: Infer CARRY group, base inst: fifo_and_fmc_inst/fmc_inst/N17.eq_0/gateop, insts:8.
I: Infer CARRY group, base inst: fifo_and_fmc_inst/fmc_inst/N57_1_1/gateop, insts:15.
I: Infer CARRY group, base inst: fifo_and_fmc_inst/fmc_inst/N59_1_1/gateop, insts:22.
I: Infer CARRY group, base inst: fifo_and_fmc_inst/fmc_inst/N71_1_1/gateop, insts:15.
I: Infer CARRY group, base inst: fifo_and_fmc_inst/fmc_inst/N73_1_1/gateop, insts:23.
Device Utilization Summary:
+------------------------------------------------------------------------+
| Logic Utilization     | Used     | Available     | Utilization(%)     
+------------------------------------------------------------------------+
| APM                   | 0        | 20            | 0                  
| IOCKDLY               | 0        | 16            | 0                  
| FF                    | 211      | 15600         | 2                  
| LUT                   | 147      | 10400         | 2                  
| Distributed RAM       | 0        | 2640          | 0                  
| DLL                   | 0        | 4             | 0                  
| DQSL                  | 0        | 12            | 0                  
| DRM                   | 0        | 30            | 0                  
| FUSECODE              | 0        | 1             | 0                  
| IO                    | 85       | 103           | 83                 
| IOCKDIV               | 0        | 8             | 0                  
| IOCKGATE              | 0        | 8             | 0                  
| IPAL                  | 0        | 1             | 0                  
| PLL                   | 1        | 4             | 25                 
| RCKB                  | 0        | 16            | 0                  
| SCANCHAIN             | 0        | 4             | 0                  
| START                 | 0        | 1             | 0                  
| USCM                  | 2        | 20            | 10                 
| OSC                   | 0        | 1             | 0                  
| ADC                   | 0        | 1             | 0                  
| CRYSTAL               | 0        | 4             | 0                  
| FLSIF                 | 0        | 1             | 0                  
| RESCAL                | 0        | 4             | 0                  
| UDID                  | 0        | 1             | 0                  
+------------------------------------------------------------------------+

Device mapping done.
Total device mapping takes 0.05 sec.

Design 'body' has been successfully mapped to architecture-specific objects.
Saving design to DB.
W: Public-4010: Pcf file D:/fpga_stm32/fpga_stm_fmc/fpga_stm/fpga_pgl12g/prj/project/device_map/body.pcf has been covered.
Action dev_map: Real time elapsed is 0h:0m:3s
Action dev_map: CPU time elapsed is 0h:0m:2s
Action dev_map: Process CPU time elapsed is 0h:0m:2s
Current time: Sun Jun 21 14:13:42 2026
Action dev_map: Peak memory pool usage is 201 MB
