IP Generator (Version 2022.2-SP6.1 build 138931)
Check out license ...
Start generating at 2026-06-18 23:24
Instance: fifo (D:\fpga_stm32\fpga_stm_fmc\fpga_stm\fpga_pgl12g\prj\project\ipcore\fifo\fifo.idf)
IP: Pango Distributed FIFO (1.4)
Part: Logos-PGL12G-LPG144--6
Create directory 'rtl' ...
Copy 'rtl\ipm_distributed_fifo_ctr_v1_1.v.xml' to 'rtl' ...
Copy 'rtl\ipm_distributed_fifo_v1_4.v.xml' to 'rtl' ...
Copy 'rtl\ipm_distributed_sdpram_v1_3.v.xml' to 'rtl' ...
Compile file 'rtl\ipm_distributed_fifo_ctr_v1_1.v.xml' to 'rtl\ipm_distributed_fifo_ctr_v1_1_fifo.v' ...
Compile file 'rtl\ipm_distributed_fifo_v1_4.v.xml' to 'rtl\ipm_distributed_fifo_v1_4_fifo.v' ...
Compile file 'rtl\ipm_distributed_sdpram_v1_3.v.xml' to 'rtl\ipm_distributed_sdpram_v1_3_fifo.v' ...
Copy 'ipm_distributed_fifo_wrapper_v1_4.v.xml' ...
Copy 'ipm_distributed_fifo_wrapper_v1_2_tb.v.xml' ...
Compile file 'ipm_distributed_fifo_wrapper_v1_4.v.xml' to 'fifo.v' ...
Found top module 'fifo' in file 'fifo.v'.
Compile file 'ipm_distributed_fifo_wrapper_v1_2_tb.v.xml' to 'fifo_tb.v' ...
Create template file 'fifo_tmpl.v' ...
Create template file 'fifo_tmpl.vhdl' ...
There are 4 source files to synthesize.
Synthesis is disabled.
Done: 0 error(s), 0 warning(s)
