#Build: Fabric Compiler 2022.2-SP6.1, Build 138931, Nov 01 09:11 2023
#Install: E:\fpga\Pango\PDS_2022.2-SP6.1\bin
#Application name: pds_shell.exe
#OS: Windows 10 10.0.26200
#Hostname: LAPTOP-IP1UM3GN
Generated by Fabric Compiler (version 2022.2-SP6.1 build 138931) at Sat Jun 20 21:31:27 2026
License checkout: fabric_ads from E:\fpga\MAC\license\new_pds_F4A80DA47D72.lic
Compiling verification operator library.
Compiling common defs.
Loading technology operator library.
Compiling technology operator library.
Compiling technology operator (valence) library.
Reading design from compile DB
Reading design from compile DB successfully.
Constraint check start.
Compiling prim grid devices.
Building architecture model.
Loading device packaging model.
Building architecture floorplan logic view.
Executing : get_ports clk
Executing : get_ports clk successfully.
Executing : create_clock -name clk_50m -period 20.000 -waveform {0 10.000} [get_ports clk]
Executing : create_clock -name clk_50m -period 20.000 -waveform {0 10.000} [get_ports clk] successfully.
Executing : get_ports WR
Executing : get_ports WR successfully.
Executing : create_clock -name fmc_wr -period 40.000 -waveform {0 20.000} [get_ports WR]
Executing : create_clock -name fmc_wr -period 40.000 -waveform {0 20.000} [get_ports WR] successfully.
Executing : get_ports WR
Executing : get_ports WR successfully.
Executing : get_nets *WR_ADDR1
C: Timing-4004: [D:/fpga_stm32/fpga_stm_fmc/fpga_stm/fpga_pgl12g/constraint/timing.fdc(line number: 39)] Net '*WR_ADDR1' is not found in current design.
Executing : get_nets *WR_ADDR1 successfully.
Executing : create_generated_clock -name wr_addr1 -source [get_ports WR] [get_nets *WR_ADDR1]
E: CommandTiming-0057: [D:/fpga_stm32/fpga_stm_fmc/fpga_stm/fpga_pgl12g/constraint/timing.fdc(line number: 39)] Nothing matched for 'source_list', command 'create_generated_clock' is aborted.
E: ConstraintEditor-0046: [D:/fpga_stm32/fpga_stm_fmc/fpga_stm/fpga_pgl12g/constraint/timing.fdc(line number: 39)] Failed to import constraint "create_generated_clock -name wr_addr1 -source [get_ports WR] [get_nets *WR_ADDR1]".
Executing : get_ports WR
Executing : get_ports WR successfully.
Executing : get_nets *WR_ADDR2
C: Timing-4004: [D:/fpga_stm32/fpga_stm_fmc/fpga_stm/fpga_pgl12g/constraint/timing.fdc(line number: 40)] Net '*WR_ADDR2' is not found in current design.
Executing : get_nets *WR_ADDR2 successfully.
Executing : create_generated_clock -name wr_addr2 -source [get_ports WR] [get_nets *WR_ADDR2]
E: CommandTiming-0057: [D:/fpga_stm32/fpga_stm_fmc/fpga_stm/fpga_pgl12g/constraint/timing.fdc(line number: 40)] Nothing matched for 'source_list', command 'create_generated_clock' is aborted.
E: ConstraintEditor-0046: [D:/fpga_stm32/fpga_stm_fmc/fpga_stm/fpga_pgl12g/constraint/timing.fdc(line number: 40)] Failed to import constraint "create_generated_clock -name wr_addr2 -source [get_ports WR] [get_nets *WR_ADDR2]".
Executing : get_ports WR
Executing : get_ports WR successfully.
Executing : get_nets *WR_ADDR3
C: Timing-4004: [D:/fpga_stm32/fpga_stm_fmc/fpga_stm/fpga_pgl12g/constraint/timing.fdc(line number: 41)] Net '*WR_ADDR3' is not found in current design.
Executing : get_nets *WR_ADDR3 successfully.
Executing : create_generated_clock -name wr_addr3 -source [get_ports WR] [get_nets *WR_ADDR3]
E: CommandTiming-0057: [D:/fpga_stm32/fpga_stm_fmc/fpga_stm/fpga_pgl12g/constraint/timing.fdc(line number: 41)] Nothing matched for 'source_list', command 'create_generated_clock' is aborted.
E: ConstraintEditor-0046: [D:/fpga_stm32/fpga_stm_fmc/fpga_stm/fpga_pgl12g/constraint/timing.fdc(line number: 41)] Failed to import constraint "create_generated_clock -name wr_addr3 -source [get_ports WR] [get_nets *WR_ADDR3]".
Executing : set_clock_groups -asynchronous -group {clk_50m clk_130m} -group {fmc_wr wr_addr1 wr_addr2 wr_addr3}
C: SDC-2017: [D:/fpga_stm32/fpga_stm_fmc/fpga_stm/fpga_pgl12g/constraint/timing.fdc(line number: 50)] Nothing implicitly matched 'clk_130m'.
C: SDC-2027: [D:/fpga_stm32/fpga_stm_fmc/fpga_stm/fpga_pgl12g/constraint/timing.fdc(line number: 50)] One or more clocks can not find in the group 'clk_50m clk_130m', command 'set_clock_groups' is ignored.
Executing : set_clock_groups -asynchronous -group {clk_50m clk_130m} -group {fmc_wr wr_addr1 wr_addr2 wr_addr3} successfully.
Executing : get_clocks fmc_wr
Executing : get_clocks fmc_wr successfully.
Executing : get_ports SD*
I: The pattern 'SD*' in command 'get_ports SD*' match 16 objects below:
I: port SD[0]
I: port SD[1]
I: port SD[2]
I: port SD[3]
I: port SD[4]
I: port SD[5]
I: port SD[6]
I: port SD[7]
I: port SD[8]
I: port SD[9]
I: port SD[10]
I: port SD[11]
I: port SD[12]
I: port SD[13]
I: port SD[14]
I: port SD[15]
Executing : get_ports SD* successfully.
Executing : set_false_path -from [get_clocks fmc_wr] -to [get_ports SD*]
Executing : set_false_path -from [get_clocks fmc_wr] -to [get_ports SD*] successfully.
Executing : get_ports {CS RS RD}
Executing : get_ports {CS RS RD} successfully.
Executing : set_false_path -from [get_ports {CS RS RD}]
Executing : set_false_path -from [get_ports {CS RS RD}] successfully.
Executing : get_ports {SD* CS RS}
I: The pattern 'SD*' in command 'get_ports {SD* CS RS}' match 16 objects below:
I: port SD[0]
I: port SD[1]
I: port SD[2]
I: port SD[3]
I: port SD[4]
I: port SD[5]
I: port SD[6]
I: port SD[7]
I: port SD[8]
I: port SD[9]
I: port SD[10]
I: port SD[11]
I: port SD[12]
I: port SD[13]
I: port SD[14]
I: port SD[15]
Executing : get_ports {SD* CS RS} successfully.
Executing : get_clocks {fmc_wr wr_addr1 wr_addr2 wr_addr3}
C: SDC-2017: [D:/fpga_stm32/fpga_stm_fmc/fpga_stm/fpga_pgl12g/constraint/timing.fdc(line number: 64)] Nothing implicitly matched 'wr_addr1'.
C: SDC-2017: [D:/fpga_stm32/fpga_stm_fmc/fpga_stm/fpga_pgl12g/constraint/timing.fdc(line number: 64)] Nothing implicitly matched 'wr_addr2'.
C: SDC-2017: [D:/fpga_stm32/fpga_stm_fmc/fpga_stm/fpga_pgl12g/constraint/timing.fdc(line number: 64)] Nothing implicitly matched 'wr_addr3'.
Executing : get_clocks {fmc_wr wr_addr1 wr_addr2 wr_addr3} successfully.
Executing : set_false_path -from [get_ports {SD* CS RS}] -to [get_clocks {fmc_wr wr_addr1 wr_addr2 wr_addr3}]
Executing : set_false_path -from [get_ports {SD* CS RS}] -to [get_clocks {fmc_wr wr_addr1 wr_addr2 wr_addr3}] successfully.
Executing : get_ports rst_32
Executing : get_ports rst_32 successfully.
Executing : set_false_path -from [get_ports rst_32]
Executing : set_false_path -from [get_ports rst_32] successfully.
C: ConstraintEditor-2005: Port p:SD[0] lack of direction, the direction in design file is INOUT.
C: ConstraintEditor-2002: [D:/fpga_stm32/fpga_stm_fmc/fpga_stm/fpga_pgl12g/constraint/pin.fdc(line number: 50)] | Port SD[0] has been placed at location 39, whose type is share pin.
C: ConstraintEditor-2009: p:SD[0] is lack of PAP_IO_DRIVE, OUTPUT or INOUT PORT had better set PAP_IO_DRIVE, the optional value is {4, 8, 12, 16, 24}.
C: ConstraintEditor-2009: p:SD[0] is lack of PAP_IO_SLEW, OUTPUT or INOUT PORT had better set PAP_IO_SLEW, the optional value is {SLOW, FAST}.
C: ConstraintEditor-2005: Port p:SD[1] lack of direction, the direction in design file is INOUT.
C: ConstraintEditor-2009: p:SD[1] is lack of PAP_IO_DRIVE, OUTPUT or INOUT PORT had better set PAP_IO_DRIVE, the optional value is {4, 8, 12, 16, 24}.
C: ConstraintEditor-2009: p:SD[1] is lack of PAP_IO_SLEW, OUTPUT or INOUT PORT had better set PAP_IO_SLEW, the optional value is {SLOW, FAST}.
C: ConstraintEditor-2005: Port p:SD[2] lack of direction, the direction in design file is INOUT.
C: ConstraintEditor-2009: p:SD[2] is lack of PAP_IO_DRIVE, OUTPUT or INOUT PORT had better set PAP_IO_DRIVE, the optional value is {4, 8, 12, 16, 24}.
C: ConstraintEditor-2009: p:SD[2] is lack of PAP_IO_SLEW, OUTPUT or INOUT PORT had better set PAP_IO_SLEW, the optional value is {SLOW, FAST}.
C: ConstraintEditor-2005: Port p:SD[3] lack of direction, the direction in design file is INOUT.
C: ConstraintEditor-2009: p:SD[3] is lack of PAP_IO_DRIVE, OUTPUT or INOUT PORT had better set PAP_IO_DRIVE, the optional value is {4, 8, 12, 16, 24}.
C: ConstraintEditor-2009: p:SD[3] is lack of PAP_IO_SLEW, OUTPUT or INOUT PORT had better set PAP_IO_SLEW, the optional value is {SLOW, FAST}.
C: ConstraintEditor-2005: Port p:SD[4] lack of direction, the direction in design file is INOUT.
C: ConstraintEditor-2009: p:SD[4] is lack of PAP_IO_DRIVE, OUTPUT or INOUT PORT had better set PAP_IO_DRIVE, the optional value is {4, 8, 12, 16, 24}.
C: ConstraintEditor-2009: p:SD[4] is lack of PAP_IO_SLEW, OUTPUT or INOUT PORT had better set PAP_IO_SLEW, the optional value is {SLOW, FAST}.
C: ConstraintEditor-2005: Port p:SD[5] lack of direction, the direction in design file is INOUT.
C: ConstraintEditor-2002: [D:/fpga_stm32/fpga_stm_fmc/fpga_stm/fpga_pgl12g/constraint/pin.fdc(line number: 75)] | Port SD[5] has been placed at location 52, whose type is share pin.
C: ConstraintEditor-2009: p:SD[5] is lack of PAP_IO_DRIVE, OUTPUT or INOUT PORT had better set PAP_IO_DRIVE, the optional value is {4, 8, 12, 16, 24}.
C: ConstraintEditor-2009: p:SD[5] is lack of PAP_IO_SLEW, OUTPUT or INOUT PORT had better set PAP_IO_SLEW, the optional value is {SLOW, FAST}.
C: ConstraintEditor-2005: Port p:SD[6] lack of direction, the direction in design file is INOUT.
C: ConstraintEditor-2002: [D:/fpga_stm32/fpga_stm_fmc/fpga_stm/fpga_pgl12g/constraint/pin.fdc(line number: 80)] | Port SD[6] has been placed at location 53, whose type is share pin.
C: ConstraintEditor-2009: p:SD[6] is lack of PAP_IO_DRIVE, OUTPUT or INOUT PORT had better set PAP_IO_DRIVE, the optional value is {4, 8, 12, 16, 24}.
C: ConstraintEditor-2009: p:SD[6] is lack of PAP_IO_SLEW, OUTPUT or INOUT PORT had better set PAP_IO_SLEW, the optional value is {SLOW, FAST}.
C: ConstraintEditor-2005: Port p:SD[7] lack of direction, the direction in design file is INOUT.
C: ConstraintEditor-2002: [D:/fpga_stm32/fpga_stm_fmc/fpga_stm/fpga_pgl12g/constraint/pin.fdc(line number: 85)] | Port SD[7] has been placed at location 54, whose type is share pin.
C: ConstraintEditor-2009: p:SD[7] is lack of PAP_IO_DRIVE, OUTPUT or INOUT PORT had better set PAP_IO_DRIVE, the optional value is {4, 8, 12, 16, 24}.
C: ConstraintEditor-2009: p:SD[7] is lack of PAP_IO_SLEW, OUTPUT or INOUT PORT had better set PAP_IO_SLEW, the optional value is {SLOW, FAST}.
C: ConstraintEditor-2005: Port p:SD[8] lack of direction, the direction in design file is INOUT.
C: ConstraintEditor-2002: [D:/fpga_stm32/fpga_stm_fmc/fpga_stm/fpga_pgl12g/constraint/pin.fdc(line number: 90)] | Port SD[8] has been placed at location 55, whose type is share pin.
C: ConstraintEditor-2009: p:SD[8] is lack of PAP_IO_DRIVE, OUTPUT or INOUT PORT had better set PAP_IO_DRIVE, the optional value is {4, 8, 12, 16, 24}.
C: ConstraintEditor-2009: p:SD[8] is lack of PAP_IO_SLEW, OUTPUT or INOUT PORT had better set PAP_IO_SLEW, the optional value is {SLOW, FAST}.
C: ConstraintEditor-2005: Port p:SD[9] lack of direction, the direction in design file is INOUT.
C: ConstraintEditor-2009: p:SD[9] is lack of PAP_IO_DRIVE, OUTPUT or INOUT PORT had better set PAP_IO_DRIVE, the optional value is {4, 8, 12, 16, 24}.
C: ConstraintEditor-2009: p:SD[9] is lack of PAP_IO_SLEW, OUTPUT or INOUT PORT had better set PAP_IO_SLEW, the optional value is {SLOW, FAST}.
C: ConstraintEditor-2005: Port p:SD[10] lack of direction, the direction in design file is INOUT.
C: ConstraintEditor-2009: p:SD[10] is lack of PAP_IO_DRIVE, OUTPUT or INOUT PORT had better set PAP_IO_DRIVE, the optional value is {4, 8, 12, 16, 24}.
C: ConstraintEditor-2009: p:SD[10] is lack of PAP_IO_SLEW, OUTPUT or INOUT PORT had better set PAP_IO_SLEW, the optional value is {SLOW, FAST}.
C: ConstraintEditor-2005: Port p:SD[11] lack of direction, the direction in design file is INOUT.
C: ConstraintEditor-2009: p:SD[11] is lack of PAP_IO_DRIVE, OUTPUT or INOUT PORT had better set PAP_IO_DRIVE, the optional value is {4, 8, 12, 16, 24}.
C: ConstraintEditor-2009: p:SD[11] is lack of PAP_IO_SLEW, OUTPUT or INOUT PORT had better set PAP_IO_SLEW, the optional value is {SLOW, FAST}.
C: ConstraintEditor-2005: Port p:SD[12] lack of direction, the direction in design file is INOUT.
C: ConstraintEditor-2009: p:SD[12] is lack of PAP_IO_DRIVE, OUTPUT or INOUT PORT had better set PAP_IO_DRIVE, the optional value is {4, 8, 12, 16, 24}.
C: ConstraintEditor-2009: p:SD[12] is lack of PAP_IO_SLEW, OUTPUT or INOUT PORT had better set PAP_IO_SLEW, the optional value is {SLOW, FAST}.
C: ConstraintEditor-2005: Port p:SD[13] lack of direction, the direction in design file is INOUT.
C: ConstraintEditor-2009: p:SD[13] is lack of PAP_IO_DRIVE, OUTPUT or INOUT PORT had better set PAP_IO_DRIVE, the optional value is {4, 8, 12, 16, 24}.
C: ConstraintEditor-2009: p:SD[13] is lack of PAP_IO_SLEW, OUTPUT or INOUT PORT had better set PAP_IO_SLEW, the optional value is {SLOW, FAST}.
C: ConstraintEditor-2005: Port p:SD[14] lack of direction, the direction in design file is INOUT.
C: ConstraintEditor-2009: p:SD[14] is lack of PAP_IO_DRIVE, OUTPUT or INOUT PORT had better set PAP_IO_DRIVE, the optional value is {4, 8, 12, 16, 24}.
C: ConstraintEditor-2009: p:SD[14] is lack of PAP_IO_SLEW, OUTPUT or INOUT PORT had better set PAP_IO_SLEW, the optional value is {SLOW, FAST}.
C: ConstraintEditor-2005: Port p:SD[15] lack of direction, the direction in design file is INOUT.
C: ConstraintEditor-2009: p:SD[15] is lack of PAP_IO_DRIVE, OUTPUT or INOUT PORT had better set PAP_IO_DRIVE, the optional value is {4, 8, 12, 16, 24}.
C: ConstraintEditor-2009: p:SD[15] is lack of PAP_IO_SLEW, OUTPUT or INOUT PORT had better set PAP_IO_SLEW, the optional value is {SLOW, FAST}.
W: ConstraintEditor-4019: Port Bus 'ADC_A_IN' unspecified I/O constraint.
W: ConstraintEditor-4019: Port Bus 'ADC_C_IN' unspecified I/O constraint.
W: ConstraintEditor-4019: Port Bus 'ADC_D_IN' unspecified I/O constraint.
W: ConstraintEditor-4019: Port Bus 'DAC_A_OUT' unspecified I/O constraint.
W: ConstraintEditor-4019: Port Bus 'DAC_B_OUT' unspecified I/O constraint.
W: ConstraintEditor-4019: Port 'ADC_A_CLK' unspecified I/O constraint.
W: ConstraintEditor-4019: Port 'ADC_B_CLK' unspecified I/O constraint.
W: ConstraintEditor-4019: Port 'ADC_C_CLK' unspecified I/O constraint.
W: ConstraintEditor-4019: Port 'ADC_D_CLK' unspecified I/O constraint.
W: ConstraintEditor-4019: Port 'CLK_130M' unspecified I/O constraint.
W: ConstraintEditor-4019: Port 'DAC_A_CLK' unspecified I/O constraint.
W: ConstraintEditor-4019: Port 'DAC_B_CLK' unspecified I/O constraint.
Constraint check end.

Action synthesize: Real time elapsed is 0h:0m:3s
Action synthesize: CPU time elapsed is 0h:0m:1s
Action synthesize: Process CPU time elapsed is 0h:0m:1s
Current time: Sat Jun 20 21:31:28 2026
Action synthesize: Peak memory pool usage is 188 MB
