#Build: Fabric Compiler 2022.2-SP6.1, Build 138931, Nov 01 09:11 2023
#Install: E:\fpga\Pango\PDS_2022.2-SP6.1\bin
#Application name: pds_shell.exe
#OS: Windows 10 10.0.26200
#Hostname: LAPTOP-IP1UM3GN
Generated by Fabric Compiler (version 2022.2-SP6.1 build 138931) at Sun Jun 21 15:07:00 2026
License checkout: fabric_ads from E:\fpga\MAC\license\new_pds_F4A80DA47D72.lic
Compiling verification operator library.
Compiling common defs.
Loading technology operator library.
Compiling technology operator library.
Compiling technology operator (valence) library.
Reading design from compile DB
Reading design from compile DB successfully.
Constraint check start.
Compiling prim grid devices.
Building architecture model.
Loading device packaging model.
Building architecture floorplan logic view.
W: ConstraintEditor-4026: [D:/fpga_stm32/fpga_stm_fmc/fpga_stm/fpga_pgl12g/constraint/pin.fdc(line number: 131)] PAP_IO_DIRECTION is already defined in p:SD[9], new value INOUT will overwrite the current value.
W: ConstraintEditor-4026: [D:/fpga_stm32/fpga_stm_fmc/fpga_stm/fpga_pgl12g/constraint/pin.fdc(line number: 135)] PAP_IO_DRIVE is already defined in p:SD[9], new value 2 will overwrite the current value.
W: ConstraintEditor-4026: [D:/fpga_stm32/fpga_stm_fmc/fpga_stm/fpga_pgl12g/constraint/pin.fdc(line number: 137)] PAP_IO_SLEW is already defined in p:SD[9], new value SLOW will overwrite the current value.
W: ConstraintEditor-4026: [D:/fpga_stm32/fpga_stm_fmc/fpga_stm/fpga_pgl12g/constraint/pin.fdc(line number: 138)] PAP_IO_DIRECTION is already defined in p:SD[5], new value INOUT will overwrite the current value.
W: ConstraintEditor-4026: [D:/fpga_stm32/fpga_stm_fmc/fpga_stm/fpga_pgl12g/constraint/pin.fdc(line number: 142)] PAP_IO_DRIVE is already defined in p:SD[5], new value 4 will overwrite the current value.
W: ConstraintEditor-4026: [D:/fpga_stm32/fpga_stm_fmc/fpga_stm/fpga_pgl12g/constraint/pin.fdc(line number: 144)] PAP_IO_SLEW is already defined in p:SD[5], new value SLOW will overwrite the current value.
W: ConstraintEditor-4026: [D:/fpga_stm32/fpga_stm_fmc/fpga_stm/fpga_pgl12g/constraint/pin.fdc(line number: 145)] PAP_IO_DIRECTION is already defined in p:SD[0], new value INOUT will overwrite the current value.
W: ConstraintEditor-4026: [D:/fpga_stm32/fpga_stm_fmc/fpga_stm/fpga_pgl12g/constraint/pin.fdc(line number: 149)] PAP_IO_DRIVE is already defined in p:SD[0], new value 4 will overwrite the current value.
W: ConstraintEditor-4026: [D:/fpga_stm32/fpga_stm_fmc/fpga_stm/fpga_pgl12g/constraint/pin.fdc(line number: 151)] PAP_IO_SLEW is already defined in p:SD[0], new value SLOW will overwrite the current value.
Executing : get_ports clk
Executing : get_ports clk successfully.
Executing : create_clock -name clk_50m -period 20.000 -waveform {0 10.000} [get_ports clk]
Executing : create_clock -name clk_50m -period 20.000 -waveform {0 10.000} [get_ports clk] successfully.
Executing : get_ports WR
Executing : get_ports WR successfully.
Executing : create_clock -name fmc_wr -period 40.000 -waveform {0 20.000} [get_ports WR]
Executing : create_clock -name fmc_wr -period 40.000 -waveform {0 20.000} [get_ports WR] successfully.
Executing : set_clock_groups -asynchronous -group {clk_50m clk_130m} -group fmc_wr
C: SDC-2017: [D:/fpga_stm32/fpga_stm_fmc/fpga_stm/fpga_pgl12g/constraint/timing.fdc(line number: 51)] Nothing implicitly matched 'clk_130m'.
C: SDC-2027: [D:/fpga_stm32/fpga_stm_fmc/fpga_stm/fpga_pgl12g/constraint/timing.fdc(line number: 51)] One or more clocks can not find in the group 'clk_50m clk_130m', command 'set_clock_groups' is ignored.
Executing : set_clock_groups -asynchronous -group {clk_50m clk_130m} -group fmc_wr successfully.
Executing : get_clocks fmc_wr
Executing : get_clocks fmc_wr successfully.
Executing : get_ports SD*
I: The pattern 'SD*' in command 'get_ports SD*' match 16 objects below:
I: port SD[0]
I: port SD[1]
I: port SD[2]
I: port SD[3]
I: port SD[4]
I: port SD[5]
I: port SD[6]
I: port SD[7]
I: port SD[8]
I: port SD[9]
I: port SD[10]
I: port SD[11]
I: port SD[12]
I: port SD[13]
I: port SD[14]
I: port SD[15]
Executing : get_ports SD* successfully.
Executing : set_false_path -from [get_clocks fmc_wr] -to [get_ports SD*]
Executing : set_false_path -from [get_clocks fmc_wr] -to [get_ports SD*] successfully.
Executing : get_ports {CS RS RD}
Executing : get_ports {CS RS RD} successfully.
Executing : set_false_path -from [get_ports {CS RS RD}]
Executing : set_false_path -from [get_ports {CS RS RD}] successfully.
Executing : get_ports {SD* CS RS}
I: The pattern 'SD*' in command 'get_ports {SD* CS RS}' match 16 objects below:
I: port SD[0]
I: port SD[1]
I: port SD[2]
I: port SD[3]
I: port SD[4]
I: port SD[5]
I: port SD[6]
I: port SD[7]
I: port SD[8]
I: port SD[9]
I: port SD[10]
I: port SD[11]
I: port SD[12]
I: port SD[13]
I: port SD[14]
I: port SD[15]
Executing : get_ports {SD* CS RS} successfully.
Executing : get_clocks fmc_wr
Executing : get_clocks fmc_wr successfully.
Executing : set_false_path -from [get_ports {SD* CS RS}] -to [get_clocks fmc_wr]
Executing : set_false_path -from [get_ports {SD* CS RS}] -to [get_clocks fmc_wr] successfully.
Executing : get_ports rst_32
Executing : get_ports rst_32 successfully.
Executing : set_false_path -from [get_ports rst_32]
Executing : set_false_path -from [get_ports rst_32] successfully.
C: ConstraintEditor-2002: [D:/fpga_stm32/fpga_stm_fmc/fpga_stm/fpga_pgl12g/constraint/pin.fdc(line number: 61)] | Port SD[6] has been placed at location 55, whose type is share pin.
C: ConstraintEditor-2002: [D:/fpga_stm32/fpga_stm_fmc/fpga_stm/fpga_pgl12g/constraint/pin.fdc(line number: 139)] | Port SD[5] has been placed at location 54, whose type is share pin.
C: ConstraintEditor-2002: [D:/fpga_stm32/fpga_stm_fmc/fpga_stm/fpga_pgl12g/constraint/pin.fdc(line number: 71)] | Port SD[4] has been placed at location 53, whose type is share pin.
C: ConstraintEditor-2002: [D:/fpga_stm32/fpga_stm_fmc/fpga_stm/fpga_pgl12g/constraint/pin.fdc(line number: 78)] | Port SD[3] has been placed at location 52, whose type is share pin.
C: ConstraintEditor-2002: [D:/fpga_stm32/fpga_stm_fmc/fpga_stm/fpga_pgl12g/constraint/pin.fdc(line number: 102)] | Port CS has been placed at location 39, whose type is share pin.
W: ConstraintEditor-4019: Port Bus 'ADC_A_IN' unspecified I/O constraint.
W: ConstraintEditor-4019: Port Bus 'ADC_C_IN' unspecified I/O constraint.
W: ConstraintEditor-4019: Port Bus 'ADC_D_IN' unspecified I/O constraint.
W: ConstraintEditor-4019: Port Bus 'DAC_A_OUT' unspecified I/O constraint.
W: ConstraintEditor-4019: Port Bus 'DAC_B_OUT' unspecified I/O constraint.
W: ConstraintEditor-4019: Port 'ADC_A_CLK' unspecified I/O constraint.
W: ConstraintEditor-4019: Port 'ADC_B_CLK' unspecified I/O constraint.
W: ConstraintEditor-4019: Port 'ADC_C_CLK' unspecified I/O constraint.
W: ConstraintEditor-4019: Port 'ADC_D_CLK' unspecified I/O constraint.
W: ConstraintEditor-4019: Port 'CLK_130M' unspecified I/O constraint.
W: ConstraintEditor-4019: Port 'DAC_A_CLK' unspecified I/O constraint.
W: ConstraintEditor-4019: Port 'DAC_B_CLK' unspecified I/O constraint.
Constraint check end.

C: SDC-2025: Clock source 'n:u_pll/clkout0' need a clock constraint, please use 'create_clock' or 'create_generate_clock' to generate.
Executing : get_ports clk
Executing : get_ports clk successfully.
Executing : get_pins u_pll/u_pll_e3:CLKOUT0
Executing : get_pins u_pll/u_pll_e3:CLKOUT0 successfully.
Executing : create_generated_clock -name clk_50m|u_pll/u_pll_e3/CLKOUT0_Inferred -source [get_ports clk] [get_pins u_pll/u_pll_e3:CLKOUT0] -master_clock clk_50m -edges {1 2 3} -edge_shift {0.000000 -6.153846 -12.307692} -add
Executing : create_generated_clock -name clk_50m|u_pll/u_pll_e3/CLKOUT0_Inferred -source [get_ports clk] [get_pins u_pll/u_pll_e3:CLKOUT0] -master_clock clk_50m -edges {1 2 3} -edge_shift {0.000000 -6.153846 -12.307692} -add successfully.
Start pre-mapping.
I: Removed bmsSUB inst N320 that is redundant to N319
I: Removed bmsSUB inst N311 that is redundant to N310
I: Constant propagation done on fifo_and_fmc_inst/my_fifo_inst/N51 (bmsREDOR).
I: Constant propagation done on fifo_and_fmc_inst/my_fifo_inst/fifo_inst/u_ipm_distributed_fifo_fifo/u_ipm_distributed_fifo_ctr_fifo/N58_1 (bmsWIDEMUX).
I: Constant propagation done on fifo_and_fmc_inst/my_fifo_inst/fifo_inst/u_ipm_distributed_fifo_fifo/u_ipm_distributed_fifo_ctr_fifo/N190_1 (bmsWIDEMUX).
I: Constant propagation done on fifo_and_fmc_inst/my_fifo_inst/fifo_inst/u_ipm_distributed_fifo_fifo/u_ipm_distributed_fifo_ctr_fifo/N58_1 (bmsWIDEMUX).
I: Constant propagation done on fifo_and_fmc_inst/my_fifo_inst/fifo_inst/u_ipm_distributed_fifo_fifo/u_ipm_distributed_fifo_ctr_fifo/N190_1 (bmsWIDEMUX).
Executing : pre-mapping successfully. Time elapsed: 0.044s wall, 0.016s user + 0.031s system = 0.047s CPU (105.5%)

Start mod-gen.
W: Public-4008: Instance 'fifo_inst/u_ipm_distributed_fifo_fifo/u_ipm_distributed_fifo_ctr_fifo/ASYN_CTRL.asyn_almost_empty' of 'bmsWIDEDFFCPE' unit is dangling and will be cleaned.
W: Public-4008: Instance 'fifo_inst/u_ipm_distributed_fifo_fifo/u_ipm_distributed_fifo_ctr_fifo/ASYN_CTRL.asyn_almost_full' of 'bmsWIDEDFFCPE' unit is dangling and will be cleaned.
W: Public-4008: Instance 'fifo_inst/u_ipm_distributed_fifo_fifo/u_ipm_distributed_fifo_ctr_fifo/rd_water_level[10:0]' of 'bmsWIDEDFFCPE' unit is dangling and will be cleaned.
W: Public-4008: Instance 'fifo_inst/u_ipm_distributed_fifo_fifo/u_ipm_distributed_fifo_ctr_fifo/wr_water_level[10:0]' of 'bmsWIDEDFFCPE' unit is dangling and will be cleaned.
W: Public-4008: Instance 'FIFO_IN[15:0]' of 'bmsWIDEDFFCPE' unit is dangling and will be cleaned.
W: Public-4008: Instance 'sample_num[10:0]' of 'bmsWIDEDFFCPE' unit is dangling and will be cleaned.
W: Public-4008: Instance 'my_fifo_inst/fifo_inst/u_ipm_distributed_fifo_fifo/u_ipm_distributed_fifo_ctr_fifo/ASYN_CTRL.raddr_msb' of 'bmsWIDEDFFCPE' unit is dangling and will be cleaned.
W: Public-4008: Instance 'my_fifo_inst/fifo_inst/u_ipm_distributed_fifo_fifo/u_ipm_distributed_fifo_ctr_fifo/ASYN_CTRL.waddr_msb' of 'bmsWIDEDFFCPE' unit is dangling and will be cleaned.
I: Constant propagation done on fifo_and_fmc_inst/N44_eq0 (bmsREDXOR).
I: Constant propagation done on fifo_and_fmc_inst/N44_mux0 (bmsWIDEMUX).
I: Constant propagation done on fifo_and_fmc_inst/fmc_inst/N53_eq0 (bmsREDXOR).
I: Constant propagation done on fifo_and_fmc_inst/fmc_inst/N53_mux0 (bmsWIDEMUX).
I: Constant propagation done on fifo_and_fmc_inst/fmc_inst/N53_eq1 (bmsREDXOR).
Executing : mod-gen successfully. Time elapsed: 0.078s wall, 0.141s user + 0.016s system = 0.156s CPU (200.8%)

Start logic-optimization.
Executing : logic-optimization successfully. Time elapsed: 0.069s wall, 0.062s user + 0.000s system = 0.062s CPU (90.2%)

Start tech-mapping phase 1.
W: Public-4008: Instance 'ADC_C_DATA[0]' of 'bmsWIDEDFFCPE' unit is dangling and will be cleaned.
W: Public-4008: Instance 'ADC_C_DATA[1]' of 'bmsWIDEDFFCPE' unit is dangling and will be cleaned.
W: Public-4008: Instance 'ADC_D_DATA[0]' of 'bmsWIDEDFFCPE' unit is dangling and will be cleaned.
W: Public-4008: Instance 'ADC_D_DATA[1]' of 'bmsWIDEDFFCPE' unit is dangling and will be cleaned.
Executing : tech-mapping phase 1 successfully. Time elapsed: 0.019s wall, 0.000s user + 0.016s system = 0.016s CPU (81.5%)

Start tech-mapping phase 2.
Executing : tech-mapping phase 2 successfully. Time elapsed: 0.231s wall, 0.266s user + 0.078s system = 0.344s CPU (149.1%)

Start tech-optimization.
Executing : tech-optimization successfully. Time elapsed: 0.030s wall, 0.062s user + 0.031s system = 0.094s CPU (309.5%)

Start phys-optimization.
Executing : phys-optimization successfully. Time elapsed: 0.000s wall, 0.000s user + 0.000s system = 0.000s CPU (n/a%)

Start restore-hierarchy.
Executing : restore-hierarchy successfully. Time elapsed: 0.023s wall, 0.031s user + 0.000s system = 0.031s CPU (136.7%)

W: Unable to honor max fanout constraint for gtp_inv driven net N0_0
W: Unable to honor max fanout constraint for gtp_inv driven net N0_0
W: prevent name conflict by renaming net fifo_and_fmc_inst/fmc_inst/N96_inv_1 to fifo_and_fmc_inst/fmc_inst/N96_inv_1_rnmt

Cell Usage:
GTP_DFF_C                   210 uses
GTP_DFF_CE                   98 uses
GTP_DFF_P                    10 uses
GTP_GRS                       1 use
GTP_INV                       2 uses
GTP_LUT1                      6 uses
GTP_LUT2                     34 uses
GTP_LUT3                     12 uses
GTP_LUT4                     28 uses
GTP_LUT5                     34 uses
GTP_LUT5CARRY               147 uses
GTP_LUT5M                    13 uses
GTP_PLL_E3                    1 use

I/O ports: 85
GTP_INBUF                  34 uses
GTP_IOBUF                  16 uses
GTP_OUTBUF                 35 uses

Mapping Summary:
Total LUTs: 274 of 10400 (2.63%)
	LUTs as dram: 0 of 2640 (0.00%)
	LUTs as logic: 274
Total Registers: 318 of 15600 (2.04%)
Total Latches: 0

DRM18K:
Total DRM18K = 0.0 of 30 (0.00%)

APMs:
Total APMs = 0.00 of 20 (0.00%)

Total I/O ports = 85 of 103 (82.52%)


Overview of Control Sets:

Number of unique control sets : 12

Histogram:
**************************************************************
  Fanout      | Count    | Sync Set/Reset    Async Set/Reset
--------------------------------------------------------------
  [0, 2)      | 0        | 0                 0
  [2, 4)      | 1        | 0                 1
  [4, 6)      | 0        | 0                 0
  [6, 8)      | 0        | 0                 0
  [8, 10)     | 0        | 0                 0
  [10, 12)    | 2        | 0                 2
  [12, 14)    | 1        | 0                 1
  [14, 16)    | 0        | 0                 0
  [16, Inf)   | 8        | 0                 8
--------------------------------------------------------------
  The maximum fanout: 80
==============================================================

Flip-Flop Distribution:
************************************************************************
  Clock Enable    Sync Set/Reset    Async Set/Reset    Total Registers
------------------------------------------------------------------------
  NO              NO                NO                 0
  NO              NO                YES                220
  NO              YES               NO                 0
  YES             NO                NO                 0
  YES             NO                YES                98
  YES             YES               NO                 0
========================================================================

Latch Distribution:
************************************************
  Gate Enable    Preset/Clear    Total Latches
************************************************
  NO             NO              0
  NO             YES             0
  YES            NO              0
  YES            YES             0
************************************************

Design 'body' has been successfully synthesized to architecture-specific objects.
Saving design to DB.
Saving design to body_syn.vm
Constructing timing graph ...
Timing graph has been constructed successfully
C: STA-3015: [D:/fpga_stm32/fpga_stm_fmc/fpga_stm/fpga_pgl12g/constraint/timing.fdc(line number: 62)] No path found for -from -through -to path specification.
C: STA-3015: [D:/fpga_stm32/fpga_stm_fmc/fpga_stm/fpga_pgl12g/constraint/timing.fdc(line number: 65)] No path found for -from -through -to path specification.
W: Timing-4086: Port 'SD[0]' is not constrained, it is treated as combinational input.
W: Timing-4087: Port 'SD[0]' is not constrained, it is treated as combinational output.
W: Timing-4086: Port 'SD[1]' is not constrained, it is treated as combinational input.
W: Timing-4087: Port 'SD[1]' is not constrained, it is treated as combinational output.
W: Timing-4086: Port 'SD[2]' is not constrained, it is treated as combinational input.
W: Timing-4087: Port 'SD[2]' is not constrained, it is treated as combinational output.
W: Timing-4086: Port 'SD[3]' is not constrained, it is treated as combinational input.
W: Timing-4087: Port 'SD[3]' is not constrained, it is treated as combinational output.
W: Timing-4086: Port 'SD[4]' is not constrained, it is treated as combinational input.
W: Timing-4087: Port 'SD[4]' is not constrained, it is treated as combinational output.
W: Timing-4086: Port 'SD[5]' is not constrained, it is treated as combinational input.
W: Timing-4087: Port 'SD[5]' is not constrained, it is treated as combinational output.
W: Timing-4086: Port 'SD[6]' is not constrained, it is treated as combinational input.
W: Timing-4087: Port 'SD[6]' is not constrained, it is treated as combinational output.
W: Timing-4086: Port 'SD[7]' is not constrained, it is treated as combinational input.
W: Timing-4087: Port 'SD[7]' is not constrained, it is treated as combinational output.
W: Timing-4086: Port 'SD[8]' is not constrained, it is treated as combinational input.
W: Timing-4087: Port 'SD[8]' is not constrained, it is treated as combinational output.
W: Timing-4086: Port 'SD[9]' is not constrained, it is treated as combinational input.
W: Timing-4087: Port 'SD[9]' is not constrained, it is treated as combinational output.
W: Timing-4086: Port 'SD[10]' is not constrained, it is treated as combinational input.
W: Timing-4087: Port 'SD[10]' is not constrained, it is treated as combinational output.
W: Timing-4086: Port 'SD[11]' is not constrained, it is treated as combinational input.
W: Timing-4087: Port 'SD[11]' is not constrained, it is treated as combinational output.
W: Timing-4086: Port 'SD[12]' is not constrained, it is treated as combinational input.
W: Timing-4087: Port 'SD[12]' is not constrained, it is treated as combinational output.
W: Timing-4086: Port 'SD[13]' is not constrained, it is treated as combinational input.
W: Timing-4087: Port 'SD[13]' is not constrained, it is treated as combinational output.
W: Timing-4086: Port 'SD[14]' is not constrained, it is treated as combinational input.
W: Timing-4087: Port 'SD[14]' is not constrained, it is treated as combinational output.
W: Timing-4086: Port 'SD[15]' is not constrained, it is treated as combinational input.
W: Timing-4087: Port 'SD[15]' is not constrained, it is treated as combinational output.
W: Timing-4087: Port 'ADC_A_CLK' is not constrained, it is treated as combinational output.
W: Timing-4087: Port 'ADC_B_CLK' is not constrained, it is treated as combinational output.
W: Timing-4087: Port 'ADC_C_CLK' is not constrained, it is treated as combinational output.
W: Timing-4087: Port 'ADC_D_CLK' is not constrained, it is treated as combinational output.
W: Timing-4087: Port 'CLK_130M' is not constrained, it is treated as combinational output.
W: Timing-4087: Port 'DAC_A_CLK' is not constrained, it is treated as combinational output.
W: Timing-4087: Port 'DAC_A_OUT[0]' is not constrained, it is treated as combinational output.
W: Timing-4087: Port 'DAC_A_OUT[1]' is not constrained, it is treated as combinational output.
W: Timing-4087: Port 'DAC_A_OUT[2]' is not constrained, it is treated as combinational output.
W: Timing-4087: Port 'DAC_A_OUT[3]' is not constrained, it is treated as combinational output.
W: Timing-4087: Port 'DAC_A_OUT[4]' is not constrained, it is treated as combinational output.
W: Timing-4087: Port 'DAC_A_OUT[5]' is not constrained, it is treated as combinational output.
W: Timing-4087: Port 'DAC_A_OUT[6]' is not constrained, it is treated as combinational output.
W: Timing-4087: Port 'DAC_A_OUT[7]' is not constrained, it is treated as combinational output.
W: Timing-4087: Port 'DAC_A_OUT[8]' is not constrained, it is treated as combinational output.
W: Timing-4087: Port 'DAC_A_OUT[9]' is not constrained, it is treated as combinational output.
W: Timing-4087: Port 'DAC_A_OUT[10]' is not constrained, it is treated as combinational output.
W: Timing-4087: Port 'DAC_A_OUT[11]' is not constrained, it is treated as combinational output.
W: Timing-4087: Port 'DAC_A_OUT[12]' is not constrained, it is treated as combinational output.
W: Timing-4087: Port 'DAC_A_OUT[13]' is not constrained, it is treated as combinational output.
W: Timing-4087: Port 'DAC_B_CLK' is not constrained, it is treated as combinational output.
W: Timing-4087: Port 'DAC_B_OUT[0]' is not constrained, it is treated as combinational output.
W: Timing-4087: Port 'DAC_B_OUT[1]' is not constrained, it is treated as combinational output.
W: Timing-4087: Port 'DAC_B_OUT[2]' is not constrained, it is treated as combinational output.
W: Timing-4087: Port 'DAC_B_OUT[3]' is not constrained, it is treated as combinational output.
W: Timing-4087: Port 'DAC_B_OUT[4]' is not constrained, it is treated as combinational output.
W: Timing-4087: Port 'DAC_B_OUT[5]' is not constrained, it is treated as combinational output.
W: Timing-4087: Port 'DAC_B_OUT[6]' is not constrained, it is treated as combinational output.
W: Timing-4087: Port 'DAC_B_OUT[7]' is not constrained, it is treated as combinational output.
W: Timing-4087: Port 'DAC_B_OUT[8]' is not constrained, it is treated as combinational output.
W: Timing-4087: Port 'DAC_B_OUT[9]' is not constrained, it is treated as combinational output.
W: Timing-4087: Port 'DAC_B_OUT[10]' is not constrained, it is treated as combinational output.
W: Timing-4087: Port 'DAC_B_OUT[11]' is not constrained, it is treated as combinational output.
W: Timing-4087: Port 'DAC_B_OUT[12]' is not constrained, it is treated as combinational output.
W: Timing-4087: Port 'DAC_B_OUT[13]' is not constrained, it is treated as combinational output.
W: Timing-4086: Port 'ADC_C_IN[2]' is not constrained, it is treated as combinational input.
W: Timing-4086: Port 'ADC_C_IN[3]' is not constrained, it is treated as combinational input.
W: Timing-4086: Port 'ADC_C_IN[4]' is not constrained, it is treated as combinational input.
W: Timing-4086: Port 'ADC_C_IN[5]' is not constrained, it is treated as combinational input.
W: Timing-4086: Port 'ADC_C_IN[6]' is not constrained, it is treated as combinational input.
W: Timing-4086: Port 'ADC_C_IN[7]' is not constrained, it is treated as combinational input.
W: Timing-4086: Port 'ADC_C_IN[8]' is not constrained, it is treated as combinational input.
W: Timing-4086: Port 'ADC_C_IN[9]' is not constrained, it is treated as combinational input.
W: Timing-4086: Port 'ADC_C_IN[10]' is not constrained, it is treated as combinational input.
W: Timing-4086: Port 'ADC_C_IN[11]' is not constrained, it is treated as combinational input.
W: Timing-4086: Port 'ADC_C_IN[12]' is not constrained, it is treated as combinational input.
W: Timing-4086: Port 'ADC_C_IN[13]' is not constrained, it is treated as combinational input.
W: Timing-4086: Port 'ADC_C_IN[14]' is not constrained, it is treated as combinational input.
W: Timing-4086: Port 'ADC_C_IN[15]' is not constrained, it is treated as combinational input.
W: Timing-4086: Port 'ADC_D_IN[2]' is not constrained, it is treated as combinational input.
W: Timing-4086: Port 'ADC_D_IN[3]' is not constrained, it is treated as combinational input.
W: Timing-4086: Port 'ADC_D_IN[4]' is not constrained, it is treated as combinational input.
W: Timing-4086: Port 'ADC_D_IN[5]' is not constrained, it is treated as combinational input.
W: Timing-4086: Port 'ADC_D_IN[6]' is not constrained, it is treated as combinational input.
W: Timing-4086: Port 'ADC_D_IN[7]' is not constrained, it is treated as combinational input.
W: Timing-4086: Port 'ADC_D_IN[8]' is not constrained, it is treated as combinational input.
W: Timing-4086: Port 'ADC_D_IN[9]' is not constrained, it is treated as combinational input.
W: Timing-4086: Port 'ADC_D_IN[10]' is not constrained, it is treated as combinational input.
W: Timing-4086: Port 'ADC_D_IN[11]' is not constrained, it is treated as combinational input.
W: Timing-4086: Port 'ADC_D_IN[12]' is not constrained, it is treated as combinational input.
W: Timing-4086: Port 'ADC_D_IN[13]' is not constrained, it is treated as combinational input.
W: Timing-4086: Port 'ADC_D_IN[14]' is not constrained, it is treated as combinational input.
W: Timing-4086: Port 'ADC_D_IN[15]' is not constrained, it is treated as combinational input.
W: Timing-4086: Port 'CS' is not constrained, it is treated as combinational input.
W: Timing-4086: Port 'RD' is not constrained, it is treated as combinational input.
W: Timing-4086: Port 'RS' is not constrained, it is treated as combinational input.
W: Timing-4086: Port 'rst_32' is not constrained, it is treated as combinational input.
Action synthesize: Real time elapsed is 0h:0m:3s
Action synthesize: CPU time elapsed is 0h:0m:2s
Action synthesize: Process CPU time elapsed is 0h:0m:2s
Current time: Sun Jun 21 15:07:02 2026
Action synthesize: Peak memory pool usage is 254 MB
