#Build: Fabric Compiler 2022.2-SP6.1, Build 138931, Nov 01 09:11 2023
#Install: E:\fpga\Pango\PDS_2022.2-SP6.1\bin
#Application name: pds_shell.exe
#OS: Windows 10 10.0.26200
#Hostname: LAPTOP-IP1UM3GN
Generated by Fabric Compiler (version 2022.2-SP6.1 build 138931) at Sun Jun 21 18:08:38 2026
License checkout: fabric_ads from E:\fpga\MAC\license\new_pds_F4A80DA47D72.lic
Compiling verification operator library.
Compiling common defs.
Loading technology operator library.
Compiling technology operator library.
Compiling technology operator (valence) library.
Reading design from compile DB
Reading design from compile DB successfully.
Constraint check start.
Compiling prim grid devices.
Building architecture model.
Loading device packaging model.
Building architecture floorplan logic view.
W: ConstraintEditor-4026: [D:/fpga_stm32/fpga_stm_fmc/fpga_stm/fpga_pgl12g/constraint/pin.fdc(line number: 131)] PAP_IO_DIRECTION is already defined in p:SD[9], new value INOUT will overwrite the current value.
W: ConstraintEditor-4026: [D:/fpga_stm32/fpga_stm_fmc/fpga_stm/fpga_pgl12g/constraint/pin.fdc(line number: 135)] PAP_IO_DRIVE is already defined in p:SD[9], new value 2 will overwrite the current value.
W: ConstraintEditor-4026: [D:/fpga_stm32/fpga_stm_fmc/fpga_stm/fpga_pgl12g/constraint/pin.fdc(line number: 137)] PAP_IO_SLEW is already defined in p:SD[9], new value SLOW will overwrite the current value.
W: ConstraintEditor-4026: [D:/fpga_stm32/fpga_stm_fmc/fpga_stm/fpga_pgl12g/constraint/pin.fdc(line number: 138)] PAP_IO_DIRECTION is already defined in p:SD[5], new value INOUT will overwrite the current value.
W: ConstraintEditor-4026: [D:/fpga_stm32/fpga_stm_fmc/fpga_stm/fpga_pgl12g/constraint/pin.fdc(line number: 142)] PAP_IO_DRIVE is already defined in p:SD[5], new value 4 will overwrite the current value.
W: ConstraintEditor-4026: [D:/fpga_stm32/fpga_stm_fmc/fpga_stm/fpga_pgl12g/constraint/pin.fdc(line number: 144)] PAP_IO_SLEW is already defined in p:SD[5], new value SLOW will overwrite the current value.
W: ConstraintEditor-4026: [D:/fpga_stm32/fpga_stm_fmc/fpga_stm/fpga_pgl12g/constraint/pin.fdc(line number: 145)] PAP_IO_DIRECTION is already defined in p:SD[0], new value INOUT will overwrite the current value.
W: ConstraintEditor-4026: [D:/fpga_stm32/fpga_stm_fmc/fpga_stm/fpga_pgl12g/constraint/pin.fdc(line number: 149)] PAP_IO_DRIVE is already defined in p:SD[0], new value 4 will overwrite the current value.
W: ConstraintEditor-4026: [D:/fpga_stm32/fpga_stm_fmc/fpga_stm/fpga_pgl12g/constraint/pin.fdc(line number: 151)] PAP_IO_SLEW is already defined in p:SD[0], new value SLOW will overwrite the current value.
Executing : get_ports clk
Executing : get_ports clk successfully.
Executing : create_clock -name clk_50m -period 20.000 -waveform {0 10.000} [get_ports clk]
Executing : create_clock -name clk_50m -period 20.000 -waveform {0 10.000} [get_ports clk] successfully.
Executing : get_ports WR
Executing : get_ports WR successfully.
Executing : create_clock -name fmc_wr -period 40.000 -waveform {0 20.000} [get_ports WR]
Executing : create_clock -name fmc_wr -period 40.000 -waveform {0 20.000} [get_ports WR] successfully.
Executing : set_clock_groups -asynchronous -group {clk_50m clk_130m} -group fmc_wr
C: SDC-2017: [D:/fpga_stm32/fpga_stm_fmc/fpga_stm/fpga_pgl12g/constraint/timing.fdc(line number: 51)] Nothing implicitly matched 'clk_130m'.
C: SDC-2027: [D:/fpga_stm32/fpga_stm_fmc/fpga_stm/fpga_pgl12g/constraint/timing.fdc(line number: 51)] One or more clocks can not find in the group 'clk_50m clk_130m', command 'set_clock_groups' is ignored.
Executing : set_clock_groups -asynchronous -group {clk_50m clk_130m} -group fmc_wr successfully.
Executing : get_clocks fmc_wr
Executing : get_clocks fmc_wr successfully.
Executing : get_ports SD*
I: The pattern 'SD*' in command 'get_ports SD*' match 16 objects below:
I: port SD[0]
I: port SD[1]
I: port SD[2]
I: port SD[3]
I: port SD[4]
I: port SD[5]
I: port SD[6]
I: port SD[7]
I: port SD[8]
I: port SD[9]
I: port SD[10]
I: port SD[11]
I: port SD[12]
I: port SD[13]
I: port SD[14]
I: port SD[15]
Executing : get_ports SD* successfully.
Executing : set_false_path -from [get_clocks fmc_wr] -to [get_ports SD*]
Executing : set_false_path -from [get_clocks fmc_wr] -to [get_ports SD*] successfully.
Executing : get_ports {CS RS RD}
Executing : get_ports {CS RS RD} successfully.
Executing : set_false_path -from [get_ports {CS RS RD}]
Executing : set_false_path -from [get_ports {CS RS RD}] successfully.
Executing : get_ports {SD* CS RS}
I: The pattern 'SD*' in command 'get_ports {SD* CS RS}' match 16 objects below:
I: port SD[0]
I: port SD[1]
I: port SD[2]
I: port SD[3]
I: port SD[4]
I: port SD[5]
I: port SD[6]
I: port SD[7]
I: port SD[8]
I: port SD[9]
I: port SD[10]
I: port SD[11]
I: port SD[12]
I: port SD[13]
I: port SD[14]
I: port SD[15]
Executing : get_ports {SD* CS RS} successfully.
Executing : get_clocks fmc_wr
Executing : get_clocks fmc_wr successfully.
Executing : set_false_path -from [get_ports {SD* CS RS}] -to [get_clocks fmc_wr]
Executing : set_false_path -from [get_ports {SD* CS RS}] -to [get_clocks fmc_wr] successfully.
Executing : get_ports rst_32
Executing : get_ports rst_32 successfully.
Executing : set_false_path -from [get_ports rst_32]
Executing : set_false_path -from [get_ports rst_32] successfully.
Executing : get_clocks clk_50m|u_pll/u_pll_e3/CLKOUT0_Inferred
C: SDC-2017: [D:/fpga_stm32/fpga_stm_fmc/fpga_stm/fpga_pgl12g/constraint/timing.fdc(line number: 84)] Nothing implicitly matched 'clk_50m|u_pll/u_pll_e3/CLKOUT0_Inferred'.
Executing : get_clocks clk_50m|u_pll/u_pll_e3/CLKOUT0_Inferred successfully.
Executing : get_clocks clk_50m
Executing : get_clocks clk_50m successfully.
Executing : set_false_path -from [get_clocks clk_50m|u_pll/u_pll_e3/CLKOUT0_Inferred] -to [get_clocks clk_50m]
E: CommandTiming-0057: [D:/fpga_stm32/fpga_stm_fmc/fpga_stm/fpga_pgl12g/constraint/timing.fdc(line number: 84)] Nothing matched for 'from_list', command 'set_false_path' is aborted.
C: SDC-2023: [D:/fpga_stm32/fpga_stm_fmc/fpga_stm/fpga_pgl12g/constraint/timing.fdc(line number: 84)] Failed to parse the val of the option 'from' for command 'set_false_path'.
E: ConstraintEditor-0046: [D:/fpga_stm32/fpga_stm_fmc/fpga_stm/fpga_pgl12g/constraint/timing.fdc(line number: 84)] Failed to import constraint "set_false_path -from [get_clocks clk_50m|u_pll/u_pll_e3/CLKOUT0_Inferred] -to [get_clocks clk_50m]".
C: ConstraintEditor-2002: [D:/fpga_stm32/fpga_stm_fmc/fpga_stm/fpga_pgl12g/constraint/pin.fdc(line number: 61)] | Port SD[6] has been placed at location 55, whose type is share pin.
C: ConstraintEditor-2002: [D:/fpga_stm32/fpga_stm_fmc/fpga_stm/fpga_pgl12g/constraint/pin.fdc(line number: 139)] | Port SD[5] has been placed at location 54, whose type is share pin.
C: ConstraintEditor-2002: [D:/fpga_stm32/fpga_stm_fmc/fpga_stm/fpga_pgl12g/constraint/pin.fdc(line number: 71)] | Port SD[4] has been placed at location 53, whose type is share pin.
C: ConstraintEditor-2002: [D:/fpga_stm32/fpga_stm_fmc/fpga_stm/fpga_pgl12g/constraint/pin.fdc(line number: 78)] | Port SD[3] has been placed at location 52, whose type is share pin.
C: ConstraintEditor-2002: [D:/fpga_stm32/fpga_stm_fmc/fpga_stm/fpga_pgl12g/constraint/pin.fdc(line number: 102)] | Port CS has been placed at location 39, whose type is share pin.
W: ConstraintEditor-4019: Port Bus 'ADC_A_IN' unspecified I/O constraint.
W: ConstraintEditor-4019: Port Bus 'ADC_C_IN' unspecified I/O constraint.
W: ConstraintEditor-4019: Port Bus 'ADC_D_IN' unspecified I/O constraint.
W: ConstraintEditor-4019: Port Bus 'DAC_A_OUT' unspecified I/O constraint.
W: ConstraintEditor-4019: Port Bus 'DAC_B_OUT' unspecified I/O constraint.
W: ConstraintEditor-4019: Port 'ADC_A_CLK' unspecified I/O constraint.
W: ConstraintEditor-4019: Port 'ADC_B_CLK' unspecified I/O constraint.
W: ConstraintEditor-4019: Port 'ADC_C_CLK' unspecified I/O constraint.
W: ConstraintEditor-4019: Port 'ADC_D_CLK' unspecified I/O constraint.
W: ConstraintEditor-4019: Port 'DAC_A_CLK' unspecified I/O constraint.
W: ConstraintEditor-4019: Port 'DAC_B_CLK' unspecified I/O constraint.
Constraint check end.

Action synthesize: Real time elapsed is 0h:0m:3s
Action synthesize: CPU time elapsed is 0h:0m:1s
Action synthesize: Process CPU time elapsed is 0h:0m:1s
Current time: Sun Jun 21 18:08:39 2026
Action synthesize: Peak memory pool usage is 188 MB
