#Build: Fabric Compiler 2022.2-SP6.1, Build 138931, Nov 01 09:11 2023
#Install: E:\fpga\Pango\PDS_2022.2-SP6.1\bin
#Application name: pds.exe
#OS: Windows 10 10.0.26200
#Hostname: LAPTOP-IP1UM3GN
Generated by Fabric Compiler (version 2022.2-SP6.1 build 138931) at Thu Jun 18 23:19:07 2026
Parse module hierarchy of project 'D:/fpga_stm32/fpga_stm_fmc/fpga_stm/fpga_pgl12g/prj/project/temp_projects/Main_Flow/Main_Flow.pds' (ADS Parser)
Open IP Compiler ...
IP Compiler exited.
Open IP Compiler ...
W: Public-4026: Error occurs in third party tool. Error information is "libpng warning: iCCP: known incorrect sRGB profile
" .
W: Public-4026: Error occurs in third party tool. Error information is "libpng warning: iCCP: known incorrect sRGB profile
" .
W: Public-4026: Error occurs in third party tool. Error information is "libpng warning: iCCP: known incorrect sRGB profile
libpng warning: iCCP: known incorrect sRGB profile
" .
W: Public-4026: Error occurs in third party tool. Error information is "libpng warning: iCCP: known incorrect sRGB profile
" .
IP Compiler exited.
Open IP Compiler ...
W: Public-4026: Error occurs in third party tool. Error information is "libpng warning: iCCP: known incorrect sRGB profile
" .
W: Public-4026: Error occurs in third party tool. Error information is "libpng warning: iCCP: known incorrect sRGB profile
" .
W: Public-4026: Error occurs in third party tool. Error information is "libpng warning: iCCP: known incorrect sRGB profile
libpng warning: iCCP: known incorrect sRGB profile
" .
W: Public-4026: Error occurs in third party tool. Error information is "libpng warning: iCCP: known incorrect sRGB profile
" .
IP Compiler exited.
Open IP Compiler ...
W: Public-4026: Error occurs in third party tool. Error information is "libpng warning: iCCP: known incorrect sRGB profile
" .
W: Public-4026: Error occurs in third party tool. Error information is "libpng warning: iCCP: known incorrect sRGB profile
" .
W: Public-4026: Error occurs in third party tool. Error information is "libpng warning: iCCP: known incorrect sRGB profile
libpng warning: iCCP: known incorrect sRGB profile
" .
W: Public-4026: Error occurs in third party tool. Error information is "libpng warning: iCCP: known incorrect sRGB profile
" .
IP Compiler exited.
File "D:/fpga_stm32/fpga_stm_fmc/fpga_stm/fpga_pgl12g/prj/project/ipcore/fifo/fifo.idf" has been added to project successfully. 
File "D:/fpga_stm32/fpga_stm_fmc/fpga_stm/fpga_pgl12g/prj/project/ipcore/pll/pll.idf" has been added to project successfully. 
Parse module hierarchy of project 'D:/fpga_stm32/fpga_stm_fmc/fpga_stm/fpga_pgl12g/prj/project/temp_projects/Main_Flow/Main_Flow.pds' (ADS Parser)
Customize IP 'D:/fpga_stm32/fpga_stm_fmc/fpga_stm/fpga_pgl12g/prj/project/ipcore/fifo/fifo.idf' ...
C: Flow-2008: IP file modified: "D:/fpga_stm32/fpga_stm_fmc/fpga_stm/fpga_pgl12g/prj/project/ipcore/fifo/fifo.idf". 
Parse module hierarchy of project 'D:/fpga_stm32/fpga_stm_fmc/fpga_stm/fpga_pgl12g/prj/project/temp_projects/Main_Flow/Main_Flow.pds' (ADS Parser)
C: Flow-2008: IP file modified: "D:/fpga_stm32/fpga_stm_fmc/fpga_stm/fpga_pgl12g/prj/project/ipcore/fifo/fifo.idf". 
Parse module hierarchy of project 'D:/fpga_stm32/fpga_stm_fmc/fpga_stm/fpga_pgl12g/prj/project/temp_projects/Main_Flow/Main_Flow.pds' (ADS Parser)
Parse module hierarchy of project 'D:/fpga_stm32/fpga_stm_fmc/fpga_stm/fpga_pgl12g/prj/project/temp_projects/Main_Flow/Main_Flow.pds' (ADS Parser)
IP Compiler exited.
Parse module hierarchy of project 'D:/fpga_stm32/fpga_stm_fmc/fpga_stm/fpga_pgl12g/prj/project/temp_projects/Main_Flow/Main_Flow.pds' (ADS Parser)
I: Flow-6004: Design file modified: "D:/fpga_stm32/fpga_stm_fmc/fpga_stm/fpga_pgl12g/source/fmc.v". 
Parse module hierarchy of project 'D:/fpga_stm32/fpga_stm_fmc/fpga_stm/fpga_pgl12g/prj/project/temp_projects/Main_Flow/Main_Flow.pds' (ADS Parser)
I: Flow-6004: Design file modified: "D:/fpga_stm32/fpga_stm_fmc/fpga_stm/fpga_pgl12g/source/fifo_and_fmc.v". 


Process "Compile" started.
Current time: Sat Jun 20 21:08:16 2026
Compiling architecture definition.
Analyzing project file 'D:/fpga_stm32/fpga_stm_fmc/fpga_stm/fpga_pgl12g/prj/project/project.pds'.
License checkout: fabric_ads from E:\fpga\MAC\license\new_pds_F4A80DA47D72.lic
Compiling verification operator library.
Loading technology operator library.
Compiling technology operator library.
Compiling technology operator (valence) library.
I: Enable Verilog2k features and keywords
Start rtl-analyze.
Executing : .rtl_analyze -work work -include_path {D:/fpga_stm32/fpga_stm_fmc/fpga_stm/fpga_pgl12g/prj/project} D:/fpga_stm32/fpga_stm_fmc/fpga_stm/fpga_pgl12g/source/body.v
I: Verilog-0001: Analyzing file D:/fpga_stm32/fpga_stm_fmc/fpga_stm/fpga_pgl12g/source/body.v
I: Verilog-0002: [D:/fpga_stm32/fpga_stm_fmc/fpga_stm/fpga_pgl12g/source/body.v(line number: 9)] Analyzing module body (library work)
Parsing done.
Executing : .rtl_analyze -work work -include_path {D:/fpga_stm32/fpga_stm_fmc/fpga_stm/fpga_pgl12g/prj/project} D:/fpga_stm32/fpga_stm_fmc/fpga_stm/fpga_pgl12g/source/body.v successfully.
Executing : .rtl_analyze -work work -include_path {D:/fpga_stm32/fpga_stm_fmc/fpga_stm/fpga_pgl12g/prj/project} D:/fpga_stm32/fpga_stm_fmc/fpga_stm/fpga_pgl12g/source/fifo_and_fmc.v
I: Verilog-0001: Analyzing file D:/fpga_stm32/fpga_stm_fmc/fpga_stm/fpga_pgl12g/source/fifo_and_fmc.v
I: Verilog-0002: [D:/fpga_stm32/fpga_stm_fmc/fpga_stm/fpga_pgl12g/source/fifo_and_fmc.v(line number: 12)] Analyzing module fifo_and_fmc (library work)
Parsing done.
Executing : .rtl_analyze -work work -include_path {D:/fpga_stm32/fpga_stm_fmc/fpga_stm/fpga_pgl12g/prj/project} D:/fpga_stm32/fpga_stm_fmc/fpga_stm/fpga_pgl12g/source/fifo_and_fmc.v successfully.
Executing : .rtl_analyze -work work -include_path {D:/fpga_stm32/fpga_stm_fmc/fpga_stm/fpga_pgl12g/prj/project} D:/fpga_stm32/fpga_stm_fmc/fpga_stm/fpga_pgl12g/source/fmc.v
I: Verilog-0001: Analyzing file D:/fpga_stm32/fpga_stm_fmc/fpga_stm/fpga_pgl12g/source/fmc.v
I: Verilog-0002: [D:/fpga_stm32/fpga_stm_fmc/fpga_stm/fpga_pgl12g/source/fmc.v(line number: 21)] Analyzing module fmc (library work)
Parsing done.
Executing : .rtl_analyze -work work -include_path {D:/fpga_stm32/fpga_stm_fmc/fpga_stm/fpga_pgl12g/prj/project} D:/fpga_stm32/fpga_stm_fmc/fpga_stm/fpga_pgl12g/source/fmc.v successfully.
Executing : .rtl_analyze -work work -include_path {D:/fpga_stm32/fpga_stm_fmc/fpga_stm/fpga_pgl12g/prj/project} D:/fpga_stm32/fpga_stm_fmc/fpga_stm/fpga_pgl12g/source/my_fifo.v
I: Verilog-0001: Analyzing file D:/fpga_stm32/fpga_stm_fmc/fpga_stm/fpga_pgl12g/source/my_fifo.v
I: Verilog-0002: [D:/fpga_stm32/fpga_stm_fmc/fpga_stm/fpga_pgl12g/source/my_fifo.v(line number: 7)] Analyzing module my_fifo (library work)
Parsing done.
Executing : .rtl_analyze -work work -include_path {D:/fpga_stm32/fpga_stm_fmc/fpga_stm/fpga_pgl12g/prj/project} D:/fpga_stm32/fpga_stm_fmc/fpga_stm/fpga_pgl12g/source/my_fifo.v successfully.
Executing : .rtl_analyze -include_path {D:/fpga_stm32/fpga_stm_fmc/fpga_stm/fpga_pgl12g/prj/project} D:/fpga_stm32/fpga_stm_fmc/fpga_stm/fpga_pgl12g/prj/project/ipcore/fifo/rtl/ipm_distributed_fifo_ctr_v1_1_fifo.v
I: Verilog-0001: Analyzing file D:/fpga_stm32/fpga_stm_fmc/fpga_stm/fpga_pgl12g/prj/project/ipcore/fifo/rtl/ipm_distributed_fifo_ctr_v1_1_fifo.v
I: Verilog-0002: [D:/fpga_stm32/fpga_stm_fmc/fpga_stm/fpga_pgl12g/prj/project/ipcore/fifo/rtl/ipm_distributed_fifo_ctr_v1_1_fifo.v(line number: 19)] Analyzing module ipm_distributed_fifo_ctr_v1_1_fifo (library work)
I: [D:/fpga_stm32/fpga_stm_fmc/fpga_stm/fpga_pgl12g/prj/project/ipcore/fifo/rtl/ipm_distributed_fifo_ctr_v1_1_fifo.v(line number: 46)] Convert attribute name from syn_preserve to PAP_PRESERVE
I: [D:/fpga_stm32/fpga_stm_fmc/fpga_stm/fpga_pgl12g/prj/project/ipcore/fifo/rtl/ipm_distributed_fifo_ctr_v1_1_fifo.v(line number: 47)] Convert attribute name from syn_preserve to PAP_PRESERVE
I: [D:/fpga_stm32/fpga_stm_fmc/fpga_stm/fpga_pgl12g/prj/project/ipcore/fifo/rtl/ipm_distributed_fifo_ctr_v1_1_fifo.v(line number: 57)] Convert attribute name from syn_preserve to PAP_PRESERVE
I: [D:/fpga_stm32/fpga_stm_fmc/fpga_stm/fpga_pgl12g/prj/project/ipcore/fifo/rtl/ipm_distributed_fifo_ctr_v1_1_fifo.v(line number: 58)] Convert attribute name from syn_preserve to PAP_PRESERVE
Parsing done.
Executing : .rtl_analyze -include_path {D:/fpga_stm32/fpga_stm_fmc/fpga_stm/fpga_pgl12g/prj/project} D:/fpga_stm32/fpga_stm_fmc/fpga_stm/fpga_pgl12g/prj/project/ipcore/fifo/rtl/ipm_distributed_fifo_ctr_v1_1_fifo.v successfully.
Executing : .rtl_analyze -include_path {D:/fpga_stm32/fpga_stm_fmc/fpga_stm/fpga_pgl12g/prj/project} D:/fpga_stm32/fpga_stm_fmc/fpga_stm/fpga_pgl12g/prj/project/ipcore/fifo/rtl/ipm_distributed_fifo_v1_4_fifo.v
I: Verilog-0001: Analyzing file D:/fpga_stm32/fpga_stm_fmc/fpga_stm/fpga_pgl12g/prj/project/ipcore/fifo/rtl/ipm_distributed_fifo_v1_4_fifo.v
I: Verilog-0002: [D:/fpga_stm32/fpga_stm_fmc/fpga_stm/fpga_pgl12g/prj/project/ipcore/fifo/rtl/ipm_distributed_fifo_v1_4_fifo.v(line number: 19)] Analyzing module ipm_distributed_fifo_v1_4_fifo (library work)
Parsing done.
Executing : .rtl_analyze -include_path {D:/fpga_stm32/fpga_stm_fmc/fpga_stm/fpga_pgl12g/prj/project} D:/fpga_stm32/fpga_stm_fmc/fpga_stm/fpga_pgl12g/prj/project/ipcore/fifo/rtl/ipm_distributed_fifo_v1_4_fifo.v successfully.
Executing : .rtl_analyze -include_path {D:/fpga_stm32/fpga_stm_fmc/fpga_stm/fpga_pgl12g/prj/project} D:/fpga_stm32/fpga_stm_fmc/fpga_stm/fpga_pgl12g/prj/project/ipcore/fifo/rtl/ipm_distributed_sdpram_v1_3_fifo.v
I: Verilog-0001: Analyzing file D:/fpga_stm32/fpga_stm_fmc/fpga_stm/fpga_pgl12g/prj/project/ipcore/fifo/rtl/ipm_distributed_sdpram_v1_3_fifo.v
I: Verilog-0002: [D:/fpga_stm32/fpga_stm_fmc/fpga_stm/fpga_pgl12g/prj/project/ipcore/fifo/rtl/ipm_distributed_sdpram_v1_3_fifo.v(line number: 20)] Analyzing module ipm_distributed_sdpram_v1_3_fifo (library work)
I: [D:/fpga_stm32/fpga_stm_fmc/fpga_stm/fpga_pgl12g/prj/project/ipcore/fifo/rtl/ipm_distributed_sdpram_v1_3_fifo.v(line number: 29)] Convert attribute name from syn_ramstyle to PAP_RAM_STYLE
Parsing done.
Executing : .rtl_analyze -include_path {D:/fpga_stm32/fpga_stm_fmc/fpga_stm/fpga_pgl12g/prj/project} D:/fpga_stm32/fpga_stm_fmc/fpga_stm/fpga_pgl12g/prj/project/ipcore/fifo/rtl/ipm_distributed_sdpram_v1_3_fifo.v successfully.
Executing : .rtl_analyze -include_path {D:/fpga_stm32/fpga_stm_fmc/fpga_stm/fpga_pgl12g/prj/project} D:/fpga_stm32/fpga_stm_fmc/fpga_stm/fpga_pgl12g/prj/project/ipcore/fifo/fifo.v
I: Verilog-0001: Analyzing file D:/fpga_stm32/fpga_stm_fmc/fpga_stm/fpga_pgl12g/prj/project/ipcore/fifo/fifo.v
I: Verilog-0002: [D:/fpga_stm32/fpga_stm_fmc/fpga_stm/fpga_pgl12g/prj/project/ipcore/fifo/fifo.v(line number: 18)] Analyzing module fifo (library work)
Parsing done.
Executing : .rtl_analyze -include_path {D:/fpga_stm32/fpga_stm_fmc/fpga_stm/fpga_pgl12g/prj/project} D:/fpga_stm32/fpga_stm_fmc/fpga_stm/fpga_pgl12g/prj/project/ipcore/fifo/fifo.v successfully.
Executing : .rtl_analyze -include_path {D:/fpga_stm32/fpga_stm_fmc/fpga_stm/fpga_pgl12g/prj/project} D:/fpga_stm32/fpga_stm_fmc/fpga_stm/fpga_pgl12g/prj/project/ipcore/pll/pll.v
I: Verilog-0001: Analyzing file D:/fpga_stm32/fpga_stm_fmc/fpga_stm/fpga_pgl12g/prj/project/ipcore/pll/pll.v
I: Verilog-0002: [D:/fpga_stm32/fpga_stm_fmc/fpga_stm/fpga_pgl12g/prj/project/ipcore/pll/pll.v(line number: 18)] Analyzing module pll (library work)
Parsing done.
Executing : .rtl_analyze -include_path {D:/fpga_stm32/fpga_stm_fmc/fpga_stm/fpga_pgl12g/prj/project} D:/fpga_stm32/fpga_stm_fmc/fpga_stm/fpga_pgl12g/prj/project/ipcore/pll/pll.v successfully.
I: Module "body" is set as top module.
Executing : rtl-analyze successfully. Time elapsed: 1.501s wall, 0.000s user + 0.000s system = 0.000s CPU (n/a%)

Start rtl-elaborate.
I: Verilog-0003: [D:/fpga_stm32/fpga_stm_fmc/fpga_stm/fpga_pgl12g/source/body.v(line number: 9)] Elaborating module body
I: Verilog-0004: [D:/fpga_stm32/fpga_stm_fmc/fpga_stm/fpga_pgl12g/source/body.v(line number: 47)] Elaborating instance u_pll
I: Verilog-0003: [D:/fpga_stm32/fpga_stm_fmc/fpga_stm/fpga_pgl12g/prj/project/ipcore/pll/pll.v(line number: 18)] Elaborating module pll
I: Verilog-0004: [D:/fpga_stm32/fpga_stm_fmc/fpga_stm/fpga_pgl12g/prj/project/ipcore/pll/pll.v(line number: 228)] Elaborating instance u_pll_e3
W: Verilog-2021: [D:/fpga_stm32/fpga_stm_fmc/fpga_stm/fpga_pgl12g/prj/project/ipcore/pll/pll.v(line number: 117)] Net clkfb in pll(original module pll) does not have a driver, tie it to 0
W: Verilog-2021: [D:/fpga_stm32/fpga_stm_fmc/fpga_stm/fpga_pgl12g/prj/project/ipcore/pll/pll.v(line number: 120)] Net pfden in pll(original module pll) does not have a driver, tie it to 0
W: Verilog-2021: [D:/fpga_stm32/fpga_stm_fmc/fpga_stm/fpga_pgl12g/prj/project/ipcore/pll/pll.v(line number: 121)] Net clkout0_gate in pll(original module pll) does not have a driver, tie it to 0
W: Verilog-2021: [D:/fpga_stm32/fpga_stm_fmc/fpga_stm/fpga_pgl12g/prj/project/ipcore/pll/pll.v(line number: 122)] Net clkout0_2pad_gate in pll(original module pll) does not have a driver, tie it to 0
W: Verilog-2021: [D:/fpga_stm32/fpga_stm_fmc/fpga_stm/fpga_pgl12g/prj/project/ipcore/pll/pll.v(line number: 123)] Net clkout1_gate in pll(original module pll) does not have a driver, tie it to 0
W: Verilog-2021: [D:/fpga_stm32/fpga_stm_fmc/fpga_stm/fpga_pgl12g/prj/project/ipcore/pll/pll.v(line number: 124)] Net clkout2_gate in pll(original module pll) does not have a driver, tie it to 0
W: Verilog-2021: [D:/fpga_stm32/fpga_stm_fmc/fpga_stm/fpga_pgl12g/prj/project/ipcore/pll/pll.v(line number: 125)] Net clkout3_gate in pll(original module pll) does not have a driver, tie it to 0
W: Verilog-2021: [D:/fpga_stm32/fpga_stm_fmc/fpga_stm/fpga_pgl12g/prj/project/ipcore/pll/pll.v(line number: 126)] Net clkout4_gate in pll(original module pll) does not have a driver, tie it to 0
W: Verilog-2021: [D:/fpga_stm32/fpga_stm_fmc/fpga_stm/fpga_pgl12g/prj/project/ipcore/pll/pll.v(line number: 127)] Net clkout5_gate in pll(original module pll) does not have a driver, tie it to 0
W: Verilog-2021: [D:/fpga_stm32/fpga_stm_fmc/fpga_stm/fpga_pgl12g/prj/project/ipcore/pll/pll.v(line number: 128)] Net dyn_idiv in pll(original module pll) does not have a driver, tie it to 0
W: Verilog-2021: [D:/fpga_stm32/fpga_stm_fmc/fpga_stm/fpga_pgl12g/prj/project/ipcore/pll/pll.v(line number: 129)] Net dyn_odiv0 in pll(original module pll) does not have a driver, tie it to 0
W: Verilog-2021: [D:/fpga_stm32/fpga_stm_fmc/fpga_stm/fpga_pgl12g/prj/project/ipcore/pll/pll.v(line number: 130)] Net dyn_odiv1 in pll(original module pll) does not have a driver, tie it to 0
W: Verilog-2021: [D:/fpga_stm32/fpga_stm_fmc/fpga_stm/fpga_pgl12g/prj/project/ipcore/pll/pll.v(line number: 131)] Net dyn_odiv2 in pll(original module pll) does not have a driver, tie it to 0
W: Verilog-2021: [D:/fpga_stm32/fpga_stm_fmc/fpga_stm/fpga_pgl12g/prj/project/ipcore/pll/pll.v(line number: 132)] Net dyn_odiv3 in pll(original module pll) does not have a driver, tie it to 0
W: Verilog-2021: [D:/fpga_stm32/fpga_stm_fmc/fpga_stm/fpga_pgl12g/prj/project/ipcore/pll/pll.v(line number: 133)] Net dyn_odiv4 in pll(original module pll) does not have a driver, tie it to 0
W: Verilog-2021: [D:/fpga_stm32/fpga_stm_fmc/fpga_stm/fpga_pgl12g/prj/project/ipcore/pll/pll.v(line number: 134)] Net dyn_fdiv in pll(original module pll) does not have a driver, tie it to 0
W: Verilog-2021: [D:/fpga_stm32/fpga_stm_fmc/fpga_stm/fpga_pgl12g/prj/project/ipcore/pll/pll.v(line number: 135)] Net dyn_duty0 in pll(original module pll) does not have a driver, tie it to 0
W: Verilog-2021: [D:/fpga_stm32/fpga_stm_fmc/fpga_stm/fpga_pgl12g/prj/project/ipcore/pll/pll.v(line number: 136)] Net dyn_duty1 in pll(original module pll) does not have a driver, tie it to 0
W: Verilog-2021: [D:/fpga_stm32/fpga_stm_fmc/fpga_stm/fpga_pgl12g/prj/project/ipcore/pll/pll.v(line number: 137)] Net dyn_duty2 in pll(original module pll) does not have a driver, tie it to 0
W: Verilog-2021: [D:/fpga_stm32/fpga_stm_fmc/fpga_stm/fpga_pgl12g/prj/project/ipcore/pll/pll.v(line number: 138)] Net dyn_duty3 in pll(original module pll) does not have a driver, tie it to 0
W: Verilog-2021: [D:/fpga_stm32/fpga_stm_fmc/fpga_stm/fpga_pgl12g/prj/project/ipcore/pll/pll.v(line number: 139)] Net dyn_duty4 in pll(original module pll) does not have a driver, tie it to 0
I: Verilog-0004: [D:/fpga_stm32/fpga_stm_fmc/fpga_stm/fpga_pgl12g/source/body.v(line number: 114)] Elaborating instance fifo_and_fmc_inst
I: Verilog-0003: [D:/fpga_stm32/fpga_stm_fmc/fpga_stm/fpga_pgl12g/source/fifo_and_fmc.v(line number: 12)] Elaborating module fifo_and_fmc
I: Module instance {body/fifo_and_fmc_inst} parameter value:
    ALL_LENGTH = 32'b00000000000000000000010000000000
I: Verilog-0004: [D:/fpga_stm32/fpga_stm_fmc/fpga_stm/fpga_pgl12g/source/fifo_and_fmc.v(line number: 64)] Elaborating instance my_fifo_inst
I: Verilog-0003: [D:/fpga_stm32/fpga_stm_fmc/fpga_stm/fpga_pgl12g/source/my_fifo.v(line number: 7)] Elaborating module my_fifo
I: Module instance {body/fifo_and_fmc_inst/my_fifo_inst} parameter value:
    FIFO_LENGTH = 32'b00000000000000000000010000000000
I: Verilog-0004: [D:/fpga_stm32/fpga_stm_fmc/fpga_stm/fpga_pgl12g/source/my_fifo.v(line number: 90)] Elaborating instance fifo_inst
I: Verilog-0003: [D:/fpga_stm32/fpga_stm_fmc/fpga_stm/fpga_pgl12g/prj/project/ipcore/fifo/fifo.v(line number: 18)] Elaborating module fifo
I: Verilog-0004: [D:/fpga_stm32/fpga_stm_fmc/fpga_stm/fpga_pgl12g/prj/project/ipcore/fifo/fifo.v(line number: 87)] Elaborating instance u_ipm_distributed_fifo_fifo
I: Verilog-0003: [D:/fpga_stm32/fpga_stm_fmc/fpga_stm/fpga_pgl12g/prj/project/ipcore/fifo/rtl/ipm_distributed_fifo_v1_4_fifo.v(line number: 19)] Elaborating module ipm_distributed_fifo_v1_4_fifo
I: Module instance {body/fifo_and_fmc_inst/my_fifo_inst/fifo_inst/u_ipm_distributed_fifo_fifo} parameter value:
    ADDR_WIDTH = 32'b00000000000000000000000000001010
    DATA_WIDTH = 32'b00000000000000000000000000010000
    RST_TYPE = ASYNC
    OUT_REG = 32'b00000000000000000000000000000001
    FIFO_TYPE = ASYNC_FIFO
    ALMOST_FULL_NUM = 32'b00000000000000000000001111111111
    ALMOST_EMPTY_NUM = 32'b00000000000000000000000000000100
I: Verilog-0004: [D:/fpga_stm32/fpga_stm_fmc/fpga_stm/fpga_pgl12g/prj/project/ipcore/fifo/rtl/ipm_distributed_fifo_v1_4_fifo.v(line number: 62)] Elaborating instance ipm_distributed_sdpram_fifo
I: Verilog-0003: [D:/fpga_stm32/fpga_stm_fmc/fpga_stm/fpga_pgl12g/prj/project/ipcore/fifo/rtl/ipm_distributed_sdpram_v1_3_fifo.v(line number: 20)] Elaborating module ipm_distributed_sdpram_v1_3_fifo
I: Module instance {body/fifo_and_fmc_inst/my_fifo_inst/fifo_inst/u_ipm_distributed_fifo_fifo/ipm_distributed_sdpram_fifo} parameter value:
    ADDR_WIDTH = 32'b00000000000000000000000000001010
    DATA_WIDTH = 32'b00000000000000000000000000010000
    RST_TYPE = ASYNC
    OUT_REG = 32'b00000000000000000000000000000001
    INIT_FILE = NONE
    FILE_FORMAT = BIN
I: Verilog-0006: [D:/fpga_stm32/fpga_stm_fmc/fpga_stm/fpga_pgl12g/prj/project/ipcore/fifo/rtl/ipm_distributed_sdpram_v1_3_fifo.v(line number: 70)] Set initial value to mem[i] in initial construct.
I: Verilog-0004: [D:/fpga_stm32/fpga_stm_fmc/fpga_stm/fpga_pgl12g/prj/project/ipcore/fifo/rtl/ipm_distributed_fifo_v1_4_fifo.v(line number: 82)] Elaborating instance u_ipm_distributed_fifo_ctr_fifo
I: Verilog-0003: [D:/fpga_stm32/fpga_stm_fmc/fpga_stm/fpga_pgl12g/prj/project/ipcore/fifo/rtl/ipm_distributed_fifo_ctr_v1_1_fifo.v(line number: 19)] Elaborating module ipm_distributed_fifo_ctr_v1_1_fifo
I: Module instance {body/fifo_and_fmc_inst/my_fifo_inst/fifo_inst/u_ipm_distributed_fifo_fifo/u_ipm_distributed_fifo_ctr_fifo} parameter value:
    DEPTH = 32'b00000000000000000000000000001010
    FIFO_TYPE = ASYNC_FIFO
    ALMOST_FULL_NUM = 32'b00000000000000000000001111111111
    ALMOST_EMPTY_NUM = 32'b00000000000000000000000000000100
I: Verilog-0004: [D:/fpga_stm32/fpga_stm_fmc/fpga_stm/fpga_pgl12g/source/fifo_and_fmc.v(line number: 76)] Elaborating instance fmc_inst
I: Verilog-0003: [D:/fpga_stm32/fpga_stm_fmc/fpga_stm/fpga_pgl12g/source/fmc.v(line number: 21)] Elaborating module fmc
Executing : rtl-elaborate successfully. Time elapsed: 0.016s wall, 0.016s user + 0.000s system = 0.016s CPU (100.2%)

Start rtl-prep.
Executing : rtl-prep successfully. Time elapsed: 0.010s wall, 0.016s user + 0.000s system = 0.016s CPU (149.8%)

Start rtl-infer.
Start DFF-inference.
Executing : DFF-inference successfully.
I: Sdm-0001: [D:/fpga_stm32/fpga_stm_fmc/fpga_stm/fpga_pgl12g/prj/project/ipcore/fifo/rtl/ipm_distributed_sdpram_v1_3_fifo.v(line number: 78)] Found Ram mem, depth=1024, width=16.
Executing : rtl-infer successfully. Time elapsed: 0.118s wall, 0.062s user + 0.047s system = 0.109s CPU (92.7%)

Start rtl-control-opt.
Executing : rtl-control-opt successfully. Time elapsed: 0.001s wall, 0.000s user + 0.000s system = 0.000s CPU (n/a%)

Start rtl-data-opt.
Executing : rtl-data-opt successfully. Time elapsed: 0.010s wall, 0.000s user + 0.016s system = 0.016s CPU (151.6%)

Start FSM inference.
Executing : FSM inference successfully. Time elapsed: 0.001s wall, 0.000s user + 0.000s system = 0.000s CPU (n/a%)

Start sdm2adm.
W: Loop was found during constant probe.
W: Loop was found during constant probe.
W: Loop was found during constant probe.
W: Loop was found during constant probe.
W: Loop was found during constant probe.
W: Loop was found during constant probe.
I: Constant propagation done on N194_10 (bmsREDXOR).
I: Constant propagation done on N139 (bmsREDXOR).
I: Constant propagation done on N144 (bmsREDXOR).
I: Constant propagation done on N149 (bmsREDXOR).
I: Constant propagation done on N154 (bmsREDXOR).
I: Constant propagation done on N159 (bmsREDXOR).
I: Constant propagation done on N164 (bmsREDXOR).
I: Constant propagation done on N169 (bmsREDXOR).
I: Constant propagation done on N174 (bmsREDXOR).
I: Constant propagation done on N179 (bmsREDXOR).
W: Loop was found during constant probe.
W: Loop was found during constant probe.
W: Loop was found during constant probe.
W: Loop was found during constant probe.
Executing : sdm2adm successfully. Time elapsed: 0.037s wall, 0.031s user + 0.000s system = 0.031s CPU (83.9%)

Saving design to DB.
Action compile: Real time elapsed is 0h:0m:3s
Action compile: CPU time elapsed is 0h:0m:1s
Action compile: Process CPU time elapsed is 0h:0m:1s
Current time: Sat Jun 20 21:08:18 2026
Action compile: Peak memory pool usage is 146 MB
Action from compile to compile: Total Real Time elapsed is 0h:0m:3s
Action from compile to compile: Total CPU time elapsed is 0h:0m:1s
Action from compile to compile: Total Process CPU Time elapsed is 0h:0m:1s
Process "Compile" done.
File "D:/fpga_stm32/fpga_stm_fmc/fpga_stm/fpga_pgl12g/constraint/pin.fdc" has been added to project successfully. 
File "D:/fpga_stm32/fpga_stm_fmc/fpga_stm/fpga_pgl12g/constraint/timing.fdc" has been added to project successfully. 
Compiling common defs.
Compiling technology operator (valence) library.
Compiling prim grid devices.
Compiling prim grid device symbols.
Compiling gate devices.
Compiling gate operators.
Compiling tech operator impls.
Building architecture model.
Loading device packaging model.
Building architecture floorplan logic view.
Building architecture floorplan schematic view.
Total time(hh:mm:ss) of open UCE: 00:00:01
Loading the device ...
E: ConstraintEditor-0046: [D:/fpga_stm32/fpga_stm_fmc/fpga_stm/fpga_pgl12g/constraint/pin.fdc(line number: 11)] invalid command name "set_pin_assignment"
E: ConstraintEditor-0046: [D:/fpga_stm32/fpga_stm_fmc/fpga_stm/fpga_pgl12g/constraint/pin.fdc(line number: 14)] invalid command name "set_pin_assignment"
E: ConstraintEditor-0046: [D:/fpga_stm32/fpga_stm_fmc/fpga_stm/fpga_pgl12g/constraint/pin.fdc(line number: 15)] invalid command name "set_pin_assignment"
E: ConstraintEditor-0046: [D:/fpga_stm32/fpga_stm_fmc/fpga_stm/fpga_pgl12g/constraint/pin.fdc(line number: 16)] invalid command name "set_pin_assignment"
E: ConstraintEditor-0046: [D:/fpga_stm32/fpga_stm_fmc/fpga_stm/fpga_pgl12g/constraint/pin.fdc(line number: 17)] invalid command name "set_pin_assignment"
E: ConstraintEditor-0046: [D:/fpga_stm32/fpga_stm_fmc/fpga_stm/fpga_pgl12g/constraint/pin.fdc(line number: 18)] invalid command name "set_pin_assignment"
E: ConstraintEditor-0046: [D:/fpga_stm32/fpga_stm_fmc/fpga_stm/fpga_pgl12g/constraint/pin.fdc(line number: 21)] invalid command name "set_pin_assignment"
E: ConstraintEditor-0046: [D:/fpga_stm32/fpga_stm_fmc/fpga_stm/fpga_pgl12g/constraint/pin.fdc(line number: 22)] invalid command name "set_pin_assignment"
E: ConstraintEditor-0046: [D:/fpga_stm32/fpga_stm_fmc/fpga_stm/fpga_pgl12g/constraint/pin.fdc(line number: 23)] invalid command name "set_pin_assignment"
E: ConstraintEditor-0046: [D:/fpga_stm32/fpga_stm_fmc/fpga_stm/fpga_pgl12g/constraint/pin.fdc(line number: 24)] invalid command name "set_pin_assignment"
E: ConstraintEditor-0046: [D:/fpga_stm32/fpga_stm_fmc/fpga_stm/fpga_pgl12g/constraint/pin.fdc(line number: 25)] invalid command name "set_pin_assignment"
E: ConstraintEditor-0046: [D:/fpga_stm32/fpga_stm_fmc/fpga_stm/fpga_pgl12g/constraint/pin.fdc(line number: 26)] invalid command name "set_pin_assignment"
E: ConstraintEditor-0046: [D:/fpga_stm32/fpga_stm_fmc/fpga_stm/fpga_pgl12g/constraint/pin.fdc(line number: 27)] invalid command name "set_pin_assignment"
E: ConstraintEditor-0046: [D:/fpga_stm32/fpga_stm_fmc/fpga_stm/fpga_pgl12g/constraint/pin.fdc(line number: 28)] invalid command name "set_pin_assignment"
E: ConstraintEditor-0046: [D:/fpga_stm32/fpga_stm_fmc/fpga_stm/fpga_pgl12g/constraint/pin.fdc(line number: 29)] invalid command name "set_pin_assignment"
E: ConstraintEditor-0046: [D:/fpga_stm32/fpga_stm_fmc/fpga_stm/fpga_pgl12g/constraint/pin.fdc(line number: 30)] invalid command name "set_pin_assignment"
E: ConstraintEditor-0046: [D:/fpga_stm32/fpga_stm_fmc/fpga_stm/fpga_pgl12g/constraint/pin.fdc(line number: 31)] invalid command name "set_pin_assignment"
E: ConstraintEditor-0046: [D:/fpga_stm32/fpga_stm_fmc/fpga_stm/fpga_pgl12g/constraint/pin.fdc(line number: 32)] invalid command name "set_pin_assignment"
E: ConstraintEditor-0046: [D:/fpga_stm32/fpga_stm_fmc/fpga_stm/fpga_pgl12g/constraint/pin.fdc(line number: 33)] invalid command name "set_pin_assignment"
E: ConstraintEditor-0046: [D:/fpga_stm32/fpga_stm_fmc/fpga_stm/fpga_pgl12g/constraint/pin.fdc(line number: 34)] invalid command name "set_pin_assignment"
E: ConstraintEditor-0046: [D:/fpga_stm32/fpga_stm_fmc/fpga_stm/fpga_pgl12g/constraint/pin.fdc(line number: 35)] invalid command name "set_pin_assignment"
E: ConstraintEditor-0046: [D:/fpga_stm32/fpga_stm_fmc/fpga_stm/fpga_pgl12g/constraint/pin.fdc(line number: 36)] invalid command name "set_pin_assignment"
Executing : get_ports clk
Executing : get_ports clk successfully.
Executing : create_clock -name clk_50m -period 20.000 -waveform {0 10.000} [get_ports clk]
Executing : create_clock -name clk_50m -period 20.000 -waveform {0 10.000} [get_ports clk] successfully.
Executing : get_ports WR
Executing : get_ports WR successfully.
Executing : create_clock -name fmc_wr -period 40.000 -waveform {0 20.000} [get_ports WR]
Executing : create_clock -name fmc_wr -period 40.000 -waveform {0 20.000} [get_ports WR] successfully.
Executing : get_ports WR
Executing : get_ports WR successfully.
Executing : get_nets *WR_ADDR1
C: Timing-4004: [D:/fpga_stm32/fpga_stm_fmc/fpga_stm/fpga_pgl12g/constraint/timing.fdc(line number: 39)] Net '*WR_ADDR1' is not found in current design.
Executing : get_nets *WR_ADDR1 successfully.
Executing : create_generated_clock -name wr_addr1 -source [get_ports WR] [get_nets *WR_ADDR1]
E: CommandTiming-0057: [D:/fpga_stm32/fpga_stm_fmc/fpga_stm/fpga_pgl12g/constraint/timing.fdc(line number: 39)] Nothing matched for 'source_list', command 'create_generated_clock' is aborted.
E: ConstraintEditor-0046: [D:/fpga_stm32/fpga_stm_fmc/fpga_stm/fpga_pgl12g/constraint/timing.fdc(line number: 39)] Failed to import constraint "create_generated_clock -name wr_addr1 -source [get_ports WR] [get_nets *WR_ADDR1]".
Executing : get_ports WR
Executing : get_ports WR successfully.
Executing : get_nets *WR_ADDR2
C: Timing-4004: [D:/fpga_stm32/fpga_stm_fmc/fpga_stm/fpga_pgl12g/constraint/timing.fdc(line number: 40)] Net '*WR_ADDR2' is not found in current design.
Executing : get_nets *WR_ADDR2 successfully.
Executing : create_generated_clock -name wr_addr2 -source [get_ports WR] [get_nets *WR_ADDR2]
E: CommandTiming-0057: [D:/fpga_stm32/fpga_stm_fmc/fpga_stm/fpga_pgl12g/constraint/timing.fdc(line number: 40)] Nothing matched for 'source_list', command 'create_generated_clock' is aborted.
E: ConstraintEditor-0046: [D:/fpga_stm32/fpga_stm_fmc/fpga_stm/fpga_pgl12g/constraint/timing.fdc(line number: 40)] Failed to import constraint "create_generated_clock -name wr_addr2 -source [get_ports WR] [get_nets *WR_ADDR2]".
Executing : get_ports WR
Executing : get_ports WR successfully.
Executing : get_nets *WR_ADDR3
C: Timing-4004: [D:/fpga_stm32/fpga_stm_fmc/fpga_stm/fpga_pgl12g/constraint/timing.fdc(line number: 41)] Net '*WR_ADDR3' is not found in current design.
Executing : get_nets *WR_ADDR3 successfully.
Executing : create_generated_clock -name wr_addr3 -source [get_ports WR] [get_nets *WR_ADDR3]
E: CommandTiming-0057: [D:/fpga_stm32/fpga_stm_fmc/fpga_stm/fpga_pgl12g/constraint/timing.fdc(line number: 41)] Nothing matched for 'source_list', command 'create_generated_clock' is aborted.
E: ConstraintEditor-0046: [D:/fpga_stm32/fpga_stm_fmc/fpga_stm/fpga_pgl12g/constraint/timing.fdc(line number: 41)] Failed to import constraint "create_generated_clock -name wr_addr3 -source [get_ports WR] [get_nets *WR_ADDR3]".
Executing : set_clock_groups -asynchronous -group {clk_50m clk_130m} -group {fmc_wr wr_addr1 wr_addr2 wr_addr3}
C: SDC-2017: [D:/fpga_stm32/fpga_stm_fmc/fpga_stm/fpga_pgl12g/constraint/timing.fdc(line number: 50)] Nothing implicitly matched 'clk_130m'.
C: SDC-2027: [D:/fpga_stm32/fpga_stm_fmc/fpga_stm/fpga_pgl12g/constraint/timing.fdc(line number: 50)] One or more clocks can not find in the group 'clk_50m clk_130m', command 'set_clock_groups' is ignored.
Executing : set_clock_groups -asynchronous -group {clk_50m clk_130m} -group {fmc_wr wr_addr1 wr_addr2 wr_addr3} successfully.
Executing : get_clocks fmc_wr
Executing : get_clocks fmc_wr successfully.
Executing : get_ports SD*
I: The pattern 'SD*' in command 'get_ports SD*' match 16 objects below:
I: port SD[0]
I: port SD[1]
I: port SD[2]
I: port SD[3]
I: port SD[4]
I: port SD[5]
I: port SD[6]
I: port SD[7]
I: port SD[8]
I: port SD[9]
I: port SD[10]
I: port SD[11]
I: port SD[12]
I: port SD[13]
I: port SD[14]
I: port SD[15]
Executing : get_ports SD* successfully.
Executing : set_false_path -from [get_clocks fmc_wr] -to [get_ports SD*]
Executing : set_false_path -from [get_clocks fmc_wr] -to [get_ports SD*] successfully.
Executing : get_ports {CS RS RD}
Executing : get_ports {CS RS RD} successfully.
Executing : set_false_path -from [get_ports {CS RS RD}]
Executing : set_false_path -from [get_ports {CS RS RD}] successfully.
Executing : get_ports {SD* CS RS}
I: The pattern 'SD*' in command 'get_ports {SD* CS RS}' match 16 objects below:
I: port SD[0]
I: port SD[1]
I: port SD[2]
I: port SD[3]
I: port SD[4]
I: port SD[5]
I: port SD[6]
I: port SD[7]
I: port SD[8]
I: port SD[9]
I: port SD[10]
I: port SD[11]
I: port SD[12]
I: port SD[13]
I: port SD[14]
I: port SD[15]
Executing : get_ports {SD* CS RS} successfully.
Executing : get_clocks {fmc_wr wr_addr1 wr_addr2 wr_addr3}
C: SDC-2017: [D:/fpga_stm32/fpga_stm_fmc/fpga_stm/fpga_pgl12g/constraint/timing.fdc(line number: 64)] Nothing implicitly matched 'wr_addr1'.
C: SDC-2017: [D:/fpga_stm32/fpga_stm_fmc/fpga_stm/fpga_pgl12g/constraint/timing.fdc(line number: 64)] Nothing implicitly matched 'wr_addr2'.
C: SDC-2017: [D:/fpga_stm32/fpga_stm_fmc/fpga_stm/fpga_pgl12g/constraint/timing.fdc(line number: 64)] Nothing implicitly matched 'wr_addr3'.
Executing : get_clocks {fmc_wr wr_addr1 wr_addr2 wr_addr3} successfully.
Executing : set_false_path -from [get_ports {SD* CS RS}] -to [get_clocks {fmc_wr wr_addr1 wr_addr2 wr_addr3}]
Executing : set_false_path -from [get_ports {SD* CS RS}] -to [get_clocks {fmc_wr wr_addr1 wr_addr2 wr_addr3}] successfully.
Executing : get_ports rst_32
Executing : get_ports rst_32 successfully.
Executing : set_false_path -from [get_ports rst_32]
Executing : set_false_path -from [get_ports rst_32] successfully.
W: ConstraintEditor-4019: Port Bus 'ADC_A_IN' unspecified I/O constraint.
W: ConstraintEditor-4019: Port Bus 'ADC_C_IN' unspecified I/O constraint.
W: ConstraintEditor-4019: Port Bus 'ADC_D_IN' unspecified I/O constraint.
W: ConstraintEditor-4019: Port Bus 'DAC_A_OUT' unspecified I/O constraint.
W: ConstraintEditor-4019: Port Bus 'DAC_B_OUT' unspecified I/O constraint.
W: ConstraintEditor-4019: Port Bus 'SD' unspecified I/O constraint.
W: ConstraintEditor-4019: Port 'ADC_A_CLK' unspecified I/O constraint.
W: ConstraintEditor-4019: Port 'ADC_B_CLK' unspecified I/O constraint.
W: ConstraintEditor-4019: Port 'ADC_C_CLK' unspecified I/O constraint.
W: ConstraintEditor-4019: Port 'ADC_D_CLK' unspecified I/O constraint.
W: ConstraintEditor-4019: Port 'CLK_130M' unspecified I/O constraint.
W: ConstraintEditor-4019: Port 'CS' unspecified I/O constraint.
W: ConstraintEditor-4019: Port 'DAC_A_CLK' unspecified I/O constraint.
W: ConstraintEditor-4019: Port 'DAC_B_CLK' unspecified I/O constraint.
W: ConstraintEditor-4019: Port 'RD' unspecified I/O constraint.
W: ConstraintEditor-4019: Port 'RS' unspecified I/O constraint.
W: ConstraintEditor-4019: Port 'WR' unspecified I/O constraint.
W: ConstraintEditor-4019: Port 'clk' unspecified I/O constraint.
W: ConstraintEditor-4019: Port 'rst_32' unspecified I/O constraint.
Open UCE successfully.
Current device : PGL12G-6LPG144
