#Build: Fabric Compiler 2022.2-SP6.1, Build 138931, Nov 01 09:11 2023
#Install: E:\fpga\Pango\PDS_2022.2-SP6.1\bin
#Application name: pds.exe
#OS: Windows 10 10.0.26200
#Hostname: LAPTOP-IP1UM3GN
Generated by Fabric Compiler (version 2022.2-SP6.1 build 138931) at Wed Jun 17 22:04:58 2026
Parse module hierarchy of project 'D:/fpga_stm32/fpga_stm_fmc/fpga_stm/fpga_pgl12g/prj/project/temp_projects/Main_Flow/Main_Flow.pds' (TEXT Parser)
File "D:/fpga_stm32/fpga_stm_fmc/fpga_stm/fpga_pgl12g/source/body.v" has been added to project successfully. 
File "D:/fpga_stm32/fpga_stm_fmc/fpga_stm/fpga_pgl12g/source/fifo_and_fmc.v" has been added to project successfully. 
File "D:/fpga_stm32/fpga_stm_fmc/fpga_stm/fpga_pgl12g/source/fmc.v" has been added to project successfully. 
File "D:/fpga_stm32/fpga_stm_fmc/fpga_stm/fpga_pgl12g/source/my_fifo.v" has been added to project successfully. 
Parse module hierarchy of project 'D:/fpga_stm32/fpga_stm_fmc/fpga_stm/fpga_pgl12g/prj/project/temp_projects/Main_Flow/Main_Flow.pds' (ADS Parser)
Open IP Compiler ...
W: Public-4026: Error occurs in third party tool. Error information is "libpng warning: iCCP: known incorrect sRGB profile
" .
W: Public-4026: Error occurs in third party tool. Error information is "libpng warning: iCCP: known incorrect sRGB profile
" .
W: Public-4026: Error occurs in third party tool. Error information is "libpng warning: iCCP: known incorrect sRGB profile
libpng warning: iCCP: known incorrect sRGB profile
libpng warning: iCCP: known incorrect sRGB profile
" .
IP Compiler exited.
File "D:/fpga_stm32/fpga_stm_fmc/fpga_stm/fpga_pgl12g/prj/project/ipcore/fifo/fifo.idf" has been added to project successfully. 
File "D:/fpga_stm32/fpga_stm_fmc/fpga_stm/fpga_pgl12g/prj/project/ipcore/pll/pll.idf" has been added to project successfully. 
Parse module hierarchy of project 'D:/fpga_stm32/fpga_stm_fmc/fpga_stm/fpga_pgl12g/prj/project/temp_projects/Main_Flow/Main_Flow.pds' (ADS Parser)
E: Verilog-4119: [D:/fpga_stm32/fpga_stm_fmc/fpga_stm/fpga_pgl12g/source/my_fifo.v(line number: 36)] Referenced port name 'a_rst' was not defined in module 'fifo'
Customize IP 'D:/fpga_stm32/fpga_stm_fmc/fpga_stm/fpga_pgl12g/prj/project/ipcore/fifo/fifo.idf' ...
C: Flow-2008: IP file modified: "D:/fpga_stm32/fpga_stm_fmc/fpga_stm/fpga_pgl12g/prj/project/ipcore/fifo/fifo.idf". 
Parse module hierarchy of project 'D:/fpga_stm32/fpga_stm_fmc/fpga_stm/fpga_pgl12g/prj/project/temp_projects/Main_Flow/Main_Flow.pds' (ADS Parser)
E: Verilog-4119: [D:/fpga_stm32/fpga_stm_fmc/fpga_stm/fpga_pgl12g/source/my_fifo.v(line number: 36)] Referenced port name 'a_rst' was not defined in module 'fifo'
IP Compiler exited.
Parse module hierarchy of project 'D:/fpga_stm32/fpga_stm_fmc/fpga_stm/fpga_pgl12g/prj/project/temp_projects/Main_Flow/Main_Flow.pds' (ADS Parser)
I: Flow-6004: Design file modified: "D:/fpga_stm32/fpga_stm_fmc/fpga_stm/fpga_pgl12g/source/my_fifo.v". 
Parse module hierarchy of project 'D:/fpga_stm32/fpga_stm_fmc/fpga_stm/fpga_pgl12g/prj/project/temp_projects/Main_Flow/Main_Flow.pds' (ADS Parser)
C: Flow-2001: Design file missing: "D:/fpga_stm32/fpga_stm_fmc/fpga_stm/fpga_pgl12g/source/fmc.v". 
Parse module hierarchy of project 'D:/fpga_stm32/fpga_stm_fmc/fpga_stm/fpga_pgl12g/prj/project/temp_projects/Main_Flow/Main_Flow.pds' (ADS Parser)
I: Flow-6004: Design file modified: "D:/fpga_stm32/fpga_stm_fmc/fpga_stm/fpga_pgl12g/source/fmc.v". 
Parse module hierarchy of project 'D:/fpga_stm32/fpga_stm_fmc/fpga_stm/fpga_pgl12g/prj/project/temp_projects/Main_Flow/Main_Flow.pds' (ADS Parser)
C: Flow-2001: Design file missing: "D:/fpga_stm32/fpga_stm_fmc/fpga_stm/fpga_pgl12g/source/my_fifo.v". 
Parse module hierarchy of project 'D:/fpga_stm32/fpga_stm_fmc/fpga_stm/fpga_pgl12g/prj/project/temp_projects/Main_Flow/Main_Flow.pds' (ADS Parser)
I: Flow-6004: Design file modified: "D:/fpga_stm32/fpga_stm_fmc/fpga_stm/fpga_pgl12g/source/my_fifo.v". 
Parse module hierarchy of project 'D:/fpga_stm32/fpga_stm_fmc/fpga_stm/fpga_pgl12g/prj/project/temp_projects/Main_Flow/Main_Flow.pds' (ADS Parser)
C: Flow-2001: Design file missing: "D:/fpga_stm32/fpga_stm_fmc/fpga_stm/fpga_pgl12g/source/fifo_and_fmc.v". 
Parse module hierarchy of project 'D:/fpga_stm32/fpga_stm_fmc/fpga_stm/fpga_pgl12g/prj/project/temp_projects/Main_Flow/Main_Flow.pds' (ADS Parser)
I: Flow-6004: Design file modified: "D:/fpga_stm32/fpga_stm_fmc/fpga_stm/fpga_pgl12g/source/fifo_and_fmc.v". 
Parse module hierarchy of project 'D:/fpga_stm32/fpga_stm_fmc/fpga_stm/fpga_pgl12g/prj/project/temp_projects/Main_Flow/Main_Flow.pds' (ADS Parser)
I: Flow-6004: Design file modified: "D:/fpga_stm32/fpga_stm_fmc/fpga_stm/fpga_pgl12g/source/body.v". 
