#Build: Fabric Compiler 2022.2-SP6.1, Build 138931, Nov 01 09:11 2023
#Install: E:\fpga\Pango\PDS_2022.2-SP6.1\bin
#Application name: pds_shell.exe
#OS: Windows 10 10.0.26200
#Hostname: LAPTOP-IP1UM3GN
Generated by Fabric Compiler (version 2022.2-SP6.1 build 138931) at Sun Jun 21 18:08:29 2026
License checkout: fabric_ads from E:\fpga\MAC\license\new_pds_F4A80DA47D72.lic
Compiling verification operator library.
Loading technology operator library.
Compiling technology operator library.
Compiling technology operator (valence) library.
I: Enable Verilog2k features and keywords
Start rtl-analyze.
Executing : .rtl_analyze -work work -include_path {D:/fpga_stm32/fpga_stm_fmc/fpga_stm/fpga_pgl12g/prj/project} D:/fpga_stm32/fpga_stm_fmc/fpga_stm/fpga_pgl12g/source/body.v
I: Verilog-0001: Analyzing file D:/fpga_stm32/fpga_stm_fmc/fpga_stm/fpga_pgl12g/source/body.v
I: Verilog-0002: [D:/fpga_stm32/fpga_stm_fmc/fpga_stm/fpga_pgl12g/source/body.v(line number: 7)] Analyzing module body (library work)
Parsing done.
Executing : .rtl_analyze -work work -include_path {D:/fpga_stm32/fpga_stm_fmc/fpga_stm/fpga_pgl12g/prj/project} D:/fpga_stm32/fpga_stm_fmc/fpga_stm/fpga_pgl12g/source/body.v successfully.
Executing : .rtl_analyze -work work -include_path {D:/fpga_stm32/fpga_stm_fmc/fpga_stm/fpga_pgl12g/prj/project} D:/fpga_stm32/fpga_stm_fmc/fpga_stm/fpga_pgl12g/source/fifo_and_fmc.v
I: Verilog-0001: Analyzing file D:/fpga_stm32/fpga_stm_fmc/fpga_stm/fpga_pgl12g/source/fifo_and_fmc.v
I: Verilog-0002: [D:/fpga_stm32/fpga_stm_fmc/fpga_stm/fpga_pgl12g/source/fifo_and_fmc.v(line number: 12)] Analyzing module fifo_and_fmc (library work)
Parsing done.
Executing : .rtl_analyze -work work -include_path {D:/fpga_stm32/fpga_stm_fmc/fpga_stm/fpga_pgl12g/prj/project} D:/fpga_stm32/fpga_stm_fmc/fpga_stm/fpga_pgl12g/source/fifo_and_fmc.v successfully.
Executing : .rtl_analyze -work work -include_path {D:/fpga_stm32/fpga_stm_fmc/fpga_stm/fpga_pgl12g/prj/project} D:/fpga_stm32/fpga_stm_fmc/fpga_stm/fpga_pgl12g/source/fmc.v
I: Verilog-0001: Analyzing file D:/fpga_stm32/fpga_stm_fmc/fpga_stm/fpga_pgl12g/source/fmc.v
I: Verilog-0002: [D:/fpga_stm32/fpga_stm_fmc/fpga_stm/fpga_pgl12g/source/fmc.v(line number: 17)] Analyzing module fmc (library work)
Parsing done.
Executing : .rtl_analyze -work work -include_path {D:/fpga_stm32/fpga_stm_fmc/fpga_stm/fpga_pgl12g/prj/project} D:/fpga_stm32/fpga_stm_fmc/fpga_stm/fpga_pgl12g/source/fmc.v successfully.
Executing : .rtl_analyze -work work -include_path {D:/fpga_stm32/fpga_stm_fmc/fpga_stm/fpga_pgl12g/prj/project} D:/fpga_stm32/fpga_stm_fmc/fpga_stm/fpga_pgl12g/source/my_fifo.v
I: Verilog-0001: Analyzing file D:/fpga_stm32/fpga_stm_fmc/fpga_stm/fpga_pgl12g/source/my_fifo.v
I: Verilog-0002: [D:/fpga_stm32/fpga_stm_fmc/fpga_stm/fpga_pgl12g/source/my_fifo.v(line number: 7)] Analyzing module my_fifo (library work)
Parsing done.
Executing : .rtl_analyze -work work -include_path {D:/fpga_stm32/fpga_stm_fmc/fpga_stm/fpga_pgl12g/prj/project} D:/fpga_stm32/fpga_stm_fmc/fpga_stm/fpga_pgl12g/source/my_fifo.v successfully.
Executing : .rtl_analyze -include_path {D:/fpga_stm32/fpga_stm_fmc/fpga_stm/fpga_pgl12g/prj/project} D:/fpga_stm32/fpga_stm_fmc/fpga_stm/fpga_pgl12g/prj/project/ipcore/fifo/rtl/ipm_distributed_fifo_ctr_v1_1_fifo.v
I: Verilog-0001: Analyzing file D:/fpga_stm32/fpga_stm_fmc/fpga_stm/fpga_pgl12g/prj/project/ipcore/fifo/rtl/ipm_distributed_fifo_ctr_v1_1_fifo.v
I: Verilog-0002: [D:/fpga_stm32/fpga_stm_fmc/fpga_stm/fpga_pgl12g/prj/project/ipcore/fifo/rtl/ipm_distributed_fifo_ctr_v1_1_fifo.v(line number: 19)] Analyzing module ipm_distributed_fifo_ctr_v1_1_fifo (library work)
I: [D:/fpga_stm32/fpga_stm_fmc/fpga_stm/fpga_pgl12g/prj/project/ipcore/fifo/rtl/ipm_distributed_fifo_ctr_v1_1_fifo.v(line number: 46)] Convert attribute name from syn_preserve to PAP_PRESERVE
I: [D:/fpga_stm32/fpga_stm_fmc/fpga_stm/fpga_pgl12g/prj/project/ipcore/fifo/rtl/ipm_distributed_fifo_ctr_v1_1_fifo.v(line number: 47)] Convert attribute name from syn_preserve to PAP_PRESERVE
I: [D:/fpga_stm32/fpga_stm_fmc/fpga_stm/fpga_pgl12g/prj/project/ipcore/fifo/rtl/ipm_distributed_fifo_ctr_v1_1_fifo.v(line number: 57)] Convert attribute name from syn_preserve to PAP_PRESERVE
I: [D:/fpga_stm32/fpga_stm_fmc/fpga_stm/fpga_pgl12g/prj/project/ipcore/fifo/rtl/ipm_distributed_fifo_ctr_v1_1_fifo.v(line number: 58)] Convert attribute name from syn_preserve to PAP_PRESERVE
Parsing done.
Executing : .rtl_analyze -include_path {D:/fpga_stm32/fpga_stm_fmc/fpga_stm/fpga_pgl12g/prj/project} D:/fpga_stm32/fpga_stm_fmc/fpga_stm/fpga_pgl12g/prj/project/ipcore/fifo/rtl/ipm_distributed_fifo_ctr_v1_1_fifo.v successfully.
Executing : .rtl_analyze -include_path {D:/fpga_stm32/fpga_stm_fmc/fpga_stm/fpga_pgl12g/prj/project} D:/fpga_stm32/fpga_stm_fmc/fpga_stm/fpga_pgl12g/prj/project/ipcore/fifo/rtl/ipm_distributed_fifo_v1_4_fifo.v
I: Verilog-0001: Analyzing file D:/fpga_stm32/fpga_stm_fmc/fpga_stm/fpga_pgl12g/prj/project/ipcore/fifo/rtl/ipm_distributed_fifo_v1_4_fifo.v
I: Verilog-0002: [D:/fpga_stm32/fpga_stm_fmc/fpga_stm/fpga_pgl12g/prj/project/ipcore/fifo/rtl/ipm_distributed_fifo_v1_4_fifo.v(line number: 19)] Analyzing module ipm_distributed_fifo_v1_4_fifo (library work)
Parsing done.
Executing : .rtl_analyze -include_path {D:/fpga_stm32/fpga_stm_fmc/fpga_stm/fpga_pgl12g/prj/project} D:/fpga_stm32/fpga_stm_fmc/fpga_stm/fpga_pgl12g/prj/project/ipcore/fifo/rtl/ipm_distributed_fifo_v1_4_fifo.v successfully.
Executing : .rtl_analyze -include_path {D:/fpga_stm32/fpga_stm_fmc/fpga_stm/fpga_pgl12g/prj/project} D:/fpga_stm32/fpga_stm_fmc/fpga_stm/fpga_pgl12g/prj/project/ipcore/fifo/rtl/ipm_distributed_sdpram_v1_3_fifo.v
I: Verilog-0001: Analyzing file D:/fpga_stm32/fpga_stm_fmc/fpga_stm/fpga_pgl12g/prj/project/ipcore/fifo/rtl/ipm_distributed_sdpram_v1_3_fifo.v
I: Verilog-0002: [D:/fpga_stm32/fpga_stm_fmc/fpga_stm/fpga_pgl12g/prj/project/ipcore/fifo/rtl/ipm_distributed_sdpram_v1_3_fifo.v(line number: 20)] Analyzing module ipm_distributed_sdpram_v1_3_fifo (library work)
I: [D:/fpga_stm32/fpga_stm_fmc/fpga_stm/fpga_pgl12g/prj/project/ipcore/fifo/rtl/ipm_distributed_sdpram_v1_3_fifo.v(line number: 29)] Convert attribute name from syn_ramstyle to PAP_RAM_STYLE
Parsing done.
Executing : .rtl_analyze -include_path {D:/fpga_stm32/fpga_stm_fmc/fpga_stm/fpga_pgl12g/prj/project} D:/fpga_stm32/fpga_stm_fmc/fpga_stm/fpga_pgl12g/prj/project/ipcore/fifo/rtl/ipm_distributed_sdpram_v1_3_fifo.v successfully.
Executing : .rtl_analyze -include_path {D:/fpga_stm32/fpga_stm_fmc/fpga_stm/fpga_pgl12g/prj/project} D:/fpga_stm32/fpga_stm_fmc/fpga_stm/fpga_pgl12g/prj/project/ipcore/fifo/fifo.v
I: Verilog-0001: Analyzing file D:/fpga_stm32/fpga_stm_fmc/fpga_stm/fpga_pgl12g/prj/project/ipcore/fifo/fifo.v
I: Verilog-0002: [D:/fpga_stm32/fpga_stm_fmc/fpga_stm/fpga_pgl12g/prj/project/ipcore/fifo/fifo.v(line number: 18)] Analyzing module fifo (library work)
Parsing done.
Executing : .rtl_analyze -include_path {D:/fpga_stm32/fpga_stm_fmc/fpga_stm/fpga_pgl12g/prj/project} D:/fpga_stm32/fpga_stm_fmc/fpga_stm/fpga_pgl12g/prj/project/ipcore/fifo/fifo.v successfully.
Executing : .rtl_analyze -include_path {D:/fpga_stm32/fpga_stm_fmc/fpga_stm/fpga_pgl12g/prj/project} D:/fpga_stm32/fpga_stm_fmc/fpga_stm/fpga_pgl12g/prj/project/ipcore/pll/pll.v
I: Verilog-0001: Analyzing file D:/fpga_stm32/fpga_stm_fmc/fpga_stm/fpga_pgl12g/prj/project/ipcore/pll/pll.v
I: Verilog-0002: [D:/fpga_stm32/fpga_stm_fmc/fpga_stm/fpga_pgl12g/prj/project/ipcore/pll/pll.v(line number: 18)] Analyzing module pll (library work)
Parsing done.
Executing : .rtl_analyze -include_path {D:/fpga_stm32/fpga_stm_fmc/fpga_stm/fpga_pgl12g/prj/project} D:/fpga_stm32/fpga_stm_fmc/fpga_stm/fpga_pgl12g/prj/project/ipcore/pll/pll.v successfully.
I: Module "body" is set as top module.
Executing : rtl-analyze successfully. Time elapsed: 1.514s wall, 0.000s user + 0.016s system = 0.016s CPU (1.0%)

Start rtl-elaborate.
I: Verilog-0003: [D:/fpga_stm32/fpga_stm_fmc/fpga_stm/fpga_pgl12g/source/body.v(line number: 7)] Elaborating module body
I: Verilog-0004: [D:/fpga_stm32/fpga_stm_fmc/fpga_stm/fpga_pgl12g/source/body.v(line number: 76)] Elaborating instance u_pll
I: Verilog-0003: [D:/fpga_stm32/fpga_stm_fmc/fpga_stm/fpga_pgl12g/prj/project/ipcore/pll/pll.v(line number: 18)] Elaborating module pll
I: Verilog-0004: [D:/fpga_stm32/fpga_stm_fmc/fpga_stm/fpga_pgl12g/prj/project/ipcore/pll/pll.v(line number: 228)] Elaborating instance u_pll_e3
W: Verilog-2021: [D:/fpga_stm32/fpga_stm_fmc/fpga_stm/fpga_pgl12g/prj/project/ipcore/pll/pll.v(line number: 117)] Net clkfb in pll(original module pll) does not have a driver, tie it to 0
W: Verilog-2021: [D:/fpga_stm32/fpga_stm_fmc/fpga_stm/fpga_pgl12g/prj/project/ipcore/pll/pll.v(line number: 120)] Net pfden in pll(original module pll) does not have a driver, tie it to 0
W: Verilog-2021: [D:/fpga_stm32/fpga_stm_fmc/fpga_stm/fpga_pgl12g/prj/project/ipcore/pll/pll.v(line number: 121)] Net clkout0_gate in pll(original module pll) does not have a driver, tie it to 0
W: Verilog-2021: [D:/fpga_stm32/fpga_stm_fmc/fpga_stm/fpga_pgl12g/prj/project/ipcore/pll/pll.v(line number: 122)] Net clkout0_2pad_gate in pll(original module pll) does not have a driver, tie it to 0
W: Verilog-2021: [D:/fpga_stm32/fpga_stm_fmc/fpga_stm/fpga_pgl12g/prj/project/ipcore/pll/pll.v(line number: 123)] Net clkout1_gate in pll(original module pll) does not have a driver, tie it to 0
W: Verilog-2021: [D:/fpga_stm32/fpga_stm_fmc/fpga_stm/fpga_pgl12g/prj/project/ipcore/pll/pll.v(line number: 124)] Net clkout2_gate in pll(original module pll) does not have a driver, tie it to 0
W: Verilog-2021: [D:/fpga_stm32/fpga_stm_fmc/fpga_stm/fpga_pgl12g/prj/project/ipcore/pll/pll.v(line number: 125)] Net clkout3_gate in pll(original module pll) does not have a driver, tie it to 0
W: Verilog-2021: [D:/fpga_stm32/fpga_stm_fmc/fpga_stm/fpga_pgl12g/prj/project/ipcore/pll/pll.v(line number: 126)] Net clkout4_gate in pll(original module pll) does not have a driver, tie it to 0
W: Verilog-2021: [D:/fpga_stm32/fpga_stm_fmc/fpga_stm/fpga_pgl12g/prj/project/ipcore/pll/pll.v(line number: 127)] Net clkout5_gate in pll(original module pll) does not have a driver, tie it to 0
W: Verilog-2021: [D:/fpga_stm32/fpga_stm_fmc/fpga_stm/fpga_pgl12g/prj/project/ipcore/pll/pll.v(line number: 128)] Net dyn_idiv in pll(original module pll) does not have a driver, tie it to 0
W: Verilog-2021: [D:/fpga_stm32/fpga_stm_fmc/fpga_stm/fpga_pgl12g/prj/project/ipcore/pll/pll.v(line number: 129)] Net dyn_odiv0 in pll(original module pll) does not have a driver, tie it to 0
W: Verilog-2021: [D:/fpga_stm32/fpga_stm_fmc/fpga_stm/fpga_pgl12g/prj/project/ipcore/pll/pll.v(line number: 130)] Net dyn_odiv1 in pll(original module pll) does not have a driver, tie it to 0
W: Verilog-2021: [D:/fpga_stm32/fpga_stm_fmc/fpga_stm/fpga_pgl12g/prj/project/ipcore/pll/pll.v(line number: 131)] Net dyn_odiv2 in pll(original module pll) does not have a driver, tie it to 0
W: Verilog-2021: [D:/fpga_stm32/fpga_stm_fmc/fpga_stm/fpga_pgl12g/prj/project/ipcore/pll/pll.v(line number: 132)] Net dyn_odiv3 in pll(original module pll) does not have a driver, tie it to 0
W: Verilog-2021: [D:/fpga_stm32/fpga_stm_fmc/fpga_stm/fpga_pgl12g/prj/project/ipcore/pll/pll.v(line number: 133)] Net dyn_odiv4 in pll(original module pll) does not have a driver, tie it to 0
W: Verilog-2021: [D:/fpga_stm32/fpga_stm_fmc/fpga_stm/fpga_pgl12g/prj/project/ipcore/pll/pll.v(line number: 134)] Net dyn_fdiv in pll(original module pll) does not have a driver, tie it to 0
W: Verilog-2021: [D:/fpga_stm32/fpga_stm_fmc/fpga_stm/fpga_pgl12g/prj/project/ipcore/pll/pll.v(line number: 135)] Net dyn_duty0 in pll(original module pll) does not have a driver, tie it to 0
W: Verilog-2021: [D:/fpga_stm32/fpga_stm_fmc/fpga_stm/fpga_pgl12g/prj/project/ipcore/pll/pll.v(line number: 136)] Net dyn_duty1 in pll(original module pll) does not have a driver, tie it to 0
W: Verilog-2021: [D:/fpga_stm32/fpga_stm_fmc/fpga_stm/fpga_pgl12g/prj/project/ipcore/pll/pll.v(line number: 137)] Net dyn_duty2 in pll(original module pll) does not have a driver, tie it to 0
W: Verilog-2021: [D:/fpga_stm32/fpga_stm_fmc/fpga_stm/fpga_pgl12g/prj/project/ipcore/pll/pll.v(line number: 138)] Net dyn_duty3 in pll(original module pll) does not have a driver, tie it to 0
W: Verilog-2021: [D:/fpga_stm32/fpga_stm_fmc/fpga_stm/fpga_pgl12g/prj/project/ipcore/pll/pll.v(line number: 139)] Net dyn_duty4 in pll(original module pll) does not have a driver, tie it to 0
I: Verilog-0004: [D:/fpga_stm32/fpga_stm_fmc/fpga_stm/fpga_pgl12g/source/body.v(line number: 144)] Elaborating instance fifo_and_fmc_inst
I: Verilog-0003: [D:/fpga_stm32/fpga_stm_fmc/fpga_stm/fpga_pgl12g/source/fifo_and_fmc.v(line number: 12)] Elaborating module fifo_and_fmc
I: Module instance {body/fifo_and_fmc_inst} parameter value:
    ALL_LENGTH = 32'b00000000000000000000010000000000
I: Verilog-0004: [D:/fpga_stm32/fpga_stm_fmc/fpga_stm/fpga_pgl12g/source/fifo_and_fmc.v(line number: 65)] Elaborating instance my_fifo_inst
I: Verilog-0003: [D:/fpga_stm32/fpga_stm_fmc/fpga_stm/fpga_pgl12g/source/my_fifo.v(line number: 7)] Elaborating module my_fifo
I: Module instance {body/fifo_and_fmc_inst/my_fifo_inst} parameter value:
    FIFO_LENGTH = 32'b00000000000000000000010000000000
I: Verilog-0004: [D:/fpga_stm32/fpga_stm_fmc/fpga_stm/fpga_pgl12g/source/my_fifo.v(line number: 90)] Elaborating instance fifo_inst
I: Verilog-0003: [D:/fpga_stm32/fpga_stm_fmc/fpga_stm/fpga_pgl12g/prj/project/ipcore/fifo/fifo.v(line number: 18)] Elaborating module fifo
I: Verilog-0004: [D:/fpga_stm32/fpga_stm_fmc/fpga_stm/fpga_pgl12g/prj/project/ipcore/fifo/fifo.v(line number: 87)] Elaborating instance u_ipm_distributed_fifo_fifo
I: Verilog-0003: [D:/fpga_stm32/fpga_stm_fmc/fpga_stm/fpga_pgl12g/prj/project/ipcore/fifo/rtl/ipm_distributed_fifo_v1_4_fifo.v(line number: 19)] Elaborating module ipm_distributed_fifo_v1_4_fifo
I: Module instance {body/fifo_and_fmc_inst/my_fifo_inst/fifo_inst/u_ipm_distributed_fifo_fifo} parameter value:
    ADDR_WIDTH = 32'b00000000000000000000000000001010
    DATA_WIDTH = 32'b00000000000000000000000000010000
    RST_TYPE = ASYNC
    OUT_REG = 32'b00000000000000000000000000000001
    FIFO_TYPE = ASYNC_FIFO
    ALMOST_FULL_NUM = 32'b00000000000000000000001111111111
    ALMOST_EMPTY_NUM = 32'b00000000000000000000000000000100
I: Verilog-0004: [D:/fpga_stm32/fpga_stm_fmc/fpga_stm/fpga_pgl12g/prj/project/ipcore/fifo/rtl/ipm_distributed_fifo_v1_4_fifo.v(line number: 62)] Elaborating instance ipm_distributed_sdpram_fifo
I: Verilog-0003: [D:/fpga_stm32/fpga_stm_fmc/fpga_stm/fpga_pgl12g/prj/project/ipcore/fifo/rtl/ipm_distributed_sdpram_v1_3_fifo.v(line number: 20)] Elaborating module ipm_distributed_sdpram_v1_3_fifo
I: Module instance {body/fifo_and_fmc_inst/my_fifo_inst/fifo_inst/u_ipm_distributed_fifo_fifo/ipm_distributed_sdpram_fifo} parameter value:
    ADDR_WIDTH = 32'b00000000000000000000000000001010
    DATA_WIDTH = 32'b00000000000000000000000000010000
    RST_TYPE = ASYNC
    OUT_REG = 32'b00000000000000000000000000000001
    INIT_FILE = NONE
    FILE_FORMAT = BIN
I: Verilog-0006: [D:/fpga_stm32/fpga_stm_fmc/fpga_stm/fpga_pgl12g/prj/project/ipcore/fifo/rtl/ipm_distributed_sdpram_v1_3_fifo.v(line number: 70)] Set initial value to mem[i] in initial construct.
I: Verilog-0004: [D:/fpga_stm32/fpga_stm_fmc/fpga_stm/fpga_pgl12g/prj/project/ipcore/fifo/rtl/ipm_distributed_fifo_v1_4_fifo.v(line number: 82)] Elaborating instance u_ipm_distributed_fifo_ctr_fifo
I: Verilog-0003: [D:/fpga_stm32/fpga_stm_fmc/fpga_stm/fpga_pgl12g/prj/project/ipcore/fifo/rtl/ipm_distributed_fifo_ctr_v1_1_fifo.v(line number: 19)] Elaborating module ipm_distributed_fifo_ctr_v1_1_fifo
I: Module instance {body/fifo_and_fmc_inst/my_fifo_inst/fifo_inst/u_ipm_distributed_fifo_fifo/u_ipm_distributed_fifo_ctr_fifo} parameter value:
    DEPTH = 32'b00000000000000000000000000001010
    FIFO_TYPE = ASYNC_FIFO
    ALMOST_FULL_NUM = 32'b00000000000000000000001111111111
    ALMOST_EMPTY_NUM = 32'b00000000000000000000000000000100
I: Verilog-0004: [D:/fpga_stm32/fpga_stm_fmc/fpga_stm/fpga_pgl12g/source/fifo_and_fmc.v(line number: 77)] Elaborating instance fmc_inst
I: Verilog-0003: [D:/fpga_stm32/fpga_stm_fmc/fpga_stm/fpga_pgl12g/source/fmc.v(line number: 17)] Elaborating module fmc
Executing : rtl-elaborate successfully. Time elapsed: 0.025s wall, 0.000s user + 0.016s system = 0.016s CPU (63.1%)

Start rtl-prep.
Executing : rtl-prep successfully. Time elapsed: 0.012s wall, 0.016s user + 0.000s system = 0.016s CPU (135.8%)

Start rtl-infer.
Start DFF-inference.
Executing : DFF-inference successfully.
I: Sdm-0001: [D:/fpga_stm32/fpga_stm_fmc/fpga_stm/fpga_pgl12g/prj/project/ipcore/fifo/rtl/ipm_distributed_sdpram_v1_3_fifo.v(line number: 78)] Found Ram mem, depth=1024, width=16.
Executing : rtl-infer successfully. Time elapsed: 0.143s wall, 0.109s user + 0.031s system = 0.141s CPU (98.6%)

Start rtl-control-opt.
Executing : rtl-control-opt successfully. Time elapsed: 0.001s wall, 0.000s user + 0.000s system = 0.000s CPU (n/a%)

Start rtl-data-opt.
Executing : rtl-data-opt successfully. Time elapsed: 0.012s wall, 0.016s user + 0.000s system = 0.016s CPU (132.3%)

Start FSM inference.
Executing : FSM inference successfully. Time elapsed: 0.002s wall, 0.000s user + 0.000s system = 0.000s CPU (n/a%)

Start sdm2adm.
W: Loop was found during constant probe.
W: Loop was found during constant probe.
W: Loop was found during constant probe.
W: Loop was found during constant probe.
W: Loop was found during constant probe.
W: Loop was found during constant probe.
W: Loop was found during constant probe.
W: Loop was found during constant probe.
I: Constant propagation done on N194_10 (bmsREDXOR).
I: Constant propagation done on N139 (bmsREDXOR).
I: Constant propagation done on N144 (bmsREDXOR).
I: Constant propagation done on N149 (bmsREDXOR).
I: Constant propagation done on N154 (bmsREDXOR).
I: Constant propagation done on N159 (bmsREDXOR).
I: Constant propagation done on N164 (bmsREDXOR).
I: Constant propagation done on N169 (bmsREDXOR).
I: Constant propagation done on N174 (bmsREDXOR).
I: Constant propagation done on N179 (bmsREDXOR).
W: Loop was found during constant probe.
W: Loop was found during constant probe.
W: Loop was found during constant probe.
W: Loop was found during constant probe.
Executing : sdm2adm successfully. Time elapsed: 0.037s wall, 0.031s user + 0.000s system = 0.031s CPU (84.3%)

Saving design to DB.
Action compile: Real time elapsed is 0h:0m:4s
Action compile: CPU time elapsed is 0h:0m:1s
Action compile: Process CPU time elapsed is 0h:0m:1s
Current time: Sun Jun 21 18:08:32 2026
Action compile: Peak memory pool usage is 146 MB
