28|IOBS_0_242|BANKL0|DIFFIO_L0_0_P/BUSY|DAC_A_OUT[8]|output|NO
55|IOBS_0_145|BANKL0|DIFFIO_L0_15_N/D7|SD[6]|inout|YES
30|IOBS_0_230|BANKL0|DIFFIO_L0_3_P/IO_STATUS_C|ADC_D_IN[11]|input|NO
31|IOBS_0_229|BANKL0|DIFFIO_L0_3_N/CFG_CLK|DAC_B_OUT[13]|output|NO
34|IOBS_0_226|BANKL0|DIFFIO_L0_4_P/FCS_N|ADC_D_IN[15]|input|NO
35|IOBS_0_225|BANKL0|DIFFIO_L0_4_N/CS_N|ADC_C_IN[10]|input|NO
32|IOBS_0_214|BANKL0|DIFFIO_L0_5_P/MODE_0|ADC_D_IN[9]|input|NO
33|IOBS_0_213|BANKL0|DIFFIO_L0_5_N/MODE_1|DAC_B_OUT[9]|output|NO
37|IOBS_0_210|BANKL0|DIFFIO_L0_6_P/MODE_2|DAC_B_OUT[4]|output|NO
39|IOBR_0_209|BANKL0|DIFFIO_L0_6_N/VREF_L0/CSO_DOUT|CS|input|YES
36|IOBS_0_206|BANKL0|DIFFIO_L0_7_P/RWSEL|DAC_A_OUT[13]|output|NO
38|IOBS_0_205|BANKL0|DIFFIO_L0_7_N/INIT_FLAG_N|ADC_C_IN[15]|input|NO
40|IOBS_0_202|BANKL0|DIFFIO_L0_8_P/PLL0_CLKOUT_P|RS|input|YES
41|IOBS_0_201|BANKL0|DIFFIO_L0_8_N/PLL0_CLKOUT_N|WR|input|YES
42|IOBS_0_198|BANKL0|DIFFIO_L0_9_P/CLK0_L0/DIFFCLK0_L0_P/PLL0_CLKFB_P/XTALA_L0|RD|input|YES
43|IOBS_0_197|BANKL0|DIFFIO_L0_9_N/CLK1_L0/DIFFCLK0_L0_N/PLL0_CLKFB_N/XTALB_L0|rst_32|input|YES
44|IOBS_0_174|BANKL0|DIFFIO_L0_10_P/CLK2_L0/DIFFCLK1_L0_P/PLL1_CLKIN0|clk|input|YES
45|IOBS_0_173|BANKL0|DIFFIO_L0_10_N/CLK3_L0/DIFFCLK1_L0_N/PLL1_CLKIN1|SD[0]|inout|YES
46|IOBS_0_170|BANKL0|DIFFIO_L0_11_P/PLL1_CLKIN2|SD[1]|inout|YES
47|IOBS_0_169|BANKL0|DIFFIO_L0_11_N/PLL1_CLKIN3|SD[2]|inout|YES
48|IOBS_0_166|BANKL0|DIFFIO_L0_12_P/D0|ADC_C_IN[3]|input|NO
49|IOBS_0_165|BANKL0|DIFFIO_L0_12_N/RRN_L0/D1|DAC_B_OUT[7]|output|NO
50|IOBS_0_162|BANKL0|DIFFIO_L0_13_P/RRP_L0/D2|ADC_D_IN[6]|input|NO
51|IOBS_0_161|BANKL0|DIFFIO_L0_13_N/D3|DAC_A_OUT[1]|output|NO
52|IOBS_0_158|BANKL0|DIFFIO_L0_14_P/D4|SD[3]|inout|YES
53|IOBS_0_157|BANKL0|DIFFIO_L0_14_N/D5|SD[4]|inout|YES
54|IOBS_0_146|BANKL0|DIFFIO_L0_15_P/D6|SD[5]|inout|YES
75|IOBS_0_21|BANKL1|DIFFIO_L1_15_N|ADC_D_IN[2]|input|NO
58|IOBS_0_110|BANKL1|DIFFIO_L1_2_P|SD[7]|inout|YES
59|IOBS_0_109|BANKL1|DIFFIO_L1_2_N|SD[8]|inout|YES
79|IOBS_0_17|BANKL1|DIFFIO_L1_16_N|||
60|IOBS_0_102|BANKL1|DIFFIO_L1_4_P|SD[9]|inout|YES
61|IOBS_0_101|BANKL1|DIFFIO_L1_4_N|SD[10]|inout|YES
76|IOBS_0_14|BANKL1|DIFFIO_L1_17_P|ADC_C_IN[9]|input|NO
64|IOBR_0_85|BANKL1|DIFFIO_L1_6_N/VREF_L1|SD[11]|inout|YES
77|IOBS_0_13|BANKL1|DIFFIO_L1_17_N|||
65|IOBS_0_78|BANKL1|DIFFIO_L1_8_P/PLL2_CLKOUT_P|SD[12]|inout|YES
66|IOBS_0_77|BANKL1|DIFFIO_L1_8_N/PLL2_CLKOUT_N|SD[13]|inout|YES
80|IOBS_0_10|BANKL1|DIFFIO_L1_18_P|||
88|IOBS_0_74|BANKL1|DIFFIO_L1_9_P/CLK0_L1/DIFFCLK0_L1_P/PLL2_CLKFB_P/XTALA_L1|ADC_D_IN[7]|input|NO
87|IOBS_0_73|BANKL1|DIFFIO_L1_9_N/CLK1_L1/DIFFCLK0_L1_N/PLL2_CLKFB_N/XTALB_L1|ADC_C_IN[2]|input|NO
81|IOBS_0_9|BANKL1|DIFFIO_L1_18_N|||
86|IOBS_0_50|BANKL1|DIFFIO_L1_10_P/CLK2_L1/DIFFCLK1_L1_P/PLL3_CLKIN0|ADC_C_IN[8]|input|NO
70|IOBS_0_49|BANKL1|DIFFIO_L1_10_N/CLK3_L1/DIFFCLK1_L1_N/PLL3_CLKIN1|SD[15]|inout|YES
69|IOBS_0_46|BANKL1|DIFFIO_L1_11_P/PLL3_CLKIN2|SD[14]|inout|YES
71|IOBS_0_45|BANKL1|DIFFIO_L1_11_N/PLL3_CLKIN3|ADC_C_IN[14]|input|NO
85|IOBS_0_6|BANKL1|DIFFIO_L1_19_P|||
73|IOBS_0_41|BANKL1|DIFFIO_L1_12_N/RRN_L1|ADC_C_IN[13]|input|NO
84|IOBS_0_5|BANKL1|DIFFIO_L1_19_N|||
72|IOBS_0_38|BANKL1|DIFFIO_L1_13_P/RRP_L1|ADC_C_IN[12]|input|NO
74|IOBS_0_22|BANKL1|DIFFIO_L1_15_P|||
10|IOBD_128_242|BANKR0|DIFFIO_R0_0_P/VAUX5|ADC_A_CLK|output|NO
11|IOBS_128_241|BANKR0|DIFFIO_R0_0_N/VAUX4|DAC_B_CLK|output|NO
127|IOBS_128_145|BANKR0|DIFFIO_R0_15_N/D23/ADR7|ADC_C_IN[11]|input|NO
8|IOBD_128_238|BANKR0|DIFFIO_R0_1_P/VAUX3|DAC_A_CLK|output|NO
7|IOBS_128_237|BANKR0|DIFFIO_R0_1_N/VAUX2|DAC_A_OUT[5]|output|NO
5|IOBD_128_234|BANKR0|DIFFIO_R0_2_P/VAUX1|ADC_C_IN[7]|input|NO
4|IOBS_128_229|BANKR0|DIFFIO_R0_3_N/ECCLKIN|ADC_D_CLK|output|NO
3|IOBD_128_226|BANKR0|DIFFIO_R0_4_P/FCS2_N|DAC_B_OUT[11]|output|NO
144|IOBR_128_209|BANKR0|DIFFIO_R0_6_N/VREF_R0|ADC_D_IN[13]|input|NO
2|IOBD_128_206|BANKR0|DIFFIO_R0_7_P/VS1|ADC_C_CLK|output|NO
1|IOBS_128_205|BANKR0|DIFFIO_R0_7_N/VS0|ADC_D_IN[8]|input|NO
143|IOBD_128_202|BANKR0|DIFFIO_R0_8_P/PLL0_CLKIN0|ADC_D_IN[5]|input|NO
142|IOBS_128_201|BANKR0|DIFFIO_R0_8_N/PLL0_CLKIN1|DAC_B_OUT[6]|output|NO
141|IOBD_128_198|BANKR0|DIFFIO_R0_9_P/CLK0_R0/DIFFCLK0_R0_P/PLL0_CLKIN2/XTALA_R0|DAC_B_OUT[3]|output|NO
139|IOBS_128_197|BANKR0|DIFFIO_R0_9_N/CLK1_R0/DIFFCLK0_R0_N/PLL0_CLKIN3/XTALB_R0|ADC_B_CLK|output|NO
138|IOBD_128_174|BANKR0|DIFFIO_R0_10_P/CLK2_R0/DIFFCLK1_R0_P/PLL1_CLKFB_P|ADC_D_IN[14]|input|NO
137|IOBS_128_173|BANKR0|DIFFIO_R0_10_N/CLK3_R0/DIFFCLK1_R0_N/PLL1_CLKFB_N|||
136|IOBD_128_170|BANKR0|DIFFIO_R0_11_P/PLL1_CLKOUT_P|||
134|IOBS_128_169|BANKR0|DIFFIO_R0_11_N/PLL1_CLKOUT_N|||
135|IOBD_128_166|BANKR0|DIFFIO_R0_12_P/D16/ADR0|||
133|IOBS_128_165|BANKR0|DIFFIO_R0_12_N/RRN_R0/D17/ADR1|DAC_B_OUT[12]|output|NO
132|IOBD_128_162|BANKR0|DIFFIO_R0_13_P/RRP_R0/D18/ADR2|ADC_C_IN[4]|input|NO
131|IOBS_128_161|BANKR0|DIFFIO_R0_13_N/D19/ADR3|||
130|IOBD_128_158|BANKR0|DIFFIO_R0_14_P/D20/ADR4|DAC_A_OUT[2]|output|NO
129|IOBS_128_157|BANKR0|DIFFIO_R0_14_N/D21/ADR5|||
128|IOBD_128_146|BANKR0|DIFFIO_R0_15_P/D22/ADR6|DAC_A_OUT[9]|output|NO
107|IOBS_128_21|BANKR1|DIFFIO_R1_15_N|DAC_A_OUT[10]|output|NO
123|IOBD_128_110|BANKR1|DIFFIO_R1_2_P/ADR19|DAC_B_OUT[8]|output|NO
122|IOBS_128_109|BANKR1|DIFFIO_R1_2_N/ADR20|DAC_A_OUT[11]|output|NO
102|IOBD_128_18|BANKR1|DIFFIO_R1_16_P|ADC_C_IN[6]|input|NO
101|IOBS_128_17|BANKR1|DIFFIO_R1_16_N|DAC_B_OUT[0]|output|NO
121|IOBD_128_102|BANKR1|DIFFIO_R1_4_P/ADR23|DAC_B_OUT[5]|output|NO
120|IOBS_128_101|BANKR1|DIFFIO_R1_4_N/ADR24|ADC_D_IN[10]|input|NO
106|IOBD_128_14|BANKR1|DIFFIO_R1_17_P|||
118|IOBR_128_85|BANKR1|DIFFIO_R1_6_N/VREF_R1|ADC_D_IN[12]|input|NO
105|IOBS_128_13|BANKR1|DIFFIO_R1_17_N|||
117|IOBD_128_78|BANKR1|DIFFIO_R1_8_P/PLL2_CLKIN0|DAC_B_OUT[2]|output|NO
116|IOBS_128_77|BANKR1|DIFFIO_R1_8_N/PLL2_CLKIN1|DAC_B_OUT[10]|output|NO
100|IOBD_128_10|BANKR1|DIFFIO_R1_18_P|DAC_A_OUT[7]|output|NO
92|IOBD_128_74|BANKR1|DIFFIO_R1_9_P/CLK0_R1/DIFFCLK0_R1_P/PLL2_CLKIN2/XTALA_R1|DAC_A_OUT[6]|output|NO
93|IOBS_128_73|BANKR1|DIFFIO_R1_9_N/CLK1_R1/DIFFCLK0_R1_N/PLL2_CLKIN3/XTALB_R1|ADC_D_IN[4]|input|NO
99|IOBS_128_9|BANKR1|DIFFIO_R1_18_N|DAC_A_OUT[4]|output|NO
94|IOBD_128_50|BANKR1|DIFFIO_R1_10_P/CLK2_R1/DIFFCLK1_R1_P/PLL3_CLKFB_P|DAC_A_OUT[12]|output|NO
97|IOBS_128_49|BANKR1|DIFFIO_R1_10_N/CLK3_R1/DIFFCLK1_R1_N/PLL3_CLKFB_N|DAC_A_OUT[0]|output|NO
112|IOBD_128_46|BANKR1|DIFFIO_R1_11_P/PLL3_CLKOUT_P|DAC_A_OUT[3]|output|NO
111|IOBS_128_45|BANKR1|DIFFIO_R1_11_N/PLL3_CLKOUT_N|||
95|IOBD_128_6|BANKR1|DIFFIO_R1_19_P|||
109|IOBS_128_41|BANKR1|DIFFIO_R1_12_N/RRN_R1|ADC_C_IN[5]|input|NO
96|IOBS_128_5|BANKR1|DIFFIO_R1_19_N|||
110|IOBD_128_38|BANKR1|DIFFIO_R1_13_P/RRP_R1|DAC_B_OUT[1]|output|NO
103|IOBS_128_33|BANKR1|DIFFIO_R1_14_N|ADC_D_IN[3]|input|NO
108|IOBD_128_22|BANKR1|DIFFIO_R1_15_P|||
