#Build: Fabric Compiler 2022.2-SP6.1, Build 138931, Nov 01 09:11 2023
#Install: E:\fpga\Pango\PDS_2022.2-SP6.1\bin
#Application name: pds_shell.exe
#OS: Windows 10 10.0.26200
#Hostname: LAPTOP-IP1UM3GN
Generated by Fabric Compiler (version 2022.2-SP6.1 build 138931) at Sun Jun 21 18:31:39 2026
Compiling verification operator library.
Compiling common defs.
Compiling prim grid devices.
Compiling gate devices.
Compiling gate operators.
Building architecture model.
Loading device packaging model.
pnr strategy configuration : 
strategy name : 0
Building architecture floorplan logic view.
Constraint check start.
Executing : def_port {SD[0]} LOC=45 VCCIO=3.3 IOSTANDARD=LVCMOS33 DRIVE=4 SLEW=SLOW NONE=TRUE
Executing : def_port {SD[0]} LOC=45 VCCIO=3.3 IOSTANDARD=LVCMOS33 DRIVE=4 SLEW=SLOW NONE=TRUE successfully
Executing : def_port {SD[1]} LOC=46 VCCIO=3.3 IOSTANDARD=LVCMOS33 DRIVE=4 SLEW=SLOW NONE=TRUE
Executing : def_port {SD[1]} LOC=46 VCCIO=3.3 IOSTANDARD=LVCMOS33 DRIVE=4 SLEW=SLOW NONE=TRUE successfully
Executing : def_port {SD[2]} LOC=47 VCCIO=3.3 IOSTANDARD=LVCMOS33 DRIVE=4 SLEW=SLOW NONE=TRUE
Executing : def_port {SD[2]} LOC=47 VCCIO=3.3 IOSTANDARD=LVCMOS33 DRIVE=4 SLEW=SLOW NONE=TRUE successfully
Executing : def_port {SD[3]} LOC=52 VCCIO=3.3 IOSTANDARD=LVCMOS33 DRIVE=4 SLEW=SLOW NONE=TRUE
C: ConstraintEditor-2002: [D:/fpga_stm32/fpga_stm_fmc/fpga_stm/fpga_pgl12g/prj/project/device_map/body.pcf(line number: 6)] | Port SD[3] has been placed at location 52, whose type is share pin.
Executing : def_port {SD[3]} LOC=52 VCCIO=3.3 IOSTANDARD=LVCMOS33 DRIVE=4 SLEW=SLOW NONE=TRUE successfully
Executing : def_port {SD[4]} LOC=53 VCCIO=3.3 IOSTANDARD=LVCMOS33 DRIVE=4 SLEW=SLOW NONE=TRUE
C: ConstraintEditor-2002: [D:/fpga_stm32/fpga_stm_fmc/fpga_stm/fpga_pgl12g/prj/project/device_map/body.pcf(line number: 7)] | Port SD[4] has been placed at location 53, whose type is share pin.
Executing : def_port {SD[4]} LOC=53 VCCIO=3.3 IOSTANDARD=LVCMOS33 DRIVE=4 SLEW=SLOW NONE=TRUE successfully
Executing : def_port {SD[5]} LOC=54 VCCIO=3.3 IOSTANDARD=LVCMOS33 DRIVE=4 SLEW=SLOW NONE=TRUE
C: ConstraintEditor-2002: [D:/fpga_stm32/fpga_stm_fmc/fpga_stm/fpga_pgl12g/prj/project/device_map/body.pcf(line number: 8)] | Port SD[5] has been placed at location 54, whose type is share pin.
Executing : def_port {SD[5]} LOC=54 VCCIO=3.3 IOSTANDARD=LVCMOS33 DRIVE=4 SLEW=SLOW NONE=TRUE successfully
Executing : def_port {SD[6]} LOC=55 VCCIO=3.3 IOSTANDARD=LVCMOS33 DRIVE=4 SLEW=SLOW NONE=TRUE
C: ConstraintEditor-2002: [D:/fpga_stm32/fpga_stm_fmc/fpga_stm/fpga_pgl12g/prj/project/device_map/body.pcf(line number: 9)] | Port SD[6] has been placed at location 55, whose type is share pin.
Executing : def_port {SD[6]} LOC=55 VCCIO=3.3 IOSTANDARD=LVCMOS33 DRIVE=4 SLEW=SLOW NONE=TRUE successfully
Executing : def_port {SD[7]} LOC=58 VCCIO=1.2 IOSTANDARD=LVCMOS12 DRIVE=2 SLEW=SLOW NONE=TRUE
Executing : def_port {SD[7]} LOC=58 VCCIO=1.2 IOSTANDARD=LVCMOS12 DRIVE=2 SLEW=SLOW NONE=TRUE successfully
Executing : def_port {SD[8]} LOC=59 VCCIO=1.2 IOSTANDARD=LVCMOS12 DRIVE=2 SLEW=SLOW NONE=TRUE
Executing : def_port {SD[8]} LOC=59 VCCIO=1.2 IOSTANDARD=LVCMOS12 DRIVE=2 SLEW=SLOW NONE=TRUE successfully
Executing : def_port {SD[9]} LOC=60 VCCIO=1.2 IOSTANDARD=LVCMOS12 DRIVE=2 SLEW=SLOW NONE=TRUE
Executing : def_port {SD[9]} LOC=60 VCCIO=1.2 IOSTANDARD=LVCMOS12 DRIVE=2 SLEW=SLOW NONE=TRUE successfully
Executing : def_port {SD[10]} LOC=61 VCCIO=1.2 IOSTANDARD=LVCMOS12 DRIVE=2 SLEW=SLOW NONE=TRUE
Executing : def_port {SD[10]} LOC=61 VCCIO=1.2 IOSTANDARD=LVCMOS12 DRIVE=2 SLEW=SLOW NONE=TRUE successfully
Executing : def_port {SD[11]} LOC=64 VCCIO=1.2 IOSTANDARD=LVCMOS12 DRIVE=2 SLEW=SLOW NONE=TRUE
Executing : def_port {SD[11]} LOC=64 VCCIO=1.2 IOSTANDARD=LVCMOS12 DRIVE=2 SLEW=SLOW NONE=TRUE successfully
Executing : def_port {SD[12]} LOC=65 VCCIO=1.2 IOSTANDARD=LVCMOS12 DRIVE=2 SLEW=SLOW NONE=TRUE
Executing : def_port {SD[12]} LOC=65 VCCIO=1.2 IOSTANDARD=LVCMOS12 DRIVE=2 SLEW=SLOW NONE=TRUE successfully
Executing : def_port {SD[13]} LOC=66 VCCIO=1.2 IOSTANDARD=LVCMOS12 DRIVE=2 SLEW=SLOW NONE=TRUE
Executing : def_port {SD[13]} LOC=66 VCCIO=1.2 IOSTANDARD=LVCMOS12 DRIVE=2 SLEW=SLOW NONE=TRUE successfully
Executing : def_port {SD[14]} LOC=69 VCCIO=1.2 IOSTANDARD=LVCMOS12 DRIVE=2 SLEW=SLOW NONE=TRUE
Executing : def_port {SD[14]} LOC=69 VCCIO=1.2 IOSTANDARD=LVCMOS12 DRIVE=2 SLEW=SLOW NONE=TRUE successfully
Executing : def_port {SD[15]} LOC=70 VCCIO=1.2 IOSTANDARD=LVCMOS12 DRIVE=2 SLEW=SLOW NONE=TRUE
Executing : def_port {SD[15]} LOC=70 VCCIO=1.2 IOSTANDARD=LVCMOS12 DRIVE=2 SLEW=SLOW NONE=TRUE successfully
Executing : def_port {CS} LOC=39 VCCIO=3.3 IOSTANDARD=LVCMOS33 NONE=TRUE
C: ConstraintEditor-2002: [D:/fpga_stm32/fpga_stm_fmc/fpga_stm/fpga_pgl12g/prj/project/device_map/body.pcf(line number: 19)] | Port CS has been placed at location 39, whose type is share pin.
Executing : def_port {CS} LOC=39 VCCIO=3.3 IOSTANDARD=LVCMOS33 NONE=TRUE successfully
Executing : def_port {RD} LOC=42 VCCIO=3.3 IOSTANDARD=LVCMOS33 NONE=TRUE
Executing : def_port {RD} LOC=42 VCCIO=3.3 IOSTANDARD=LVCMOS33 NONE=TRUE successfully
Executing : def_port {RS} LOC=40 VCCIO=3.3 IOSTANDARD=LVCMOS33 NONE=TRUE
Executing : def_port {RS} LOC=40 VCCIO=3.3 IOSTANDARD=LVCMOS33 NONE=TRUE successfully
Executing : def_port {WR} LOC=41 VCCIO=3.3 IOSTANDARD=LVCMOS33 NONE=TRUE
Executing : def_port {WR} LOC=41 VCCIO=3.3 IOSTANDARD=LVCMOS33 NONE=TRUE successfully
Executing : def_port {clk} LOC=44 VCCIO=3.3 IOSTANDARD=LVCMOS33 NONE=TRUE
Executing : def_port {clk} LOC=44 VCCIO=3.3 IOSTANDARD=LVCMOS33 NONE=TRUE successfully
Executing : def_port {rst_32} LOC=43 VCCIO=3.3 IOSTANDARD=LVCMOS33 PULLUP=TRUE
Executing : def_port {rst_32} LOC=43 VCCIO=3.3 IOSTANDARD=LVCMOS33 PULLUP=TRUE successfully
W: ConstraintEditor-4019: Port Bus 'ADC_A_IN' unspecified I/O constraint.
W: ConstraintEditor-4019: Port Bus 'ADC_C_IN' unspecified I/O constraint.
W: ConstraintEditor-4019: Port Bus 'ADC_D_IN' unspecified I/O constraint.
W: ConstraintEditor-4019: Port Bus 'DAC_A_OUT' unspecified I/O constraint.
W: ConstraintEditor-4019: Port Bus 'DAC_B_OUT' unspecified I/O constraint.
W: ConstraintEditor-4019: Port 'ADC_A_CLK' unspecified I/O constraint.
W: ConstraintEditor-4019: Port 'ADC_B_CLK' unspecified I/O constraint.
W: ConstraintEditor-4019: Port 'ADC_C_CLK' unspecified I/O constraint.
W: ConstraintEditor-4019: Port 'ADC_D_CLK' unspecified I/O constraint.
W: ConstraintEditor-4019: Port 'DAC_A_CLK' unspecified I/O constraint.
W: ConstraintEditor-4019: Port 'DAC_B_CLK' unspecified I/O constraint.
Constraint check end.
I: Column Clock Check open.
Read Column Clock Map.

Placement started.
Phase 1 Pre global placement started.
Mapping instance u_pll/u_pll_e3/goppll to PLL_74_175.
Phase 1.1 1st GP placement started.
Design Utilization : 2%.
First map gop timing takes 0.06 sec
Worst slack after clock region global placement is 2387
Wirelength after clock region global placement is 2545 and checksum is 7F8C81B0F207667B.
1st GP placement takes 0.73 sec.

Phase 1.2 Clock placement started.
Mapping instance clkbufg_0/gopclkbufg to USCM_66_104.
Mapping instance clkbufg_1/gopclkbufg to USCM_66_105.
Clock placement takes 0.03 sec.

Wirelength after Pre Global Placement is 2545 and checksum is 7F8C81B0F207667B.
Pre global placement takes 0.81 sec.

Phase 2 Global placement started.
Phase 2.1 Fixed placement started.
Placed fixed group with base inst CS_ibuf/opit_1 on IOL_7_209.
Placed fixed group with base inst RD_ibuf/opit_1 on IOL_7_198.
Placed fixed group with base inst RS_ibuf/opit_1 on IOL_7_202.
Placed fixed group with base inst WR_ibuf/opit_1 on IOL_7_201.
Placed fixed group with base inst clk_ibuf/opit_1 on IOL_7_174.
Placed fixed group with base inst fifo_and_fmc_inst.fmc_inst.SD_tri[0]/opit_1 on IOL_7_173.
Placed fixed group with base inst fifo_and_fmc_inst.fmc_inst.SD_tri[1]/opit_1 on IOL_7_170.
Placed fixed group with base inst fifo_and_fmc_inst.fmc_inst.SD_tri[2]/opit_1 on IOL_7_169.
Placed fixed group with base inst fifo_and_fmc_inst.fmc_inst.SD_tri[3]/opit_1 on IOL_7_158.
Placed fixed group with base inst fifo_and_fmc_inst.fmc_inst.SD_tri[4]/opit_1 on IOL_7_157.
Placed fixed group with base inst fifo_and_fmc_inst.fmc_inst.SD_tri[5]/opit_1 on IOL_7_146.
Placed fixed group with base inst fifo_and_fmc_inst.fmc_inst.SD_tri[6]/opit_1 on IOL_7_145.
Placed fixed group with base inst fifo_and_fmc_inst.fmc_inst.SD_tri[7]/opit_1 on IOL_7_110.
Placed fixed group with base inst fifo_and_fmc_inst.fmc_inst.SD_tri[8]/opit_1 on IOL_7_109.
Placed fixed group with base inst fifo_and_fmc_inst.fmc_inst.SD_tri[9]/opit_1 on IOL_7_102.
Placed fixed group with base inst fifo_and_fmc_inst.fmc_inst.SD_tri[10]/opit_1 on IOL_7_101.
Placed fixed group with base inst fifo_and_fmc_inst.fmc_inst.SD_tri[11]/opit_1 on IOL_7_85.
Placed fixed group with base inst fifo_and_fmc_inst.fmc_inst.SD_tri[12]/opit_1 on IOL_7_78.
Placed fixed group with base inst fifo_and_fmc_inst.fmc_inst.SD_tri[13]/opit_1 on IOL_7_77.
Placed fixed group with base inst fifo_and_fmc_inst.fmc_inst.SD_tri[14]/opit_1 on IOL_7_46.
Placed fixed group with base inst fifo_and_fmc_inst.fmc_inst.SD_tri[15]/opit_1 on IOL_7_49.
Placed fixed group with base inst rst_32_ibuf/opit_1 on IOL_7_197.
Placed fixed instance clkbufg_0/gopclkbufg on USCM_66_104.
Placed fixed instance clkbufg_1/gopclkbufg on USCM_66_105.
Placed fixed instance u_pll/u_pll_e3/goppll on PLL_74_175.
Placed fixed instance BKCL_auto_0 on BKCL_2_144.
Placed fixed instance BKCL_auto_1 on BKCL_2_20.
Fixed placement takes 0.03 sec.

Phase 2.2 Process placement started.
Process placement takes 0.00 sec.

Phase 2.3 IO placement started.
IO placement takes 0.02 sec.

Phase 2.4 2nd GP placement started.
Run super clustering :
	Initial slack -2951.
	4 iterations finished.
	Final slack 1954.
Super clustering done.
Design Utilization : 2%.
Worst slack after global placement is 2939
2nd GP placement takes 0.14 sec.

Wirelength after global placement is 2340 and checksum is 12695239945FA6AD.
Global placement takes 0.19 sec.

Phase 3 Post global placement started.
Phase 3.1 Macro cell placement started.
I: Process macros using "Greedy".
Wirelength after macro cell placement is 2340 and checksum is 12695239945FA6AD.
Macro cell placement takes 0.00 sec.

Phase 3.2 3rd GP placement started.
Run super clustering :
	Initial slack -2951.
	4 iterations finished.
	Final slack 1954.
Super clustering done.
Design Utilization : 2%.
Worst slack after post global placement is 2939
3rd GP placement takes 0.17 sec.

Wirelength after post global placement is 2340 and checksum is 12695239945FA6AD.
Post global placement takes 0.19 sec.

Phase 4 Legalization started.
The average distance in LP is 0.094421.
Wirelength after legalization is 2485 and checksum is CEF8D79A88D11E2A.
Legalization takes 0.00 sec.

Phase 5 Timing-driven detailed placement started.
Phase 5.1 Replication placement started.
Worst slack before Replication Place is 2203.
Replication placement takes 0.02 sec.

Wirelength after replication placement is 2485 and checksum is CEF8D79A88D11E2A.
Phase 5.2 DP placement started.
Legalized cost 2203.000000.
The detailed placement ends at 0th iteration.
DP placement takes 0.00 sec.

Wirelength after detailed placement is 2485 and checksum is CEF8D79A88D11E2A.
Timing-driven detailed placement takes 0.02 sec.

Worst slack is 2203, TNS after placement is 0.
Placement done.
Total placement takes 1.34 sec.
Finished placement.

Routing started.
Building routing graph takes 0.27 sec.
Worst slack is 2203, TNS before global route is 0.
Processing design graph takes 0.03 sec.
Total memory for routing:
	34.766460 M.
Total nets for routing : 695.
Rcf routing step 1 processed 0 nets, it takes 0.00 sec.
Rcf routing step 2 processed 0 nets, it takes 0.00 sec.
Rcf routing step 3 processed 0 nets, it takes 0.00 sec.
Unrouted nets 0 at the end of iteration 0.
Global Routing step 1 processed 63 nets, it takes 0.00 sec.
Unrouted nets 117 at the end of iteration 0.
Unrouted nets 90 at the end of iteration 1.
Unrouted nets 62 at the end of iteration 2.
Unrouted nets 47 at the end of iteration 3.
Unrouted nets 24 at the end of iteration 4.
Unrouted nets 18 at the end of iteration 5.
Unrouted nets 10 at the end of iteration 6.
Unrouted nets 12 at the end of iteration 7.
Unrouted nets 7 at the end of iteration 8.
Unrouted nets 5 at the end of iteration 9.
Unrouted nets 5 at the end of iteration 10.
Unrouted nets 3 at the end of iteration 11.
Unrouted nets 3 at the end of iteration 12.
Unrouted nets 3 at the end of iteration 13.
Unrouted nets 1 at the end of iteration 14.
Unrouted nets 1 at the end of iteration 15.
Unrouted nets 1 at the end of iteration 16.
Unrouted nets 1 at the end of iteration 17.
Unrouted nets 1 at the end of iteration 18.
Unrouted nets 1 at the end of iteration 19.
Unrouted nets 1 at the end of iteration 20.
Unrouted nets 1 at the end of iteration 21.
Unrouted nets 1 at the end of iteration 22.
Unrouted nets 1 at the end of iteration 23.
Unrouted nets 1 at the end of iteration 24.
Unrouted nets 1 at the end of iteration 25.
Unrouted nets 2 at the end of iteration 26.
Unrouted nets 1 at the end of iteration 27.
Unrouted nets 0 at the end of iteration 28.
Global Routing step 2 processed 267 nets, it takes 0.39 sec.
Unrouted nets 1 at the end of iteration 0.
Unrouted nets 1 at the end of iteration 1.
Unrouted nets 1 at the end of iteration 2.
Unrouted nets 1 at the end of iteration 3.
Unrouted nets 1 at the end of iteration 4.
Unrouted nets 0 at the end of iteration 5.
Global Routing step 3 processed 24 nets, it takes 0.03 sec.
Global routing takes 0.42 sec.
Total 742 subnets.
    forward max bucket size 734 , backward 71.
        Unrouted nets 150 at the end of iteration 0.
    route iteration 0, CPU time elapsed 0.031250 sec.
    forward max bucket size 471 , backward 16.
        Unrouted nets 83 at the end of iteration 1.
    route iteration 1, CPU time elapsed 0.015625 sec.
    forward max bucket size 15 , backward 40.
        Unrouted nets 60 at the end of iteration 2.
    route iteration 2, CPU time elapsed 0.000000 sec.
    forward max bucket size 34 , backward 41.
        Unrouted nets 38 at the end of iteration 3.
    route iteration 3, CPU time elapsed 0.015625 sec.
    forward max bucket size 14 , backward 35.
        Unrouted nets 32 at the end of iteration 4.
    route iteration 4, CPU time elapsed 0.000000 sec.
    forward max bucket size 14 , backward 34.
        Unrouted nets 22 at the end of iteration 5.
    route iteration 5, CPU time elapsed 0.000000 sec.
    forward max bucket size 18 , backward 22.
        Unrouted nets 20 at the end of iteration 6.
    route iteration 6, CPU time elapsed 0.000000 sec.
    forward max bucket size 12 , backward 15.
        Unrouted nets 11 at the end of iteration 7.
    route iteration 7, CPU time elapsed 0.000000 sec.
    forward max bucket size 14 , backward 27.
        Unrouted nets 7 at the end of iteration 8.
    route iteration 8, CPU time elapsed 0.000000 sec.
    forward max bucket size 11 , backward 11.
        Unrouted nets 4 at the end of iteration 9.
    route iteration 9, CPU time elapsed 0.000000 sec.
    forward max bucket size 9 , backward 9.
        Unrouted nets 2 at the end of iteration 10.
    route iteration 10, CPU time elapsed 0.000000 sec.
    forward max bucket size 9 , backward 15.
        Unrouted nets 0 at the end of iteration 11.
    route iteration 11, CPU time elapsed 0.000000 sec.
Detailed routing takes 11 iterations
Detailed routing takes 0.08 sec.
Start fix hold violation.
Build tmp routing results takes 0.00 sec.
Timing analysis takes 0.00 sec.
No hold violation.
Hold Violation Fix in router takes 0 iterations.
Fix hold violation Finished.
Hold Violation Fix in router takes 0.06 sec.

Dispose routing result:
    Collect routing result.
    Delete unused device instances.
    Annotate routing result.
    Change LUT configuration.
    Dispose misc instances.
    Annotate routing result again.
Finish routing takes 0.02 sec.
Used SRB routing arc is 3017.
Cleanup routing takes 0.02 sec.
Routing done.
Total routing takes 0.98 sec.


Device Utilization Summary :
+---------------------------------------------------------------------------+
| Logic Utilization        | Used     | Available     | Utilization(%)     
+---------------------------------------------------------------------------+
| Use of ADC               | 0        | 1             | 0                  
| Use of APM               | 0        | 20            | 0                  
| Use of BKCL              | 2        | 4             | 50                 
| Use of CLMA              | 87       | 1940          | 5                  
|   FF                     | 218      | 11640         | 2                  
|   LUT                    | 166      | 7760          | 3                  
|   LUT-FF pairs           | 13       | 7760          | 1                  
| Use of CLMS              | 20       | 660           | 4                  
|   FF                     | 43       | 3960          | 2                  
|   LUT                    | 38       | 2640          | 2                  
|   LUT-FF pairs           | 3        | 2640          | 1                  
|   Distributed RAM        | 0        | 2640          | 0                  
| Use of CRYSTAL           | 0        | 4             | 0                  
| Use of DLL               | 0        | 4             | 0                  
| Use of DQSL              | 0        | 12            | 0                  
| Use of DRM               | 0        | 30            | 0                  
| Use of FLSIF             | 0        | 1             | 0                  
| Use of FUSECODE          | 0        | 1             | 0                  
| Use of HARD0N1           | 35       | 1665          | 3                  
| Use of IO                | 84       | 103           | 82                 
|   IOBD                   | 22       | 25            | 88                 
|   IOBR                   | 4        | 4             | 100                
|   IOBS                   | 58       | 74            | 79                 
| Use of IOCKDIV           | 0        | 8             | 0                  
| Use of IOCKDLY           | 0        | 16            | 0                  
| Use of IOCKGATE          | 0        | 8             | 0                  
| Use of IOCKGMUX_TEST     | 0        | 8             | 0                  
| Use of IOL               | 84       | 160           | 53                 
| Use of IPAL              | 0        | 1             | 0                  
| Use of LDOCLK            | 0        | 1             | 0                  
| Use of MFG_TEST          | 0        | 1             | 0                  
| Use of OSC               | 0        | 1             | 0                  
| Use of PLL               | 1        | 4             | 25                 
| Use of PREGMUX_TEST      | 0        | 4             | 0                  
| Use of RCKB              | 0        | 16            | 0                  
|  RCKB dataused           | 0        | 16            | 0                  
| Use of RCKBMUX_TEST      | 0        | 8             | 0                  
| Use of RESCAL            | 0        | 4             | 0                  
| Use of SCANCHAIN         | 0        | 4             | 0                  
| Use of START             | 1        | 1             | 100                
| Use of UDID              | 0        | 1             | 0                  
| Use of USCM              | 3        | 20            | 15                 
|  USCM dataused           | 0        | 20            | 0                  
| Use of USCMMUX_TEST      | 0        | 20            | 0                  
| Use of VCKBMUX_TEST      | 0        | 8             | 0                  
+---------------------------------------------------------------------------+

Finished routing.
Design 'body' has been placed and routed successfully.
Saving design to DB.
Finished placement and routing.
Action pnr: Real time elapsed is 0h:0m:8s
Action pnr: CPU time elapsed is 0h:0m:6s
Action pnr: Process CPU time elapsed is 0h:0m:6s
Current time: Sun Jun 21 18:31:45 2026
Action pnr: Peak memory pool usage is 782 MB
