#Build: Fabric Configuration 2022.2-SP6.1, Build 138931, Nov 01 09:11 2023
#Install: E:\fpga\Pango\PDS_2022.2-SP6.1\bin
#Application name: cdt_cfg.exe
#OS: Windows 10 10.0.26200
#Hostname: LAPTOP-IP1UM3GN
Generated by Fabric Configuration (version 2022.2-SP6.1 build 138931) at Sun Jun 21 21:03:53 2026
M_PROCESS_FINISH_STARTED

Connecting to server[127.0.0.1 : 65420].
Connect to server[127.0.0.1 : 65420] successfully.
COMMAND[check version information] execute successfully, takes 0.4 secs.
The cable List : 
Cable index 0:USB Cable S/ffffffffffffff9b 

COMMAND[get_cable_paras] execute successfully, takes 1.3 secs.
USB Cable S cable driver: D2XX DLL
PGL12G
This device configure situation (done bit): 0
COMMAND[Open config cable] execute successfully, takes 2.8 secs.
The done bit is 1
COMMAND[Program] execute successfully, takes 0.9 secs.
The done bit is 1
COMMAND[Program] execute successfully, takes 0.9 secs.
