[Info] [2026-6-20 21:45:18] /***************************Start Configuration***************************/
[Info] [2026-6-20 21:45:18] Path: E:/fpga/Pango/PDS_2022.2-SP6.1/bin
[Info] [2026-6-20 21:45:18] Version: 138931
[Info] [2026-6-20 21:45:19] Current Path: D:/fpga_stm32/fpga_stm_fmc/fpga_stm/fpga_pgl12g/prj/project
[Info] [2026-6-20 21:45:19] PDS Dir Path: D:/fpga_stm32/fpga_stm_fmc/fpga_stm/fpga_pgl12g/prj/project
[Info] [2026-6-20 21:45:21] Configuration is not connect with server. connect first then scan chain.
[Debug] [2026-6-20 21:45:22] Client Local host name:LAPTOP-IP1UM3GN
[Debug] [2026-6-20 21:45:22] Client Local Address:10.63.232.239
[Debug] [2026-6-20 21:45:22] Client Local Address:26.169.14.102
[Debug] [2026-6-20 21:45:22] Client Local Address:192.168.1.2
[Debug] [2026-6-20 21:45:22] Server Address:127.0.0.1, Port:65420
[Debug] [2026-6-20 21:45:22] Log::Print : Connecting to server[127.0.0.1 : 65420].
[Info] [2026-6-20 21:45:22] Connect OK, Server: 127.0.0.1  Port: 65420
[Debug] [2026-6-20 21:45:22] Finish.
[Info] [2026-6-20 21:45:22] Connect server succeeded
[Debug] [2026-6-20 21:45:22] Send RPC:1
[Debug] [2026-6-20 21:45:22] Send cmd [check version information:40004] OK
[Debug] [2026-6-20 21:45:22] Log::Print : Connect to server[127.0.0.1 : 65420] successfully.
[Debug] [2026-6-20 21:45:23] Send RPC:2
[Debug] [2026-6-20 21:45:23] Send cmd [get_cable_paras:40010] OK
[Debug] [2026-6-20 21:45:23] Begin to send initialize chain cmd...
[Debug] [2026-6-20 21:45:23] Send RPC:3
[Debug] [2026-6-20 21:45:23] Send cmd [Open config cable:20001] OK
[Debug] [2026-6-20 21:45:23] End to send initialize chain cmd.
[Debug] [2026-6-20 21:45:23] COMMAND[check version information] execute successfully, takes 0.5 secs.
[Debug] [2026-6-20 21:45:23] Log::Print : COMMAND[check version information] execute successfully, takes 0.5 secs.
[Debug] [2026-6-20 21:45:24] COMMAND[get_cable_paras] execute successfully, takes 1.3 secs.
[Debug] [2026-6-20 21:45:24] Log::Print : The cable List : 

[Debug] [2026-6-20 21:45:24] Log::Print : COMMAND[get_cable_paras] execute successfully, takes 1.3 secs.
[Error] [2026-6-20 21:45:24] fail to exec Open config cable cmd...
[Error] [2026-6-20 21:45:24] MsgOut: JtagServer-0306: No devices detected while scanning the JTAG chain, failed detecting JTAG device chain.
[Warn] [2026-6-20 21:45:24] MsgOut: Please check the device power, cable connection situation and whether put the chip in the right way or not.
   If these do not work, try to restart the software.
[Error] [2026-6-20 21:45:24] MsgOut: Configuration-0008: The command 'Open config cable' execute fail.
[Info] [2026-6-20 21:45:26] /***************************End Configration***************************/
[Info] [2026-6-20 21:45:33] /***************************Start Configuration***************************/
[Info] [2026-6-20 21:45:33] Path: E:/fpga/Pango/PDS_2022.2-SP6.1/bin
[Info] [2026-6-20 21:45:33] Version: 138931
[Info] [2026-6-20 21:45:34] Current Path: D:/fpga_stm32/fpga_stm_fmc/fpga_stm/fpga_pgl12g/prj/project
[Info] [2026-6-20 21:45:34] PDS Dir Path: D:/fpga_stm32/fpga_stm_fmc/fpga_stm/fpga_pgl12g/prj/project
[Info] [2026-6-20 21:45:36] Configuration is not connect with server. connect first then scan chain.
[Debug] [2026-6-20 21:45:36] Client Local host name:LAPTOP-IP1UM3GN
[Debug] [2026-6-20 21:45:36] Client Local Address:10.63.232.239
[Debug] [2026-6-20 21:45:36] Client Local Address:26.169.14.102
[Debug] [2026-6-20 21:45:36] Client Local Address:192.168.1.2
[Debug] [2026-6-20 21:45:36] Server Address:127.0.0.1, Port:65420
[Debug] [2026-6-20 21:45:36] Log::Print : Connecting to server[127.0.0.1 : 65420].
[Info] [2026-6-20 21:45:36] Connect OK, Server: 127.0.0.1  Port: 65420
[Debug] [2026-6-20 21:45:36] Finish.
[Info] [2026-6-20 21:45:36] Connect server succeeded
[Debug] [2026-6-20 21:45:36] Send RPC:1
[Debug] [2026-6-20 21:45:36] Send cmd [check version information:40004] OK
[Debug] [2026-6-20 21:45:36] Log::Print : Connect to server[127.0.0.1 : 65420] successfully.
[Debug] [2026-6-20 21:45:37] Send RPC:2
[Debug] [2026-6-20 21:45:37] Send cmd [get_cable_paras:40010] OK
[Debug] [2026-6-20 21:45:37] Begin to send initialize chain cmd...
[Debug] [2026-6-20 21:45:37] Send RPC:3
[Debug] [2026-6-20 21:45:37] Send cmd [Open config cable:20001] OK
[Debug] [2026-6-20 21:45:37] End to send initialize chain cmd.
[Debug] [2026-6-20 21:45:37] COMMAND[check version information] execute successfully, takes 0.5 secs.
[Debug] [2026-6-20 21:45:37] Log::Print : COMMAND[check version information] execute successfully, takes 0.5 secs.
[Debug] [2026-6-20 21:45:38] COMMAND[get_cable_paras] execute successfully, takes 1.4 secs.
[Debug] [2026-6-20 21:45:38] Log::Print : The cable List : 
Cable index 0:USB Cable S/ffffffffffffff9b 

[Debug] [2026-6-20 21:45:38] Log::Print : COMMAND[get_cable_paras] execute successfully, takes 1.4 secs.
[Debug] [2026-6-20 21:45:39] begin the exec of open cable cmd...
[Debug] [2026-6-20 21:45:39] Begin to deal with chain from server...
[Debug] [2026-6-20 21:45:39] Begin to set user chain...
[Debug] [2026-6-20 21:45:39] End to set user chain.
[Debug] [2026-6-20 21:45:39] Begin to update graphic item and tree item ...
[Debug] [2026-6-20 21:45:39] End to update graphic item and tree item ...
[Debug] [2026-6-20 21:45:39] Log::Print : USB Cable S cable driver: D2XX DLL
[Debug] [2026-6-20 21:45:39] Log::Print : PGL12G
[Debug] [2026-6-20 21:45:39] Log::Print : This device configure situation (done bit): 0
[Info] [2026-6-20 21:45:40] set OpenLastPath: D:/fpga_stm32/fpga_stm_fmc/fpga_stm/fpga_pgl12g/prj/project/generate_bitstream/body.sbit
[Debug] [2026-6-20 21:45:40] begin to get device info from CFG file...
[Debug] [2026-6-20 21:45:40] end to get device info from CFG file...
[Debug] [2026-6-20 21:45:40] Begin to update graphic item and tree item ...
[Debug] [2026-6-20 21:45:40] End to update graphic item and tree item ...
[Debug] [2026-6-20 21:45:40] Begin to update graphic item and tree item ...
[Debug] [2026-6-20 21:45:40] End to update graphic item and tree item ...
[Debug] [2026-6-20 21:45:40] End to deal wiht chain from server.
[Debug] [2026-6-20 21:45:40] end the exec of open cable cmd.
[Debug] [2026-6-20 21:45:40] COMMAND[Open config cable] execute successfully, takes 3.0 secs.
[Debug] [2026-6-20 21:45:40] Log::Print : COMMAND[Open config cable] execute successfully, takes 3.0 secs.
[Debug] [2026-6-20 21:45:41] Begin to send programming cmd...
[Debug] [2026-6-20 21:45:41] Send RPC:4
[Debug] [2026-6-20 21:45:41] Begin to send program data.
[Debug] [2026-6-20 21:45:41] End to send program data.
[Debug] [2026-6-20 21:45:41] Send cmd [Program:20002] OK
[Debug] [2026-6-20 21:45:41] The value of Progress is 6
[Debug] [2026-6-20 21:45:41] The value of Progress is 10
[Debug] [2026-6-20 21:45:41] The value of Progress is 15
[Debug] [2026-6-20 21:45:41] The value of Progress is 20
[Debug] [2026-6-20 21:45:41] The value of Progress is 25
[Debug] [2026-6-20 21:45:41] The value of Progress is 30
[Debug] [2026-6-20 21:45:41] The value of Progress is 35
[Debug] [2026-6-20 21:45:41] The value of Progress is 40
[Debug] [2026-6-20 21:45:41] The value of Progress is 45
[Debug] [2026-6-20 21:45:41] The value of Progress is 50
[Debug] [2026-6-20 21:45:41] The value of Progress is 55
[Debug] [2026-6-20 21:45:41] The value of Progress is 60
[Debug] [2026-6-20 21:45:41] The value of Progress is 65
[Debug] [2026-6-20 21:45:41] The value of Progress is 70
[Debug] [2026-6-20 21:45:41] The value of Progress is 75
[Debug] [2026-6-20 21:45:41] The value of Progress is 80
[Debug] [2026-6-20 21:45:41] The value of Progress is 85
[Debug] [2026-6-20 21:45:41] The value of Progress is 90
[Debug] [2026-6-20 21:45:42] The value of Progress is 95
[Debug] [2026-6-20 21:45:42] The value of Progress is 100
[Debug] [2026-6-20 21:45:42] COMMAND[Program] execute successfully, takes 0.6 secs.
[Debug] [2026-6-20 21:45:42] End to send programming cmd.
[Debug] [2026-6-20 21:45:42] Log::Print : The done bit is 1
[Debug] [2026-6-20 21:45:42] Log::Print : COMMAND[Program] execute successfully, takes 0.6 secs.
[Debug] [2026-6-20 21:47:33] Begin to send programming cmd...
[Debug] [2026-6-20 21:47:33] Send RPC:5
[Debug] [2026-6-20 21:47:33] Begin to send program data.
[Debug] [2026-6-20 21:47:33] End to send program data.
[Debug] [2026-6-20 21:47:33] Send cmd [Program:20002] OK
[Debug] [2026-6-20 21:47:33] The value of Progress is 6
[Debug] [2026-6-20 21:47:33] The value of Progress is 10
[Debug] [2026-6-20 21:47:33] The value of Progress is 15
[Debug] [2026-6-20 21:47:33] The value of Progress is 20
[Debug] [2026-6-20 21:47:33] The value of Progress is 25
[Debug] [2026-6-20 21:47:33] The value of Progress is 30
[Debug] [2026-6-20 21:47:33] The value of Progress is 35
[Debug] [2026-6-20 21:47:33] The value of Progress is 40
[Debug] [2026-6-20 21:47:34] The value of Progress is 45
[Debug] [2026-6-20 21:47:34] The value of Progress is 50
[Debug] [2026-6-20 21:47:34] The value of Progress is 55
[Debug] [2026-6-20 21:47:34] The value of Progress is 60
[Debug] [2026-6-20 21:47:34] The value of Progress is 65
[Debug] [2026-6-20 21:47:34] The value of Progress is 70
[Debug] [2026-6-20 21:47:34] The value of Progress is 75
[Debug] [2026-6-20 21:47:34] The value of Progress is 80
[Debug] [2026-6-20 21:47:34] The value of Progress is 85
[Debug] [2026-6-20 21:47:34] The value of Progress is 90
[Debug] [2026-6-20 21:47:34] The value of Progress is 95
[Debug] [2026-6-20 21:47:34] The value of Progress is 100
[Debug] [2026-6-20 21:47:34] COMMAND[Program] execute successfully, takes 0.9 secs.
[Debug] [2026-6-20 21:47:34] End to send programming cmd.
[Debug] [2026-6-20 21:47:34] Log::Print : The done bit is 1
[Debug] [2026-6-20 21:47:34] Log::Print : COMMAND[Program] execute successfully, takes 0.9 secs.
[Debug] [2026-6-20 21:48:03] Begin to send programming cmd...
[Debug] [2026-6-20 21:48:03] Send RPC:6
[Debug] [2026-6-20 21:48:03] Begin to send program data.
[Debug] [2026-6-20 21:48:03] End to send program data.
[Debug] [2026-6-20 21:48:03] Send cmd [Program:20002] OK
[Debug] [2026-6-20 21:48:03] The value of Progress is 6
[Debug] [2026-6-20 21:48:03] The value of Progress is 10
[Debug] [2026-6-20 21:48:03] The value of Progress is 15
[Debug] [2026-6-20 21:48:03] The value of Progress is 20
[Debug] [2026-6-20 21:48:03] The value of Progress is 25
[Debug] [2026-6-20 21:48:03] The value of Progress is 30
[Debug] [2026-6-20 21:48:03] The value of Progress is 35
[Debug] [2026-6-20 21:48:03] The value of Progress is 40
[Debug] [2026-6-20 21:48:04] The value of Progress is 45
[Debug] [2026-6-20 21:48:04] The value of Progress is 50
[Debug] [2026-6-20 21:48:04] The value of Progress is 55
[Debug] [2026-6-20 21:48:04] The value of Progress is 60
[Debug] [2026-6-20 21:48:04] The value of Progress is 65
[Debug] [2026-6-20 21:48:04] The value of Progress is 70
[Debug] [2026-6-20 21:48:04] The value of Progress is 75
[Debug] [2026-6-20 21:48:04] The value of Progress is 80
[Debug] [2026-6-20 21:48:04] The value of Progress is 85
[Debug] [2026-6-20 21:48:04] The value of Progress is 90
[Debug] [2026-6-20 21:48:04] The value of Progress is 95
[Debug] [2026-6-20 21:48:04] The value of Progress is 100
[Debug] [2026-6-20 21:48:04] COMMAND[Program] execute successfully, takes 0.9 secs.
[Debug] [2026-6-20 21:48:04] End to send programming cmd.
[Debug] [2026-6-20 21:48:04] Log::Print : The done bit is 1
[Debug] [2026-6-20 21:48:04] Log::Print : COMMAND[Program] execute successfully, takes 0.9 secs.
[Debug] [2026-6-20 21:48:12] Begin to send programming cmd...
[Debug] [2026-6-20 21:48:12] Send RPC:7
[Debug] [2026-6-20 21:48:12] Begin to send program data.
[Debug] [2026-6-20 21:48:12] End to send program data.
[Debug] [2026-6-20 21:48:12] Send cmd [Program:20002] OK
[Debug] [2026-6-20 21:48:12] The value of Progress is 6
[Debug] [2026-6-20 21:48:12] The value of Progress is 10
[Debug] [2026-6-20 21:48:12] The value of Progress is 15
[Debug] [2026-6-20 21:48:12] The value of Progress is 20
[Debug] [2026-6-20 21:48:12] The value of Progress is 25
[Debug] [2026-6-20 21:48:12] The value of Progress is 30
[Debug] [2026-6-20 21:48:12] The value of Progress is 35
[Debug] [2026-6-20 21:48:12] The value of Progress is 40
[Debug] [2026-6-20 21:48:12] The value of Progress is 45
[Debug] [2026-6-20 21:48:12] The value of Progress is 50
[Debug] [2026-6-20 21:48:12] The value of Progress is 55
[Debug] [2026-6-20 21:48:12] The value of Progress is 60
[Debug] [2026-6-20 21:48:12] The value of Progress is 65
[Debug] [2026-6-20 21:48:12] The value of Progress is 70
[Debug] [2026-6-20 21:48:12] The value of Progress is 75
[Debug] [2026-6-20 21:48:12] The value of Progress is 80
[Debug] [2026-6-20 21:48:12] The value of Progress is 85
[Debug] [2026-6-20 21:48:12] The value of Progress is 90
[Debug] [2026-6-20 21:48:12] The value of Progress is 95
[Debug] [2026-6-20 21:48:12] The value of Progress is 100
[Debug] [2026-6-20 21:48:12] COMMAND[Program] execute successfully, takes 0.9 secs.
[Debug] [2026-6-20 21:48:12] End to send programming cmd.
[Debug] [2026-6-20 21:48:12] Log::Print : The done bit is 1
[Debug] [2026-6-20 21:48:12] Log::Print : COMMAND[Program] execute successfully, takes 0.9 secs.
[Debug] [2026-6-20 21:48:25] Begin to send programming cmd...
[Debug] [2026-6-20 21:48:25] Send RPC:8
[Debug] [2026-6-20 21:48:25] Begin to send program data.
[Debug] [2026-6-20 21:48:25] End to send program data.
[Debug] [2026-6-20 21:48:25] Send cmd [Program:20002] OK
[Debug] [2026-6-20 21:48:25] The value of Progress is 6
[Debug] [2026-6-20 21:48:25] The value of Progress is 10
[Debug] [2026-6-20 21:48:25] The value of Progress is 15
[Debug] [2026-6-20 21:48:25] The value of Progress is 20
[Debug] [2026-6-20 21:48:25] The value of Progress is 25
[Debug] [2026-6-20 21:48:25] The value of Progress is 30
[Debug] [2026-6-20 21:48:25] The value of Progress is 35
[Debug] [2026-6-20 21:48:25] The value of Progress is 40
[Debug] [2026-6-20 21:48:25] The value of Progress is 45
[Debug] [2026-6-20 21:48:25] The value of Progress is 50
[Debug] [2026-6-20 21:48:25] The value of Progress is 55
[Debug] [2026-6-20 21:48:25] The value of Progress is 60
[Debug] [2026-6-20 21:48:25] The value of Progress is 65
[Debug] [2026-6-20 21:48:26] The value of Progress is 70
[Debug] [2026-6-20 21:48:26] The value of Progress is 75
[Debug] [2026-6-20 21:48:26] The value of Progress is 80
[Debug] [2026-6-20 21:48:26] The value of Progress is 85
[Debug] [2026-6-20 21:48:26] The value of Progress is 90
[Debug] [2026-6-20 21:48:26] The value of Progress is 95
[Debug] [2026-6-20 21:48:26] The value of Progress is 100
[Debug] [2026-6-20 21:48:26] COMMAND[Program] execute successfully, takes 0.9 secs.
[Debug] [2026-6-20 21:48:26] End to send programming cmd.
[Debug] [2026-6-20 21:48:26] Log::Print : The done bit is 1
[Debug] [2026-6-20 21:48:26] Log::Print : COMMAND[Program] execute successfully, takes 0.9 secs.
[Info] [2026-6-20 21:49:47] /***************************End Configration***************************/
[Info] [2026-6-20 22:11:54] /***************************Start Configuration***************************/
[Info] [2026-6-20 22:11:54] Path: E:/fpga/Pango/PDS_2022.2-SP6.1/bin
[Info] [2026-6-20 22:11:54] Version: 138931
[Info] [2026-6-20 22:11:55] Current Path: D:/fpga_stm32/fpga_stm_fmc/fpga_stm/fpga_pgl12g/prj/project
[Info] [2026-6-20 22:11:55] PDS Dir Path: D:/fpga_stm32/fpga_stm_fmc/fpga_stm/fpga_pgl12g/prj/project
[Info] [2026-6-20 22:11:57] Configuration is not connect with server. connect first then scan chain.
[Debug] [2026-6-20 22:11:57] Client Local host name:LAPTOP-IP1UM3GN
[Debug] [2026-6-20 22:11:57] Client Local Address:10.63.232.239
[Debug] [2026-6-20 22:11:57] Client Local Address:26.169.14.102
[Debug] [2026-6-20 22:11:57] Client Local Address:192.168.1.2
[Debug] [2026-6-20 22:11:57] Server Address:127.0.0.1, Port:65420
[Debug] [2026-6-20 22:11:57] Log::Print : Connecting to server[127.0.0.1 : 65420].
[Info] [2026-6-20 22:11:58] Connect OK, Server: 127.0.0.1  Port: 65420
[Debug] [2026-6-20 22:11:58] Finish.
[Info] [2026-6-20 22:11:58] Connect server succeeded
[Debug] [2026-6-20 22:11:58] Send RPC:1
[Debug] [2026-6-20 22:11:58] Send cmd [check version information:40004] OK
[Debug] [2026-6-20 22:11:58] Log::Print : Connect to server[127.0.0.1 : 65420] successfully.
[Debug] [2026-6-20 22:11:58] Send RPC:2
[Debug] [2026-6-20 22:11:58] Send cmd [get_cable_paras:40010] OK
[Debug] [2026-6-20 22:11:58] Begin to send initialize chain cmd...
[Debug] [2026-6-20 22:11:58] Send RPC:3
[Debug] [2026-6-20 22:11:58] Send cmd [Open config cable:20001] OK
[Debug] [2026-6-20 22:11:58] End to send initialize chain cmd.
[Debug] [2026-6-20 22:11:58] COMMAND[check version information] execute successfully, takes 0.5 secs.
[Debug] [2026-6-20 22:11:58] Log::Print : COMMAND[check version information] execute successfully, takes 0.5 secs.
[Debug] [2026-6-20 22:11:59] COMMAND[get_cable_paras] execute successfully, takes 1.3 secs.
[Debug] [2026-6-20 22:11:59] Log::Print : The cable List : 
Cable index 0:USB Cable S/ffffffffffffff9b 

[Debug] [2026-6-20 22:11:59] Log::Print : COMMAND[get_cable_paras] execute successfully, takes 1.3 secs.
[Debug] [2026-6-20 22:12:00] begin the exec of open cable cmd...
[Debug] [2026-6-20 22:12:00] Begin to deal with chain from server...
[Debug] [2026-6-20 22:12:00] Begin to set user chain...
[Debug] [2026-6-20 22:12:00] End to set user chain.
[Debug] [2026-6-20 22:12:00] Begin to update graphic item and tree item ...
[Debug] [2026-6-20 22:12:00] End to update graphic item and tree item ...
[Debug] [2026-6-20 22:12:00] Log::Print : USB Cable S cable driver: D2XX DLL
[Debug] [2026-6-20 22:12:00] Log::Print : PGL12G
[Debug] [2026-6-20 22:12:00] Log::Print : This device configure situation (done bit): 0
[Info] [2026-6-20 22:12:01] set OpenLastPath: D:/fpga_stm32/fpga_stm_fmc/fpga_stm/fpga_pgl12g/prj/project/generate_bitstream/body.sbit
[Debug] [2026-6-20 22:12:01] begin to get device info from CFG file...
[Debug] [2026-6-20 22:12:01] end to get device info from CFG file...
[Debug] [2026-6-20 22:12:01] Begin to update graphic item and tree item ...
[Debug] [2026-6-20 22:12:01] End to update graphic item and tree item ...
[Debug] [2026-6-20 22:12:01] Begin to update graphic item and tree item ...
[Debug] [2026-6-20 22:12:01] End to update graphic item and tree item ...
[Debug] [2026-6-20 22:12:01] End to deal wiht chain from server.
[Debug] [2026-6-20 22:12:01] end the exec of open cable cmd.
[Debug] [2026-6-20 22:12:01] COMMAND[Open config cable] execute successfully, takes 3.4 secs.
[Debug] [2026-6-20 22:12:01] Log::Print : COMMAND[Open config cable] execute successfully, takes 3.4 secs.
[Debug] [2026-6-20 22:12:02] Begin to send programming cmd...
[Debug] [2026-6-20 22:12:02] Send RPC:4
[Debug] [2026-6-20 22:12:02] Begin to send program data.
[Debug] [2026-6-20 22:12:02] End to send program data.
[Debug] [2026-6-20 22:12:02] Send cmd [Program:20002] OK
[Debug] [2026-6-20 22:12:03] The value of Progress is 6
[Debug] [2026-6-20 22:12:03] The value of Progress is 10
[Debug] [2026-6-20 22:12:03] The value of Progress is 15
[Debug] [2026-6-20 22:12:03] The value of Progress is 20
[Debug] [2026-6-20 22:12:03] The value of Progress is 25
[Debug] [2026-6-20 22:12:03] The value of Progress is 30
[Debug] [2026-6-20 22:12:03] The value of Progress is 35
[Debug] [2026-6-20 22:12:03] The value of Progress is 40
[Debug] [2026-6-20 22:12:03] The value of Progress is 45
[Debug] [2026-6-20 22:12:03] The value of Progress is 50
[Debug] [2026-6-20 22:12:03] The value of Progress is 55
[Debug] [2026-6-20 22:12:03] The value of Progress is 60
[Debug] [2026-6-20 22:12:03] The value of Progress is 65
[Debug] [2026-6-20 22:12:03] The value of Progress is 70
[Debug] [2026-6-20 22:12:03] The value of Progress is 75
[Debug] [2026-6-20 22:12:03] The value of Progress is 80
[Debug] [2026-6-20 22:12:03] The value of Progress is 85
[Debug] [2026-6-20 22:12:03] The value of Progress is 90
[Debug] [2026-6-20 22:12:03] The value of Progress is 95
[Debug] [2026-6-20 22:12:03] The value of Progress is 100
[Debug] [2026-6-20 22:12:03] COMMAND[Program] execute successfully, takes 0.9 secs.
[Debug] [2026-6-20 22:12:03] End to send programming cmd.
[Debug] [2026-6-20 22:12:03] Log::Print : The done bit is 1
[Debug] [2026-6-20 22:12:03] Log::Print : COMMAND[Program] execute successfully, takes 0.9 secs.
[Debug] [2026-6-21 14:15:11] Begin to send initialize chain cmd...
[Debug] [2026-6-21 14:15:11] Send RPC:5
[Debug] [2026-6-21 14:15:11] Send cmd [Open config cable:20001] OK
[Debug] [2026-6-21 14:15:11] End to send initialize chain cmd.
[Debug] [2026-6-21 14:15:12] begin the exec of open cable cmd...
[Debug] [2026-6-21 14:15:12] Begin to deal with chain from server...
[Debug] [2026-6-21 14:15:12] Begin to set user chain...
[Debug] [2026-6-21 14:15:12] End to set user chain.
[Debug] [2026-6-21 14:15:12] Begin to update graphic item and tree item ...
[Debug] [2026-6-21 14:15:12] End to update graphic item and tree item ...
[Debug] [2026-6-21 14:15:12] Log::Print : USB Cable S cable driver: D2XX DLL
[Debug] [2026-6-21 14:15:12] Log::Print : PGL12G
[Debug] [2026-6-21 14:15:12] Log::Print : This device configure situation (done bit): 0
[Info] [2026-6-21 14:15:13] set OpenLastPath: D:/fpga_stm32/fpga_stm_fmc/fpga_stm/fpga_pgl12g/prj/project/generate_bitstream/body.sbit
[Debug] [2026-6-21 14:15:13] begin to get device info from CFG file...
[Debug] [2026-6-21 14:15:13] end to get device info from CFG file...
[Debug] [2026-6-21 14:15:13] Begin to update graphic item and tree item ...
[Debug] [2026-6-21 14:15:13] End to update graphic item and tree item ...
[Debug] [2026-6-21 14:15:13] Begin to update graphic item and tree item ...
[Debug] [2026-6-21 14:15:13] End to update graphic item and tree item ...
[Debug] [2026-6-21 14:15:13] End to deal wiht chain from server.
[Debug] [2026-6-21 14:15:13] end the exec of open cable cmd.
[Debug] [2026-6-21 14:15:13] COMMAND[Open config cable] execute successfully, takes 1.3 secs.
[Debug] [2026-6-21 14:15:13] Log::Print : COMMAND[Open config cable] execute successfully, takes 1.3 secs.
[Debug] [2026-6-21 14:15:14] Begin to send programming cmd...
[Debug] [2026-6-21 14:15:14] Send RPC:6
[Debug] [2026-6-21 14:15:14] Begin to send program data.
[Debug] [2026-6-21 14:15:14] End to send program data.
[Debug] [2026-6-21 14:15:14] Send cmd [Program:20002] OK
[Debug] [2026-6-21 14:15:14] The value of Progress is 6
[Debug] [2026-6-21 14:15:14] The value of Progress is 10
[Debug] [2026-6-21 14:15:14] The value of Progress is 15
[Debug] [2026-6-21 14:15:14] The value of Progress is 20
[Debug] [2026-6-21 14:15:14] The value of Progress is 25
[Debug] [2026-6-21 14:15:14] The value of Progress is 30
[Debug] [2026-6-21 14:15:15] The value of Progress is 35
[Debug] [2026-6-21 14:15:15] The value of Progress is 40
[Debug] [2026-6-21 14:15:15] The value of Progress is 45
[Debug] [2026-6-21 14:15:15] The value of Progress is 50
[Debug] [2026-6-21 14:15:15] The value of Progress is 55
[Debug] [2026-6-21 14:15:15] The value of Progress is 60
[Debug] [2026-6-21 14:15:15] The value of Progress is 65
[Debug] [2026-6-21 14:15:15] The value of Progress is 70
[Debug] [2026-6-21 14:15:15] The value of Progress is 75
[Debug] [2026-6-21 14:15:15] The value of Progress is 80
[Debug] [2026-6-21 14:15:15] The value of Progress is 85
[Debug] [2026-6-21 14:15:15] The value of Progress is 90
[Debug] [2026-6-21 14:15:15] The value of Progress is 95
[Debug] [2026-6-21 14:15:15] The value of Progress is 100
[Debug] [2026-6-21 14:15:15] COMMAND[Program] execute successfully, takes 0.9 secs.
[Debug] [2026-6-21 14:15:15] End to send programming cmd.
[Debug] [2026-6-21 14:15:15] Log::Print : The done bit is 1
[Debug] [2026-6-21 14:15:15] Log::Print : COMMAND[Program] execute successfully, takes 0.9 secs.
[Info] [2026-6-21 14:18:38] /***************************End Configration***************************/
[Info] [2026-6-21 14:35:37] /***************************Start Configuration***************************/
[Info] [2026-6-21 14:35:37] Path: E:/fpga/Pango/PDS_2022.2-SP6.1/bin
[Info] [2026-6-21 14:35:37] Version: 138931
[Info] [2026-6-21 14:35:38] Current Path: D:/fpga_stm32/fpga_stm_fmc/fpga_stm/fpga_pgl12g/prj/project
[Info] [2026-6-21 14:35:38] PDS Dir Path: D:/fpga_stm32/fpga_stm_fmc/fpga_stm/fpga_pgl12g/prj/project
[Info] [2026-6-21 14:35:41] Configuration is not connect with server. connect first then scan chain.
[Debug] [2026-6-21 14:35:41] Client Local host name:LAPTOP-IP1UM3GN
[Debug] [2026-6-21 14:35:41] Client Local Address:10.63.232.239
[Debug] [2026-6-21 14:35:41] Client Local Address:26.169.14.102
[Debug] [2026-6-21 14:35:41] Client Local Address:192.168.1.2
[Debug] [2026-6-21 14:35:41] Server Address:127.0.0.1, Port:65420
[Debug] [2026-6-21 14:35:41] Log::Print : Connecting to server[127.0.0.1 : 65420].
[Info] [2026-6-21 14:35:42] Connect OK, Server: 127.0.0.1  Port: 65420
[Debug] [2026-6-21 14:35:42] Finish.
[Info] [2026-6-21 14:35:42] Connect server succeeded
[Debug] [2026-6-21 14:35:42] Send RPC:1
[Debug] [2026-6-21 14:35:42] Send cmd [check version information:40004] OK
[Debug] [2026-6-21 14:35:42] Log::Print : Connect to server[127.0.0.1 : 65420] successfully.
[Debug] [2026-6-21 14:35:42] Send RPC:2
[Debug] [2026-6-21 14:35:42] Send cmd [get_cable_paras:40010] OK
[Debug] [2026-6-21 14:35:42] Begin to send initialize chain cmd...
[Debug] [2026-6-21 14:35:42] Send RPC:3
[Debug] [2026-6-21 14:35:42] Send cmd [Open config cable:20001] OK
[Debug] [2026-6-21 14:35:42] End to send initialize chain cmd.
[Debug] [2026-6-21 14:35:42] COMMAND[check version information] execute successfully, takes 0.5 secs.
[Debug] [2026-6-21 14:35:42] Log::Print : COMMAND[check version information] execute successfully, takes 0.5 secs.
[Debug] [2026-6-21 14:35:44] COMMAND[get_cable_paras] execute successfully, takes 1.3 secs.
[Debug] [2026-6-21 14:35:44] Log::Print : The cable List : 
Cable index 0:USB Cable S/ffffffffffffff9b 

[Debug] [2026-6-21 14:35:44] Log::Print : COMMAND[get_cable_paras] execute successfully, takes 1.3 secs.
[Debug] [2026-6-21 14:35:44] begin the exec of open cable cmd...
[Debug] [2026-6-21 14:35:44] Begin to deal with chain from server...
[Debug] [2026-6-21 14:35:44] Begin to set user chain...
[Debug] [2026-6-21 14:35:44] End to set user chain.
[Debug] [2026-6-21 14:35:44] Begin to update graphic item and tree item ...
[Debug] [2026-6-21 14:35:44] End to update graphic item and tree item ...
[Debug] [2026-6-21 14:35:44] Log::Print : USB Cable S cable driver: D2XX DLL
[Debug] [2026-6-21 14:35:44] Log::Print : PGL12G
[Debug] [2026-6-21 14:35:44] Log::Print : This device configure situation (done bit): 0
[Info] [2026-6-21 14:35:45] set OpenLastPath: D:/fpga_stm32/fpga_stm_fmc/fpga_stm/fpga_pgl12g/prj/project/generate_bitstream/body.sbit
[Debug] [2026-6-21 14:35:45] begin to get device info from CFG file...
[Debug] [2026-6-21 14:35:45] end to get device info from CFG file...
[Debug] [2026-6-21 14:35:45] Begin to update graphic item and tree item ...
[Debug] [2026-6-21 14:35:45] End to update graphic item and tree item ...
[Debug] [2026-6-21 14:35:45] Begin to update graphic item and tree item ...
[Debug] [2026-6-21 14:35:45] End to update graphic item and tree item ...
[Debug] [2026-6-21 14:35:45] End to deal wiht chain from server.
[Debug] [2026-6-21 14:35:45] end the exec of open cable cmd.
[Debug] [2026-6-21 14:35:45] COMMAND[Open config cable] execute successfully, takes 2.9 secs.
[Debug] [2026-6-21 14:35:45] Log::Print : COMMAND[Open config cable] execute successfully, takes 2.9 secs.
[Debug] [2026-6-21 14:35:47] Begin to send programming cmd...
[Debug] [2026-6-21 14:35:47] Send RPC:4
[Debug] [2026-6-21 14:35:47] Begin to send program data.
[Debug] [2026-6-21 14:35:47] End to send program data.
[Debug] [2026-6-21 14:35:47] Send cmd [Program:20002] OK
[Debug] [2026-6-21 14:35:47] The value of Progress is 6
[Debug] [2026-6-21 14:35:47] The value of Progress is 10
[Debug] [2026-6-21 14:35:47] The value of Progress is 15
[Debug] [2026-6-21 14:35:47] The value of Progress is 20
[Debug] [2026-6-21 14:35:47] The value of Progress is 25
[Debug] [2026-6-21 14:35:47] The value of Progress is 30
[Debug] [2026-6-21 14:35:47] The value of Progress is 35
[Debug] [2026-6-21 14:35:47] The value of Progress is 40
[Debug] [2026-6-21 14:35:47] The value of Progress is 45
[Debug] [2026-6-21 14:35:47] The value of Progress is 50
[Debug] [2026-6-21 14:35:47] The value of Progress is 55
[Debug] [2026-6-21 14:35:47] The value of Progress is 60
[Debug] [2026-6-21 14:35:47] The value of Progress is 65
[Debug] [2026-6-21 14:35:47] The value of Progress is 70
[Debug] [2026-6-21 14:35:47] The value of Progress is 75
[Debug] [2026-6-21 14:35:47] The value of Progress is 80
[Debug] [2026-6-21 14:35:47] The value of Progress is 85
[Debug] [2026-6-21 14:35:47] The value of Progress is 90
[Debug] [2026-6-21 14:35:47] The value of Progress is 95
[Debug] [2026-6-21 14:35:47] The value of Progress is 100
[Debug] [2026-6-21 14:35:47] COMMAND[Program] execute successfully, takes 0.6 secs.
[Debug] [2026-6-21 14:35:47] End to send programming cmd.
[Debug] [2026-6-21 14:35:47] Log::Print : The done bit is 1
[Debug] [2026-6-21 14:35:47] Log::Print : COMMAND[Program] execute successfully, takes 0.6 secs.
[Info] [2026-6-21 14:54:07] /***************************End Configration***************************/
[Info] [2026-6-21 14:59:36] /***************************Start Configuration***************************/
[Info] [2026-6-21 14:59:36] Path: E:/fpga/Pango/PDS_2022.2-SP6.1/bin
[Info] [2026-6-21 14:59:36] Version: 138931
[Info] [2026-6-21 14:59:37] Current Path: D:/fpga_stm32/fpga_stm_fmc/fpga_stm/fpga_pgl12g/prj/project
[Info] [2026-6-21 14:59:37] PDS Dir Path: D:/fpga_stm32/fpga_stm_fmc/fpga_stm/fpga_pgl12g/prj/project
[Info] [2026-6-21 14:59:39] Configuration is not connect with server. connect first then scan chain.
[Debug] [2026-6-21 14:59:39] Client Local host name:LAPTOP-IP1UM3GN
[Debug] [2026-6-21 14:59:39] Client Local Address:10.63.232.239
[Debug] [2026-6-21 14:59:39] Client Local Address:26.169.14.102
[Debug] [2026-6-21 14:59:39] Client Local Address:192.168.1.2
[Debug] [2026-6-21 14:59:39] Server Address:127.0.0.1, Port:65420
[Debug] [2026-6-21 14:59:39] Log::Print : Connecting to server[127.0.0.1 : 65420].
[Info] [2026-6-21 14:59:39] Connect OK, Server: 127.0.0.1  Port: 65420
[Debug] [2026-6-21 14:59:39] Finish.
[Info] [2026-6-21 14:59:39] Connect server succeeded
[Debug] [2026-6-21 14:59:39] Send RPC:1
[Debug] [2026-6-21 14:59:39] Send cmd [check version information:40004] OK
[Debug] [2026-6-21 14:59:39] Log::Print : Connect to server[127.0.0.1 : 65420] successfully.
[Debug] [2026-6-21 14:59:40] Send RPC:2
[Debug] [2026-6-21 14:59:40] Send cmd [get_cable_paras:40010] OK
[Debug] [2026-6-21 14:59:40] Begin to send initialize chain cmd...
[Debug] [2026-6-21 14:59:40] Send RPC:3
[Debug] [2026-6-21 14:59:40] Send cmd [Open config cable:20001] OK
[Debug] [2026-6-21 14:59:40] End to send initialize chain cmd.
[Debug] [2026-6-21 14:59:40] COMMAND[check version information] execute successfully, takes 0.5 secs.
[Debug] [2026-6-21 14:59:40] Log::Print : COMMAND[check version information] execute successfully, takes 0.5 secs.
[Debug] [2026-6-21 14:59:41] COMMAND[get_cable_paras] execute successfully, takes 1.3 secs.
[Debug] [2026-6-21 14:59:41] Log::Print : The cable List : 
Cable index 0:USB Cable S/ffffffffffffff9b 

[Debug] [2026-6-21 14:59:41] Log::Print : COMMAND[get_cable_paras] execute successfully, takes 1.3 secs.
[Debug] [2026-6-21 14:59:42] begin the exec of open cable cmd...
[Debug] [2026-6-21 14:59:42] Begin to deal with chain from server...
[Debug] [2026-6-21 14:59:42] Begin to set user chain...
[Debug] [2026-6-21 14:59:42] End to set user chain.
[Debug] [2026-6-21 14:59:42] Begin to update graphic item and tree item ...
[Debug] [2026-6-21 14:59:42] End to update graphic item and tree item ...
[Debug] [2026-6-21 14:59:42] Log::Print : USB Cable S cable driver: D2XX DLL
[Debug] [2026-6-21 14:59:42] Log::Print : PGL12G
[Debug] [2026-6-21 14:59:42] Log::Print : This device configure situation (done bit): 0
[Info] [2026-6-21 14:59:43] set OpenLastPath: D:/fpga_stm32/fpga_stm_fmc/fpga_stm/fpga_pgl12g/prj/project/generate_bitstream/body.sbit
[Debug] [2026-6-21 14:59:43] begin to get device info from CFG file...
[Debug] [2026-6-21 14:59:43] end to get device info from CFG file...
[Debug] [2026-6-21 14:59:43] Begin to update graphic item and tree item ...
[Debug] [2026-6-21 14:59:43] End to update graphic item and tree item ...
[Debug] [2026-6-21 14:59:43] Begin to update graphic item and tree item ...
[Debug] [2026-6-21 14:59:43] End to update graphic item and tree item ...
[Debug] [2026-6-21 14:59:43] End to deal wiht chain from server.
[Debug] [2026-6-21 14:59:43] end the exec of open cable cmd.
[Debug] [2026-6-21 14:59:43] COMMAND[Open config cable] execute successfully, takes 2.8 secs.
[Debug] [2026-6-21 14:59:43] Log::Print : COMMAND[Open config cable] execute successfully, takes 2.8 secs.
[Debug] [2026-6-21 14:59:44] Begin to send programming cmd...
[Debug] [2026-6-21 14:59:44] Send RPC:4
[Debug] [2026-6-21 14:59:44] Begin to send program data.
[Debug] [2026-6-21 14:59:44] End to send program data.
[Debug] [2026-6-21 14:59:44] Send cmd [Program:20002] OK
[Debug] [2026-6-21 14:59:44] The value of Progress is 6
[Debug] [2026-6-21 14:59:44] The value of Progress is 10
[Debug] [2026-6-21 14:59:44] The value of Progress is 15
[Debug] [2026-6-21 14:59:44] The value of Progress is 20
[Debug] [2026-6-21 14:59:44] The value of Progress is 25
[Debug] [2026-6-21 14:59:44] The value of Progress is 30
[Debug] [2026-6-21 14:59:44] The value of Progress is 35
[Debug] [2026-6-21 14:59:44] The value of Progress is 40
[Debug] [2026-6-21 14:59:44] The value of Progress is 45
[Debug] [2026-6-21 14:59:44] The value of Progress is 50
[Debug] [2026-6-21 14:59:44] The value of Progress is 55
[Debug] [2026-6-21 14:59:44] The value of Progress is 60
[Debug] [2026-6-21 14:59:44] The value of Progress is 65
[Debug] [2026-6-21 14:59:44] The value of Progress is 70
[Debug] [2026-6-21 14:59:44] The value of Progress is 75
[Debug] [2026-6-21 14:59:44] The value of Progress is 80
[Debug] [2026-6-21 14:59:44] The value of Progress is 85
[Debug] [2026-6-21 14:59:44] The value of Progress is 90
[Debug] [2026-6-21 14:59:44] The value of Progress is 95
[Debug] [2026-6-21 14:59:44] The value of Progress is 100
[Debug] [2026-6-21 14:59:44] COMMAND[Program] execute successfully, takes 0.9 secs.
[Debug] [2026-6-21 14:59:44] End to send programming cmd.
[Debug] [2026-6-21 14:59:44] Log::Print : The done bit is 1
[Debug] [2026-6-21 14:59:45] Log::Print : COMMAND[Program] execute successfully, takes 0.9 secs.
[Debug] [2026-6-21 15:06:20] Begin to send initialize chain cmd...
[Debug] [2026-6-21 15:06:20] Send RPC:5
[Debug] [2026-6-21 15:06:20] Send cmd [Open config cable:20001] OK
[Debug] [2026-6-21 15:06:20] End to send initialize chain cmd.
[Debug] [2026-6-21 15:06:20] begin the exec of open cable cmd...
[Debug] [2026-6-21 15:06:20] Begin to deal with chain from server...
[Debug] [2026-6-21 15:06:20] Begin to set user chain...
[Debug] [2026-6-21 15:06:20] End to set user chain.
[Debug] [2026-6-21 15:06:20] Begin to update graphic item and tree item ...
[Debug] [2026-6-21 15:06:20] End to update graphic item and tree item ...
[Debug] [2026-6-21 15:06:20] Log::Print : USB Cable S cable driver: D2XX DLL
[Debug] [2026-6-21 15:06:20] Log::Print : PGL12G
[Debug] [2026-6-21 15:06:20] Log::Print : This device configure situation (done bit): 0
[Info] [2026-6-21 15:06:22] set OpenLastPath: D:/fpga_stm32/fpga_stm_fmc/fpga_stm/fpga_pgl12g/prj/project/generate_bitstream/body.sbit
[Debug] [2026-6-21 15:06:22] begin to get device info from CFG file...
[Debug] [2026-6-21 15:06:22] end to get device info from CFG file...
[Debug] [2026-6-21 15:06:22] Begin to update graphic item and tree item ...
[Debug] [2026-6-21 15:06:22] End to update graphic item and tree item ...
[Debug] [2026-6-21 15:06:22] Begin to update graphic item and tree item ...
[Debug] [2026-6-21 15:06:22] End to update graphic item and tree item ...
[Debug] [2026-6-21 15:06:22] End to deal wiht chain from server.
[Debug] [2026-6-21 15:06:22] end the exec of open cable cmd.
[Debug] [2026-6-21 15:06:22] COMMAND[Open config cable] execute successfully, takes 1.9 secs.
[Debug] [2026-6-21 15:06:22] Log::Print : COMMAND[Open config cable] execute successfully, takes 1.9 secs.
[Debug] [2026-6-21 15:06:23] Begin to send programming cmd...
[Debug] [2026-6-21 15:06:23] Send RPC:6
[Debug] [2026-6-21 15:06:23] Begin to send program data.
[Debug] [2026-6-21 15:06:23] End to send program data.
[Debug] [2026-6-21 15:06:23] Send cmd [Program:20002] OK
[Debug] [2026-6-21 15:06:23] The value of Progress is 6
[Debug] [2026-6-21 15:06:23] The value of Progress is 10
[Debug] [2026-6-21 15:06:23] The value of Progress is 15
[Debug] [2026-6-21 15:06:23] The value of Progress is 20
[Debug] [2026-6-21 15:06:23] The value of Progress is 25
[Debug] [2026-6-21 15:06:23] The value of Progress is 30
[Debug] [2026-6-21 15:06:23] The value of Progress is 35
[Debug] [2026-6-21 15:06:23] The value of Progress is 40
[Debug] [2026-6-21 15:06:23] The value of Progress is 45
[Debug] [2026-6-21 15:06:23] The value of Progress is 50
[Debug] [2026-6-21 15:06:23] The value of Progress is 55
[Debug] [2026-6-21 15:06:23] The value of Progress is 60
[Debug] [2026-6-21 15:06:23] The value of Progress is 65
[Debug] [2026-6-21 15:06:23] The value of Progress is 70
[Debug] [2026-6-21 15:06:23] The value of Progress is 75
[Debug] [2026-6-21 15:06:23] The value of Progress is 80
[Debug] [2026-6-21 15:06:23] The value of Progress is 85
[Debug] [2026-6-21 15:06:23] The value of Progress is 90
[Debug] [2026-6-21 15:06:23] The value of Progress is 95
[Debug] [2026-6-21 15:06:23] The value of Progress is 100
[Debug] [2026-6-21 15:06:24] COMMAND[Program] execute successfully, takes 0.9 secs.
[Debug] [2026-6-21 15:06:24] End to send programming cmd.
[Debug] [2026-6-21 15:06:24] Log::Print : The done bit is 1
[Debug] [2026-6-21 15:06:24] Log::Print : COMMAND[Program] execute successfully, takes 0.9 secs.
[Debug] [2026-6-21 15:07:25] Begin to send initialize chain cmd...
[Debug] [2026-6-21 15:07:25] Send RPC:7
[Debug] [2026-6-21 15:07:25] Send cmd [Open config cable:20001] OK
[Debug] [2026-6-21 15:07:25] End to send initialize chain cmd.
[Debug] [2026-6-21 15:07:26] begin the exec of open cable cmd...
[Debug] [2026-6-21 15:07:26] Begin to deal with chain from server...
[Debug] [2026-6-21 15:07:26] Begin to set user chain...
[Debug] [2026-6-21 15:07:26] End to set user chain.
[Debug] [2026-6-21 15:07:26] Begin to update graphic item and tree item ...
[Debug] [2026-6-21 15:07:26] End to update graphic item and tree item ...
[Debug] [2026-6-21 15:07:26] Log::Print : USB Cable S cable driver: D2XX DLL
[Debug] [2026-6-21 15:07:26] Log::Print : PGL12G
[Debug] [2026-6-21 15:07:26] Log::Print : This device configure situation (done bit): 1
[Info] [2026-6-21 15:07:27] set OpenLastPath: D:/fpga_stm32/fpga_stm_fmc/fpga_stm/fpga_pgl12g/prj/project/generate_bitstream/body.sbit
[Debug] [2026-6-21 15:07:27] begin to get device info from CFG file...
[Debug] [2026-6-21 15:07:27] end to get device info from CFG file...
[Debug] [2026-6-21 15:07:27] Begin to update graphic item and tree item ...
[Debug] [2026-6-21 15:07:27] End to update graphic item and tree item ...
[Debug] [2026-6-21 15:07:27] Begin to update graphic item and tree item ...
[Debug] [2026-6-21 15:07:27] End to update graphic item and tree item ...
[Debug] [2026-6-21 15:07:27] End to deal wiht chain from server.
[Debug] [2026-6-21 15:07:27] end the exec of open cable cmd.
[Debug] [2026-6-21 15:07:27] COMMAND[Open config cable] execute successfully, takes 1.3 secs.
[Debug] [2026-6-21 15:07:27] Log::Print : COMMAND[Open config cable] execute successfully, takes 1.3 secs.
[Debug] [2026-6-21 15:07:27] Begin to send programming cmd...
[Debug] [2026-6-21 15:07:27] Send RPC:8
[Debug] [2026-6-21 15:07:27] Begin to send program data.
[Debug] [2026-6-21 15:07:27] End to send program data.
[Debug] [2026-6-21 15:07:27] Send cmd [Program:20002] OK
[Debug] [2026-6-21 15:07:28] The value of Progress is 6
[Debug] [2026-6-21 15:07:28] The value of Progress is 10
[Debug] [2026-6-21 15:07:28] The value of Progress is 15
[Debug] [2026-6-21 15:07:28] The value of Progress is 20
[Debug] [2026-6-21 15:07:28] The value of Progress is 25
[Debug] [2026-6-21 15:07:28] The value of Progress is 30
[Debug] [2026-6-21 15:07:28] The value of Progress is 35
[Debug] [2026-6-21 15:07:28] The value of Progress is 40
[Debug] [2026-6-21 15:07:28] The value of Progress is 45
[Debug] [2026-6-21 15:07:28] The value of Progress is 50
[Debug] [2026-6-21 15:07:28] The value of Progress is 55
[Debug] [2026-6-21 15:07:28] The value of Progress is 60
[Debug] [2026-6-21 15:07:28] The value of Progress is 65
[Debug] [2026-6-21 15:07:28] The value of Progress is 70
[Debug] [2026-6-21 15:07:28] The value of Progress is 75
[Debug] [2026-6-21 15:07:28] The value of Progress is 80
[Debug] [2026-6-21 15:07:28] The value of Progress is 85
[Debug] [2026-6-21 15:07:28] The value of Progress is 90
[Debug] [2026-6-21 15:07:28] The value of Progress is 95
[Debug] [2026-6-21 15:07:28] The value of Progress is 100
[Debug] [2026-6-21 15:07:28] COMMAND[Program] execute successfully, takes 0.9 secs.
[Debug] [2026-6-21 15:07:28] End to send programming cmd.
[Debug] [2026-6-21 15:07:28] Log::Print : The done bit is 1
[Debug] [2026-6-21 15:07:28] Log::Print : COMMAND[Program] execute successfully, takes 0.9 secs.
[Debug] [2026-6-21 15:24:12] Begin to send initialize chain cmd...
[Debug] [2026-6-21 15:24:12] Send RPC:9
[Debug] [2026-6-21 15:24:12] Send cmd [Open config cable:20001] OK
[Debug] [2026-6-21 15:24:12] End to send initialize chain cmd.
[Debug] [2026-6-21 15:24:12] begin the exec of open cable cmd...
[Debug] [2026-6-21 15:24:12] Begin to deal with chain from server...
[Debug] [2026-6-21 15:24:12] Begin to set user chain...
[Debug] [2026-6-21 15:24:12] End to set user chain.
[Debug] [2026-6-21 15:24:12] Begin to update graphic item and tree item ...
[Debug] [2026-6-21 15:24:12] End to update graphic item and tree item ...
[Debug] [2026-6-21 15:24:12] Log::Print : USB Cable S cable driver: D2XX DLL
[Debug] [2026-6-21 15:24:12] Log::Print : PGL12G
[Debug] [2026-6-21 15:24:12] Log::Print : This device configure situation (done bit): 1
[Info] [2026-6-21 15:24:14] set OpenLastPath: D:/fpga_stm32/fpga_stm_fmc/fpga_stm/fpga_pgl12g/prj/project/generate_bitstream/body.sbit
[Debug] [2026-6-21 15:24:14] begin to get device info from CFG file...
[Debug] [2026-6-21 15:24:14] end to get device info from CFG file...
[Debug] [2026-6-21 15:24:14] Begin to update graphic item and tree item ...
[Debug] [2026-6-21 15:24:14] End to update graphic item and tree item ...
[Debug] [2026-6-21 15:24:14] Begin to update graphic item and tree item ...
[Debug] [2026-6-21 15:24:14] End to update graphic item and tree item ...
[Debug] [2026-6-21 15:24:14] End to deal wiht chain from server.
[Debug] [2026-6-21 15:24:14] end the exec of open cable cmd.
[Debug] [2026-6-21 15:24:14] COMMAND[Open config cable] execute successfully, takes 2.5 secs.
[Debug] [2026-6-21 15:24:14] Log::Print : COMMAND[Open config cable] execute successfully, takes 2.5 secs.
[Debug] [2026-6-21 15:24:16] Begin to send programming cmd...
[Debug] [2026-6-21 15:24:16] Send RPC:10
[Debug] [2026-6-21 15:24:16] Begin to send program data.
[Debug] [2026-6-21 15:24:16] End to send program data.
[Debug] [2026-6-21 15:24:16] Send cmd [Program:20002] OK
[Debug] [2026-6-21 15:24:16] The value of Progress is 6
[Debug] [2026-6-21 15:24:16] The value of Progress is 10
[Debug] [2026-6-21 15:24:16] The value of Progress is 15
[Debug] [2026-6-21 15:24:16] The value of Progress is 20
[Debug] [2026-6-21 15:24:16] The value of Progress is 25
[Debug] [2026-6-21 15:24:16] The value of Progress is 30
[Debug] [2026-6-21 15:24:16] The value of Progress is 35
[Debug] [2026-6-21 15:24:17] The value of Progress is 40
[Debug] [2026-6-21 15:24:17] The value of Progress is 45
[Debug] [2026-6-21 15:24:17] The value of Progress is 50
[Debug] [2026-6-21 15:24:17] The value of Progress is 55
[Debug] [2026-6-21 15:24:17] The value of Progress is 60
[Debug] [2026-6-21 15:24:17] The value of Progress is 65
[Debug] [2026-6-21 15:24:17] The value of Progress is 70
[Debug] [2026-6-21 15:24:17] The value of Progress is 75
[Debug] [2026-6-21 15:24:17] The value of Progress is 80
[Debug] [2026-6-21 15:24:17] The value of Progress is 85
[Debug] [2026-6-21 15:24:17] The value of Progress is 90
[Debug] [2026-6-21 15:24:17] The value of Progress is 95
[Debug] [2026-6-21 15:24:17] The value of Progress is 100
[Debug] [2026-6-21 15:24:17] COMMAND[Program] execute successfully, takes 0.9 secs.
[Debug] [2026-6-21 15:24:17] End to send programming cmd.
[Debug] [2026-6-21 15:24:17] Log::Print : The done bit is 1
[Debug] [2026-6-21 15:24:17] Log::Print : COMMAND[Program] execute successfully, takes 0.9 secs.
[Info] [2026-6-21 15:24:19] /***************************End Configration***************************/
[Info] [2026-6-21 15:38:21] /***************************Start Configuration***************************/
[Info] [2026-6-21 15:38:21] Path: E:/fpga/Pango/PDS_2022.2-SP6.1/bin
[Info] [2026-6-21 15:38:21] Version: 138931
[Info] [2026-6-21 15:38:22] Current Path: D:/fpga_stm32/fpga_stm_fmc/fpga_stm/fpga_pgl12g/prj/project
[Info] [2026-6-21 15:38:22] PDS Dir Path: D:/fpga_stm32/fpga_stm_fmc/fpga_stm/fpga_pgl12g/prj/project
[Info] [2026-6-21 15:38:29] Configuration is not connect with server. connect first then scan chain.
[Debug] [2026-6-21 15:38:29] Client Local host name:LAPTOP-IP1UM3GN
[Debug] [2026-6-21 15:38:29] Client Local Address:10.63.232.239
[Debug] [2026-6-21 15:38:29] Client Local Address:26.169.14.102
[Debug] [2026-6-21 15:38:29] Client Local Address:192.168.1.2
[Debug] [2026-6-21 15:38:29] Server Address:127.0.0.1, Port:65420
[Debug] [2026-6-21 15:38:29] Log::Print : Connecting to server[127.0.0.1 : 65420].
[Info] [2026-6-21 15:38:29] Connect OK, Server: 127.0.0.1  Port: 65420
[Debug] [2026-6-21 15:38:29] Finish.
[Info] [2026-6-21 15:38:29] Connect server succeeded
[Debug] [2026-6-21 15:38:29] Send RPC:1
[Debug] [2026-6-21 15:38:29] Send cmd [check version information:40004] OK
[Debug] [2026-6-21 15:38:29] Log::Print : Connect to server[127.0.0.1 : 65420] successfully.
[Debug] [2026-6-21 15:38:30] Send RPC:2
[Debug] [2026-6-21 15:38:30] Send cmd [get_cable_paras:40010] OK
[Debug] [2026-6-21 15:38:30] Begin to send initialize chain cmd...
[Debug] [2026-6-21 15:38:30] Send RPC:3
[Debug] [2026-6-21 15:38:30] Send cmd [Open config cable:20001] OK
[Debug] [2026-6-21 15:38:30] End to send initialize chain cmd.
[Debug] [2026-6-21 15:38:30] COMMAND[check version information] execute successfully, takes 0.5 secs.
[Debug] [2026-6-21 15:38:30] Log::Print : COMMAND[check version information] execute successfully, takes 0.5 secs.
[Debug] [2026-6-21 15:38:31] COMMAND[get_cable_paras] execute successfully, takes 1.3 secs.
[Debug] [2026-6-21 15:38:31] Log::Print : The cable List : 
Cable index 0:USB Cable S/ffffffffffffff9b 

[Debug] [2026-6-21 15:38:31] Log::Print : COMMAND[get_cable_paras] execute successfully, takes 1.3 secs.
[Debug] [2026-6-21 15:38:32] begin the exec of open cable cmd...
[Debug] [2026-6-21 15:38:32] Begin to deal with chain from server...
[Debug] [2026-6-21 15:38:32] Begin to set user chain...
[Debug] [2026-6-21 15:38:32] End to set user chain.
[Debug] [2026-6-21 15:38:32] Begin to update graphic item and tree item ...
[Debug] [2026-6-21 15:38:32] End to update graphic item and tree item ...
[Debug] [2026-6-21 15:38:32] Log::Print : USB Cable S cable driver: D2XX DLL
[Debug] [2026-6-21 15:38:32] Log::Print : PGL12G
[Debug] [2026-6-21 15:38:32] Log::Print : This device configure situation (done bit): 1
[Info] [2026-6-21 15:38:33] set OpenLastPath: D:/fpga_stm32/fpga_stm_fmc/fpga_stm/fpga_pgl12g/prj/project/generate_bitstream/body.sbit
[Debug] [2026-6-21 15:38:33] begin to get device info from CFG file...
[Debug] [2026-6-21 15:38:33] end to get device info from CFG file...
[Debug] [2026-6-21 15:38:33] Begin to update graphic item and tree item ...
[Debug] [2026-6-21 15:38:33] End to update graphic item and tree item ...
[Debug] [2026-6-21 15:38:33] Begin to update graphic item and tree item ...
[Debug] [2026-6-21 15:38:33] End to update graphic item and tree item ...
[Debug] [2026-6-21 15:38:33] End to deal wiht chain from server.
[Debug] [2026-6-21 15:38:33] end the exec of open cable cmd.
[Debug] [2026-6-21 15:38:33] COMMAND[Open config cable] execute successfully, takes 2.7 secs.
[Debug] [2026-6-21 15:38:33] Log::Print : COMMAND[Open config cable] execute successfully, takes 2.7 secs.
[Debug] [2026-6-21 15:38:34] Begin to send programming cmd...
[Debug] [2026-6-21 15:38:34] Send RPC:4
[Debug] [2026-6-21 15:38:34] Begin to send program data.
[Debug] [2026-6-21 15:38:34] End to send program data.
[Debug] [2026-6-21 15:38:34] Send cmd [Program:20002] OK
[Debug] [2026-6-21 15:38:34] The value of Progress is 6
[Debug] [2026-6-21 15:38:34] The value of Progress is 10
[Debug] [2026-6-21 15:38:34] The value of Progress is 15
[Debug] [2026-6-21 15:38:34] The value of Progress is 20
[Debug] [2026-6-21 15:38:34] The value of Progress is 25
[Debug] [2026-6-21 15:38:34] The value of Progress is 30
[Debug] [2026-6-21 15:38:34] The value of Progress is 35
[Debug] [2026-6-21 15:38:34] The value of Progress is 40
[Debug] [2026-6-21 15:38:34] The value of Progress is 45
[Debug] [2026-6-21 15:38:34] The value of Progress is 50
[Debug] [2026-6-21 15:38:35] The value of Progress is 55
[Debug] [2026-6-21 15:38:35] The value of Progress is 60
[Debug] [2026-6-21 15:38:35] The value of Progress is 65
[Debug] [2026-6-21 15:38:35] The value of Progress is 70
[Debug] [2026-6-21 15:38:35] The value of Progress is 75
[Debug] [2026-6-21 15:38:35] The value of Progress is 80
[Debug] [2026-6-21 15:38:35] The value of Progress is 85
[Debug] [2026-6-21 15:38:35] The value of Progress is 90
[Debug] [2026-6-21 15:38:35] The value of Progress is 95
[Debug] [2026-6-21 15:38:35] The value of Progress is 100
[Debug] [2026-6-21 15:38:35] COMMAND[Program] execute successfully, takes 0.9 secs.
[Debug] [2026-6-21 15:38:35] End to send programming cmd.
[Debug] [2026-6-21 15:38:35] Log::Print : The done bit is 1
[Debug] [2026-6-21 15:38:35] Log::Print : COMMAND[Program] execute successfully, takes 0.9 secs.
[Debug] [2026-6-21 15:49:46] Begin to send programming cmd...
[Debug] [2026-6-21 15:49:46] Send RPC:5
[Debug] [2026-6-21 15:49:46] Begin to send program data.
[Debug] [2026-6-21 15:49:46] End to send program data.
[Debug] [2026-6-21 15:49:46] Send cmd [Program:20002] OK
[Debug] [2026-6-21 15:49:47] The value of Progress is 6
[Debug] [2026-6-21 15:49:47] The value of Progress is 10
[Debug] [2026-6-21 15:49:47] The value of Progress is 15
[Debug] [2026-6-21 15:49:47] The value of Progress is 20
[Debug] [2026-6-21 15:49:47] The value of Progress is 25
[Debug] [2026-6-21 15:49:47] The value of Progress is 30
[Debug] [2026-6-21 15:49:47] The value of Progress is 35
[Debug] [2026-6-21 15:49:47] The value of Progress is 40
[Debug] [2026-6-21 15:49:47] The value of Progress is 45
[Debug] [2026-6-21 15:49:47] The value of Progress is 50
[Debug] [2026-6-21 15:49:47] The value of Progress is 55
[Debug] [2026-6-21 15:49:47] The value of Progress is 60
[Debug] [2026-6-21 15:49:47] The value of Progress is 65
[Debug] [2026-6-21 15:49:47] The value of Progress is 70
[Debug] [2026-6-21 15:49:47] The value of Progress is 75
[Debug] [2026-6-21 15:49:47] The value of Progress is 80
[Debug] [2026-6-21 15:49:47] The value of Progress is 85
[Debug] [2026-6-21 15:49:47] The value of Progress is 90
[Debug] [2026-6-21 15:49:47] The value of Progress is 95
[Debug] [2026-6-21 15:49:47] The value of Progress is 100
[Debug] [2026-6-21 15:49:47] COMMAND[Program] execute successfully, takes 0.9 secs.
[Debug] [2026-6-21 15:49:47] End to send programming cmd.
[Debug] [2026-6-21 15:49:47] Log::Print : The done bit is 1
[Debug] [2026-6-21 15:49:47] Log::Print : COMMAND[Program] execute successfully, takes 0.9 secs.
[Debug] [2026-6-21 16:43:38] Begin to send initialize chain cmd...
[Debug] [2026-6-21 16:43:38] Send RPC:6
[Debug] [2026-6-21 16:43:38] Send cmd [Open config cable:20001] OK
[Debug] [2026-6-21 16:43:38] End to send initialize chain cmd.
[Debug] [2026-6-21 16:43:38] begin the exec of open cable cmd...
[Debug] [2026-6-21 16:43:38] Begin to deal with chain from server...
[Debug] [2026-6-21 16:43:38] Begin to set user chain...
[Debug] [2026-6-21 16:43:38] End to set user chain.
[Debug] [2026-6-21 16:43:38] Begin to update graphic item and tree item ...
[Debug] [2026-6-21 16:43:38] End to update graphic item and tree item ...
[Debug] [2026-6-21 16:43:38] Log::Print : USB Cable S cable driver: D2XX DLL
[Debug] [2026-6-21 16:43:38] Log::Print : PGL12G
[Debug] [2026-6-21 16:43:38] Log::Print : This device configure situation (done bit): 0
[Info] [2026-6-21 16:43:39] set OpenLastPath: D:/fpga_stm32/fpga_stm_fmc/fpga_stm/fpga_pgl12g/prj/project/generate_bitstream/body.sbit
[Debug] [2026-6-21 16:43:39] begin to get device info from CFG file...
[Debug] [2026-6-21 16:43:39] end to get device info from CFG file...
[Debug] [2026-6-21 16:43:39] Begin to update graphic item and tree item ...
[Debug] [2026-6-21 16:43:39] End to update graphic item and tree item ...
[Debug] [2026-6-21 16:43:39] Begin to update graphic item and tree item ...
[Debug] [2026-6-21 16:43:39] End to update graphic item and tree item ...
[Debug] [2026-6-21 16:43:39] End to deal wiht chain from server.
[Debug] [2026-6-21 16:43:39] end the exec of open cable cmd.
[Debug] [2026-6-21 16:43:39] COMMAND[Open config cable] execute successfully, takes 1.1 secs.
[Debug] [2026-6-21 16:43:39] Log::Print : COMMAND[Open config cable] execute successfully, takes 1.1 secs.
[Debug] [2026-6-21 16:43:40] Begin to send programming cmd...
[Debug] [2026-6-21 16:43:40] Send RPC:7
[Debug] [2026-6-21 16:43:40] Begin to send program data.
[Debug] [2026-6-21 16:43:40] End to send program data.
[Debug] [2026-6-21 16:43:40] Send cmd [Program:20002] OK
[Debug] [2026-6-21 16:43:40] The value of Progress is 6
[Debug] [2026-6-21 16:43:40] The value of Progress is 10
[Debug] [2026-6-21 16:43:40] The value of Progress is 15
[Debug] [2026-6-21 16:43:40] The value of Progress is 20
[Debug] [2026-6-21 16:43:40] The value of Progress is 25
[Debug] [2026-6-21 16:43:40] The value of Progress is 30
[Debug] [2026-6-21 16:43:40] The value of Progress is 35
[Debug] [2026-6-21 16:43:40] The value of Progress is 40
[Debug] [2026-6-21 16:43:40] The value of Progress is 45
[Debug] [2026-6-21 16:43:40] The value of Progress is 50
[Debug] [2026-6-21 16:43:40] The value of Progress is 55
[Debug] [2026-6-21 16:43:40] The value of Progress is 60
[Debug] [2026-6-21 16:43:40] The value of Progress is 65
[Debug] [2026-6-21 16:43:40] The value of Progress is 70
[Debug] [2026-6-21 16:43:40] The value of Progress is 75
[Debug] [2026-6-21 16:43:40] The value of Progress is 80
[Debug] [2026-6-21 16:43:40] The value of Progress is 85
[Debug] [2026-6-21 16:43:40] The value of Progress is 90
[Debug] [2026-6-21 16:43:40] The value of Progress is 95
[Debug] [2026-6-21 16:43:40] The value of Progress is 100
[Debug] [2026-6-21 16:43:44] Begin to send abort process cmd.
[Debug] [2026-6-21 16:43:44] Begin to flush aborting cmd. 
[Debug] [2026-6-21 16:43:44] End to flush aborting cmd. 
[Debug] [2026-6-21 16:43:44] End to send abort process cmd.
[Debug] [2026-6-21 16:43:44] End to send programming cmd.
[Error] [2026-6-21 16:43:44] MsgOut: Configuration-0005: Try to abort Programming.
[Error] [2026-6-21 16:43:45] fail to exec Program cmd...
[Error] [2026-6-21 16:43:45] MsgOut: JtagServer-0311: Init in IR is not high.
[Warn] [2026-6-21 16:43:45] MsgOut: The crc_err bit is high.
[Error] [2026-6-21 16:43:45] MsgOut: Configuration-0008: The command 'Program' execute fail.
[Info] [2026-6-21 16:43:45] /***************************End Configration***************************/
[Info] [2026-6-21 16:43:52] /***************************Start Configuration***************************/
[Info] [2026-6-21 16:43:52] Path: E:/fpga/Pango/PDS_2022.2-SP6.1/bin
[Info] [2026-6-21 16:43:52] Version: 138931
[Info] [2026-6-21 16:43:53] Current Path: D:/fpga_stm32/fpga_stm_fmc/fpga_stm/fpga_pgl12g/prj/project
[Info] [2026-6-21 16:43:53] PDS Dir Path: D:/fpga_stm32/fpga_stm_fmc/fpga_stm/fpga_pgl12g/prj/project
[Info] [2026-6-21 16:43:55] Configuration is not connect with server. connect first then scan chain.
[Debug] [2026-6-21 16:43:55] Client Local host name:LAPTOP-IP1UM3GN
[Debug] [2026-6-21 16:43:55] Client Local Address:10.63.232.239
[Debug] [2026-6-21 16:43:55] Client Local Address:26.169.14.102
[Debug] [2026-6-21 16:43:55] Client Local Address:192.168.1.2
[Debug] [2026-6-21 16:43:55] Server Address:127.0.0.1, Port:65420
[Debug] [2026-6-21 16:43:55] Log::Print : Connecting to server[127.0.0.1 : 65420].
[Info] [2026-6-21 16:43:56] Connect OK, Server: 127.0.0.1  Port: 65420
[Debug] [2026-6-21 16:43:56] Finish.
[Info] [2026-6-21 16:43:56] Connect server succeeded
[Debug] [2026-6-21 16:43:56] Send RPC:1
[Debug] [2026-6-21 16:43:56] Send cmd [check version information:40004] OK
[Debug] [2026-6-21 16:43:56] Log::Print : Connect to server[127.0.0.1 : 65420] successfully.
[Debug] [2026-6-21 16:43:56] Send RPC:2
[Debug] [2026-6-21 16:43:56] Send cmd [get_cable_paras:40010] OK
[Debug] [2026-6-21 16:43:56] Begin to send initialize chain cmd...
[Debug] [2026-6-21 16:43:56] Send RPC:3
[Debug] [2026-6-21 16:43:56] Send cmd [Open config cable:20001] OK
[Debug] [2026-6-21 16:43:56] End to send initialize chain cmd.
[Debug] [2026-6-21 16:43:56] COMMAND[check version information] execute successfully, takes 0.5 secs.
[Debug] [2026-6-21 16:43:56] Log::Print : COMMAND[check version information] execute successfully, takes 0.5 secs.
[Debug] [2026-6-21 16:43:58] COMMAND[get_cable_paras] execute successfully, takes 1.3 secs.
[Debug] [2026-6-21 16:43:58] Log::Print : The cable List : 
Cable index 0:USB Cable S/ffffffffffffff9b 

[Debug] [2026-6-21 16:43:58] Log::Print : COMMAND[get_cable_paras] execute successfully, takes 1.3 secs.
[Debug] [2026-6-21 16:43:58] begin the exec of open cable cmd...
[Debug] [2026-6-21 16:43:58] Begin to deal with chain from server...
[Debug] [2026-6-21 16:43:58] Begin to set user chain...
[Debug] [2026-6-21 16:43:58] End to set user chain.
[Debug] [2026-6-21 16:43:58] Begin to update graphic item and tree item ...
[Debug] [2026-6-21 16:43:58] End to update graphic item and tree item ...
[Debug] [2026-6-21 16:43:58] Log::Print : USB Cable S cable driver: D2XX DLL
[Debug] [2026-6-21 16:43:58] Log::Print : PGL12G
[Debug] [2026-6-21 16:43:58] Log::Print : This device configure situation (done bit): 0
[Info] [2026-6-21 16:43:59] set OpenLastPath: D:/fpga_stm32/fpga_stm_fmc/fpga_stm/fpga_pgl12g/prj/project/generate_bitstream/body.sbit
[Debug] [2026-6-21 16:43:59] begin to get device info from CFG file...
[Debug] [2026-6-21 16:43:59] end to get device info from CFG file...
[Debug] [2026-6-21 16:43:59] Begin to update graphic item and tree item ...
[Debug] [2026-6-21 16:43:59] End to update graphic item and tree item ...
[Debug] [2026-6-21 16:43:59] Begin to update graphic item and tree item ...
[Debug] [2026-6-21 16:43:59] End to update graphic item and tree item ...
[Debug] [2026-6-21 16:43:59] End to deal wiht chain from server.
[Debug] [2026-6-21 16:43:59] end the exec of open cable cmd.
[Debug] [2026-6-21 16:43:59] COMMAND[Open config cable] execute successfully, takes 2.5 secs.
[Debug] [2026-6-21 16:43:59] Log::Print : COMMAND[Open config cable] execute successfully, takes 2.5 secs.
[Debug] [2026-6-21 16:44:01] Begin to send programming cmd...
[Debug] [2026-6-21 16:44:01] Send RPC:4
[Debug] [2026-6-21 16:44:01] Begin to send program data.
[Debug] [2026-6-21 16:44:01] End to send program data.
[Debug] [2026-6-21 16:44:01] Send cmd [Program:20002] OK
[Debug] [2026-6-21 16:44:01] The value of Progress is 6
[Debug] [2026-6-21 16:44:01] The value of Progress is 10
[Debug] [2026-6-21 16:44:01] The value of Progress is 15
[Debug] [2026-6-21 16:44:01] The value of Progress is 20
[Debug] [2026-6-21 16:44:01] The value of Progress is 25
[Debug] [2026-6-21 16:44:01] The value of Progress is 30
[Debug] [2026-6-21 16:44:01] The value of Progress is 35
[Debug] [2026-6-21 16:44:01] The value of Progress is 40
[Debug] [2026-6-21 16:44:01] The value of Progress is 45
[Debug] [2026-6-21 16:44:01] The value of Progress is 50
[Debug] [2026-6-21 16:44:01] The value of Progress is 55
[Debug] [2026-6-21 16:44:01] The value of Progress is 60
[Debug] [2026-6-21 16:44:01] The value of Progress is 65
[Debug] [2026-6-21 16:44:01] The value of Progress is 70
[Debug] [2026-6-21 16:44:01] The value of Progress is 75
[Debug] [2026-6-21 16:44:01] The value of Progress is 80
[Debug] [2026-6-21 16:44:01] The value of Progress is 85
[Debug] [2026-6-21 16:44:01] The value of Progress is 90
[Debug] [2026-6-21 16:44:01] The value of Progress is 95
[Debug] [2026-6-21 16:44:01] The value of Progress is 100
[Error] [2026-6-21 16:44:01] fail to exec Program cmd...
[Debug] [2026-6-21 16:44:01] End to send programming cmd.
[Error] [2026-6-21 16:44:01] MsgOut: JtagServer-0312: DONE pin did not go high.
[Error] [2026-6-21 16:44:01] MsgOut: Configuration-0008: The command 'Program' execute fail.
[Info] [2026-6-21 16:44:06] /***************************End Configration***************************/
[Info] [2026-6-21 16:44:17] /***************************Start Configuration***************************/
[Info] [2026-6-21 16:44:17] Path: E:/fpga/Pango/PDS_2022.2-SP6.1/bin
[Info] [2026-6-21 16:44:17] Version: 138931
[Info] [2026-6-21 16:44:18] Current Path: D:/fpga_stm32/fpga_stm_fmc/fpga_stm/fpga_pgl12g/prj/project
[Info] [2026-6-21 16:44:18] PDS Dir Path: D:/fpga_stm32/fpga_stm_fmc/fpga_stm/fpga_pgl12g/prj/project
[Info] [2026-6-21 16:44:21] Configuration is not connect with server. connect first then scan chain.
[Debug] [2026-6-21 16:44:21] Client Local host name:LAPTOP-IP1UM3GN
[Debug] [2026-6-21 16:44:21] Client Local Address:10.63.232.239
[Debug] [2026-6-21 16:44:21] Client Local Address:26.169.14.102
[Debug] [2026-6-21 16:44:21] Client Local Address:192.168.1.2
[Debug] [2026-6-21 16:44:21] Server Address:127.0.0.1, Port:65420
[Debug] [2026-6-21 16:44:21] Log::Print : Connecting to server[127.0.0.1 : 65420].
[Info] [2026-6-21 16:44:22] Connect OK, Server: 127.0.0.1  Port: 65420
[Debug] [2026-6-21 16:44:22] Finish.
[Info] [2026-6-21 16:44:22] Connect server succeeded
[Debug] [2026-6-21 16:44:22] Send RPC:1
[Debug] [2026-6-21 16:44:22] Send cmd [check version information:40004] OK
[Debug] [2026-6-21 16:44:22] Log::Print : Connect to server[127.0.0.1 : 65420] successfully.
[Debug] [2026-6-21 16:44:22] Send RPC:2
[Debug] [2026-6-21 16:44:22] Send cmd [get_cable_paras:40010] OK
[Debug] [2026-6-21 16:44:22] Begin to send initialize chain cmd...
[Debug] [2026-6-21 16:44:22] Send RPC:3
[Debug] [2026-6-21 16:44:22] Send cmd [Open config cable:20001] OK
[Debug] [2026-6-21 16:44:22] End to send initialize chain cmd.
[Debug] [2026-6-21 16:44:22] COMMAND[check version information] execute successfully, takes 0.5 secs.
[Debug] [2026-6-21 16:44:22] Log::Print : COMMAND[check version information] execute successfully, takes 0.5 secs.
[Debug] [2026-6-21 16:44:23] COMMAND[get_cable_paras] execute successfully, takes 1.3 secs.
[Debug] [2026-6-21 16:44:23] Log::Print : The cable List : 
Cable index 0:USB Cable S/ffffffffffffff9b 

[Debug] [2026-6-21 16:44:23] Log::Print : COMMAND[get_cable_paras] execute successfully, takes 1.3 secs.
[Debug] [2026-6-21 16:44:24] begin the exec of open cable cmd...
[Debug] [2026-6-21 16:44:24] Begin to deal with chain from server...
[Debug] [2026-6-21 16:44:24] Begin to set user chain...
[Debug] [2026-6-21 16:44:24] End to set user chain.
[Debug] [2026-6-21 16:44:24] Begin to update graphic item and tree item ...
[Debug] [2026-6-21 16:44:24] End to update graphic item and tree item ...
[Debug] [2026-6-21 16:44:24] Log::Print : USB Cable S cable driver: D2XX DLL
[Debug] [2026-6-21 16:44:24] Log::Print : PGL12G
[Debug] [2026-6-21 16:44:24] Log::Print : This device configure situation (done bit): 0
[Info] [2026-6-21 16:44:25] set OpenLastPath: D:/fpga_stm32/fpga_stm_fmc/fpga_stm/fpga_pgl12g/prj/project/generate_bitstream/body.sbit
[Debug] [2026-6-21 16:44:25] begin to get device info from CFG file...
[Debug] [2026-6-21 16:44:25] end to get device info from CFG file...
[Debug] [2026-6-21 16:44:25] Begin to update graphic item and tree item ...
[Debug] [2026-6-21 16:44:25] End to update graphic item and tree item ...
[Debug] [2026-6-21 16:44:25] Begin to update graphic item and tree item ...
[Debug] [2026-6-21 16:44:25] End to update graphic item and tree item ...
[Debug] [2026-6-21 16:44:25] End to deal wiht chain from server.
[Debug] [2026-6-21 16:44:25] end the exec of open cable cmd.
[Debug] [2026-6-21 16:44:25] COMMAND[Open config cable] execute successfully, takes 2.6 secs.
[Debug] [2026-6-21 16:44:25] Log::Print : COMMAND[Open config cable] execute successfully, takes 2.6 secs.
[Debug] [2026-6-21 16:44:26] Begin to send programming cmd...
[Debug] [2026-6-21 16:44:26] Send RPC:4
[Debug] [2026-6-21 16:44:26] Begin to send program data.
[Debug] [2026-6-21 16:44:26] End to send program data.
[Debug] [2026-6-21 16:44:26] Send cmd [Program:20002] OK
[Debug] [2026-6-21 16:44:26] The value of Progress is 6
[Debug] [2026-6-21 16:44:26] The value of Progress is 10
[Debug] [2026-6-21 16:44:26] The value of Progress is 15
[Debug] [2026-6-21 16:44:26] The value of Progress is 20
[Debug] [2026-6-21 16:44:26] The value of Progress is 25
[Debug] [2026-6-21 16:44:26] The value of Progress is 30
[Debug] [2026-6-21 16:44:26] The value of Progress is 35
[Debug] [2026-6-21 16:44:26] The value of Progress is 40
[Debug] [2026-6-21 16:44:26] The value of Progress is 45
[Debug] [2026-6-21 16:44:26] The value of Progress is 50
[Debug] [2026-6-21 16:44:26] The value of Progress is 55
[Debug] [2026-6-21 16:44:26] The value of Progress is 60
[Debug] [2026-6-21 16:44:26] The value of Progress is 65
[Debug] [2026-6-21 16:44:26] The value of Progress is 70
[Debug] [2026-6-21 16:44:26] The value of Progress is 75
[Debug] [2026-6-21 16:44:26] The value of Progress is 80
[Debug] [2026-6-21 16:44:26] The value of Progress is 85
[Debug] [2026-6-21 16:44:26] The value of Progress is 90
[Debug] [2026-6-21 16:44:26] The value of Progress is 95
[Debug] [2026-6-21 16:44:26] The value of Progress is 100
[Debug] [2026-6-21 16:44:27] COMMAND[Program] execute successfully, takes 0.9 secs.
[Debug] [2026-6-21 16:44:27] End to send programming cmd.
[Debug] [2026-6-21 16:44:27] Log::Print : The done bit is 1
[Debug] [2026-6-21 16:44:27] Log::Print : COMMAND[Program] execute successfully, takes 0.9 secs.
[Debug] [2026-6-21 16:51:53] Begin to send programming cmd...
[Debug] [2026-6-21 16:51:53] Send RPC:5
[Debug] [2026-6-21 16:51:53] Begin to send program data.
[Debug] [2026-6-21 16:51:53] End to send program data.
[Debug] [2026-6-21 16:51:53] Send cmd [Program:20002] OK
[Error] [2026-6-21 16:51:53] fail to exec Program cmd...
[Debug] [2026-6-21 16:51:53] End to send programming cmd.
[Error] [2026-6-21 16:51:53] MsgOut: JtagServer-0309: The idcode read from the device doesn't match. Device id is 0x63, expected id is 0x501899.
[Error] [2026-6-21 16:51:53] MsgOut: Configuration-0008: The command 'Program' execute fail.
[Debug] [2026-6-21 16:52:03] Begin to send programming cmd...
[Debug] [2026-6-21 16:52:03] Send RPC:6
[Debug] [2026-6-21 16:52:03] Begin to send program data.
[Debug] [2026-6-21 16:52:03] End to send program data.
[Debug] [2026-6-21 16:52:03] Send cmd [Program:20002] OK
[Debug] [2026-6-21 16:52:03] The value of Progress is 6
[Debug] [2026-6-21 16:52:03] The value of Progress is 10
[Debug] [2026-6-21 16:52:03] The value of Progress is 15
[Debug] [2026-6-21 16:52:03] The value of Progress is 20
[Debug] [2026-6-21 16:52:03] The value of Progress is 25
[Debug] [2026-6-21 16:52:03] The value of Progress is 30
[Debug] [2026-6-21 16:52:03] The value of Progress is 35
[Debug] [2026-6-21 16:52:03] The value of Progress is 40
[Debug] [2026-6-21 16:52:03] The value of Progress is 45
[Debug] [2026-6-21 16:52:03] The value of Progress is 50
[Debug] [2026-6-21 16:52:03] The value of Progress is 55
[Debug] [2026-6-21 16:52:03] The value of Progress is 60
[Debug] [2026-6-21 16:52:03] The value of Progress is 65
[Debug] [2026-6-21 16:52:03] The value of Progress is 70
[Debug] [2026-6-21 16:52:03] The value of Progress is 75
[Debug] [2026-6-21 16:52:03] The value of Progress is 80
[Debug] [2026-6-21 16:52:03] The value of Progress is 85
[Debug] [2026-6-21 16:52:03] The value of Progress is 90
[Debug] [2026-6-21 16:52:03] The value of Progress is 95
[Debug] [2026-6-21 16:52:03] The value of Progress is 100
[Debug] [2026-6-21 16:52:04] COMMAND[Program] execute successfully, takes 0.9 secs.
[Debug] [2026-6-21 16:52:04] End to send programming cmd.
[Debug] [2026-6-21 16:52:04] Log::Print : The done bit is 1
[Debug] [2026-6-21 16:52:04] Log::Print : COMMAND[Program] execute successfully, takes 0.9 secs.
[Info] [2026-6-21 16:52:06] /***************************End Configration***************************/
[Info] [2026-6-21 17:09:24] /***************************Start Configuration***************************/
[Info] [2026-6-21 17:09:24] Path: E:/fpga/Pango/PDS_2022.2-SP6.1/bin
[Info] [2026-6-21 17:09:24] Version: 138931
[Info] [2026-6-21 17:09:25] Current Path: D:/fpga_stm32/fpga_stm_fmc/fpga_stm/fpga_pgl12g/prj/project
[Info] [2026-6-21 17:09:25] PDS Dir Path: D:/fpga_stm32/fpga_stm_fmc/fpga_stm/fpga_pgl12g/prj/project
[Info] [2026-6-21 17:09:29] Configuration is not connect with server. connect first then scan chain.
[Debug] [2026-6-21 17:09:29] Client Local host name:LAPTOP-IP1UM3GN
[Debug] [2026-6-21 17:09:29] Client Local Address:10.63.232.239
[Debug] [2026-6-21 17:09:29] Client Local Address:26.169.14.102
[Debug] [2026-6-21 17:09:29] Client Local Address:192.168.1.2
[Debug] [2026-6-21 17:09:29] Server Address:127.0.0.1, Port:65420
[Debug] [2026-6-21 17:09:29] Log::Print : Connecting to server[127.0.0.1 : 65420].
[Info] [2026-6-21 17:09:30] Connect OK, Server: 127.0.0.1  Port: 65420
[Debug] [2026-6-21 17:09:30] Finish.
[Info] [2026-6-21 17:09:30] Connect server succeeded
[Debug] [2026-6-21 17:09:30] Send RPC:1
[Debug] [2026-6-21 17:09:30] Send cmd [check version information:40004] OK
[Debug] [2026-6-21 17:09:30] Log::Print : Connect to server[127.0.0.1 : 65420] successfully.
[Debug] [2026-6-21 17:09:30] Send RPC:2
[Debug] [2026-6-21 17:09:30] Send cmd [get_cable_paras:40010] OK
[Debug] [2026-6-21 17:09:30] Begin to send initialize chain cmd...
[Debug] [2026-6-21 17:09:30] Send RPC:3
[Debug] [2026-6-21 17:09:30] Send cmd [Open config cable:20001] OK
[Debug] [2026-6-21 17:09:30] End to send initialize chain cmd.
[Debug] [2026-6-21 17:09:30] COMMAND[check version information] execute successfully, takes 0.4 secs.
[Debug] [2026-6-21 17:09:30] Log::Print : COMMAND[check version information] execute successfully, takes 0.4 secs.
[Debug] [2026-6-21 17:09:32] COMMAND[get_cable_paras] execute successfully, takes 1.2 secs.
[Error] [2026-6-21 17:09:32] fail to exec Open config cable cmd...
[Debug] [2026-6-21 17:09:32] Log::Print : The cable List : 

[Debug] [2026-6-21 17:09:32] Log::Print : COMMAND[get_cable_paras] execute successfully, takes 1.2 secs.
[Error] [2026-6-21 17:09:32] MsgOut: JtagServer-0306: No devices detected while scanning the JTAG chain, failed detecting JTAG device chain.
[Warn] [2026-6-21 17:09:32] MsgOut: Please check the device power, cable connection situation and whether put the chip in the right way or not.
   If these do not work, try to restart the software.
[Error] [2026-6-21 17:09:32] MsgOut: Configuration-0008: The command 'Open config cable' execute fail.
[Debug] [2026-6-21 17:09:41] Begin to send initialize chain cmd...
[Debug] [2026-6-21 17:09:41] Send RPC:4
[Debug] [2026-6-21 17:09:41] Send cmd [Open config cable:20001] OK
[Debug] [2026-6-21 17:09:41] End to send initialize chain cmd.
[Error] [2026-6-21 17:09:41] fail to exec Open config cable cmd...
[Error] [2026-6-21 17:09:41] MsgOut: JtagServer-0306: No devices detected while scanning the JTAG chain, failed detecting JTAG device chain.
[Warn] [2026-6-21 17:09:41] MsgOut: Please check the device power, cable connection situation and whether put the chip in the right way or not.
   If these do not work, try to restart the software.
[Error] [2026-6-21 17:09:41] MsgOut: Configuration-0008: The command 'Open config cable' execute fail.
[Info] [2026-6-21 17:09:43] /***************************End Configration***************************/
[Info] [2026-6-21 17:10:05] /***************************Start Configuration***************************/
[Info] [2026-6-21 17:10:05] Path: E:/fpga/Pango/PDS_2022.2-SP6.1/bin
[Info] [2026-6-21 17:10:05] Version: 138931
[Info] [2026-6-21 17:10:06] Current Path: D:/fpga_stm32/fpga_stm_fmc/fpga_stm/fpga_pgl12g/prj/project
[Info] [2026-6-21 17:10:06] PDS Dir Path: D:/fpga_stm32/fpga_stm_fmc/fpga_stm/fpga_pgl12g/prj/project
[Info] [2026-6-21 17:10:09] Configuration is not connect with server. connect first then scan chain.
[Debug] [2026-6-21 17:10:09] Client Local host name:LAPTOP-IP1UM3GN
[Debug] [2026-6-21 17:10:09] Client Local Address:10.63.232.239
[Debug] [2026-6-21 17:10:09] Client Local Address:26.169.14.102
[Debug] [2026-6-21 17:10:09] Client Local Address:192.168.1.2
[Debug] [2026-6-21 17:10:09] Server Address:127.0.0.1, Port:65420
[Debug] [2026-6-21 17:10:09] Log::Print : Connecting to server[127.0.0.1 : 65420].
[Info] [2026-6-21 17:10:09] Connect OK, Server: 127.0.0.1  Port: 65420
[Debug] [2026-6-21 17:10:09] Finish.
[Info] [2026-6-21 17:10:09] Connect server succeeded
[Debug] [2026-6-21 17:10:09] Send RPC:1
[Debug] [2026-6-21 17:10:09] Send cmd [check version information:40004] OK
[Debug] [2026-6-21 17:10:09] Log::Print : Connect to server[127.0.0.1 : 65420] successfully.
[Debug] [2026-6-21 17:10:10] Send RPC:2
[Debug] [2026-6-21 17:10:10] Send cmd [get_cable_paras:40010] OK
[Debug] [2026-6-21 17:10:10] Begin to send initialize chain cmd...
[Debug] [2026-6-21 17:10:10] Send RPC:3
[Debug] [2026-6-21 17:10:10] Send cmd [Open config cable:20001] OK
[Debug] [2026-6-21 17:10:10] End to send initialize chain cmd.
[Debug] [2026-6-21 17:10:10] COMMAND[check version information] execute successfully, takes 0.5 secs.
[Debug] [2026-6-21 17:10:10] Log::Print : COMMAND[check version information] execute successfully, takes 0.5 secs.
[Debug] [2026-6-21 17:10:11] COMMAND[get_cable_paras] execute successfully, takes 1.3 secs.
[Debug] [2026-6-21 17:10:11] Log::Print : The cable List : 
Cable index 0:USB Cable S/ffffffffffffff9b 

[Debug] [2026-6-21 17:10:11] Log::Print : COMMAND[get_cable_paras] execute successfully, takes 1.3 secs.
[Debug] [2026-6-21 17:10:11] begin the exec of open cable cmd...
[Debug] [2026-6-21 17:10:11] Begin to deal with chain from server...
[Debug] [2026-6-21 17:10:11] Begin to set user chain...
[Debug] [2026-6-21 17:10:11] End to set user chain.
[Debug] [2026-6-21 17:10:11] Begin to update graphic item and tree item ...
[Debug] [2026-6-21 17:10:11] End to update graphic item and tree item ...
[Debug] [2026-6-21 17:10:11] Log::Print : USB Cable S cable driver: D2XX DLL
[Debug] [2026-6-21 17:10:11] Log::Print : PGL12G
[Debug] [2026-6-21 17:10:11] Log::Print : This device configure situation (done bit): 0
[Info] [2026-6-21 17:10:12] set OpenLastPath: D:/fpga_stm32/fpga_stm_fmc/fpga_stm/fpga_pgl12g/prj/project/generate_bitstream/body.sbit
[Debug] [2026-6-21 17:10:12] begin to get device info from CFG file...
[Debug] [2026-6-21 17:10:12] end to get device info from CFG file...
[Debug] [2026-6-21 17:10:12] Begin to update graphic item and tree item ...
[Debug] [2026-6-21 17:10:12] End to update graphic item and tree item ...
[Debug] [2026-6-21 17:10:12] Begin to update graphic item and tree item ...
[Debug] [2026-6-21 17:10:12] End to update graphic item and tree item ...
[Debug] [2026-6-21 17:10:12] End to deal wiht chain from server.
[Debug] [2026-6-21 17:10:12] end the exec of open cable cmd.
[Debug] [2026-6-21 17:10:12] COMMAND[Open config cable] execute successfully, takes 2.8 secs.
[Debug] [2026-6-21 17:10:12] Log::Print : COMMAND[Open config cable] execute successfully, takes 2.8 secs.
[Debug] [2026-6-21 17:10:14] Begin to send programming cmd...
[Debug] [2026-6-21 17:10:14] Send RPC:4
[Debug] [2026-6-21 17:10:14] Begin to send program data.
[Debug] [2026-6-21 17:10:14] End to send program data.
[Debug] [2026-6-21 17:10:14] Send cmd [Program:20002] OK
[Debug] [2026-6-21 17:10:14] The value of Progress is 6
[Debug] [2026-6-21 17:10:14] The value of Progress is 10
[Debug] [2026-6-21 17:10:14] The value of Progress is 15
[Debug] [2026-6-21 17:10:14] The value of Progress is 20
[Debug] [2026-6-21 17:10:14] The value of Progress is 25
[Debug] [2026-6-21 17:10:14] The value of Progress is 30
[Debug] [2026-6-21 17:10:14] The value of Progress is 35
[Debug] [2026-6-21 17:10:15] The value of Progress is 40
[Debug] [2026-6-21 17:10:15] The value of Progress is 45
[Debug] [2026-6-21 17:10:15] The value of Progress is 50
[Debug] [2026-6-21 17:10:15] The value of Progress is 55
[Debug] [2026-6-21 17:10:15] The value of Progress is 60
[Debug] [2026-6-21 17:10:15] The value of Progress is 65
[Debug] [2026-6-21 17:10:15] The value of Progress is 70
[Debug] [2026-6-21 17:10:15] The value of Progress is 75
[Debug] [2026-6-21 17:10:15] The value of Progress is 80
[Debug] [2026-6-21 17:10:15] The value of Progress is 85
[Debug] [2026-6-21 17:10:15] The value of Progress is 90
[Debug] [2026-6-21 17:10:15] The value of Progress is 95
[Debug] [2026-6-21 17:10:15] The value of Progress is 100
[Debug] [2026-6-21 17:10:15] COMMAND[Program] execute successfully, takes 0.9 secs.
[Debug] [2026-6-21 17:10:15] End to send programming cmd.
[Debug] [2026-6-21 17:10:15] Log::Print : The done bit is 1
[Debug] [2026-6-21 17:10:15] Log::Print : COMMAND[Program] execute successfully, takes 0.9 secs.
[Debug] [2026-6-21 18:34:01] Begin to send initialize chain cmd...
[Debug] [2026-6-21 18:34:01] Send RPC:5
[Debug] [2026-6-21 18:34:01] Send cmd [Open config cable:20001] OK
[Debug] [2026-6-21 18:34:01] End to send initialize chain cmd.
[Error] [2026-6-21 18:34:01] fail to exec Open config cable cmd...
[Error] [2026-6-21 18:34:01] MsgOut: JtagServer-0001: No USB Cable S cable was found in system.
[Error] [2026-6-21 18:34:01] MsgOut: JtagServer-0306: No devices detected while scanning the JTAG chain, failed detecting JTAG device chain.
[Warn] [2026-6-21 18:34:01] MsgOut: Please check the device power, cable connection situation and whether put the chip in the right way or not.
   If these do not work, try to restart the software.
[Error] [2026-6-21 18:34:01] MsgOut: Configuration-0008: The command 'Open config cable' execute fail.
[Debug] [2026-6-21 18:34:01] Begin to send initialize chain cmd...
[Debug] [2026-6-21 18:34:01] Send RPC:6
[Debug] [2026-6-21 18:34:01] Send cmd [Open config cable:20001] OK
[Debug] [2026-6-21 18:34:01] End to send initialize chain cmd.
[Error] [2026-6-21 18:34:01] fail to exec Open config cable cmd...
[Error] [2026-6-21 18:34:01] MsgOut: JtagServer-0001: No USB Cable S cable was found in system.
[Error] [2026-6-21 18:34:01] MsgOut: JtagServer-0306: No devices detected while scanning the JTAG chain, failed detecting JTAG device chain.
[Warn] [2026-6-21 18:34:01] MsgOut: Please check the device power, cable connection situation and whether put the chip in the right way or not.
   If these do not work, try to restart the software.
[Error] [2026-6-21 18:34:01] MsgOut: Configuration-0008: The command 'Open config cable' execute fail.
[Debug] [2026-6-21 18:34:13] Begin to send initialize chain cmd...
[Debug] [2026-6-21 18:34:13] Send RPC:7
[Debug] [2026-6-21 18:34:13] Send cmd [Open config cable:20001] OK
[Debug] [2026-6-21 18:34:13] End to send initialize chain cmd.
[Debug] [2026-6-21 18:34:14] begin the exec of open cable cmd...
[Debug] [2026-6-21 18:34:14] Begin to deal with chain from server...
[Debug] [2026-6-21 18:34:14] Begin to set user chain...
[Debug] [2026-6-21 18:34:14] End to set user chain.
[Debug] [2026-6-21 18:34:14] Begin to update graphic item and tree item ...
[Debug] [2026-6-21 18:34:14] End to update graphic item and tree item ...
[Debug] [2026-6-21 18:34:14] Log::Print : USB Cable S cable driver: D2XX DLL
[Debug] [2026-6-21 18:34:14] Log::Print : PGL12G
[Debug] [2026-6-21 18:34:14] Log::Print : This device configure situation (done bit): 0
[Info] [2026-6-21 18:34:15] set OpenLastPath: D:/fpga_stm32/fpga_stm_fmc/fpga_stm/fpga_pgl12g/prj/project/generate_bitstream/body.sbit
[Debug] [2026-6-21 18:34:15] begin to get device info from CFG file...
[Debug] [2026-6-21 18:34:15] end to get device info from CFG file...
[Debug] [2026-6-21 18:34:15] Begin to update graphic item and tree item ...
[Debug] [2026-6-21 18:34:15] End to update graphic item and tree item ...
[Debug] [2026-6-21 18:34:15] Begin to update graphic item and tree item ...
[Debug] [2026-6-21 18:34:15] End to update graphic item and tree item ...
[Debug] [2026-6-21 18:34:15] End to deal wiht chain from server.
[Debug] [2026-6-21 18:34:15] end the exec of open cable cmd.
[Debug] [2026-6-21 18:34:15] COMMAND[Open config cable] execute successfully, takes 1.5 secs.
[Debug] [2026-6-21 18:34:15] Log::Print : COMMAND[Open config cable] execute successfully, takes 1.5 secs.
[Debug] [2026-6-21 18:34:16] Begin to send programming cmd...
[Debug] [2026-6-21 18:34:16] Send RPC:8
[Debug] [2026-6-21 18:34:16] Begin to send program data.
[Debug] [2026-6-21 18:34:16] End to send program data.
[Debug] [2026-6-21 18:34:16] Send cmd [Program:20002] OK
[Debug] [2026-6-21 18:34:16] The value of Progress is 6
[Debug] [2026-6-21 18:34:16] The value of Progress is 10
[Debug] [2026-6-21 18:34:16] The value of Progress is 15
[Debug] [2026-6-21 18:34:16] The value of Progress is 20
[Debug] [2026-6-21 18:34:16] The value of Progress is 25
[Debug] [2026-6-21 18:34:16] The value of Progress is 30
[Debug] [2026-6-21 18:34:16] The value of Progress is 35
[Debug] [2026-6-21 18:34:16] The value of Progress is 40
[Debug] [2026-6-21 18:34:16] The value of Progress is 45
[Debug] [2026-6-21 18:34:16] The value of Progress is 50
[Debug] [2026-6-21 18:34:16] The value of Progress is 55
[Debug] [2026-6-21 18:34:16] The value of Progress is 60
[Debug] [2026-6-21 18:34:16] The value of Progress is 65
[Debug] [2026-6-21 18:34:16] The value of Progress is 70
[Debug] [2026-6-21 18:34:16] The value of Progress is 75
[Debug] [2026-6-21 18:34:16] The value of Progress is 80
[Debug] [2026-6-21 18:34:16] The value of Progress is 85
[Debug] [2026-6-21 18:34:16] The value of Progress is 90
[Debug] [2026-6-21 18:34:16] The value of Progress is 95
[Debug] [2026-6-21 18:34:17] The value of Progress is 100
[Debug] [2026-6-21 18:34:17] COMMAND[Program] execute successfully, takes 0.9 secs.
[Debug] [2026-6-21 18:34:17] End to send programming cmd.
[Debug] [2026-6-21 18:34:17] Log::Print : The done bit is 1
[Debug] [2026-6-21 18:34:17] Log::Print : COMMAND[Program] execute successfully, takes 0.9 secs.
[Debug] [2026-6-21 21:03:34] Begin to send programming cmd...
[Debug] [2026-6-21 21:03:34] Send RPC:9
[Debug] [2026-6-21 21:03:34] Begin to send program data.
[Debug] [2026-6-21 21:03:34] End to send program data.
[Debug] [2026-6-21 21:03:34] Send cmd [Program:20002] OK
[Debug] [2026-6-21 21:03:35] The value of Progress is 6
[Debug] [2026-6-21 21:03:35] The value of Progress is 10
[Debug] [2026-6-21 21:03:35] The value of Progress is 15
[Debug] [2026-6-21 21:03:35] The value of Progress is 20
[Debug] [2026-6-21 21:03:35] The value of Progress is 25
[Debug] [2026-6-21 21:03:35] The value of Progress is 30
[Debug] [2026-6-21 21:03:35] The value of Progress is 35
[Debug] [2026-6-21 21:03:35] The value of Progress is 40
[Debug] [2026-6-21 21:03:35] The value of Progress is 45
[Debug] [2026-6-21 21:03:35] The value of Progress is 50
[Debug] [2026-6-21 21:03:35] The value of Progress is 55
[Debug] [2026-6-21 21:03:35] The value of Progress is 60
[Debug] [2026-6-21 21:03:35] The value of Progress is 65
[Debug] [2026-6-21 21:03:35] The value of Progress is 70
[Debug] [2026-6-21 21:03:35] The value of Progress is 75
[Debug] [2026-6-21 21:03:35] The value of Progress is 80
[Debug] [2026-6-21 21:03:35] The value of Progress is 85
[Debug] [2026-6-21 21:03:35] The value of Progress is 90
[Debug] [2026-6-21 21:03:35] The value of Progress is 95
[Debug] [2026-6-21 21:03:35] The value of Progress is 100
[Error] [2026-6-21 21:03:35] fail to exec Program cmd...
[Debug] [2026-6-21 21:03:35] End to send programming cmd.
[Error] [2026-6-21 21:03:35] MsgOut: JtagServer-0312: DONE pin did not go high.
[Error] [2026-6-21 21:03:35] MsgOut: Configuration-0008: The command 'Program' execute fail.
[Info] [2026-6-21 21:03:43] /***************************End Configration***************************/
[Info] [2026-6-21 21:03:51] /***************************Start Configuration***************************/
[Info] [2026-6-21 21:03:51] Path: E:/fpga/Pango/PDS_2022.2-SP6.1/bin
[Info] [2026-6-21 21:03:51] Version: 138931
[Info] [2026-6-21 21:03:52] Current Path: D:/fpga_stm32/fpga_stm_fmc/fpga_stm/fpga_pgl12g/prj/project
[Info] [2026-6-21 21:03:52] PDS Dir Path: D:/fpga_stm32/fpga_stm_fmc/fpga_stm/fpga_pgl12g/prj/project
[Info] [2026-6-21 21:03:57] Configuration is not connect with server. connect first then scan chain.
[Debug] [2026-6-21 21:03:57] Client Local host name:LAPTOP-IP1UM3GN
[Debug] [2026-6-21 21:03:57] Client Local Address:10.63.232.239
[Debug] [2026-6-21 21:03:57] Client Local Address:26.169.14.102
[Debug] [2026-6-21 21:03:57] Client Local Address:192.168.1.2
[Debug] [2026-6-21 21:03:57] Server Address:127.0.0.1, Port:65420
[Debug] [2026-6-21 21:03:57] Log::Print : Connecting to server[127.0.0.1 : 65420].
[Info] [2026-6-21 21:03:58] Connect OK, Server: 127.0.0.1  Port: 65420
[Debug] [2026-6-21 21:03:58] Finish.
[Info] [2026-6-21 21:03:58] Connect server succeeded
[Debug] [2026-6-21 21:03:58] Send RPC:1
[Debug] [2026-6-21 21:03:58] Send cmd [check version information:40004] OK
[Debug] [2026-6-21 21:03:58] Log::Print : Connect to server[127.0.0.1 : 65420] successfully.
[Debug] [2026-6-21 21:03:58] Send RPC:2
[Debug] [2026-6-21 21:03:58] Send cmd [get_cable_paras:40010] OK
[Debug] [2026-6-21 21:03:58] Begin to send initialize chain cmd...
[Debug] [2026-6-21 21:03:58] Send RPC:3
[Debug] [2026-6-21 21:03:58] Send cmd [Open config cable:20001] OK
[Debug] [2026-6-21 21:03:58] End to send initialize chain cmd.
[Debug] [2026-6-21 21:03:58] COMMAND[check version information] execute successfully, takes 0.4 secs.
[Debug] [2026-6-21 21:03:58] Log::Print : COMMAND[check version information] execute successfully, takes 0.4 secs.
[Debug] [2026-6-21 21:04:00] COMMAND[get_cable_paras] execute successfully, takes 1.3 secs.
[Debug] [2026-6-21 21:04:00] Log::Print : The cable List : 
Cable index 0:USB Cable S/ffffffffffffff9b 

[Debug] [2026-6-21 21:04:00] Log::Print : COMMAND[get_cable_paras] execute successfully, takes 1.3 secs.
[Debug] [2026-6-21 21:04:00] begin the exec of open cable cmd...
[Debug] [2026-6-21 21:04:00] Begin to deal with chain from server...
[Debug] [2026-6-21 21:04:00] Begin to set user chain...
[Debug] [2026-6-21 21:04:00] End to set user chain.
[Debug] [2026-6-21 21:04:00] Begin to update graphic item and tree item ...
[Debug] [2026-6-21 21:04:00] End to update graphic item and tree item ...
[Debug] [2026-6-21 21:04:00] Log::Print : USB Cable S cable driver: D2XX DLL
[Debug] [2026-6-21 21:04:00] Log::Print : PGL12G
[Debug] [2026-6-21 21:04:00] Log::Print : This device configure situation (done bit): 0
[Info] [2026-6-21 21:04:01] set OpenLastPath: D:/fpga_stm32/fpga_stm_fmc/fpga_stm/fpga_pgl12g/prj/project/generate_bitstream/body.sbit
[Debug] [2026-6-21 21:04:01] begin to get device info from CFG file...
[Debug] [2026-6-21 21:04:01] end to get device info from CFG file...
[Debug] [2026-6-21 21:04:01] Begin to update graphic item and tree item ...
[Debug] [2026-6-21 21:04:01] End to update graphic item and tree item ...
[Debug] [2026-6-21 21:04:01] Begin to update graphic item and tree item ...
[Debug] [2026-6-21 21:04:01] End to update graphic item and tree item ...
[Debug] [2026-6-21 21:04:01] End to deal wiht chain from server.
[Debug] [2026-6-21 21:04:01] end the exec of open cable cmd.
[Debug] [2026-6-21 21:04:01] COMMAND[Open config cable] execute successfully, takes 2.8 secs.
[Debug] [2026-6-21 21:04:01] Log::Print : COMMAND[Open config cable] execute successfully, takes 2.8 secs.
[Debug] [2026-6-21 21:04:02] Begin to send programming cmd...
[Debug] [2026-6-21 21:04:02] Send RPC:4
[Debug] [2026-6-21 21:04:02] Begin to send program data.
[Debug] [2026-6-21 21:04:02] End to send program data.
[Debug] [2026-6-21 21:04:02] Send cmd [Program:20002] OK
[Debug] [2026-6-21 21:04:03] The value of Progress is 6
[Debug] [2026-6-21 21:04:03] The value of Progress is 10
[Debug] [2026-6-21 21:04:03] The value of Progress is 15
[Debug] [2026-6-21 21:04:03] The value of Progress is 20
[Debug] [2026-6-21 21:04:03] The value of Progress is 25
[Debug] [2026-6-21 21:04:03] The value of Progress is 30
[Debug] [2026-6-21 21:04:03] The value of Progress is 35
[Debug] [2026-6-21 21:04:03] The value of Progress is 40
[Debug] [2026-6-21 21:04:03] The value of Progress is 45
[Debug] [2026-6-21 21:04:03] The value of Progress is 50
[Debug] [2026-6-21 21:04:03] The value of Progress is 55
[Debug] [2026-6-21 21:04:03] The value of Progress is 60
[Debug] [2026-6-21 21:04:03] The value of Progress is 65
[Debug] [2026-6-21 21:04:03] The value of Progress is 70
[Debug] [2026-6-21 21:04:03] The value of Progress is 75
[Debug] [2026-6-21 21:04:03] The value of Progress is 80
[Debug] [2026-6-21 21:04:03] The value of Progress is 85
[Debug] [2026-6-21 21:04:03] The value of Progress is 90
[Debug] [2026-6-21 21:04:03] The value of Progress is 95
[Debug] [2026-6-21 21:04:03] The value of Progress is 100
[Debug] [2026-6-21 21:04:03] COMMAND[Program] execute successfully, takes 0.9 secs.
[Debug] [2026-6-21 21:04:03] End to send programming cmd.
[Debug] [2026-6-21 21:04:03] Log::Print : The done bit is 1
[Debug] [2026-6-21 21:04:03] Log::Print : COMMAND[Program] execute successfully, takes 0.9 secs.
[Debug] [2026-6-21 21:13:41] Begin to send programming cmd...
[Debug] [2026-6-21 21:13:41] Send RPC:5
[Debug] [2026-6-21 21:13:41] Begin to send program data.
[Debug] [2026-6-21 21:13:41] End to send program data.
[Debug] [2026-6-21 21:13:41] Send cmd [Program:20002] OK
[Debug] [2026-6-21 21:13:42] The value of Progress is 6
[Debug] [2026-6-21 21:13:42] The value of Progress is 10
[Debug] [2026-6-21 21:13:42] The value of Progress is 15
[Debug] [2026-6-21 21:13:42] The value of Progress is 20
[Debug] [2026-6-21 21:13:42] The value of Progress is 25
[Debug] [2026-6-21 21:13:42] The value of Progress is 30
[Debug] [2026-6-21 21:13:42] The value of Progress is 35
[Debug] [2026-6-21 21:13:42] The value of Progress is 40
[Debug] [2026-6-21 21:13:42] The value of Progress is 45
[Debug] [2026-6-21 21:13:42] The value of Progress is 50
[Debug] [2026-6-21 21:13:42] The value of Progress is 55
[Debug] [2026-6-21 21:13:42] The value of Progress is 60
[Debug] [2026-6-21 21:13:42] The value of Progress is 65
[Debug] [2026-6-21 21:13:42] The value of Progress is 70
[Debug] [2026-6-21 21:13:42] The value of Progress is 75
[Debug] [2026-6-21 21:13:42] The value of Progress is 80
[Debug] [2026-6-21 21:13:42] The value of Progress is 85
[Debug] [2026-6-21 21:13:42] The value of Progress is 90
[Debug] [2026-6-21 21:13:42] The value of Progress is 95
[Debug] [2026-6-21 21:13:42] The value of Progress is 100
[Debug] [2026-6-21 21:13:42] COMMAND[Program] execute successfully, takes 0.9 secs.
[Debug] [2026-6-21 21:13:42] End to send programming cmd.
[Debug] [2026-6-21 21:13:42] Log::Print : The done bit is 1
[Debug] [2026-6-21 21:13:42] Log::Print : COMMAND[Program] execute successfully, takes 0.9 secs.
