[Info] [2026-6-20 21:45:22] /***************************Start jtagserver***************************/
[Info] [2026-6-20 21:45:22] Path: E:/fpga/Pango/PDS_2022.2-SP6.1/bin
[Info] [2026-6-20 21:45:22] Version: 138931
[Debug] [2026-6-20 21:45:23] Add a new user_thread, socket descriptor is 1236 user_thread id is 00000000000084C0
[Debug] [2026-6-20 21:45:23] After adding, map size is : 1
[Debug] [2026-6-20 21:45:23] Add a new user_thread, socket descriptor is 1132 user_thread id is 00000000000084C0
[Debug] [2026-6-20 21:45:23] After adding, map size is : 2
[Debug] [2026-6-20 21:45:23] IP address of connecting client is : ::ffff:127.0.0.1
[Debug] [2026-6-20 21:45:23] IP address of connecting client is : ::ffff:127.0.0.1
[Debug] [2026-6-20 21:45:23] Remove the header data from the client, index : 0
[Debug] [2026-6-20 21:45:23] _total_bytes_size : 160
[Debug] [2026-6-20 21:45:23] Remove the header data from the client, index : 0
[Debug] [2026-6-20 21:45:23] _total_bytes_size : 96
[Debug] [2026-6-20 21:45:23] cmd id :40010cmd name : get_cable_paras
[Debug] [2026-6-20 21:45:24] cmd operation get_cable_paras releases locker
[Debug] [2026-6-20 21:45:24] Remove the header data from the client, index : 0
[Debug] [2026-6-20 21:45:24] _total_bytes_size : 101
[Debug] [2026-6-20 21:45:24] cmd id :20001cmd name : Open config cable
[Error] [2026-6-20 21:45:24] Hardware handler is invalid
[Debug] [2026-6-20 21:45:24] cmd operation Open config cable releases locker
[Info] [2026-6-20 21:45:36] /***************************Start jtagserver***************************/
[Info] [2026-6-20 21:45:36] Path: E:/fpga/Pango/PDS_2022.2-SP6.1/bin
[Info] [2026-6-20 21:45:36] Version: 138931
[Debug] [2026-6-20 21:45:37] Add a new user_thread, socket descriptor is 1180 user_thread id is 00000000000093A4
[Debug] [2026-6-20 21:45:37] After adding, map size is : 1
[Debug] [2026-6-20 21:45:37] Add a new user_thread, socket descriptor is 1256 user_thread id is 00000000000093A4
[Debug] [2026-6-20 21:45:37] After adding, map size is : 2
[Debug] [2026-6-20 21:45:37] IP address of connecting client is : ::ffff:127.0.0.1
[Debug] [2026-6-20 21:45:37] IP address of connecting client is : ::ffff:127.0.0.1IP address of connecting client is : ::ffff:127.0.0.1
[Debug] [2026-6-20 21:45:37] Remove the header data from the client, index : 0
[Debug] [2026-6-20 21:45:37] _total_bytes_size : 160
[Debug] [2026-6-20 21:45:37] Remove the header data from the client, index : 0
[Debug] [2026-6-20 21:45:37] _total_bytes_size : 96
[Debug] [2026-6-20 21:45:37] cmd id :40010cmd name : get_cable_paras
[Debug] [2026-6-20 21:45:38] cmd operation get_cable_paras releases locker
[Debug] [2026-6-20 21:45:38] Remove the header data from the client, index : 0
[Debug] [2026-6-20 21:45:38] _total_bytes_size : 101
[Debug] [2026-6-20 21:45:38] cmd id :20001cmd name : Open config cable
[Debug] [2026-6-20 21:45:38] the idcode from the scanning is: 0x501899
[Debug] [2026-6-20 21:45:38] the idcode from the scanning is: 0x0
[Debug] [2026-6-20 21:45:38] the idcode from the scanning is: 0x0
[Debug] [2026-6-20 21:45:38] the idcode from the scanning is: 0x0
[Debug] [2026-6-20 21:45:38] the idcode from the scanning is: 0x0
[Debug] [2026-6-20 21:45:39] cmd operation Open config cable releases locker
[Debug] [2026-6-20 21:45:41] Remove the header data from the client, index : 0
[Debug] [2026-6-20 21:45:41] _total_bytes_size : 292
[Debug] [2026-6-20 21:45:41] cmd id :4e22cmd name : Program
[Debug] [2026-6-20 21:45:41] the idcode from the scanning is: 0x501899
[Debug] [2026-6-20 21:45:41] the idcode from the scanning is: 0x0
[Debug] [2026-6-20 21:45:41] the idcode from the scanning is: 0x0
[Debug] [2026-6-20 21:45:41] the idcode from the scanning is: 0x0
[Debug] [2026-6-20 21:45:41] the idcode from the scanning is: 0x0
[Debug] [2026-6-20 21:45:41] begin to read back config registerregAddr is 4
[Debug] [2026-6-20 21:45:41] progress bar is 6
[Debug] [2026-6-20 21:45:41] progress bar is 10
[Debug] [2026-6-20 21:45:41] progress bar is 15
[Debug] [2026-6-20 21:45:41] progress bar is 20
[Debug] [2026-6-20 21:45:41] progress bar is 25
[Debug] [2026-6-20 21:45:41] progress bar is 30
[Debug] [2026-6-20 21:45:41] progress bar is 35
[Debug] [2026-6-20 21:45:41] progress bar is 40
[Debug] [2026-6-20 21:45:41] progress bar is 45
[Debug] [2026-6-20 21:45:41] progress bar is 50
[Debug] [2026-6-20 21:45:41] progress bar is 55
[Debug] [2026-6-20 21:45:41] progress bar is 60
[Debug] [2026-6-20 21:45:41] progress bar is 65
[Debug] [2026-6-20 21:45:41] progress bar is 70
[Debug] [2026-6-20 21:45:41] progress bar is 75
[Debug] [2026-6-20 21:45:41] progress bar is 80
[Debug] [2026-6-20 21:45:41] progress bar is 85
[Debug] [2026-6-20 21:45:41] progress bar is 90
[Debug] [2026-6-20 21:45:42] progress bar is 95
[Debug] [2026-6-20 21:45:42] progress bar is 100
[Debug] [2026-6-20 21:45:42] the value in the status register is :4191648
[Debug] [2026-6-20 21:45:42] cmd operation Program releases locker
[Debug] [2026-6-20 21:47:33] Remove the header data from the client, index : 0
[Debug] [2026-6-20 21:47:33] _total_bytes_size : 658
[Debug] [2026-6-20 21:47:33] cmd id :20002cmd name : Program
[Debug] [2026-6-20 21:47:33] the idcode from the scanning is: 0x501899
[Debug] [2026-6-20 21:47:33] the idcode from the scanning is: 0x0
[Debug] [2026-6-20 21:47:33] the idcode from the scanning is: 0x0
[Debug] [2026-6-20 21:47:33] the idcode from the scanning is: 0x0
[Debug] [2026-6-20 21:47:33] the idcode from the scanning is: 0x0
[Debug] [2026-6-20 21:47:33] begin to read back config registerregAddr is 4
[Debug] [2026-6-20 21:47:33] progress bar is 6
[Debug] [2026-6-20 21:47:33] progress bar is 10
[Debug] [2026-6-20 21:47:33] progress bar is 15
[Debug] [2026-6-20 21:47:33] progress bar is 20
[Debug] [2026-6-20 21:47:33] progress bar is 25
[Debug] [2026-6-20 21:47:33] progress bar is 30
[Debug] [2026-6-20 21:47:33] progress bar is 35
[Debug] [2026-6-20 21:47:33] progress bar is 40
[Debug] [2026-6-20 21:47:34] progress bar is 45
[Debug] [2026-6-20 21:47:34] progress bar is 50
[Debug] [2026-6-20 21:47:34] progress bar is 55
[Debug] [2026-6-20 21:47:34] progress bar is 60
[Debug] [2026-6-20 21:47:34] progress bar is 65
[Debug] [2026-6-20 21:47:34] progress bar is 70
[Debug] [2026-6-20 21:47:34] progress bar is 75
[Debug] [2026-6-20 21:47:34] progress bar is 80
[Debug] [2026-6-20 21:47:34] progress bar is 85
[Debug] [2026-6-20 21:47:34] progress bar is 90
[Debug] [2026-6-20 21:47:34] progress bar is 95
[Debug] [2026-6-20 21:47:34] progress bar is 100
[Debug] [2026-6-20 21:47:34] the value in the status register is :4193696
[Debug] [2026-6-20 21:47:34] cmd operation Program releases locker
[Debug] [2026-6-20 21:48:03] Remove the header data from the client, index : 0
[Debug] [2026-6-20 21:48:03] _total_bytes_size : 658
[Debug] [2026-6-20 21:48:03] cmd id :20002cmd name : Program
[Debug] [2026-6-20 21:48:03] the idcode from the scanning is: 0x501899
[Debug] [2026-6-20 21:48:03] the idcode from the scanning is: 0x0
[Debug] [2026-6-20 21:48:03] the idcode from the scanning is: 0x0
[Debug] [2026-6-20 21:48:03] the idcode from the scanning is: 0x0
[Debug] [2026-6-20 21:48:03] the idcode from the scanning is: 0x0
[Debug] [2026-6-20 21:48:03] begin to read back config registerregAddr is 4
[Debug] [2026-6-20 21:48:03] progress bar is 6
[Debug] [2026-6-20 21:48:03] progress bar is 10
[Debug] [2026-6-20 21:48:03] progress bar is 15
[Debug] [2026-6-20 21:48:03] progress bar is 20
[Debug] [2026-6-20 21:48:03] progress bar is 25
[Debug] [2026-6-20 21:48:03] progress bar is 30
[Debug] [2026-6-20 21:48:03] progress bar is 35
[Debug] [2026-6-20 21:48:03] progress bar is 40
[Debug] [2026-6-20 21:48:04] progress bar is 45
[Debug] [2026-6-20 21:48:04] progress bar is 50
[Debug] [2026-6-20 21:48:04] progress bar is 55
[Debug] [2026-6-20 21:48:04] progress bar is 60
[Debug] [2026-6-20 21:48:04] progress bar is 65
[Debug] [2026-6-20 21:48:04] progress bar is 70
[Debug] [2026-6-20 21:48:04] progress bar is 75
[Debug] [2026-6-20 21:48:04] progress bar is 80
[Debug] [2026-6-20 21:48:04] progress bar is 85
[Debug] [2026-6-20 21:48:04] progress bar is 90
[Debug] [2026-6-20 21:48:04] progress bar is 95
[Debug] [2026-6-20 21:48:04] progress bar is 100
[Debug] [2026-6-20 21:48:04] the value in the status register is :4193696
[Debug] [2026-6-20 21:48:04] cmd operation Program releases locker
[Debug] [2026-6-20 21:48:12] Remove the header data from the client, index : 0
[Debug] [2026-6-20 21:48:12] _total_bytes_size : 658
[Debug] [2026-6-20 21:48:12] cmd id :20002cmd name : Program
[Debug] [2026-6-20 21:48:12] the idcode from the scanning is: 0x501899
[Debug] [2026-6-20 21:48:12] the idcode from the scanning is: 0x0
[Debug] [2026-6-20 21:48:12] the idcode from the scanning is: 0x0
[Debug] [2026-6-20 21:48:12] the idcode from the scanning is: 0x0
[Debug] [2026-6-20 21:48:12] the idcode from the scanning is: 0x0
[Debug] [2026-6-20 21:48:12] begin to read back config registerregAddr is 4
[Debug] [2026-6-20 21:48:12] progress bar is 6
[Debug] [2026-6-20 21:48:12] progress bar is 10
[Debug] [2026-6-20 21:48:12] progress bar is 15
[Debug] [2026-6-20 21:48:12] progress bar is 20
[Debug] [2026-6-20 21:48:12] progress bar is 25
[Debug] [2026-6-20 21:48:12] progress bar is 30
[Debug] [2026-6-20 21:48:12] progress bar is 35
[Debug] [2026-6-20 21:48:12] progress bar is 40
[Debug] [2026-6-20 21:48:12] progress bar is 45
[Debug] [2026-6-20 21:48:12] progress bar is 50
[Debug] [2026-6-20 21:48:12] progress bar is 55
[Debug] [2026-6-20 21:48:12] progress bar is 60
[Debug] [2026-6-20 21:48:12] progress bar is 65
[Debug] [2026-6-20 21:48:12] progress bar is 70
[Debug] [2026-6-20 21:48:12] progress bar is 75
[Debug] [2026-6-20 21:48:12] progress bar is 80
[Debug] [2026-6-20 21:48:12] progress bar is 85
[Debug] [2026-6-20 21:48:12] progress bar is 90
[Debug] [2026-6-20 21:48:12] progress bar is 95
[Debug] [2026-6-20 21:48:12] progress bar is 100
[Debug] [2026-6-20 21:48:12] the value in the status register is :4193696
[Debug] [2026-6-20 21:48:12] cmd operation Program releases locker
[Debug] [2026-6-20 21:48:25] Remove the header data from the client, index : 0
[Debug] [2026-6-20 21:48:25] _total_bytes_size : 658
[Debug] [2026-6-20 21:48:25] cmd id :20002cmd name : Program
[Debug] [2026-6-20 21:48:25] the idcode from the scanning is: 0x501899
[Debug] [2026-6-20 21:48:25] the idcode from the scanning is: 0x0
[Debug] [2026-6-20 21:48:25] the idcode from the scanning is: 0x0
[Debug] [2026-6-20 21:48:25] the idcode from the scanning is: 0x0
[Debug] [2026-6-20 21:48:25] the idcode from the scanning is: 0x0
[Debug] [2026-6-20 21:48:25] begin to read back config registerregAddr is 4
[Debug] [2026-6-20 21:48:25] progress bar is 6
[Debug] [2026-6-20 21:48:25] progress bar is 10
[Debug] [2026-6-20 21:48:25] progress bar is 15
[Debug] [2026-6-20 21:48:25] progress bar is 20
[Debug] [2026-6-20 21:48:25] progress bar is 25
[Debug] [2026-6-20 21:48:25] progress bar is 30
[Debug] [2026-6-20 21:48:25] progress bar is 35
[Debug] [2026-6-20 21:48:25] progress bar is 40
[Debug] [2026-6-20 21:48:25] progress bar is 45
[Debug] [2026-6-20 21:48:25] progress bar is 50
[Debug] [2026-6-20 21:48:25] progress bar is 55
[Debug] [2026-6-20 21:48:25] progress bar is 60
[Debug] [2026-6-20 21:48:25] progress bar is 65
[Debug] [2026-6-20 21:48:26] progress bar is 70
[Debug] [2026-6-20 21:48:26] progress bar is 75
[Debug] [2026-6-20 21:48:26] progress bar is 80
[Debug] [2026-6-20 21:48:26] progress bar is 85
[Debug] [2026-6-20 21:48:26] progress bar is 90
[Debug] [2026-6-20 21:48:26] progress bar is 95
[Debug] [2026-6-20 21:48:26] progress bar is 100
[Debug] [2026-6-20 21:48:26] the value in the status register is :4193696
[Debug] [2026-6-20 21:48:26] cmd operation Program releases locker
[Info] [2026-6-20 22:11:57] /***************************Start jtagserver***************************/
[Info] [2026-6-20 22:11:57] Path: E:/fpga/Pango/PDS_2022.2-SP6.1/bin
[Info] [2026-6-20 22:11:57] Version: 138931
[Debug] [2026-6-20 22:11:58] Add a new user_thread, socket descriptor is 1196 user_thread id is 0000000000003C68
[Debug] [2026-6-20 22:11:58] After adding, map size is : 1
[Debug] [2026-6-20 22:11:58] Add a new user_thread, socket descriptor is 1176 user_thread id is 0000000000003C68
[Debug] [2026-6-20 22:11:58] After adding, map size is : 2
[Debug] [2026-6-20 22:11:58] IP address of connecting client is : ::ffff:127.0.0.1
[Debug] [2026-6-20 22:11:58] IP address of connecting client is : ::ffff:127.0.0.1IP address of connecting client is : ::ffff:127.0.0.1
[Debug] [2026-6-20 22:11:58] Remove the header data from the client, index : 0
[Debug] [2026-6-20 22:11:58] _total_bytes_size : 160
[Debug] [2026-6-20 22:11:58] Remove the header data from the client, index : 0
[Debug] [2026-6-20 22:11:58] _total_bytes_size : 96
[Debug] [2026-6-20 22:11:58] cmd id :40010cmd name : get_cable_paras
[Debug] [2026-6-20 22:11:59] cmd operation get_cable_paras releases locker
[Debug] [2026-6-20 22:11:59] Remove the header data from the client, index : 0
[Debug] [2026-6-20 22:11:59] _total_bytes_size : 101
[Debug] [2026-6-20 22:11:59] cmd id :20001cmd name : Open config cable
[Debug] [2026-6-20 22:11:59] the idcode from the scanning is: 0x501899
[Debug] [2026-6-20 22:11:59] the idcode from the scanning is: 0x0
[Debug] [2026-6-20 22:11:59] the idcode from the scanning is: 0x0
[Debug] [2026-6-20 22:11:59] the idcode from the scanning is: 0x0
[Debug] [2026-6-20 22:11:59] the idcode from the scanning is: 0x0
[Debug] [2026-6-20 22:12:00] cmd operation Open config cable releases locker
[Debug] [2026-6-20 22:12:02] Remove the header data from the client, index : 0
[Debug] [2026-6-20 22:12:02] _total_bytes_size : 292
[Debug] [2026-6-20 22:12:02] cmd id :4e22cmd name : Program
[Debug] [2026-6-20 22:12:02] the idcode from the scanning is: 0x501899
[Debug] [2026-6-20 22:12:02] the idcode from the scanning is: 0x0
[Debug] [2026-6-20 22:12:02] the idcode from the scanning is: 0x0
[Debug] [2026-6-20 22:12:02] the idcode from the scanning is: 0x0
[Debug] [2026-6-20 22:12:02] the idcode from the scanning is: 0x0
[Debug] [2026-6-20 22:12:03] begin to read back config registerregAddr is 4
[Debug] [2026-6-20 22:12:03] progress bar is 6
[Debug] [2026-6-20 22:12:03] progress bar is 10
[Debug] [2026-6-20 22:12:03] progress bar is 15
[Debug] [2026-6-20 22:12:03] progress bar is 20
[Debug] [2026-6-20 22:12:03] progress bar is 25
[Debug] [2026-6-20 22:12:03] progress bar is 30
[Debug] [2026-6-20 22:12:03] progress bar is 35
[Debug] [2026-6-20 22:12:03] progress bar is 40
[Debug] [2026-6-20 22:12:03] progress bar is 45
[Debug] [2026-6-20 22:12:03] progress bar is 50
[Debug] [2026-6-20 22:12:03] progress bar is 55
[Debug] [2026-6-20 22:12:03] progress bar is 60
[Debug] [2026-6-20 22:12:03] progress bar is 65
[Debug] [2026-6-20 22:12:03] progress bar is 70
[Debug] [2026-6-20 22:12:03] progress bar is 75
[Debug] [2026-6-20 22:12:03] progress bar is 80
[Debug] [2026-6-20 22:12:03] progress bar is 85
[Debug] [2026-6-20 22:12:03] progress bar is 90
[Debug] [2026-6-20 22:12:03] progress bar is 95
[Debug] [2026-6-20 22:12:03] progress bar is 100
[Debug] [2026-6-20 22:12:03] the value in the status register is :4193696
[Debug] [2026-6-20 22:12:03] cmd operation Program releases locker
[Debug] [2026-6-21 14:15:11] Remove the header data from the client, index : 0
[Debug] [2026-6-21 14:15:11] _total_bytes_size : 101
[Debug] [2026-6-21 14:15:11] cmd id :20001cmd name : Open config cable
[Debug] [2026-6-21 14:15:11] the idcode from the scanning is: 0x501899
[Debug] [2026-6-21 14:15:11] the idcode from the scanning is: 0x0
[Debug] [2026-6-21 14:15:11] the idcode from the scanning is: 0x0
[Debug] [2026-6-21 14:15:11] the idcode from the scanning is: 0x0
[Debug] [2026-6-21 14:15:11] the idcode from the scanning is: 0x0
[Debug] [2026-6-21 14:15:12] cmd operation Open config cable releases locker
[Debug] [2026-6-21 14:15:14] Remove the header data from the client, index : 0
[Debug] [2026-6-21 14:15:14] _total_bytes_size : 292
[Debug] [2026-6-21 14:15:14] cmd id :4e22cmd name : Program
[Debug] [2026-6-21 14:15:14] the idcode from the scanning is: 0x501899
[Debug] [2026-6-21 14:15:14] the idcode from the scanning is: 0x0
[Debug] [2026-6-21 14:15:14] the idcode from the scanning is: 0x0
[Debug] [2026-6-21 14:15:14] the idcode from the scanning is: 0x0
[Debug] [2026-6-21 14:15:14] the idcode from the scanning is: 0x0
[Debug] [2026-6-21 14:15:14] begin to read back config registerregAddr is 4
[Debug] [2026-6-21 14:15:14] progress bar is 6
[Debug] [2026-6-21 14:15:14] progress bar is 10
[Debug] [2026-6-21 14:15:14] progress bar is 15
[Debug] [2026-6-21 14:15:14] progress bar is 20
[Debug] [2026-6-21 14:15:14] progress bar is 25
[Debug] [2026-6-21 14:15:14] progress bar is 30
[Debug] [2026-6-21 14:15:15] progress bar is 35
[Debug] [2026-6-21 14:15:15] progress bar is 40
[Debug] [2026-6-21 14:15:15] progress bar is 45
[Debug] [2026-6-21 14:15:15] progress bar is 50
[Debug] [2026-6-21 14:15:15] progress bar is 55
[Debug] [2026-6-21 14:15:15] progress bar is 60
[Debug] [2026-6-21 14:15:15] progress bar is 65
[Debug] [2026-6-21 14:15:15] progress bar is 70
[Debug] [2026-6-21 14:15:15] progress bar is 75
[Debug] [2026-6-21 14:15:15] progress bar is 80
[Debug] [2026-6-21 14:15:15] progress bar is 85
[Debug] [2026-6-21 14:15:15] progress bar is 90
[Debug] [2026-6-21 14:15:15] progress bar is 95
[Debug] [2026-6-21 14:15:15] progress bar is 100
[Debug] [2026-6-21 14:15:15] the value in the status register is :4193696
[Debug] [2026-6-21 14:15:15] cmd operation Program releases locker
[Info] [2026-6-21 14:35:41] /***************************Start jtagserver***************************/
[Info] [2026-6-21 14:35:41] Path: E:/fpga/Pango/PDS_2022.2-SP6.1/bin
[Info] [2026-6-21 14:35:41] Version: 138931
[Debug] [2026-6-21 14:35:42] Add a new user_thread, socket descriptor is 1160 user_thread id is 000000000000886C
[Debug] [2026-6-21 14:35:42] After adding, map size is : 1
[Debug] [2026-6-21 14:35:42] Add a new user_thread, socket descriptor is 1176 user_thread id is 000000000000886C
[Debug] [2026-6-21 14:35:42] After adding, map size is : 2
[Debug] [2026-6-21 14:35:42] IP address of connecting client is : ::ffff:127.0.0.1
[Debug] [2026-6-21 14:35:42] IP address of connecting client is : ::ffff:127.0.0.1
[Debug] [2026-6-21 14:35:42] Remove the header data from the client, index : 0
[Debug] [2026-6-21 14:35:42] _total_bytes_size : 160
[Debug] [2026-6-21 14:35:42] Remove the header data from the client, index : 0
[Debug] [2026-6-21 14:35:42] _total_bytes_size : 96
[Debug] [2026-6-21 14:35:42] cmd id :40010cmd name : get_cable_paras
[Debug] [2026-6-21 14:35:44] cmd operation get_cable_paras releases locker
[Debug] [2026-6-21 14:35:44] Remove the header data from the client, index : 0
[Debug] [2026-6-21 14:35:44] _total_bytes_size : 101
[Debug] [2026-6-21 14:35:44] cmd id :20001cmd name : Open config cable
[Debug] [2026-6-21 14:35:44] the idcode from the scanning is: 0x501899
[Debug] [2026-6-21 14:35:44] the idcode from the scanning is: 0x0
[Debug] [2026-6-21 14:35:44] the idcode from the scanning is: 0x0
[Debug] [2026-6-21 14:35:44] the idcode from the scanning is: 0x0
[Debug] [2026-6-21 14:35:44] the idcode from the scanning is: 0x0
[Debug] [2026-6-21 14:35:44] cmd operation Open config cable releases locker
[Debug] [2026-6-21 14:35:47] Remove the header data from the client, index : 0
[Debug] [2026-6-21 14:35:47] _total_bytes_size : 292
[Debug] [2026-6-21 14:35:47] cmd id :4e22cmd name : Program
[Debug] [2026-6-21 14:35:47] the idcode from the scanning is: 0x501899
[Debug] [2026-6-21 14:35:47] the idcode from the scanning is: 0x0
[Debug] [2026-6-21 14:35:47] the idcode from the scanning is: 0x0
[Debug] [2026-6-21 14:35:47] the idcode from the scanning is: 0x0
[Debug] [2026-6-21 14:35:47] the idcode from the scanning is: 0x0
[Debug] [2026-6-21 14:35:47] begin to read back config registerregAddr is 4
[Debug] [2026-6-21 14:35:47] progress bar is 6
[Debug] [2026-6-21 14:35:47] progress bar is 10
[Debug] [2026-6-21 14:35:47] progress bar is 15
[Debug] [2026-6-21 14:35:47] progress bar is 20
[Debug] [2026-6-21 14:35:47] progress bar is 25
[Debug] [2026-6-21 14:35:47] progress bar is 30
[Debug] [2026-6-21 14:35:47] progress bar is 35
[Debug] [2026-6-21 14:35:47] progress bar is 40
[Debug] [2026-6-21 14:35:47] progress bar is 45
[Debug] [2026-6-21 14:35:47] progress bar is 50
[Debug] [2026-6-21 14:35:47] progress bar is 55
[Debug] [2026-6-21 14:35:47] progress bar is 60
[Debug] [2026-6-21 14:35:47] progress bar is 65
[Debug] [2026-6-21 14:35:47] progress bar is 70
[Debug] [2026-6-21 14:35:47] progress bar is 75
[Debug] [2026-6-21 14:35:47] progress bar is 80
[Debug] [2026-6-21 14:35:47] progress bar is 85
[Debug] [2026-6-21 14:35:47] progress bar is 90
[Debug] [2026-6-21 14:35:47] progress bar is 95
[Debug] [2026-6-21 14:35:47] progress bar is 100
[Debug] [2026-6-21 14:35:47] the value in the status register is :4194208
[Debug] [2026-6-21 14:35:47] cmd operation Program releases locker
[Info] [2026-6-21 14:59:39] /***************************Start jtagserver***************************/
[Info] [2026-6-21 14:59:39] Path: E:/fpga/Pango/PDS_2022.2-SP6.1/bin
[Info] [2026-6-21 14:59:39] Version: 138931
[Debug] [2026-6-21 14:59:40] Add a new user_thread, socket descriptor is 1060 user_thread id is 0000000000003E20
[Debug] [2026-6-21 14:59:40] After adding, map size is : 1
[Debug] [2026-6-21 14:59:40] Add a new user_thread, socket descriptor is 1188 user_thread id is 0000000000003E20
[Debug] [2026-6-21 14:59:40] After adding, map size is : 2
[Debug] [2026-6-21 14:59:40] IP address of connecting client is : ::ffff:127.0.0.1
[Debug] [2026-6-21 14:59:40] IP address of connecting client is : ::ffff:127.0.0.1
[Debug] [2026-6-21 14:59:40] Remove the header data from the client, index : 0
[Debug] [2026-6-21 14:59:40] _total_bytes_size : 160
[Debug] [2026-6-21 14:59:40] Remove the header data from the client, index : 0
[Debug] [2026-6-21 14:59:40] _total_bytes_size : 96
[Debug] [2026-6-21 14:59:40] cmd id :40010cmd name : get_cable_paras
[Debug] [2026-6-21 14:59:41] cmd operation get_cable_paras releases locker
[Debug] [2026-6-21 14:59:41] Remove the header data from the client, index : 0
[Debug] [2026-6-21 14:59:41] _total_bytes_size : 101
[Debug] [2026-6-21 14:59:41] cmd id :20001cmd name : Open config cable
[Debug] [2026-6-21 14:59:41] the idcode from the scanning is: 0x501899
[Debug] [2026-6-21 14:59:41] the idcode from the scanning is: 0x0
[Debug] [2026-6-21 14:59:41] the idcode from the scanning is: 0x0
[Debug] [2026-6-21 14:59:41] the idcode from the scanning is: 0x0
[Debug] [2026-6-21 14:59:41] the idcode from the scanning is: 0x0
[Debug] [2026-6-21 14:59:42] cmd operation Open config cable releases locker
[Debug] [2026-6-21 14:59:44] Remove the header data from the client, index : 0
[Debug] [2026-6-21 14:59:44] _total_bytes_size : 292
[Debug] [2026-6-21 14:59:44] cmd id :4e22cmd name : Program
[Debug] [2026-6-21 14:59:44] the idcode from the scanning is: 0x501899
[Debug] [2026-6-21 14:59:44] the idcode from the scanning is: 0x0
[Debug] [2026-6-21 14:59:44] the idcode from the scanning is: 0x0
[Debug] [2026-6-21 14:59:44] the idcode from the scanning is: 0x0
[Debug] [2026-6-21 14:59:44] the idcode from the scanning is: 0x0
[Debug] [2026-6-21 14:59:44] begin to read back config registerregAddr is 4
[Debug] [2026-6-21 14:59:44] progress bar is 6
[Debug] [2026-6-21 14:59:44] progress bar is 10
[Debug] [2026-6-21 14:59:44] progress bar is 15
[Debug] [2026-6-21 14:59:44] progress bar is 20
[Debug] [2026-6-21 14:59:44] progress bar is 25
[Debug] [2026-6-21 14:59:44] progress bar is 30
[Debug] [2026-6-21 14:59:44] progress bar is 35
[Debug] [2026-6-21 14:59:44] progress bar is 40
[Debug] [2026-6-21 14:59:44] progress bar is 45
[Debug] [2026-6-21 14:59:44] progress bar is 50
[Debug] [2026-6-21 14:59:44] progress bar is 55
[Debug] [2026-6-21 14:59:44] progress bar is 60
[Debug] [2026-6-21 14:59:44] progress bar is 65
[Debug] [2026-6-21 14:59:44] progress bar is 70
[Debug] [2026-6-21 14:59:44] progress bar is 75
[Debug] [2026-6-21 14:59:44] progress bar is 80
[Debug] [2026-6-21 14:59:44] progress bar is 85
[Debug] [2026-6-21 14:59:44] progress bar is 90
[Debug] [2026-6-21 14:59:44] progress bar is 95
[Debug] [2026-6-21 14:59:44] progress bar is 100
[Debug] [2026-6-21 14:59:44] the value in the status register is :4194208
[Debug] [2026-6-21 14:59:44] cmd operation Program releases locker
[Debug] [2026-6-21 15:06:20] Remove the header data from the client, index : 0
[Debug] [2026-6-21 15:06:20] _total_bytes_size : 101
[Debug] [2026-6-21 15:06:20] cmd id :20001cmd name : Open config cable
[Debug] [2026-6-21 15:06:20] the idcode from the scanning is: 0x501899
[Debug] [2026-6-21 15:06:20] the idcode from the scanning is: 0x0
[Debug] [2026-6-21 15:06:20] the idcode from the scanning is: 0x0
[Debug] [2026-6-21 15:06:20] the idcode from the scanning is: 0x0
[Debug] [2026-6-21 15:06:20] the idcode from the scanning is: 0x0
[Debug] [2026-6-21 15:06:20] cmd operation Open config cable releases locker
[Debug] [2026-6-21 15:06:23] Remove the header data from the client, index : 0
[Debug] [2026-6-21 15:06:23] _total_bytes_size : 292
[Debug] [2026-6-21 15:06:23] cmd id :4e22cmd name : Program
[Debug] [2026-6-21 15:06:23] the idcode from the scanning is: 0x501899
[Debug] [2026-6-21 15:06:23] the idcode from the scanning is: 0x0
[Debug] [2026-6-21 15:06:23] the idcode from the scanning is: 0x0
[Debug] [2026-6-21 15:06:23] the idcode from the scanning is: 0x0
[Debug] [2026-6-21 15:06:23] the idcode from the scanning is: 0x0
[Debug] [2026-6-21 15:06:23] begin to read back config registerregAddr is 4
[Debug] [2026-6-21 15:06:23] progress bar is 6
[Debug] [2026-6-21 15:06:23] progress bar is 10
[Debug] [2026-6-21 15:06:23] progress bar is 15
[Debug] [2026-6-21 15:06:23] progress bar is 20
[Debug] [2026-6-21 15:06:23] progress bar is 25
[Debug] [2026-6-21 15:06:23] progress bar is 30
[Debug] [2026-6-21 15:06:23] progress bar is 35
[Debug] [2026-6-21 15:06:23] progress bar is 40
[Debug] [2026-6-21 15:06:23] progress bar is 45
[Debug] [2026-6-21 15:06:23] progress bar is 50
[Debug] [2026-6-21 15:06:23] progress bar is 55
[Debug] [2026-6-21 15:06:23] progress bar is 60
[Debug] [2026-6-21 15:06:23] progress bar is 65
[Debug] [2026-6-21 15:06:23] progress bar is 70
[Debug] [2026-6-21 15:06:23] progress bar is 75
[Debug] [2026-6-21 15:06:23] progress bar is 80
[Debug] [2026-6-21 15:06:23] progress bar is 85
[Debug] [2026-6-21 15:06:23] progress bar is 90
[Debug] [2026-6-21 15:06:23] progress bar is 95
[Debug] [2026-6-21 15:06:23] progress bar is 100
[Debug] [2026-6-21 15:06:23] the value in the status register is :4193696
[Debug] [2026-6-21 15:06:24] cmd operation Program releases locker
[Debug] [2026-6-21 15:07:25] Remove the header data from the client, index : 0
[Debug] [2026-6-21 15:07:25] _total_bytes_size : 101
[Debug] [2026-6-21 15:07:25] cmd id :20001cmd name : Open config cable
[Debug] [2026-6-21 15:07:25] the idcode from the scanning is: 0x501899
[Debug] [2026-6-21 15:07:25] the idcode from the scanning is: 0x0
[Debug] [2026-6-21 15:07:25] the idcode from the scanning is: 0x0
[Debug] [2026-6-21 15:07:25] the idcode from the scanning is: 0x0
[Debug] [2026-6-21 15:07:25] the idcode from the scanning is: 0x0
[Debug] [2026-6-21 15:07:26] cmd operation Open config cable releases locker
[Debug] [2026-6-21 15:07:27] Remove the header data from the client, index : 0
[Debug] [2026-6-21 15:07:27] _total_bytes_size : 292
[Debug] [2026-6-21 15:07:27] cmd id :4e22cmd name : Program
[Debug] [2026-6-21 15:07:27] the idcode from the scanning is: 0x501899
[Debug] [2026-6-21 15:07:27] the idcode from the scanning is: 0x0
[Debug] [2026-6-21 15:07:27] the idcode from the scanning is: 0x0
[Debug] [2026-6-21 15:07:27] the idcode from the scanning is: 0x0
[Debug] [2026-6-21 15:07:27] the idcode from the scanning is: 0x0
[Debug] [2026-6-21 15:07:27] begin to read back config registerregAddr is 4
[Debug] [2026-6-21 15:07:28] progress bar is 6
[Debug] [2026-6-21 15:07:28] progress bar is 10
[Debug] [2026-6-21 15:07:28] progress bar is 15
[Debug] [2026-6-21 15:07:28] progress bar is 20
[Debug] [2026-6-21 15:07:28] progress bar is 25
[Debug] [2026-6-21 15:07:28] progress bar is 30
[Debug] [2026-6-21 15:07:28] progress bar is 35
[Debug] [2026-6-21 15:07:28] progress bar is 40
[Debug] [2026-6-21 15:07:28] progress bar is 45
[Debug] [2026-6-21 15:07:28] progress bar is 50
[Debug] [2026-6-21 15:07:28] progress bar is 55
[Debug] [2026-6-21 15:07:28] progress bar is 60
[Debug] [2026-6-21 15:07:28] progress bar is 65
[Debug] [2026-6-21 15:07:28] progress bar is 70
[Debug] [2026-6-21 15:07:28] progress bar is 75
[Debug] [2026-6-21 15:07:28] progress bar is 80
[Debug] [2026-6-21 15:07:28] progress bar is 85
[Debug] [2026-6-21 15:07:28] progress bar is 90
[Debug] [2026-6-21 15:07:28] progress bar is 95
[Debug] [2026-6-21 15:07:28] progress bar is 100
[Debug] [2026-6-21 15:07:28] the value in the status register is :4194208
[Debug] [2026-6-21 15:07:28] cmd operation Program releases locker
[Debug] [2026-6-21 15:24:12] Remove the header data from the client, index : 0
[Debug] [2026-6-21 15:24:12] _total_bytes_size : 101
[Debug] [2026-6-21 15:24:12] cmd id :20001cmd name : Open config cable
[Debug] [2026-6-21 15:24:12] the idcode from the scanning is: 0x501899
[Debug] [2026-6-21 15:24:12] the idcode from the scanning is: 0x0
[Debug] [2026-6-21 15:24:12] the idcode from the scanning is: 0x0
[Debug] [2026-6-21 15:24:12] the idcode from the scanning is: 0x0
[Debug] [2026-6-21 15:24:12] the idcode from the scanning is: 0x0
[Debug] [2026-6-21 15:24:12] cmd operation Open config cable releases locker
[Debug] [2026-6-21 15:24:16] Remove the header data from the client, index : 0
[Debug] [2026-6-21 15:24:16] _total_bytes_size : 292
[Debug] [2026-6-21 15:24:16] cmd id :4e22cmd name : Program
[Debug] [2026-6-21 15:24:16] the idcode from the scanning is: 0x501899
[Debug] [2026-6-21 15:24:16] the idcode from the scanning is: 0x0
[Debug] [2026-6-21 15:24:16] the idcode from the scanning is: 0x0
[Debug] [2026-6-21 15:24:16] the idcode from the scanning is: 0x0
[Debug] [2026-6-21 15:24:16] the idcode from the scanning is: 0x0
[Debug] [2026-6-21 15:24:16] begin to read back config registerregAddr is 4
[Debug] [2026-6-21 15:24:16] progress bar is 6
[Debug] [2026-6-21 15:24:16] progress bar is 10
[Debug] [2026-6-21 15:24:16] progress bar is 15
[Debug] [2026-6-21 15:24:16] progress bar is 20
[Debug] [2026-6-21 15:24:16] progress bar is 25
[Debug] [2026-6-21 15:24:16] progress bar is 30
[Debug] [2026-6-21 15:24:16] progress bar is 35
[Debug] [2026-6-21 15:24:17] progress bar is 40
[Debug] [2026-6-21 15:24:17] progress bar is 45
[Debug] [2026-6-21 15:24:17] progress bar is 50
[Debug] [2026-6-21 15:24:17] progress bar is 55
[Debug] [2026-6-21 15:24:17] progress bar is 60
[Debug] [2026-6-21 15:24:17] progress bar is 65
[Debug] [2026-6-21 15:24:17] progress bar is 70
[Debug] [2026-6-21 15:24:17] progress bar is 75
[Debug] [2026-6-21 15:24:17] progress bar is 80
[Debug] [2026-6-21 15:24:17] progress bar is 85
[Debug] [2026-6-21 15:24:17] progress bar is 90
[Debug] [2026-6-21 15:24:17] progress bar is 95
[Debug] [2026-6-21 15:24:17] progress bar is 100
[Debug] [2026-6-21 15:24:17] the value in the status register is :4193952
[Debug] [2026-6-21 15:24:17] cmd operation Program releases locker
[Info] [2026-6-21 15:38:29] /***************************Start jtagserver***************************/
[Info] [2026-6-21 15:38:29] Path: E:/fpga/Pango/PDS_2022.2-SP6.1/bin
[Info] [2026-6-21 15:38:29] Version: 138931
[Debug] [2026-6-21 15:38:30] Add a new user_thread, socket descriptor is 1036 user_thread id is 0000000000007354
[Debug] [2026-6-21 15:38:30] After adding, map size is : 1
[Debug] [2026-6-21 15:38:30] Add a new user_thread, socket descriptor is 1160 user_thread id is 0000000000007354
[Debug] [2026-6-21 15:38:30] After adding, map size is : 2
[Debug] [2026-6-21 15:38:30] IP address of connecting client is : ::ffff:127.0.0.1
[Debug] [2026-6-21 15:38:30] IP address of connecting client is : ::ffff:127.0.0.1
[Debug] [2026-6-21 15:38:30] Remove the header data from the client, index : 0
[Debug] [2026-6-21 15:38:30] _total_bytes_size : 160
[Debug] [2026-6-21 15:38:30] Remove the header data from the client, index : 0
[Debug] [2026-6-21 15:38:30] _total_bytes_size : 96
[Debug] [2026-6-21 15:38:30] cmd id :40010cmd name : get_cable_paras
[Debug] [2026-6-21 15:38:31] cmd operation get_cable_paras releases locker
[Debug] [2026-6-21 15:38:31] Remove the header data from the client, index : 0
[Debug] [2026-6-21 15:38:31] _total_bytes_size : 101
[Debug] [2026-6-21 15:38:31] cmd id :20001cmd name : Open config cable
[Debug] [2026-6-21 15:38:31] the idcode from the scanning is: 0x501899
[Debug] [2026-6-21 15:38:31] the idcode from the scanning is: 0x0
[Debug] [2026-6-21 15:38:31] the idcode from the scanning is: 0x0
[Debug] [2026-6-21 15:38:31] the idcode from the scanning is: 0x0
[Debug] [2026-6-21 15:38:31] the idcode from the scanning is: 0x0
[Debug] [2026-6-21 15:38:32] cmd operation Open config cable releases locker
[Debug] [2026-6-21 15:38:34] Remove the header data from the client, index : 0
[Debug] [2026-6-21 15:38:34] _total_bytes_size : 292
[Debug] [2026-6-21 15:38:34] cmd id :4e22cmd name : Program
[Debug] [2026-6-21 15:38:34] the idcode from the scanning is: 0x501899
[Debug] [2026-6-21 15:38:34] the idcode from the scanning is: 0x0
[Debug] [2026-6-21 15:38:34] the idcode from the scanning is: 0x0
[Debug] [2026-6-21 15:38:34] the idcode from the scanning is: 0x0
[Debug] [2026-6-21 15:38:34] the idcode from the scanning is: 0x0
[Debug] [2026-6-21 15:38:34] begin to read back config registerregAddr is 4
[Debug] [2026-6-21 15:38:34] progress bar is 6
[Debug] [2026-6-21 15:38:34] progress bar is 10
[Debug] [2026-6-21 15:38:34] progress bar is 15
[Debug] [2026-6-21 15:38:34] progress bar is 20
[Debug] [2026-6-21 15:38:34] progress bar is 25
[Debug] [2026-6-21 15:38:34] progress bar is 30
[Debug] [2026-6-21 15:38:34] progress bar is 35
[Debug] [2026-6-21 15:38:34] progress bar is 40
[Debug] [2026-6-21 15:38:34] progress bar is 45
[Debug] [2026-6-21 15:38:34] progress bar is 50
[Debug] [2026-6-21 15:38:35] progress bar is 55
[Debug] [2026-6-21 15:38:35] progress bar is 60
[Debug] [2026-6-21 15:38:35] progress bar is 65
[Debug] [2026-6-21 15:38:35] progress bar is 70
[Debug] [2026-6-21 15:38:35] progress bar is 75
[Debug] [2026-6-21 15:38:35] progress bar is 80
[Debug] [2026-6-21 15:38:35] progress bar is 85
[Debug] [2026-6-21 15:38:35] progress bar is 90
[Debug] [2026-6-21 15:38:35] progress bar is 95
[Debug] [2026-6-21 15:38:35] progress bar is 100
[Debug] [2026-6-21 15:38:35] the value in the status register is :4193952
[Debug] [2026-6-21 15:38:35] cmd operation Program releases locker
[Debug] [2026-6-21 15:49:46] Remove the header data from the client, index : 0
[Debug] [2026-6-21 15:49:46] _total_bytes_size : 658
[Debug] [2026-6-21 15:49:46] cmd id :20002cmd name : Program
[Debug] [2026-6-21 15:49:46] the idcode from the scanning is: 0x501899
[Debug] [2026-6-21 15:49:46] the idcode from the scanning is: 0x0
[Debug] [2026-6-21 15:49:46] the idcode from the scanning is: 0x0
[Debug] [2026-6-21 15:49:46] the idcode from the scanning is: 0x0
[Debug] [2026-6-21 15:49:46] the idcode from the scanning is: 0x0
[Debug] [2026-6-21 15:49:46] begin to read back config registerregAddr is 4
[Debug] [2026-6-21 15:49:47] progress bar is 6
[Debug] [2026-6-21 15:49:47] progress bar is 10
[Debug] [2026-6-21 15:49:47] progress bar is 15
[Debug] [2026-6-21 15:49:47] progress bar is 20
[Debug] [2026-6-21 15:49:47] progress bar is 25
[Debug] [2026-6-21 15:49:47] progress bar is 30
[Debug] [2026-6-21 15:49:47] progress bar is 35
[Debug] [2026-6-21 15:49:47] progress bar is 40
[Debug] [2026-6-21 15:49:47] progress bar is 45
[Debug] [2026-6-21 15:49:47] progress bar is 50
[Debug] [2026-6-21 15:49:47] progress bar is 55
[Debug] [2026-6-21 15:49:47] progress bar is 60
[Debug] [2026-6-21 15:49:47] progress bar is 65
[Debug] [2026-6-21 15:49:47] progress bar is 70
[Debug] [2026-6-21 15:49:47] progress bar is 75
[Debug] [2026-6-21 15:49:47] progress bar is 80
[Debug] [2026-6-21 15:49:47] progress bar is 85
[Debug] [2026-6-21 15:49:47] progress bar is 90
[Debug] [2026-6-21 15:49:47] progress bar is 95
[Debug] [2026-6-21 15:49:47] progress bar is 100
[Debug] [2026-6-21 15:49:47] the value in the status register is :4193952
[Debug] [2026-6-21 15:49:47] cmd operation Program releases locker
[Debug] [2026-6-21 16:43:38] Remove the header data from the client, index : 0
[Debug] [2026-6-21 16:43:38] _total_bytes_size : 101
[Debug] [2026-6-21 16:43:38] cmd id :20001cmd name : Open config cable
[Debug] [2026-6-21 16:43:38] the idcode from the scanning is: 0x501899
[Debug] [2026-6-21 16:43:38] the idcode from the scanning is: 0x0
[Debug] [2026-6-21 16:43:38] the idcode from the scanning is: 0x0
[Debug] [2026-6-21 16:43:38] the idcode from the scanning is: 0x0
[Debug] [2026-6-21 16:43:38] the idcode from the scanning is: 0x0
[Debug] [2026-6-21 16:43:38] cmd operation Open config cable releases locker
[Debug] [2026-6-21 16:43:40] Remove the header data from the client, index : 0
[Debug] [2026-6-21 16:43:40] _total_bytes_size : 292
[Debug] [2026-6-21 16:43:40] cmd id :4e22cmd name : Program
[Debug] [2026-6-21 16:43:40] the idcode from the scanning is: 0x501899
[Debug] [2026-6-21 16:43:40] the idcode from the scanning is: 0x0
[Debug] [2026-6-21 16:43:40] the idcode from the scanning is: 0x0
[Debug] [2026-6-21 16:43:40] the idcode from the scanning is: 0x0
[Debug] [2026-6-21 16:43:40] the idcode from the scanning is: 0x0
[Debug] [2026-6-21 16:43:40] begin to read back config registerregAddr is 4
[Debug] [2026-6-21 16:43:40] progress bar is 6
[Debug] [2026-6-21 16:43:40] progress bar is 10
[Debug] [2026-6-21 16:43:40] progress bar is 15
[Debug] [2026-6-21 16:43:40] progress bar is 20
[Debug] [2026-6-21 16:43:40] progress bar is 25
[Debug] [2026-6-21 16:43:40] progress bar is 30
[Debug] [2026-6-21 16:43:40] progress bar is 35
[Debug] [2026-6-21 16:43:40] progress bar is 40
[Debug] [2026-6-21 16:43:40] progress bar is 45
[Debug] [2026-6-21 16:43:40] progress bar is 50
[Debug] [2026-6-21 16:43:40] progress bar is 55
[Debug] [2026-6-21 16:43:40] progress bar is 60
[Debug] [2026-6-21 16:43:40] progress bar is 65
[Debug] [2026-6-21 16:43:40] progress bar is 70
[Debug] [2026-6-21 16:43:40] progress bar is 75
[Debug] [2026-6-21 16:43:40] progress bar is 80
[Debug] [2026-6-21 16:43:40] progress bar is 85
[Debug] [2026-6-21 16:43:40] progress bar is 90
[Debug] [2026-6-21 16:43:40] progress bar is 95
[Debug] [2026-6-21 16:43:40] progress bar is 100
[Debug] [2026-6-21 16:43:44] Remove the header data from the client, index : 0
[Debug] [2026-6-21 16:43:44] _total_bytes_size : 92
[Debug] [2026-6-21 16:43:44] cmd id :40005cmd name : Abort Process
[Error] [2026-6-21 16:43:44] the mask bit is low and initialization is not finished, please check the hardware. 16
[Debug] [2026-6-21 16:43:45] cmd operation Program releases locker
[Info] [2026-6-21 16:43:55] /***************************Start jtagserver***************************/
[Info] [2026-6-21 16:43:55] Path: E:/fpga/Pango/PDS_2022.2-SP6.1/bin
[Info] [2026-6-21 16:43:55] Version: 138931
[Debug] [2026-6-21 16:43:56] Add a new user_thread, socket descriptor is 216 user_thread id is 0000000000009CA4
[Debug] [2026-6-21 16:43:56] After adding, map size is : 1
[Debug] [2026-6-21 16:43:56] Add a new user_thread, socket descriptor is 1160 user_thread id is 0000000000009CA4
[Debug] [2026-6-21 16:43:56] After adding, map size is : 2
[Debug] [2026-6-21 16:43:56] IP address of connecting client is : ::ffff:127.0.0.1
[Debug] [2026-6-21 16:43:56] IP address of connecting client is : ::ffff:127.0.0.1
[Debug] [2026-6-21 16:43:56] Remove the header data from the client, index : 0
[Debug] [2026-6-21 16:43:56] _total_bytes_size : 160
[Debug] [2026-6-21 16:43:56] Remove the header data from the client, index : 0
[Debug] [2026-6-21 16:43:56] _total_bytes_size : 96
[Debug] [2026-6-21 16:43:56] cmd id :40010cmd name : get_cable_paras
[Debug] [2026-6-21 16:43:58] cmd operation get_cable_paras releases locker
[Debug] [2026-6-21 16:43:58] Remove the header data from the client, index : 0
[Debug] [2026-6-21 16:43:58] _total_bytes_size : 101
[Debug] [2026-6-21 16:43:58] cmd id :20001cmd name : Open config cable
[Debug] [2026-6-21 16:43:58] the idcode from the scanning is: 0x501899
[Debug] [2026-6-21 16:43:58] the idcode from the scanning is: 0x0
[Debug] [2026-6-21 16:43:58] the idcode from the scanning is: 0x0
[Debug] [2026-6-21 16:43:58] the idcode from the scanning is: 0x0
[Debug] [2026-6-21 16:43:58] the idcode from the scanning is: 0x0
[Debug] [2026-6-21 16:43:58] cmd operation Open config cable releases locker
[Debug] [2026-6-21 16:44:01] Remove the header data from the client, index : 0
[Debug] [2026-6-21 16:44:01] _total_bytes_size : 292
[Debug] [2026-6-21 16:44:01] cmd id :4e22cmd name : Program
[Debug] [2026-6-21 16:44:01] the idcode from the scanning is: 0x501899
[Debug] [2026-6-21 16:44:01] the idcode from the scanning is: 0x0
[Debug] [2026-6-21 16:44:01] the idcode from the scanning is: 0x0
[Debug] [2026-6-21 16:44:01] the idcode from the scanning is: 0x0
[Debug] [2026-6-21 16:44:01] the idcode from the scanning is: 0x0
[Debug] [2026-6-21 16:44:01] begin to read back config registerregAddr is 4
[Debug] [2026-6-21 16:44:01] progress bar is 6
[Debug] [2026-6-21 16:44:01] progress bar is 10
[Debug] [2026-6-21 16:44:01] progress bar is 15
[Debug] [2026-6-21 16:44:01] progress bar is 20
[Debug] [2026-6-21 16:44:01] progress bar is 25
[Debug] [2026-6-21 16:44:01] progress bar is 30
[Debug] [2026-6-21 16:44:01] progress bar is 35
[Debug] [2026-6-21 16:44:01] progress bar is 40
[Debug] [2026-6-21 16:44:01] progress bar is 45
[Debug] [2026-6-21 16:44:01] progress bar is 50
[Debug] [2026-6-21 16:44:01] progress bar is 55
[Debug] [2026-6-21 16:44:01] progress bar is 60
[Debug] [2026-6-21 16:44:01] progress bar is 65
[Debug] [2026-6-21 16:44:01] progress bar is 70
[Debug] [2026-6-21 16:44:01] progress bar is 75
[Debug] [2026-6-21 16:44:01] progress bar is 80
[Debug] [2026-6-21 16:44:01] progress bar is 85
[Debug] [2026-6-21 16:44:01] progress bar is 90
[Debug] [2026-6-21 16:44:01] progress bar is 95
[Debug] [2026-6-21 16:44:01] progress bar is 100
[Debug] [2026-6-21 16:44:01] the value in the status register is :3148928
[Debug] [2026-6-21 16:44:01] cmd operation Program releases locker
[Info] [2026-6-21 16:44:21] /***************************Start jtagserver***************************/
[Info] [2026-6-21 16:44:21] Path: E:/fpga/Pango/PDS_2022.2-SP6.1/bin
[Info] [2026-6-21 16:44:21] Version: 138931
[Debug] [2026-6-21 16:44:22] Add a new user_thread, socket descriptor is 1316 user_thread id is 00000000000012D0
[Debug] [2026-6-21 16:44:22] After adding, map size is : 1
[Debug] [2026-6-21 16:44:22] Add a new user_thread, socket descriptor is 1324 user_thread id is 00000000000012D0
[Debug] [2026-6-21 16:44:22] After adding, map size is : 2
[Debug] [2026-6-21 16:44:22] IP address of connecting client is : ::ffff:127.0.0.1
[Debug] [2026-6-21 16:44:22] IP address of connecting client is : ::ffff:127.0.0.1
[Debug] [2026-6-21 16:44:22] Remove the header data from the client, index : 0
[Debug] [2026-6-21 16:44:22] _total_bytes_size : 160
[Debug] [2026-6-21 16:44:22] Remove the header data from the client, index : 0
[Debug] [2026-6-21 16:44:22] _total_bytes_size : 96
[Debug] [2026-6-21 16:44:22] cmd id :40010cmd name : get_cable_paras
[Debug] [2026-6-21 16:44:23] cmd operation get_cable_paras releases locker
[Debug] [2026-6-21 16:44:23] Remove the header data from the client, index : 0
[Debug] [2026-6-21 16:44:23] _total_bytes_size : 101
[Debug] [2026-6-21 16:44:23] cmd id :20001cmd name : Open config cable
[Debug] [2026-6-21 16:44:24] the idcode from the scanning is: 0x501899
[Debug] [2026-6-21 16:44:24] the idcode from the scanning is: 0x0
[Debug] [2026-6-21 16:44:24] the idcode from the scanning is: 0x0
[Debug] [2026-6-21 16:44:24] the idcode from the scanning is: 0x0
[Debug] [2026-6-21 16:44:24] the idcode from the scanning is: 0x0
[Debug] [2026-6-21 16:44:24] cmd operation Open config cable releases locker
[Debug] [2026-6-21 16:44:26] Remove the header data from the client, index : 0
[Debug] [2026-6-21 16:44:26] _total_bytes_size : 292
[Debug] [2026-6-21 16:44:26] cmd id :4e22cmd name : Program
[Debug] [2026-6-21 16:44:26] the idcode from the scanning is: 0x501899
[Debug] [2026-6-21 16:44:26] the idcode from the scanning is: 0x0
[Debug] [2026-6-21 16:44:26] the idcode from the scanning is: 0x0
[Debug] [2026-6-21 16:44:26] the idcode from the scanning is: 0x0
[Debug] [2026-6-21 16:44:26] the idcode from the scanning is: 0x0
[Debug] [2026-6-21 16:44:26] begin to read back config registerregAddr is 4
[Debug] [2026-6-21 16:44:26] progress bar is 6
[Debug] [2026-6-21 16:44:26] progress bar is 10
[Debug] [2026-6-21 16:44:26] progress bar is 15
[Debug] [2026-6-21 16:44:26] progress bar is 20
[Debug] [2026-6-21 16:44:26] progress bar is 25
[Debug] [2026-6-21 16:44:26] progress bar is 30
[Debug] [2026-6-21 16:44:26] progress bar is 35
[Debug] [2026-6-21 16:44:26] progress bar is 40
[Debug] [2026-6-21 16:44:26] progress bar is 45
[Debug] [2026-6-21 16:44:26] progress bar is 50
[Debug] [2026-6-21 16:44:26] progress bar is 55
[Debug] [2026-6-21 16:44:26] progress bar is 60
[Debug] [2026-6-21 16:44:26] progress bar is 65
[Debug] [2026-6-21 16:44:26] progress bar is 70
[Debug] [2026-6-21 16:44:26] progress bar is 75
[Debug] [2026-6-21 16:44:26] progress bar is 80
[Debug] [2026-6-21 16:44:26] progress bar is 85
[Debug] [2026-6-21 16:44:26] progress bar is 90
[Debug] [2026-6-21 16:44:26] progress bar is 95
[Debug] [2026-6-21 16:44:26] progress bar is 100
[Debug] [2026-6-21 16:44:26] the value in the status register is :4194208
[Debug] [2026-6-21 16:44:27] cmd operation Program releases locker
[Debug] [2026-6-21 16:51:53] Remove the header data from the client, index : 0
[Debug] [2026-6-21 16:51:53] _total_bytes_size : 658
[Debug] [2026-6-21 16:51:53] cmd id :20002cmd name : Program
[Debug] [2026-6-21 16:51:53] the idcode from the scanning is: 0x63
[Debug] [2026-6-21 16:51:53] the idcode from the scanning is: 0x0
[Debug] [2026-6-21 16:51:53] the idcode from the scanning is: 0x0
[Debug] [2026-6-21 16:51:53] the idcode from the scanning is: 0x0
[Debug] [2026-6-21 16:51:53] the idcode from the scanning is: 0x0
[Debug] [2026-6-21 16:51:53] cmd operation Program releases locker
[Debug] [2026-6-21 16:52:03] Remove the header data from the client, index : 0
[Debug] [2026-6-21 16:52:03] _total_bytes_size : 292
[Debug] [2026-6-21 16:52:03] cmd id :4e22cmd name : Program
[Debug] [2026-6-21 16:52:03] the idcode from the scanning is: 0x501899
[Debug] [2026-6-21 16:52:03] the idcode from the scanning is: 0x0
[Debug] [2026-6-21 16:52:03] the idcode from the scanning is: 0x0
[Debug] [2026-6-21 16:52:03] the idcode from the scanning is: 0x0
[Debug] [2026-6-21 16:52:03] the idcode from the scanning is: 0x0
[Debug] [2026-6-21 16:52:03] begin to read back config registerregAddr is 4
[Debug] [2026-6-21 16:52:03] progress bar is 6
[Debug] [2026-6-21 16:52:03] progress bar is 10
[Debug] [2026-6-21 16:52:03] progress bar is 15
[Debug] [2026-6-21 16:52:03] progress bar is 20
[Debug] [2026-6-21 16:52:03] progress bar is 25
[Debug] [2026-6-21 16:52:03] progress bar is 30
[Debug] [2026-6-21 16:52:03] progress bar is 35
[Debug] [2026-6-21 16:52:03] progress bar is 40
[Debug] [2026-6-21 16:52:03] progress bar is 45
[Debug] [2026-6-21 16:52:03] progress bar is 50
[Debug] [2026-6-21 16:52:03] progress bar is 55
[Debug] [2026-6-21 16:52:03] progress bar is 60
[Debug] [2026-6-21 16:52:03] progress bar is 65
[Debug] [2026-6-21 16:52:03] progress bar is 70
[Debug] [2026-6-21 16:52:03] progress bar is 75
[Debug] [2026-6-21 16:52:03] progress bar is 80
[Debug] [2026-6-21 16:52:03] progress bar is 85
[Debug] [2026-6-21 16:52:03] progress bar is 90
[Debug] [2026-6-21 16:52:03] progress bar is 95
[Debug] [2026-6-21 16:52:03] progress bar is 100
[Debug] [2026-6-21 16:52:03] the value in the status register is :4194208
[Debug] [2026-6-21 16:52:04] cmd operation Program releases locker
[Info] [2026-6-21 17:09:29] /***************************Start jtagserver***************************/
[Info] [2026-6-21 17:09:29] Path: E:/fpga/Pango/PDS_2022.2-SP6.1/bin
[Info] [2026-6-21 17:09:29] Version: 138931
[Debug] [2026-6-21 17:09:30] Add a new user_thread, socket descriptor is 1208 user_thread id is 0000000000004854
[Debug] [2026-6-21 17:09:30] After adding, map size is : 1
[Debug] [2026-6-21 17:09:30] Add a new user_thread, socket descriptor is 1072 user_thread id is 0000000000004854
[Debug] [2026-6-21 17:09:30] After adding, map size is : 2
[Debug] [2026-6-21 17:09:30] IP address of connecting client is : ::ffff:127.0.0.1
[Debug] [2026-6-21 17:09:30] IP address of connecting client is : ::ffff:127.0.0.1
[Debug] [2026-6-21 17:09:30] Remove the header data from the client, index : 0
[Debug] [2026-6-21 17:09:30] _total_bytes_size : 160
[Debug] [2026-6-21 17:09:30] Remove the header data from the client, index : 0
[Debug] [2026-6-21 17:09:30] _total_bytes_size : 96
[Debug] [2026-6-21 17:09:30] cmd id :40010cmd name : get_cable_paras
[Debug] [2026-6-21 17:09:32] cmd operation get_cable_paras releases locker
[Debug] [2026-6-21 17:09:32] Remove the header data from the client, index : 0
[Debug] [2026-6-21 17:09:32] _total_bytes_size : 101
[Debug] [2026-6-21 17:09:32] cmd id :20001cmd name : Open config cable
[Error] [2026-6-21 17:09:32] Hardware handler is invalid
[Debug] [2026-6-21 17:09:32] cmd operation Open config cable releases locker
[Debug] [2026-6-21 17:09:41] Remove the header data from the client, index : 0
[Debug] [2026-6-21 17:09:41] _total_bytes_size : 101
[Debug] [2026-6-21 17:09:41] cmd id :20001cmd name : Open config cable
[Error] [2026-6-21 17:09:41] Hardware handler is invalid
[Debug] [2026-6-21 17:09:41] cmd operation Open config cable releases locker
[Info] [2026-6-21 17:10:09] /***************************Start jtagserver***************************/
[Info] [2026-6-21 17:10:09] Path: E:/fpga/Pango/PDS_2022.2-SP6.1/bin
[Info] [2026-6-21 17:10:09] Version: 138931
[Debug] [2026-6-21 17:10:10] Add a new user_thread, socket descriptor is 196 user_thread id is 0000000000001188
[Debug] [2026-6-21 17:10:10] After adding, map size is : 1
[Debug] [2026-6-21 17:10:10] Add a new user_thread, socket descriptor is 1208 user_thread id is 0000000000001188
[Debug] [2026-6-21 17:10:10] After adding, map size is : 2
[Debug] [2026-6-21 17:10:10] IP address of connecting client is : ::ffff:127.0.0.1
[Debug] [2026-6-21 17:10:10] IP address of connecting client is : ::ffff:127.0.0.1
[Debug] [2026-6-21 17:10:10] Remove the header data from the client, index : 0
[Debug] [2026-6-21 17:10:10] _total_bytes_size : 160
[Debug] [2026-6-21 17:10:10] Remove the header data from the client, index : 0
[Debug] [2026-6-21 17:10:10] _total_bytes_size : 96
[Debug] [2026-6-21 17:10:10] cmd id :40010cmd name : get_cable_paras
[Debug] [2026-6-21 17:10:11] cmd operation get_cable_paras releases locker
[Debug] [2026-6-21 17:10:11] Remove the header data from the client, index : 0
[Debug] [2026-6-21 17:10:11] _total_bytes_size : 101
[Debug] [2026-6-21 17:10:11] cmd id :20001cmd name : Open config cable
[Debug] [2026-6-21 17:10:11] the idcode from the scanning is: 0x501899
[Debug] [2026-6-21 17:10:11] the idcode from the scanning is: 0x0
[Debug] [2026-6-21 17:10:11] the idcode from the scanning is: 0x0
[Debug] [2026-6-21 17:10:11] the idcode from the scanning is: 0x0
[Debug] [2026-6-21 17:10:11] the idcode from the scanning is: 0x0
[Debug] [2026-6-21 17:10:11] cmd operation Open config cable releases locker
[Debug] [2026-6-21 17:10:14] Remove the header data from the client, index : 0
[Debug] [2026-6-21 17:10:14] _total_bytes_size : 292
[Debug] [2026-6-21 17:10:14] cmd id :4e22cmd name : Program
[Debug] [2026-6-21 17:10:14] the idcode from the scanning is: 0x501899
[Debug] [2026-6-21 17:10:14] the idcode from the scanning is: 0x0
[Debug] [2026-6-21 17:10:14] the idcode from the scanning is: 0x0
[Debug] [2026-6-21 17:10:14] the idcode from the scanning is: 0x0
[Debug] [2026-6-21 17:10:14] the idcode from the scanning is: 0x0
[Debug] [2026-6-21 17:10:14] begin to read back config registerregAddr is 4
[Debug] [2026-6-21 17:10:14] progress bar is 6
[Debug] [2026-6-21 17:10:14] progress bar is 10
[Debug] [2026-6-21 17:10:14] progress bar is 15
[Debug] [2026-6-21 17:10:14] progress bar is 20
[Debug] [2026-6-21 17:10:14] progress bar is 25
[Debug] [2026-6-21 17:10:14] progress bar is 30
[Debug] [2026-6-21 17:10:14] progress bar is 35
[Debug] [2026-6-21 17:10:15] progress bar is 40
[Debug] [2026-6-21 17:10:15] progress bar is 45
[Debug] [2026-6-21 17:10:15] progress bar is 50
[Debug] [2026-6-21 17:10:15] progress bar is 55
[Debug] [2026-6-21 17:10:15] progress bar is 60
[Debug] [2026-6-21 17:10:15] progress bar is 65
[Debug] [2026-6-21 17:10:15] progress bar is 70
[Debug] [2026-6-21 17:10:15] progress bar is 75
[Debug] [2026-6-21 17:10:15] progress bar is 80
[Debug] [2026-6-21 17:10:15] progress bar is 85
[Debug] [2026-6-21 17:10:15] progress bar is 90
[Debug] [2026-6-21 17:10:15] progress bar is 95
[Debug] [2026-6-21 17:10:15] progress bar is 100
[Debug] [2026-6-21 17:10:15] the value in the status register is :4194208
[Debug] [2026-6-21 17:10:15] cmd operation Program releases locker
[Debug] [2026-6-21 18:34:01] Remove the header data from the client, index : 0
[Debug] [2026-6-21 18:34:01] _total_bytes_size : 101
[Debug] [2026-6-21 18:34:01] cmd id :20001cmd name : Open config cable
[Error] [2026-6-21 18:34:01] E:CM Error: Current cable list empty, try to update current available cable list!. In function cdt_cable_manager::CableManager::Obtain at line 924 in file G:\wf\2022.2\output_files\oem\FAB_Develop\branches\pds_2022.2\source\sw\cdt\cablemgr\CableManager.cpp compiled at Nov  1 2023.
[Error] [2026-6-21 18:34:01] E:CM Error: Current cable list empty, try to update current available cable list!. In function cdt_cable_manager::CableManager::Obtain at line 924 in file G:\wf\2022.2\output_files\oem\FAB_Develop\branches\pds_2022.2\source\sw\cdt\cablemgr\CableManager.cpp compiled at Nov  1 2023.
[Error] [2026-6-21 18:34:01] E:CM Error: Current cable list empty, try to update current available cable list!. In function cdt_cable_manager::CableManager::Obtain at line 924 in file G:\wf\2022.2\output_files\oem\FAB_Develop\branches\pds_2022.2\source\sw\cdt\cablemgr\CableManager.cpp compiled at Nov  1 2023.
[Error] [2026-6-21 18:34:01] E:CM Error: Current cable list empty, try to update current available cable list!. In function cdt_cable_manager::CableManager::Obtain at line 924 in file G:\wf\2022.2\output_files\oem\FAB_Develop\branches\pds_2022.2\source\sw\cdt\cablemgr\CableManager.cpp compiled at Nov  1 2023.
[Error] [2026-6-21 18:34:01] E:CM Error: Current cable list empty, try to update current available cable list!. In function cdt_cable_manager::CableManager::Obtain at line 924 in file G:\wf\2022.2\output_files\oem\FAB_Develop\branches\pds_2022.2\source\sw\cdt\cablemgr\CableManager.cpp compiled at Nov  1 2023.
[Error] [2026-6-21 18:34:01] E:CM Error: Current cable list empty, try to update current available cable list!. In function cdt_cable_manager::CableManager::Obtain at line 924 in file G:\wf\2022.2\output_files\oem\FAB_Develop\branches\pds_2022.2\source\sw\cdt\cablemgr\CableManager.cpp compiled at Nov  1 2023.
[Error] [2026-6-21 18:34:01] E:CM Error: Current cable list empty, try to update current available cable list!. In function cdt_cable_manager::CableManager::Obtain at line 924 in file G:\wf\2022.2\output_files\oem\FAB_Develop\branches\pds_2022.2\source\sw\cdt\cablemgr\CableManager.cpp compiled at Nov  1 2023.
[Error] [2026-6-21 18:34:01] E:CM Error: Current cable list empty, try to update current available cable list!. In function cdt_cable_manager::CableManager::Obtain at line 924 in file G:\wf\2022.2\output_files\oem\FAB_Develop\branches\pds_2022.2\source\sw\cdt\cablemgr\CableManager.cpp compiled at Nov  1 2023.
[Error] [2026-6-21 18:34:01] E:CM Error: Current cable list empty, try to update current available cable list!. In function cdt_cable_manager::CableManager::Obtain at line 924 in file G:\wf\2022.2\output_files\oem\FAB_Develop\branches\pds_2022.2\source\sw\cdt\cablemgr\CableManager.cpp compiled at Nov  1 2023.
[Error] [2026-6-21 18:34:01] E:CM Error: Current cable list empty, try to update current available cable list!. In function cdt_cable_manager::CableManager::Obtain at line 924 in file G:\wf\2022.2\output_files\oem\FAB_Develop\branches\pds_2022.2\source\sw\cdt\cablemgr\CableManager.cpp compiled at Nov  1 2023.
[Error] [2026-6-21 18:34:01] Hardware handler is invalid
[Debug] [2026-6-21 18:34:01] cmd operation Open config cable releases locker
[Debug] [2026-6-21 18:34:01] Remove the header data from the client, index : 0
[Debug] [2026-6-21 18:34:01] _total_bytes_size : 101
[Debug] [2026-6-21 18:34:01] cmd id :20001cmd name : Open config cable
[Error] [2026-6-21 18:34:01] E:CM Error: Current cable list empty, try to update current available cable list!. In function cdt_cable_manager::CableManager::Obtain at line 924 in file G:\wf\2022.2\output_files\oem\FAB_Develop\branches\pds_2022.2\source\sw\cdt\cablemgr\CableManager.cpp compiled at Nov  1 2023.
[Error] [2026-6-21 18:34:01] E:CM Error: Current cable list empty, try to update current available cable list!. In function cdt_cable_manager::CableManager::Obtain at line 924 in file G:\wf\2022.2\output_files\oem\FAB_Develop\branches\pds_2022.2\source\sw\cdt\cablemgr\CableManager.cpp compiled at Nov  1 2023.
[Error] [2026-6-21 18:34:01] E:CM Error: Current cable list empty, try to update current available cable list!. In function cdt_cable_manager::CableManager::Obtain at line 924 in file G:\wf\2022.2\output_files\oem\FAB_Develop\branches\pds_2022.2\source\sw\cdt\cablemgr\CableManager.cpp compiled at Nov  1 2023.
[Error] [2026-6-21 18:34:01] E:CM Error: Current cable list empty, try to update current available cable list!. In function cdt_cable_manager::CableManager::Obtain at line 924 in file G:\wf\2022.2\output_files\oem\FAB_Develop\branches\pds_2022.2\source\sw\cdt\cablemgr\CableManager.cpp compiled at Nov  1 2023.
[Error] [2026-6-21 18:34:01] E:CM Error: Current cable list empty, try to update current available cable list!. In function cdt_cable_manager::CableManager::Obtain at line 924 in file G:\wf\2022.2\output_files\oem\FAB_Develop\branches\pds_2022.2\source\sw\cdt\cablemgr\CableManager.cpp compiled at Nov  1 2023.
[Error] [2026-6-21 18:34:01] E:CM Error: Current cable list empty, try to update current available cable list!. In function cdt_cable_manager::CableManager::Obtain at line 924 in file G:\wf\2022.2\output_files\oem\FAB_Develop\branches\pds_2022.2\source\sw\cdt\cablemgr\CableManager.cpp compiled at Nov  1 2023.
[Error] [2026-6-21 18:34:01] E:CM Error: Current cable list empty, try to update current available cable list!. In function cdt_cable_manager::CableManager::Obtain at line 924 in file G:\wf\2022.2\output_files\oem\FAB_Develop\branches\pds_2022.2\source\sw\cdt\cablemgr\CableManager.cpp compiled at Nov  1 2023.
[Error] [2026-6-21 18:34:01] E:CM Error: Current cable list empty, try to update current available cable list!. In function cdt_cable_manager::CableManager::Obtain at line 924 in file G:\wf\2022.2\output_files\oem\FAB_Develop\branches\pds_2022.2\source\sw\cdt\cablemgr\CableManager.cpp compiled at Nov  1 2023.
[Error] [2026-6-21 18:34:01] E:CM Error: Current cable list empty, try to update current available cable list!. In function cdt_cable_manager::CableManager::Obtain at line 924 in file G:\wf\2022.2\output_files\oem\FAB_Develop\branches\pds_2022.2\source\sw\cdt\cablemgr\CableManager.cpp compiled at Nov  1 2023.
[Error] [2026-6-21 18:34:01] E:CM Error: Current cable list empty, try to update current available cable list!. In function cdt_cable_manager::CableManager::Obtain at line 924 in file G:\wf\2022.2\output_files\oem\FAB_Develop\branches\pds_2022.2\source\sw\cdt\cablemgr\CableManager.cpp compiled at Nov  1 2023.
[Error] [2026-6-21 18:34:01] Hardware handler is invalid
[Debug] [2026-6-21 18:34:01] cmd operation Open config cable releases locker
[Debug] [2026-6-21 18:34:13] Remove the header data from the client, index : 0
[Debug] [2026-6-21 18:34:13] _total_bytes_size : 101
[Debug] [2026-6-21 18:34:13] cmd id :20001cmd name : Open config cable
[Error] [2026-6-21 18:34:13] E:CM Error: Current cable list empty, try to update current available cable list!. In function cdt_cable_manager::CableManager::Obtain at line 924 in file G:\wf\2022.2\output_files\oem\FAB_Develop\branches\pds_2022.2\source\sw\cdt\cablemgr\CableManager.cpp compiled at Nov  1 2023.
[Debug] [2026-6-21 18:34:14] the idcode from the scanning is: 0x501899
[Debug] [2026-6-21 18:34:14] the idcode from the scanning is: 0x0
[Debug] [2026-6-21 18:34:14] the idcode from the scanning is: 0x0
[Debug] [2026-6-21 18:34:14] the idcode from the scanning is: 0x0
[Debug] [2026-6-21 18:34:14] the idcode from the scanning is: 0x0
[Debug] [2026-6-21 18:34:14] cmd operation Open config cable releases locker
[Debug] [2026-6-21 18:34:16] Remove the header data from the client, index : 0
[Debug] [2026-6-21 18:34:16] _total_bytes_size : 292
[Debug] [2026-6-21 18:34:16] cmd id :4e22cmd name : Program
[Debug] [2026-6-21 18:34:16] the idcode from the scanning is: 0x501899
[Debug] [2026-6-21 18:34:16] the idcode from the scanning is: 0x0
[Debug] [2026-6-21 18:34:16] the idcode from the scanning is: 0x0
[Debug] [2026-6-21 18:34:16] the idcode from the scanning is: 0x0
[Debug] [2026-6-21 18:34:16] the idcode from the scanning is: 0x0
[Debug] [2026-6-21 18:34:16] begin to read back config registerregAddr is 4
[Debug] [2026-6-21 18:34:16] progress bar is 6
[Debug] [2026-6-21 18:34:16] progress bar is 10
[Debug] [2026-6-21 18:34:16] progress bar is 15
[Debug] [2026-6-21 18:34:16] progress bar is 20
[Debug] [2026-6-21 18:34:16] progress bar is 25
[Debug] [2026-6-21 18:34:16] progress bar is 30
[Debug] [2026-6-21 18:34:16] progress bar is 35
[Debug] [2026-6-21 18:34:16] progress bar is 40
[Debug] [2026-6-21 18:34:16] progress bar is 45
[Debug] [2026-6-21 18:34:16] progress bar is 50
[Debug] [2026-6-21 18:34:16] progress bar is 55
[Debug] [2026-6-21 18:34:16] progress bar is 60
[Debug] [2026-6-21 18:34:16] progress bar is 65
[Debug] [2026-6-21 18:34:16] progress bar is 70
[Debug] [2026-6-21 18:34:16] progress bar is 75
[Debug] [2026-6-21 18:34:16] progress bar is 80
[Debug] [2026-6-21 18:34:16] progress bar is 85
[Debug] [2026-6-21 18:34:16] progress bar is 90
[Debug] [2026-6-21 18:34:16] progress bar is 95
[Debug] [2026-6-21 18:34:17] progress bar is 100
[Debug] [2026-6-21 18:34:17] the value in the status register is :3144864
[Debug] [2026-6-21 18:34:17] cmd operation Program releases locker
[Debug] [2026-6-21 21:03:34] Remove the header data from the client, index : 0
[Debug] [2026-6-21 21:03:34] _total_bytes_size : 658
[Debug] [2026-6-21 21:03:34] cmd id :20002cmd name : Program
[Debug] [2026-6-21 21:03:35] the idcode from the scanning is: 0x501899
[Debug] [2026-6-21 21:03:35] the idcode from the scanning is: 0x0
[Debug] [2026-6-21 21:03:35] the idcode from the scanning is: 0x0
[Debug] [2026-6-21 21:03:35] the idcode from the scanning is: 0x0
[Debug] [2026-6-21 21:03:35] the idcode from the scanning is: 0x0
[Debug] [2026-6-21 21:03:35] begin to read back config registerregAddr is 4
[Debug] [2026-6-21 21:03:35] progress bar is 6
[Debug] [2026-6-21 21:03:35] progress bar is 10
[Debug] [2026-6-21 21:03:35] progress bar is 15
[Debug] [2026-6-21 21:03:35] progress bar is 20
[Debug] [2026-6-21 21:03:35] progress bar is 25
[Debug] [2026-6-21 21:03:35] progress bar is 30
[Debug] [2026-6-21 21:03:35] progress bar is 35
[Debug] [2026-6-21 21:03:35] progress bar is 40
[Debug] [2026-6-21 21:03:35] progress bar is 45
[Debug] [2026-6-21 21:03:35] progress bar is 50
[Debug] [2026-6-21 21:03:35] progress bar is 55
[Debug] [2026-6-21 21:03:35] progress bar is 60
[Debug] [2026-6-21 21:03:35] progress bar is 65
[Debug] [2026-6-21 21:03:35] progress bar is 70
[Debug] [2026-6-21 21:03:35] progress bar is 75
[Debug] [2026-6-21 21:03:35] progress bar is 80
[Debug] [2026-6-21 21:03:35] progress bar is 85
[Debug] [2026-6-21 21:03:35] progress bar is 90
[Debug] [2026-6-21 21:03:35] progress bar is 95
[Debug] [2026-6-21 21:03:35] progress bar is 100
[Debug] [2026-6-21 21:03:35] the value in the status register is :3148928
[Debug] [2026-6-21 21:03:35] cmd operation Program releases locker
[Info] [2026-6-21 21:03:57] /***************************Start jtagserver***************************/
[Info] [2026-6-21 21:03:57] Path: E:/fpga/Pango/PDS_2022.2-SP6.1/bin
[Info] [2026-6-21 21:03:57] Version: 138931
[Debug] [2026-6-21 21:03:58] Add a new user_thread, socket descriptor is 1020 user_thread id is 000000000000AABC
[Debug] [2026-6-21 21:03:58] After adding, map size is : 1
[Debug] [2026-6-21 21:03:58] Add a new user_thread, socket descriptor is 192 user_thread id is 000000000000AABC
[Debug] [2026-6-21 21:03:58] After adding, map size is : 2
[Debug] [2026-6-21 21:03:58] IP address of connecting client is : ::ffff:127.0.0.1
[Debug] [2026-6-21 21:03:58] IP address of connecting client is : ::ffff:127.0.0.1
[Debug] [2026-6-21 21:03:58] Remove the header data from the client, index : 0
[Debug] [2026-6-21 21:03:58] _total_bytes_size : 160
[Debug] [2026-6-21 21:03:58] Remove the header data from the client, index : 0
[Debug] [2026-6-21 21:03:58] _total_bytes_size : 96
[Debug] [2026-6-21 21:03:58] cmd id :40010cmd name : get_cable_paras
[Debug] [2026-6-21 21:04:00] cmd operation get_cable_paras releases locker
[Debug] [2026-6-21 21:04:00] Remove the header data from the client, index : 0
[Debug] [2026-6-21 21:04:00] _total_bytes_size : 101
[Debug] [2026-6-21 21:04:00] cmd id :20001cmd name : Open config cable
[Debug] [2026-6-21 21:04:00] the idcode from the scanning is: 0x501899
[Debug] [2026-6-21 21:04:00] the idcode from the scanning is: 0x0
[Debug] [2026-6-21 21:04:00] the idcode from the scanning is: 0x0
[Debug] [2026-6-21 21:04:00] the idcode from the scanning is: 0x0
[Debug] [2026-6-21 21:04:00] the idcode from the scanning is: 0x0
[Debug] [2026-6-21 21:04:00] cmd operation Open config cable releases locker
[Debug] [2026-6-21 21:04:02] Remove the header data from the client, index : 0
[Debug] [2026-6-21 21:04:02] _total_bytes_size : 292
[Debug] [2026-6-21 21:04:02] cmd id :4e22cmd name : Program
[Debug] [2026-6-21 21:04:02] the idcode from the scanning is: 0x501899
[Debug] [2026-6-21 21:04:02] the idcode from the scanning is: 0x0
[Debug] [2026-6-21 21:04:02] the idcode from the scanning is: 0x0
[Debug] [2026-6-21 21:04:02] the idcode from the scanning is: 0x0
[Debug] [2026-6-21 21:04:02] the idcode from the scanning is: 0x0
[Debug] [2026-6-21 21:04:02] begin to read back config registerregAddr is 4
[Debug] [2026-6-21 21:04:03] progress bar is 6
[Debug] [2026-6-21 21:04:03] progress bar is 10
[Debug] [2026-6-21 21:04:03] progress bar is 15
[Debug] [2026-6-21 21:04:03] progress bar is 20
[Debug] [2026-6-21 21:04:03] progress bar is 25
[Debug] [2026-6-21 21:04:03] progress bar is 30
[Debug] [2026-6-21 21:04:03] progress bar is 35
[Debug] [2026-6-21 21:04:03] progress bar is 40
[Debug] [2026-6-21 21:04:03] progress bar is 45
[Debug] [2026-6-21 21:04:03] progress bar is 50
[Debug] [2026-6-21 21:04:03] progress bar is 55
[Debug] [2026-6-21 21:04:03] progress bar is 60
[Debug] [2026-6-21 21:04:03] progress bar is 65
[Debug] [2026-6-21 21:04:03] progress bar is 70
[Debug] [2026-6-21 21:04:03] progress bar is 75
[Debug] [2026-6-21 21:04:03] progress bar is 80
[Debug] [2026-6-21 21:04:03] progress bar is 85
[Debug] [2026-6-21 21:04:03] progress bar is 90
[Debug] [2026-6-21 21:04:03] progress bar is 95
[Debug] [2026-6-21 21:04:03] progress bar is 100
[Debug] [2026-6-21 21:04:03] the value in the status register is :3144864
[Debug] [2026-6-21 21:04:03] cmd operation Program releases locker
[Debug] [2026-6-21 21:13:41] Remove the header data from the client, index : 0
[Debug] [2026-6-21 21:13:41] _total_bytes_size : 658
[Debug] [2026-6-21 21:13:41] cmd id :20002cmd name : Program
[Debug] [2026-6-21 21:13:42] the idcode from the scanning is: 0x501899
[Debug] [2026-6-21 21:13:42] the idcode from the scanning is: 0x0
[Debug] [2026-6-21 21:13:42] the idcode from the scanning is: 0x0
[Debug] [2026-6-21 21:13:42] the idcode from the scanning is: 0x0
[Debug] [2026-6-21 21:13:42] the idcode from the scanning is: 0x0
[Debug] [2026-6-21 21:13:42] begin to read back config registerregAddr is 4
[Debug] [2026-6-21 21:13:42] progress bar is 6
[Debug] [2026-6-21 21:13:42] progress bar is 10
[Debug] [2026-6-21 21:13:42] progress bar is 15
[Debug] [2026-6-21 21:13:42] progress bar is 20
[Debug] [2026-6-21 21:13:42] progress bar is 25
[Debug] [2026-6-21 21:13:42] progress bar is 30
[Debug] [2026-6-21 21:13:42] progress bar is 35
[Debug] [2026-6-21 21:13:42] progress bar is 40
[Debug] [2026-6-21 21:13:42] progress bar is 45
[Debug] [2026-6-21 21:13:42] progress bar is 50
[Debug] [2026-6-21 21:13:42] progress bar is 55
[Debug] [2026-6-21 21:13:42] progress bar is 60
[Debug] [2026-6-21 21:13:42] progress bar is 65
[Debug] [2026-6-21 21:13:42] progress bar is 70
[Debug] [2026-6-21 21:13:42] progress bar is 75
[Debug] [2026-6-21 21:13:42] progress bar is 80
[Debug] [2026-6-21 21:13:42] progress bar is 85
[Debug] [2026-6-21 21:13:42] progress bar is 90
[Debug] [2026-6-21 21:13:42] progress bar is 95
[Debug] [2026-6-21 21:13:42] progress bar is 100
[Debug] [2026-6-21 21:13:42] the value in the status register is :3144864
[Debug] [2026-6-21 21:13:42] cmd operation Program releases locker
